ARM GAS  C:\Users\mariu\AppData\Local\Temp\ccDEMJ3a.s 			page 1


   1              		.syntax unified
   2              		.cpu cortex-m3
   3              		.fpu softvfp
   4              		.eabi_attribute 20, 1
   5              		.eabi_attribute 21, 1
   6              		.eabi_attribute 23, 3
   7              		.eabi_attribute 24, 1
   8              		.eabi_attribute 25, 1
   9              		.eabi_attribute 26, 1
  10              		.eabi_attribute 30, 1
  11              		.eabi_attribute 34, 1
  12              		.eabi_attribute 18, 4
  13              		.thumb
  14              		.syntax unified
  15              		.file	"main.c"
  16              		.text
  17              	.Ltext0:
  18              		.cfi_sections	.debug_frame
  19              		.section	.text.main,"ax",%progbits
  20              		.align	2
  21              		.global	main
  22              		.thumb
  23              		.thumb_func
  24              		.type	main, %function
  25              	main:
  26              	.LFB63:
  27              		.file 1 "main.c"
   1:main.c        **** /* ========================================
   2:main.c        ****  *
   3:main.c        ****  * Copyright YOUR COMPANY, THE YEAR
   4:main.c        ****  * All Rights Reserved
   5:main.c        ****  * UNPUBLISHED, LICENSED SOFTWARE.
   6:main.c        ****  *
   7:main.c        ****  * CONFIDENTIAL AND PROPRIETARY INFORMATION
   8:main.c        ****  * WHICH IS THE PROPERTY OF your company.
   9:main.c        ****  *
  10:main.c        ****  * ========================================
  11:main.c        **** */
  12:main.c        **** #include "project.h"
  13:main.c        **** 
  14:main.c        **** void handleByteReceived(uint8_t byteReceived);
  15:main.c        **** CY_ISR_PROTO(ISR_2_handler);
  16:main.c        **** uint8_t onData = 0x45;
  17:main.c        **** uint8_t emptyData = 0xFF;
  18:main.c        **** uint8_t offData = 0x12;
  19:main.c        **** 
  20:main.c        **** int main(void)
  21:main.c        **** {
  28              		.loc 1 21 0
  29              		.cfi_startproc
  30              		@ Volatile: function does not return.
  31              		@ args = 0, pretend = 0, frame = 0
  32              		@ frame_needed = 0, uses_anonymous_args = 0
  33 0000 08B5     		push	{r3, lr}
  34              		.cfi_def_cfa_offset 8
  35              		.cfi_offset 3, -8
  36              		.cfi_offset 14, -4
ARM GAS  C:\Users\mariu\AppData\Local\Temp\ccDEMJ3a.s 			page 2


  22:main.c        ****     CyGlobalIntEnable; /* Enable global interrupts. */
  37              		.loc 1 22 0
  38              		.syntax unified
  39              	@ 22 "main.c" 1
  40 0002 62B6     		CPSIE   i
  41              	@ 0 "" 2
  23:main.c        ****     UART_1_Start();
  42              		.loc 1 23 0
  43              		.thumb
  44              		.syntax unified
  45 0004 FFF7FEFF 		bl	UART_1_Start
  46              	.LVL0:
  24:main.c        ****     SPIM_1_Start();
  47              		.loc 1 24 0
  48 0008 FFF7FEFF 		bl	SPIM_1_Start
  49              	.LVL1:
  25:main.c        ****     isr_2_StartEx(ISR_2_handler);
  50              		.loc 1 25 0
  51 000c 0448     		ldr	r0, .L4
  52 000e FFF7FEFF 		bl	isr_2_StartEx
  53              	.LVL2:
  54              	.L2:
  26:main.c        ****     
  27:main.c        ****     
  28:main.c        ****     for(;;)
  29:main.c        ****     {
  30:main.c        ****             SPIM_1_WriteTxData(emptyData);
  55              		.loc 1 30 0 discriminator 1
  56 0012 044B     		ldr	r3, .L4+4
  57 0014 1878     		ldrb	r0, [r3]	@ zero_extendqisi2
  58 0016 FFF7FEFF 		bl	SPIM_1_WriteTxData
  59              	.LVL3:
  31:main.c        ****             SPIM_1_ReadRxData();
  60              		.loc 1 31 0 discriminator 1
  61 001a FFF7FEFF 		bl	SPIM_1_ReadRxData
  62              	.LVL4:
  63 001e F8E7     		b	.L2
  64              	.L5:
  65              		.align	2
  66              	.L4:
  67 0020 00000000 		.word	ISR_2_handler
  68 0024 00000000 		.word	.LANCHOR0
  69              		.cfi_endproc
  70              	.LFE63:
  71              		.size	main, .-main
  72              		.section	.text.handleByteReceived,"ax",%progbits
  73              		.align	2
  74              		.global	handleByteReceived
  75              		.thumb
  76              		.thumb_func
  77              		.type	handleByteReceived, %function
  78              	handleByteReceived:
  79              	.LFB64:
  32:main.c        ****     }
  33:main.c        **** }
  34:main.c        **** 
  35:main.c        **** void handleByteReceived(uint8_t byteReceived)
ARM GAS  C:\Users\mariu\AppData\Local\Temp\ccDEMJ3a.s 			page 3


  36:main.c        **** {
  80              		.loc 1 36 0
  81              		.cfi_startproc
  82              		@ args = 0, pretend = 0, frame = 0
  83              		@ frame_needed = 0, uses_anonymous_args = 0
  84              	.LVL5:
  85 0000 08B5     		push	{r3, lr}
  86              		.cfi_def_cfa_offset 8
  87              		.cfi_offset 3, -8
  88              		.cfi_offset 14, -4
  37:main.c        ****     switch(byteReceived)
  89              		.loc 1 37 0
  90 0002 3128     		cmp	r0, #49
  91 0004 02D0     		beq	.L8
  92 0006 3228     		cmp	r0, #50
  93 0008 0AD0     		beq	.L9
  94 000a 08BD     		pop	{r3, pc}
  95              	.L8:
  38:main.c        ****     {
  39:main.c        ****         case '1' :
  40:main.c        ****         {
  41:main.c        ****             UART_1_PutString("Turning LED on    \r\n");
  96              		.loc 1 41 0
  97 000c 0948     		ldr	r0, .L11
  98              	.LVL6:
  99 000e FFF7FEFF 		bl	UART_1_PutString
 100              	.LVL7:
  42:main.c        ****             SPIM_1_WriteTxData(onData);
 101              		.loc 1 42 0
 102 0012 094B     		ldr	r3, .L11+4
 103 0014 5878     		ldrb	r0, [r3, #1]	@ zero_extendqisi2
 104 0016 FFF7FEFF 		bl	SPIM_1_WriteTxData
 105              	.LVL8:
  43:main.c        ****             SPIM_1_ReadRxData();
 106              		.loc 1 43 0
 107 001a FFF7FEFF 		bl	SPIM_1_ReadRxData
 108              	.LVL9:
  44:main.c        ****         }
  45:main.c        ****         break;
 109              		.loc 1 45 0
 110 001e 08BD     		pop	{r3, pc}
 111              	.LVL10:
 112              	.L9:
  46:main.c        ****         case '2' :
  47:main.c        ****         {
  48:main.c        ****             UART_1_PutString("Turning LED off   \r\n");
 113              		.loc 1 48 0
 114 0020 0648     		ldr	r0, .L11+8
 115              	.LVL11:
 116 0022 FFF7FEFF 		bl	UART_1_PutString
 117              	.LVL12:
  49:main.c        ****             SPIM_1_WriteTxData(offData);
 118              		.loc 1 49 0
 119 0026 044B     		ldr	r3, .L11+4
 120 0028 9878     		ldrb	r0, [r3, #2]	@ zero_extendqisi2
 121 002a FFF7FEFF 		bl	SPIM_1_WriteTxData
 122              	.LVL13:
ARM GAS  C:\Users\mariu\AppData\Local\Temp\ccDEMJ3a.s 			page 4


  50:main.c        ****             SPIM_1_ReadRxData();
 123              		.loc 1 50 0
 124 002e FFF7FEFF 		bl	SPIM_1_ReadRxData
 125              	.LVL14:
 126 0032 08BD     		pop	{r3, pc}
 127              	.L12:
 128              		.align	2
 129              	.L11:
 130 0034 00000000 		.word	.LC0
 131 0038 00000000 		.word	.LANCHOR0
 132 003c 18000000 		.word	.LC1
 133              		.cfi_endproc
 134              	.LFE64:
 135              		.size	handleByteReceived, .-handleByteReceived
 136              		.section	.text.ISR_2_handler,"ax",%progbits
 137              		.align	2
 138              		.global	ISR_2_handler
 139              		.thumb
 140              		.thumb_func
 141              		.type	ISR_2_handler, %function
 142              	ISR_2_handler:
 143              	.LFB65:
  51:main.c        ****         }
  52:main.c        ****         break;
  53:main.c        ****         
  54:main.c        ****         default :
  55:main.c        ****         {
  56:main.c        ****             // nothing
  57:main.c        ****         }
  58:main.c        ****         break;
  59:main.c        ****     }
  60:main.c        **** }
  61:main.c        **** 
  62:main.c        **** CY_ISR(ISR_2_handler)
  63:main.c        **** {
 144              		.loc 1 63 0
 145              		.cfi_startproc
 146              		@ args = 0, pretend = 0, frame = 0
 147              		@ frame_needed = 0, uses_anonymous_args = 0
 148 0000 38B5     		push	{r3, r4, r5, lr}
 149              		.cfi_def_cfa_offset 16
 150              		.cfi_offset 3, -16
 151              		.cfi_offset 4, -12
 152              		.cfi_offset 5, -8
 153              		.cfi_offset 14, -4
  64:main.c        ****     uint8_t bytesToRead = UART_1_GetRxBufferSize();
 154              		.loc 1 64 0
 155 0002 FFF7FEFF 		bl	UART_1_GetRxBufferSize
 156              	.LVL15:
 157 0006 0446     		mov	r4, r0
 158              	.LVL16:
  65:main.c        ****     while (bytesToRead > 0)
 159              		.loc 1 65 0
 160 0008 09E0     		b	.L14
 161              	.L15:
 162              	.LBB2:
  66:main.c        ****     {
ARM GAS  C:\Users\mariu\AppData\Local\Temp\ccDEMJ3a.s 			page 5


  67:main.c        ****        
  68:main.c        ****         
  69:main.c        ****         uint8_t byteReceived = UART_1_ReadRxData();
 163              		.loc 1 69 0
 164 000a FFF7FEFF 		bl	UART_1_ReadRxData
 165              	.LVL17:
 166 000e 0546     		mov	r5, r0
 167              	.LVL18:
  70:main.c        ****         UART_1_WriteTxData(byteReceived); // echo back
 168              		.loc 1 70 0
 169 0010 FFF7FEFF 		bl	UART_1_WriteTxData
 170              	.LVL19:
  71:main.c        ****         
  72:main.c        ****         
  73:main.c        ****         
  74:main.c        ****         handleByteReceived(byteReceived);
 171              		.loc 1 74 0
 172 0014 2846     		mov	r0, r5
 173 0016 FFF7FEFF 		bl	handleByteReceived
 174              	.LVL20:
  75:main.c        ****         
  76:main.c        ****         bytesToRead--;
 175              		.loc 1 76 0
 176 001a 013C     		subs	r4, r4, #1
 177              	.LVL21:
 178 001c E4B2     		uxtb	r4, r4
 179              	.LVL22:
 180              	.L14:
 181              	.LBE2:
  65:main.c        ****     {
 182              		.loc 1 65 0
 183 001e 002C     		cmp	r4, #0
 184 0020 F3D1     		bne	.L15
  77:main.c        ****         
  78:main.c        ****         
  79:main.c        ****     }
  80:main.c        **** }
 185              		.loc 1 80 0
 186 0022 38BD     		pop	{r3, r4, r5, pc}
 187              		.cfi_endproc
 188              	.LFE65:
 189              		.size	ISR_2_handler, .-ISR_2_handler
 190              		.global	offData
 191              		.global	emptyData
 192              		.global	onData
 193              		.data
 194              		.set	.LANCHOR0,. + 0
 195              		.type	emptyData, %object
 196              		.size	emptyData, 1
 197              	emptyData:
 198 0000 FF       		.byte	-1
 199              		.type	onData, %object
 200              		.size	onData, 1
 201              	onData:
 202 0001 45       		.byte	69
 203              		.type	offData, %object
 204              		.size	offData, 1
ARM GAS  C:\Users\mariu\AppData\Local\Temp\ccDEMJ3a.s 			page 6


 205              	offData:
 206 0002 12       		.byte	18
 207              		.section	.rodata.str1.4,"aMS",%progbits,1
 208              		.align	2
 209              	.LC0:
 210 0000 5475726E 		.ascii	"Turning LED on    \015\012\000"
 210      696E6720 
 210      4C454420 
 210      6F6E2020 
 210      20200D0A 
 211 0015 000000   		.space	3
 212              	.LC1:
 213 0018 5475726E 		.ascii	"Turning LED off   \015\012\000"
 213      696E6720 
 213      4C454420 
 213      6F666620 
 213      20200D0A 
 214              		.text
 215              	.Letext0:
 216              		.file 2 "c:\\program files (x86)\\cypress\\psoc creator\\4.4\\psoc creator\\import\\gnu\\arm\\5.4.
 217              		.file 3 "c:\\program files (x86)\\cypress\\psoc creator\\4.4\\psoc creator\\import\\gnu\\arm\\5.4.
 218              		.file 4 "Generated_Source\\PSoC5/core_cm3.h"
 219              		.file 5 "Generated_Source\\PSoC5/UART_1.h"
 220              		.file 6 "Generated_Source\\PSoC5/SPIM_1.h"
 221              		.file 7 "Generated_Source\\PSoC5/isr_2.h"
 222              		.section	.debug_info,"",%progbits
 223              	.Ldebug_info0:
 224 0000 A2020000 		.4byte	0x2a2
 225 0004 0400     		.2byte	0x4
 226 0006 00000000 		.4byte	.Ldebug_abbrev0
 227 000a 04       		.byte	0x4
 228 000b 01       		.uleb128 0x1
 229 000c CD000000 		.4byte	.LASF35
 230 0010 0C       		.byte	0xc
 231 0011 38020000 		.4byte	.LASF36
 232 0015 55000000 		.4byte	.LASF37
 233 0019 00000000 		.4byte	.Ldebug_ranges0+0
 234 001d 00000000 		.4byte	0
 235 0021 00000000 		.4byte	.Ldebug_line0
 236 0025 02       		.uleb128 0x2
 237 0026 01       		.byte	0x1
 238 0027 06       		.byte	0x6
 239 0028 75020000 		.4byte	.LASF0
 240 002c 03       		.uleb128 0x3
 241 002d 0D000000 		.4byte	.LASF4
 242 0031 02       		.byte	0x2
 243 0032 1D       		.byte	0x1d
 244 0033 37000000 		.4byte	0x37
 245 0037 02       		.uleb128 0x2
 246 0038 01       		.byte	0x1
 247 0039 08       		.byte	0x8
 248 003a BF000000 		.4byte	.LASF1
 249 003e 02       		.uleb128 0x2
 250 003f 02       		.byte	0x2
 251 0040 05       		.byte	0x5
 252 0041 56020000 		.4byte	.LASF2
 253 0045 02       		.uleb128 0x2
ARM GAS  C:\Users\mariu\AppData\Local\Temp\ccDEMJ3a.s 			page 7


 254 0046 02       		.byte	0x2
 255 0047 07       		.byte	0x7
 256 0048 36000000 		.4byte	.LASF3
 257 004c 03       		.uleb128 0x3
 258 004d 2C000000 		.4byte	.LASF5
 259 0051 02       		.byte	0x2
 260 0052 3F       		.byte	0x3f
 261 0053 57000000 		.4byte	0x57
 262 0057 02       		.uleb128 0x2
 263 0058 04       		.byte	0x4
 264 0059 05       		.byte	0x5
 265 005a 60020000 		.4byte	.LASF6
 266 005e 02       		.uleb128 0x2
 267 005f 04       		.byte	0x4
 268 0060 07       		.byte	0x7
 269 0061 73010000 		.4byte	.LASF7
 270 0065 02       		.uleb128 0x2
 271 0066 08       		.byte	0x8
 272 0067 05       		.byte	0x5
 273 0068 2A020000 		.4byte	.LASF8
 274 006c 02       		.uleb128 0x2
 275 006d 08       		.byte	0x8
 276 006e 07       		.byte	0x7
 277 006f E3010000 		.4byte	.LASF9
 278 0073 04       		.uleb128 0x4
 279 0074 04       		.byte	0x4
 280 0075 05       		.byte	0x5
 281 0076 696E7400 		.ascii	"int\000"
 282 007a 02       		.uleb128 0x2
 283 007b 04       		.byte	0x4
 284 007c 07       		.byte	0x7
 285 007d D6010000 		.4byte	.LASF10
 286 0081 03       		.uleb128 0x3
 287 0082 FA010000 		.4byte	.LASF11
 288 0086 03       		.byte	0x3
 289 0087 18       		.byte	0x18
 290 0088 2C000000 		.4byte	0x2c
 291 008c 03       		.uleb128 0x3
 292 008d 19020000 		.4byte	.LASF12
 293 0091 03       		.byte	0x3
 294 0092 2C       		.byte	0x2c
 295 0093 4C000000 		.4byte	0x4c
 296 0097 02       		.uleb128 0x2
 297 0098 04       		.byte	0x4
 298 0099 04       		.byte	0x4
 299 009a B9000000 		.4byte	.LASF13
 300 009e 02       		.uleb128 0x2
 301 009f 08       		.byte	0x8
 302 00a0 04       		.byte	0x4
 303 00a1 CA010000 		.4byte	.LASF14
 304 00a5 02       		.uleb128 0x2
 305 00a6 01       		.byte	0x1
 306 00a7 08       		.byte	0x8
 307 00a8 3F020000 		.4byte	.LASF15
 308 00ac 02       		.uleb128 0x2
 309 00ad 08       		.byte	0x8
 310 00ae 04       		.byte	0x4
ARM GAS  C:\Users\mariu\AppData\Local\Temp\ccDEMJ3a.s 			page 8


 311 00af 69020000 		.4byte	.LASF16
 312 00b3 02       		.uleb128 0x2
 313 00b4 04       		.byte	0x4
 314 00b5 07       		.byte	0x7
 315 00b6 21020000 		.4byte	.LASF17
 316 00ba 05       		.uleb128 0x5
 317 00bb D1010000 		.4byte	.LASF38
 318 00bf 01       		.byte	0x1
 319 00c0 14       		.byte	0x14
 320 00c1 73000000 		.4byte	0x73
 321 00c5 00000000 		.4byte	.LFB63
 322 00c9 28000000 		.4byte	.LFE63-.LFB63
 323 00cd 01       		.uleb128 0x1
 324 00ce 9C       		.byte	0x9c
 325 00cf 0F010000 		.4byte	0x10f
 326 00d3 06       		.uleb128 0x6
 327 00d4 08000000 		.4byte	.LVL0
 328 00d8 42020000 		.4byte	0x242
 329 00dc 06       		.uleb128 0x6
 330 00dd 0C000000 		.4byte	.LVL1
 331 00e1 4D020000 		.4byte	0x24d
 332 00e5 07       		.uleb128 0x7
 333 00e6 12000000 		.4byte	.LVL2
 334 00ea 58020000 		.4byte	0x258
 335 00ee FC000000 		.4byte	0xfc
 336 00f2 08       		.uleb128 0x8
 337 00f3 01       		.uleb128 0x1
 338 00f4 50       		.byte	0x50
 339 00f5 05       		.uleb128 0x5
 340 00f6 03       		.byte	0x3
 341 00f7 00000000 		.4byte	ISR_2_handler
 342 00fb 00       		.byte	0
 343 00fc 06       		.uleb128 0x6
 344 00fd 1A000000 		.4byte	.LVL3
 345 0101 63020000 		.4byte	0x263
 346 0105 06       		.uleb128 0x6
 347 0106 1E000000 		.4byte	.LVL4
 348 010a 6E020000 		.4byte	0x26e
 349 010e 00       		.byte	0
 350 010f 09       		.uleb128 0x9
 351 0110 97010000 		.4byte	.LASF18
 352 0114 01       		.byte	0x1
 353 0115 23       		.byte	0x23
 354 0116 00000000 		.4byte	.LFB64
 355 011a 40000000 		.4byte	.LFE64-.LFB64
 356 011e 01       		.uleb128 0x1
 357 011f 9C       		.byte	0x9c
 358 0120 86010000 		.4byte	0x186
 359 0124 0A       		.uleb128 0xa
 360 0125 A5020000 		.4byte	.LASF21
 361 0129 01       		.byte	0x1
 362 012a 23       		.byte	0x23
 363 012b 81000000 		.4byte	0x81
 364 012f 00000000 		.4byte	.LLST0
 365 0133 07       		.uleb128 0x7
 366 0134 12000000 		.4byte	.LVL7
 367 0138 79020000 		.4byte	0x279
ARM GAS  C:\Users\mariu\AppData\Local\Temp\ccDEMJ3a.s 			page 9


 368 013c 4A010000 		.4byte	0x14a
 369 0140 08       		.uleb128 0x8
 370 0141 01       		.uleb128 0x1
 371 0142 50       		.byte	0x50
 372 0143 05       		.uleb128 0x5
 373 0144 03       		.byte	0x3
 374 0145 00000000 		.4byte	.LC0
 375 0149 00       		.byte	0
 376 014a 06       		.uleb128 0x6
 377 014b 1A000000 		.4byte	.LVL8
 378 014f 63020000 		.4byte	0x263
 379 0153 06       		.uleb128 0x6
 380 0154 1E000000 		.4byte	.LVL9
 381 0158 6E020000 		.4byte	0x26e
 382 015c 07       		.uleb128 0x7
 383 015d 26000000 		.4byte	.LVL12
 384 0161 79020000 		.4byte	0x279
 385 0165 73010000 		.4byte	0x173
 386 0169 08       		.uleb128 0x8
 387 016a 01       		.uleb128 0x1
 388 016b 50       		.byte	0x50
 389 016c 05       		.uleb128 0x5
 390 016d 03       		.byte	0x3
 391 016e 18000000 		.4byte	.LC1
 392 0172 00       		.byte	0
 393 0173 06       		.uleb128 0x6
 394 0174 2E000000 		.4byte	.LVL13
 395 0178 63020000 		.4byte	0x263
 396 017c 06       		.uleb128 0x6
 397 017d 32000000 		.4byte	.LVL14
 398 0181 6E020000 		.4byte	0x26e
 399 0185 00       		.byte	0
 400 0186 09       		.uleb128 0x9
 401 0187 AB000000 		.4byte	.LASF19
 402 018b 01       		.byte	0x1
 403 018c 3E       		.byte	0x3e
 404 018d 00000000 		.4byte	.LFB65
 405 0191 24000000 		.4byte	.LFE65-.LFB65
 406 0195 01       		.uleb128 0x1
 407 0196 9C       		.byte	0x9c
 408 0197 FE010000 		.4byte	0x1fe
 409 019b 0B       		.uleb128 0xb
 410 019c 49000000 		.4byte	.LASF20
 411 01a0 01       		.byte	0x1
 412 01a1 40       		.byte	0x40
 413 01a2 81000000 		.4byte	0x81
 414 01a6 3A000000 		.4byte	.LLST1
 415 01aa 0C       		.uleb128 0xc
 416 01ab 0A000000 		.4byte	.LBB2
 417 01af 14000000 		.4byte	.LBE2-.LBB2
 418 01b3 F4010000 		.4byte	0x1f4
 419 01b7 0B       		.uleb128 0xb
 420 01b8 A5020000 		.4byte	.LASF21
 421 01bc 01       		.byte	0x1
 422 01bd 45       		.byte	0x45
 423 01be 81000000 		.4byte	0x81
 424 01c2 58000000 		.4byte	.LLST2
ARM GAS  C:\Users\mariu\AppData\Local\Temp\ccDEMJ3a.s 			page 10


 425 01c6 06       		.uleb128 0x6
 426 01c7 0E000000 		.4byte	.LVL17
 427 01cb 84020000 		.4byte	0x284
 428 01cf 07       		.uleb128 0x7
 429 01d0 14000000 		.4byte	.LVL19
 430 01d4 8F020000 		.4byte	0x28f
 431 01d8 E3010000 		.4byte	0x1e3
 432 01dc 08       		.uleb128 0x8
 433 01dd 01       		.uleb128 0x1
 434 01de 50       		.byte	0x50
 435 01df 02       		.uleb128 0x2
 436 01e0 75       		.byte	0x75
 437 01e1 00       		.sleb128 0
 438 01e2 00       		.byte	0
 439 01e3 0D       		.uleb128 0xd
 440 01e4 1A000000 		.4byte	.LVL20
 441 01e8 0F010000 		.4byte	0x10f
 442 01ec 08       		.uleb128 0x8
 443 01ed 01       		.uleb128 0x1
 444 01ee 50       		.byte	0x50
 445 01ef 02       		.uleb128 0x2
 446 01f0 75       		.byte	0x75
 447 01f1 00       		.sleb128 0
 448 01f2 00       		.byte	0
 449 01f3 00       		.byte	0
 450 01f4 06       		.uleb128 0x6
 451 01f5 06000000 		.4byte	.LVL15
 452 01f9 9A020000 		.4byte	0x29a
 453 01fd 00       		.byte	0
 454 01fe 0E       		.uleb128 0xe
 455 01ff AA010000 		.4byte	.LASF22
 456 0203 04       		.byte	0x4
 457 0204 1207     		.2byte	0x712
 458 0206 0A020000 		.4byte	0x20a
 459 020a 0F       		.uleb128 0xf
 460 020b 8C000000 		.4byte	0x8c
 461 020f 10       		.uleb128 0x10
 462 0210 B2020000 		.4byte	.LASF23
 463 0214 01       		.byte	0x1
 464 0215 10       		.byte	0x10
 465 0216 81000000 		.4byte	0x81
 466 021a 05       		.uleb128 0x5
 467 021b 03       		.byte	0x3
 468 021c 00000000 		.4byte	onData
 469 0220 10       		.uleb128 0x10
 470 0221 69010000 		.4byte	.LASF24
 471 0225 01       		.byte	0x1
 472 0226 11       		.byte	0x11
 473 0227 81000000 		.4byte	0x81
 474 022b 05       		.uleb128 0x5
 475 022c 03       		.byte	0x3
 476 022d 00000000 		.4byte	emptyData
 477 0231 10       		.uleb128 0x10
 478 0232 24000000 		.4byte	.LASF25
 479 0236 01       		.byte	0x1
 480 0237 12       		.byte	0x12
 481 0238 81000000 		.4byte	0x81
ARM GAS  C:\Users\mariu\AppData\Local\Temp\ccDEMJ3a.s 			page 11


 482 023c 05       		.uleb128 0x5
 483 023d 03       		.byte	0x3
 484 023e 00000000 		.4byte	offData
 485 0242 11       		.uleb128 0x11
 486 0243 00000000 		.4byte	.LASF26
 487 0247 00000000 		.4byte	.LASF26
 488 024b 05       		.byte	0x5
 489 024c 54       		.byte	0x54
 490 024d 11       		.uleb128 0x11
 491 024e 17000000 		.4byte	.LASF27
 492 0252 17000000 		.4byte	.LASF27
 493 0256 06       		.byte	0x6
 494 0257 4D       		.byte	0x4d
 495 0258 11       		.uleb128 0x11
 496 0259 5B010000 		.4byte	.LASF28
 497 025d 5B010000 		.4byte	.LASF28
 498 0261 07       		.byte	0x7
 499 0262 18       		.byte	0x18
 500 0263 11       		.uleb128 0x11
 501 0264 81020000 		.4byte	.LASF29
 502 0268 81020000 		.4byte	.LASF29
 503 026c 06       		.byte	0x6
 504 026d 5E       		.byte	0x5e
 505 026e 11       		.uleb128 0x11
 506 026f 44020000 		.4byte	.LASF30
 507 0273 44020000 		.4byte	.LASF30
 508 0277 06       		.byte	0x6
 509 0278 60       		.byte	0x60
 510 0279 11       		.uleb128 0x11
 511 027a 94020000 		.4byte	.LASF31
 512 027e 94020000 		.4byte	.LASF31
 513 0282 05       		.byte	0x5
 514 0283 8B       		.byte	0x8b
 515 0284 11       		.uleb128 0x11
 516 0285 85010000 		.4byte	.LASF32
 517 0289 85010000 		.4byte	.LASF32
 518 028d 05       		.byte	0x5
 519 028e 6F       		.byte	0x6f
 520 028f 11       		.uleb128 0x11
 521 0290 B7010000 		.4byte	.LASF33
 522 0294 B7010000 		.4byte	.LASF33
 523 0298 05       		.byte	0x5
 524 0299 88       		.byte	0x88
 525 029a 11       		.uleb128 0x11
 526 029b 02020000 		.4byte	.LASF34
 527 029f 02020000 		.4byte	.LASF34
 528 02a3 05       		.byte	0x5
 529 02a4 73       		.byte	0x73
 530 02a5 00       		.byte	0
 531              		.section	.debug_abbrev,"",%progbits
 532              	.Ldebug_abbrev0:
 533 0000 01       		.uleb128 0x1
 534 0001 11       		.uleb128 0x11
 535 0002 01       		.byte	0x1
 536 0003 25       		.uleb128 0x25
 537 0004 0E       		.uleb128 0xe
 538 0005 13       		.uleb128 0x13
ARM GAS  C:\Users\mariu\AppData\Local\Temp\ccDEMJ3a.s 			page 12


 539 0006 0B       		.uleb128 0xb
 540 0007 03       		.uleb128 0x3
 541 0008 0E       		.uleb128 0xe
 542 0009 1B       		.uleb128 0x1b
 543 000a 0E       		.uleb128 0xe
 544 000b 55       		.uleb128 0x55
 545 000c 17       		.uleb128 0x17
 546 000d 11       		.uleb128 0x11
 547 000e 01       		.uleb128 0x1
 548 000f 10       		.uleb128 0x10
 549 0010 17       		.uleb128 0x17
 550 0011 00       		.byte	0
 551 0012 00       		.byte	0
 552 0013 02       		.uleb128 0x2
 553 0014 24       		.uleb128 0x24
 554 0015 00       		.byte	0
 555 0016 0B       		.uleb128 0xb
 556 0017 0B       		.uleb128 0xb
 557 0018 3E       		.uleb128 0x3e
 558 0019 0B       		.uleb128 0xb
 559 001a 03       		.uleb128 0x3
 560 001b 0E       		.uleb128 0xe
 561 001c 00       		.byte	0
 562 001d 00       		.byte	0
 563 001e 03       		.uleb128 0x3
 564 001f 16       		.uleb128 0x16
 565 0020 00       		.byte	0
 566 0021 03       		.uleb128 0x3
 567 0022 0E       		.uleb128 0xe
 568 0023 3A       		.uleb128 0x3a
 569 0024 0B       		.uleb128 0xb
 570 0025 3B       		.uleb128 0x3b
 571 0026 0B       		.uleb128 0xb
 572 0027 49       		.uleb128 0x49
 573 0028 13       		.uleb128 0x13
 574 0029 00       		.byte	0
 575 002a 00       		.byte	0
 576 002b 04       		.uleb128 0x4
 577 002c 24       		.uleb128 0x24
 578 002d 00       		.byte	0
 579 002e 0B       		.uleb128 0xb
 580 002f 0B       		.uleb128 0xb
 581 0030 3E       		.uleb128 0x3e
 582 0031 0B       		.uleb128 0xb
 583 0032 03       		.uleb128 0x3
 584 0033 08       		.uleb128 0x8
 585 0034 00       		.byte	0
 586 0035 00       		.byte	0
 587 0036 05       		.uleb128 0x5
 588 0037 2E       		.uleb128 0x2e
 589 0038 01       		.byte	0x1
 590 0039 3F       		.uleb128 0x3f
 591 003a 19       		.uleb128 0x19
 592 003b 03       		.uleb128 0x3
 593 003c 0E       		.uleb128 0xe
 594 003d 3A       		.uleb128 0x3a
 595 003e 0B       		.uleb128 0xb
ARM GAS  C:\Users\mariu\AppData\Local\Temp\ccDEMJ3a.s 			page 13


 596 003f 3B       		.uleb128 0x3b
 597 0040 0B       		.uleb128 0xb
 598 0041 27       		.uleb128 0x27
 599 0042 19       		.uleb128 0x19
 600 0043 49       		.uleb128 0x49
 601 0044 13       		.uleb128 0x13
 602 0045 8701     		.uleb128 0x87
 603 0047 19       		.uleb128 0x19
 604 0048 11       		.uleb128 0x11
 605 0049 01       		.uleb128 0x1
 606 004a 12       		.uleb128 0x12
 607 004b 06       		.uleb128 0x6
 608 004c 40       		.uleb128 0x40
 609 004d 18       		.uleb128 0x18
 610 004e 9742     		.uleb128 0x2117
 611 0050 19       		.uleb128 0x19
 612 0051 01       		.uleb128 0x1
 613 0052 13       		.uleb128 0x13
 614 0053 00       		.byte	0
 615 0054 00       		.byte	0
 616 0055 06       		.uleb128 0x6
 617 0056 898201   		.uleb128 0x4109
 618 0059 00       		.byte	0
 619 005a 11       		.uleb128 0x11
 620 005b 01       		.uleb128 0x1
 621 005c 31       		.uleb128 0x31
 622 005d 13       		.uleb128 0x13
 623 005e 00       		.byte	0
 624 005f 00       		.byte	0
 625 0060 07       		.uleb128 0x7
 626 0061 898201   		.uleb128 0x4109
 627 0064 01       		.byte	0x1
 628 0065 11       		.uleb128 0x11
 629 0066 01       		.uleb128 0x1
 630 0067 31       		.uleb128 0x31
 631 0068 13       		.uleb128 0x13
 632 0069 01       		.uleb128 0x1
 633 006a 13       		.uleb128 0x13
 634 006b 00       		.byte	0
 635 006c 00       		.byte	0
 636 006d 08       		.uleb128 0x8
 637 006e 8A8201   		.uleb128 0x410a
 638 0071 00       		.byte	0
 639 0072 02       		.uleb128 0x2
 640 0073 18       		.uleb128 0x18
 641 0074 9142     		.uleb128 0x2111
 642 0076 18       		.uleb128 0x18
 643 0077 00       		.byte	0
 644 0078 00       		.byte	0
 645 0079 09       		.uleb128 0x9
 646 007a 2E       		.uleb128 0x2e
 647 007b 01       		.byte	0x1
 648 007c 3F       		.uleb128 0x3f
 649 007d 19       		.uleb128 0x19
 650 007e 03       		.uleb128 0x3
 651 007f 0E       		.uleb128 0xe
 652 0080 3A       		.uleb128 0x3a
ARM GAS  C:\Users\mariu\AppData\Local\Temp\ccDEMJ3a.s 			page 14


 653 0081 0B       		.uleb128 0xb
 654 0082 3B       		.uleb128 0x3b
 655 0083 0B       		.uleb128 0xb
 656 0084 27       		.uleb128 0x27
 657 0085 19       		.uleb128 0x19
 658 0086 11       		.uleb128 0x11
 659 0087 01       		.uleb128 0x1
 660 0088 12       		.uleb128 0x12
 661 0089 06       		.uleb128 0x6
 662 008a 40       		.uleb128 0x40
 663 008b 18       		.uleb128 0x18
 664 008c 9742     		.uleb128 0x2117
 665 008e 19       		.uleb128 0x19
 666 008f 01       		.uleb128 0x1
 667 0090 13       		.uleb128 0x13
 668 0091 00       		.byte	0
 669 0092 00       		.byte	0
 670 0093 0A       		.uleb128 0xa
 671 0094 05       		.uleb128 0x5
 672 0095 00       		.byte	0
 673 0096 03       		.uleb128 0x3
 674 0097 0E       		.uleb128 0xe
 675 0098 3A       		.uleb128 0x3a
 676 0099 0B       		.uleb128 0xb
 677 009a 3B       		.uleb128 0x3b
 678 009b 0B       		.uleb128 0xb
 679 009c 49       		.uleb128 0x49
 680 009d 13       		.uleb128 0x13
 681 009e 02       		.uleb128 0x2
 682 009f 17       		.uleb128 0x17
 683 00a0 00       		.byte	0
 684 00a1 00       		.byte	0
 685 00a2 0B       		.uleb128 0xb
 686 00a3 34       		.uleb128 0x34
 687 00a4 00       		.byte	0
 688 00a5 03       		.uleb128 0x3
 689 00a6 0E       		.uleb128 0xe
 690 00a7 3A       		.uleb128 0x3a
 691 00a8 0B       		.uleb128 0xb
 692 00a9 3B       		.uleb128 0x3b
 693 00aa 0B       		.uleb128 0xb
 694 00ab 49       		.uleb128 0x49
 695 00ac 13       		.uleb128 0x13
 696 00ad 02       		.uleb128 0x2
 697 00ae 17       		.uleb128 0x17
 698 00af 00       		.byte	0
 699 00b0 00       		.byte	0
 700 00b1 0C       		.uleb128 0xc
 701 00b2 0B       		.uleb128 0xb
 702 00b3 01       		.byte	0x1
 703 00b4 11       		.uleb128 0x11
 704 00b5 01       		.uleb128 0x1
 705 00b6 12       		.uleb128 0x12
 706 00b7 06       		.uleb128 0x6
 707 00b8 01       		.uleb128 0x1
 708 00b9 13       		.uleb128 0x13
 709 00ba 00       		.byte	0
ARM GAS  C:\Users\mariu\AppData\Local\Temp\ccDEMJ3a.s 			page 15


 710 00bb 00       		.byte	0
 711 00bc 0D       		.uleb128 0xd
 712 00bd 898201   		.uleb128 0x4109
 713 00c0 01       		.byte	0x1
 714 00c1 11       		.uleb128 0x11
 715 00c2 01       		.uleb128 0x1
 716 00c3 31       		.uleb128 0x31
 717 00c4 13       		.uleb128 0x13
 718 00c5 00       		.byte	0
 719 00c6 00       		.byte	0
 720 00c7 0E       		.uleb128 0xe
 721 00c8 34       		.uleb128 0x34
 722 00c9 00       		.byte	0
 723 00ca 03       		.uleb128 0x3
 724 00cb 0E       		.uleb128 0xe
 725 00cc 3A       		.uleb128 0x3a
 726 00cd 0B       		.uleb128 0xb
 727 00ce 3B       		.uleb128 0x3b
 728 00cf 05       		.uleb128 0x5
 729 00d0 49       		.uleb128 0x49
 730 00d1 13       		.uleb128 0x13
 731 00d2 3F       		.uleb128 0x3f
 732 00d3 19       		.uleb128 0x19
 733 00d4 3C       		.uleb128 0x3c
 734 00d5 19       		.uleb128 0x19
 735 00d6 00       		.byte	0
 736 00d7 00       		.byte	0
 737 00d8 0F       		.uleb128 0xf
 738 00d9 35       		.uleb128 0x35
 739 00da 00       		.byte	0
 740 00db 49       		.uleb128 0x49
 741 00dc 13       		.uleb128 0x13
 742 00dd 00       		.byte	0
 743 00de 00       		.byte	0
 744 00df 10       		.uleb128 0x10
 745 00e0 34       		.uleb128 0x34
 746 00e1 00       		.byte	0
 747 00e2 03       		.uleb128 0x3
 748 00e3 0E       		.uleb128 0xe
 749 00e4 3A       		.uleb128 0x3a
 750 00e5 0B       		.uleb128 0xb
 751 00e6 3B       		.uleb128 0x3b
 752 00e7 0B       		.uleb128 0xb
 753 00e8 49       		.uleb128 0x49
 754 00e9 13       		.uleb128 0x13
 755 00ea 3F       		.uleb128 0x3f
 756 00eb 19       		.uleb128 0x19
 757 00ec 02       		.uleb128 0x2
 758 00ed 18       		.uleb128 0x18
 759 00ee 00       		.byte	0
 760 00ef 00       		.byte	0
 761 00f0 11       		.uleb128 0x11
 762 00f1 2E       		.uleb128 0x2e
 763 00f2 00       		.byte	0
 764 00f3 3F       		.uleb128 0x3f
 765 00f4 19       		.uleb128 0x19
 766 00f5 3C       		.uleb128 0x3c
ARM GAS  C:\Users\mariu\AppData\Local\Temp\ccDEMJ3a.s 			page 16


 767 00f6 19       		.uleb128 0x19
 768 00f7 6E       		.uleb128 0x6e
 769 00f8 0E       		.uleb128 0xe
 770 00f9 03       		.uleb128 0x3
 771 00fa 0E       		.uleb128 0xe
 772 00fb 3A       		.uleb128 0x3a
 773 00fc 0B       		.uleb128 0xb
 774 00fd 3B       		.uleb128 0x3b
 775 00fe 0B       		.uleb128 0xb
 776 00ff 00       		.byte	0
 777 0100 00       		.byte	0
 778 0101 00       		.byte	0
 779              		.section	.debug_loc,"",%progbits
 780              	.Ldebug_loc0:
 781              	.LLST0:
 782 0000 00000000 		.4byte	.LVL5
 783 0004 0E000000 		.4byte	.LVL6
 784 0008 0100     		.2byte	0x1
 785 000a 50       		.byte	0x50
 786 000b 0E000000 		.4byte	.LVL6
 787 000f 20000000 		.4byte	.LVL10
 788 0013 0400     		.2byte	0x4
 789 0015 F3       		.byte	0xf3
 790 0016 01       		.uleb128 0x1
 791 0017 50       		.byte	0x50
 792 0018 9F       		.byte	0x9f
 793 0019 20000000 		.4byte	.LVL10
 794 001d 22000000 		.4byte	.LVL11
 795 0021 0100     		.2byte	0x1
 796 0023 50       		.byte	0x50
 797 0024 22000000 		.4byte	.LVL11
 798 0028 40000000 		.4byte	.LFE64
 799 002c 0400     		.2byte	0x4
 800 002e F3       		.byte	0xf3
 801 002f 01       		.uleb128 0x1
 802 0030 50       		.byte	0x50
 803 0031 9F       		.byte	0x9f
 804 0032 00000000 		.4byte	0
 805 0036 00000000 		.4byte	0
 806              	.LLST1:
 807 003a 08000000 		.4byte	.LVL16
 808 003e 1C000000 		.4byte	.LVL21
 809 0042 0100     		.2byte	0x1
 810 0044 54       		.byte	0x54
 811 0045 1E000000 		.4byte	.LVL22
 812 0049 24000000 		.4byte	.LFE65
 813 004d 0100     		.2byte	0x1
 814 004f 54       		.byte	0x54
 815 0050 00000000 		.4byte	0
 816 0054 00000000 		.4byte	0
 817              	.LLST2:
 818 0058 10000000 		.4byte	.LVL18
 819 005c 1E000000 		.4byte	.LVL22
 820 0060 0100     		.2byte	0x1
 821 0062 55       		.byte	0x55
 822 0063 00000000 		.4byte	0
 823 0067 00000000 		.4byte	0
ARM GAS  C:\Users\mariu\AppData\Local\Temp\ccDEMJ3a.s 			page 17


 824              		.section	.debug_aranges,"",%progbits
 825 0000 2C000000 		.4byte	0x2c
 826 0004 0200     		.2byte	0x2
 827 0006 00000000 		.4byte	.Ldebug_info0
 828 000a 04       		.byte	0x4
 829 000b 00       		.byte	0
 830 000c 0000     		.2byte	0
 831 000e 0000     		.2byte	0
 832 0010 00000000 		.4byte	.LFB63
 833 0014 28000000 		.4byte	.LFE63-.LFB63
 834 0018 00000000 		.4byte	.LFB64
 835 001c 40000000 		.4byte	.LFE64-.LFB64
 836 0020 00000000 		.4byte	.LFB65
 837 0024 24000000 		.4byte	.LFE65-.LFB65
 838 0028 00000000 		.4byte	0
 839 002c 00000000 		.4byte	0
 840              		.section	.debug_ranges,"",%progbits
 841              	.Ldebug_ranges0:
 842 0000 00000000 		.4byte	.LFB63
 843 0004 28000000 		.4byte	.LFE63
 844 0008 00000000 		.4byte	.LFB64
 845 000c 40000000 		.4byte	.LFE64
 846 0010 00000000 		.4byte	.LFB65
 847 0014 24000000 		.4byte	.LFE65
 848 0018 00000000 		.4byte	0
 849 001c 00000000 		.4byte	0
 850              		.section	.debug_line,"",%progbits
 851              	.Ldebug_line0:
 852 0000 B7010000 		.section	.debug_str,"MS",%progbits,1
 852      02006201 
 852      00000201 
 852      FB0E0D00 
 852      01010101 
 853              	.LASF26:
 854 0000 55415254 		.ascii	"UART_1_Start\000"
 854      5F315F53 
 854      74617274 
 854      00
 855              	.LASF4:
 856 000d 5F5F7569 		.ascii	"__uint8_t\000"
 856      6E74385F 
 856      7400
 857              	.LASF27:
 858 0017 5350494D 		.ascii	"SPIM_1_Start\000"
 858      5F315F53 
 858      74617274 
 858      00
 859              	.LASF25:
 860 0024 6F666644 		.ascii	"offData\000"
 860      61746100 
 861              	.LASF5:
 862 002c 5F5F696E 		.ascii	"__int32_t\000"
 862      7433325F 
 862      7400
 863              	.LASF3:
 864 0036 73686F72 		.ascii	"short unsigned int\000"
 864      7420756E 
ARM GAS  C:\Users\mariu\AppData\Local\Temp\ccDEMJ3a.s 			page 18


 864      7369676E 
 864      65642069 
 864      6E7400
 865              	.LASF20:
 866 0049 62797465 		.ascii	"bytesToRead\000"
 866      73546F52 
 866      65616400 
 867              	.LASF37:
 868 0055 433A5C55 		.ascii	"C:\\Users\\mariu\\Documents\\PSoC Creator\\Exercise"
 868      73657273 
 868      5C6D6172 
 868      69755C44 
 868      6F63756D 
 869 0083 735C4A6F 		.ascii	"s\\Journal 2\\Journal2\\Exercise_2.2.cydsn\000"
 869      75726E61 
 869      6C20325C 
 869      4A6F7572 
 869      6E616C32 
 870              	.LASF19:
 871 00ab 4953525F 		.ascii	"ISR_2_handler\000"
 871      325F6861 
 871      6E646C65 
 871      7200
 872              	.LASF13:
 873 00b9 666C6F61 		.ascii	"float\000"
 873      7400
 874              	.LASF1:
 875 00bf 756E7369 		.ascii	"unsigned char\000"
 875      676E6564 
 875      20636861 
 875      7200
 876              	.LASF35:
 877 00cd 474E5520 		.ascii	"GNU C11 5.4.1 20160609 (release) [ARM/embedded-5-br"
 877      43313120 
 877      352E342E 
 877      31203230 
 877      31363036 
 878 0100 616E6368 		.ascii	"anch revision 237715] -mcpu=cortex-m3 -mthumb -g -O"
 878      20726576 
 878      6973696F 
 878      6E203233 
 878      37373135 
 879 0133 67202D66 		.ascii	"g -ffunction-sections -ffat-lto-objects\000"
 879      66756E63 
 879      74696F6E 
 879      2D736563 
 879      74696F6E 
 880              	.LASF28:
 881 015b 6973725F 		.ascii	"isr_2_StartEx\000"
 881      325F5374 
 881      61727445 
 881      7800
 882              	.LASF24:
 883 0169 656D7074 		.ascii	"emptyData\000"
 883      79446174 
 883      6100
 884              	.LASF7:
ARM GAS  C:\Users\mariu\AppData\Local\Temp\ccDEMJ3a.s 			page 19


 885 0173 6C6F6E67 		.ascii	"long unsigned int\000"
 885      20756E73 
 885      69676E65 
 885      6420696E 
 885      7400
 886              	.LASF32:
 887 0185 55415254 		.ascii	"UART_1_ReadRxData\000"
 887      5F315F52 
 887      65616452 
 887      78446174 
 887      6100
 888              	.LASF18:
 889 0197 68616E64 		.ascii	"handleByteReceived\000"
 889      6C654279 
 889      74655265 
 889      63656976 
 889      656400
 890              	.LASF22:
 891 01aa 49544D5F 		.ascii	"ITM_RxBuffer\000"
 891      52784275 
 891      66666572 
 891      00
 892              	.LASF33:
 893 01b7 55415254 		.ascii	"UART_1_WriteTxData\000"
 893      5F315F57 
 893      72697465 
 893      54784461 
 893      746100
 894              	.LASF14:
 895 01ca 646F7562 		.ascii	"double\000"
 895      6C6500
 896              	.LASF38:
 897 01d1 6D61696E 		.ascii	"main\000"
 897      00
 898              	.LASF10:
 899 01d6 756E7369 		.ascii	"unsigned int\000"
 899      676E6564 
 899      20696E74 
 899      00
 900              	.LASF9:
 901 01e3 6C6F6E67 		.ascii	"long long unsigned int\000"
 901      206C6F6E 
 901      6720756E 
 901      7369676E 
 901      65642069 
 902              	.LASF11:
 903 01fa 75696E74 		.ascii	"uint8_t\000"
 903      385F7400 
 904              	.LASF34:
 905 0202 55415254 		.ascii	"UART_1_GetRxBufferSize\000"
 905      5F315F47 
 905      65745278 
 905      42756666 
 905      65725369 
 906              	.LASF12:
 907 0219 696E7433 		.ascii	"int32_t\000"
 907      325F7400 
ARM GAS  C:\Users\mariu\AppData\Local\Temp\ccDEMJ3a.s 			page 20


 908              	.LASF17:
 909 0221 73697A65 		.ascii	"sizetype\000"
 909      74797065 
 909      00
 910              	.LASF8:
 911 022a 6C6F6E67 		.ascii	"long long int\000"
 911      206C6F6E 
 911      6720696E 
 911      7400
 912              	.LASF36:
 913 0238 6D61696E 		.ascii	"main.c\000"
 913      2E6300
 914              	.LASF15:
 915 023f 63686172 		.ascii	"char\000"
 915      00
 916              	.LASF30:
 917 0244 5350494D 		.ascii	"SPIM_1_ReadRxData\000"
 917      5F315F52 
 917      65616452 
 917      78446174 
 917      6100
 918              	.LASF2:
 919 0256 73686F72 		.ascii	"short int\000"
 919      7420696E 
 919      7400
 920              	.LASF6:
 921 0260 6C6F6E67 		.ascii	"long int\000"
 921      20696E74 
 921      00
 922              	.LASF16:
 923 0269 6C6F6E67 		.ascii	"long double\000"
 923      20646F75 
 923      626C6500 
 924              	.LASF0:
 925 0275 7369676E 		.ascii	"signed char\000"
 925      65642063 
 925      68617200 
 926              	.LASF29:
 927 0281 5350494D 		.ascii	"SPIM_1_WriteTxData\000"
 927      5F315F57 
 927      72697465 
 927      54784461 
 927      746100
 928              	.LASF31:
 929 0294 55415254 		.ascii	"UART_1_PutString\000"
 929      5F315F50 
 929      75745374 
 929      72696E67 
 929      00
 930              	.LASF21:
 931 02a5 62797465 		.ascii	"byteReceived\000"
 931      52656365 
 931      69766564 
 931      00
 932              	.LASF23:
 933 02b2 6F6E4461 		.ascii	"onData\000"
 933      746100
ARM GAS  C:\Users\mariu\AppData\Local\Temp\ccDEMJ3a.s 			page 21


 934              		.ident	"GCC: (GNU Tools for ARM Embedded Processors) 5.4.1 20160609 (release) [ARM/embedded-5-bran
