ARM GAS  C:\Users\mariu\AppData\Local\Temp\ccASaSv0.s 			page 1


   1              		.syntax unified
   2              		.cpu cortex-m3
   3              		.fpu softvfp
   4              		.eabi_attribute 20, 1
   5              		.eabi_attribute 21, 1
   6              		.eabi_attribute 23, 3
   7              		.eabi_attribute 24, 1
   8              		.eabi_attribute 25, 1
   9              		.eabi_attribute 26, 1
  10              		.eabi_attribute 30, 1
  11              		.eabi_attribute 34, 1
  12              		.eabi_attribute 18, 4
  13              		.thumb
  14              		.syntax unified
  15              		.file	"main.c"
  16              		.text
  17              	.Ltext0:
  18              		.cfi_sections	.debug_frame
  19              		.section	.text.main,"ax",%progbits
  20              		.align	2
  21              		.global	main
  22              		.thumb
  23              		.thumb_func
  24              		.type	main, %function
  25              	main:
  26              	.LFB63:
  27              		.file 1 "main.c"
   1:main.c        **** /* ========================================
   2:main.c        ****  *
   3:main.c        ****  * Copyright YOUR COMPANY, THE YEAR
   4:main.c        ****  * All Rights Reserved
   5:main.c        ****  * UNPUBLISHED, LICENSED SOFTWARE.
   6:main.c        ****  *
   7:main.c        ****  * CONFIDENTIAL AND PROPRIETARY INFORMATION
   8:main.c        ****  * WHICH IS THE PROPERTY OF your company.
   9:main.c        ****  *
  10:main.c        ****  * ========================================
  11:main.c        **** */
  12:main.c        **** 
  13:main.c        **** #include "project.h"
  14:main.c        **** #include "Functions.h"
  15:main.c        **** 
  16:main.c        **** 
  17:main.c        **** int main(void)
  18:main.c        **** {
  28              		.loc 1 18 0
  29              		.cfi_startproc
  30              		@ args = 0, pretend = 0, frame = 0
  31              		@ frame_needed = 0, uses_anonymous_args = 0
  32 0000 10B5     		push	{r4, lr}
  33              		.cfi_def_cfa_offset 8
  34              		.cfi_offset 4, -8
  35              		.cfi_offset 14, -4
  19:main.c        ****   CyGlobalIntEnable;
  36              		.loc 1 19 0
  37              		.syntax unified
  38              	@ 19 "main.c" 1
ARM GAS  C:\Users\mariu\AppData\Local\Temp\ccASaSv0.s 			page 2


  39 0002 62B6     		CPSIE   i
  40              	@ 0 "" 2
  20:main.c        ****   UART_1_Start();
  41              		.loc 1 20 0
  42              		.thumb
  43              		.syntax unified
  44 0004 FFF7FEFF 		bl	UART_1_Start
  45              	.LVL0:
  21:main.c        ****   I2C_master_Start();
  46              		.loc 1 21 0
  47 0008 FFF7FEFF 		bl	I2C_master_Start
  48              	.LVL1:
  22:main.c        ****   uint8_t byte1;
  23:main.c        ****   uint8_t byte2;
  24:main.c        ****   UART_1_PutString("It has started\n\r");
  49              		.loc 1 24 0
  50 000c 1048     		ldr	r0, .L6
  51 000e FFF7FEFF 		bl	UART_1_PutString
  52              	.LVL2:
  53              	.L4:
  54              	.LBB2:
  25:main.c        **** 
  26:main.c        ****     for(;;)
  27:main.c        ****     {
  28:main.c        ****         uint8_t status = I2C_master_MasterSendStart(0x48, 1);
  55              		.loc 1 28 0
  56 0012 0121     		movs	r1, #1
  57 0014 4820     		movs	r0, #72
  58 0016 FFF7FEFF 		bl	I2C_master_MasterSendStart
  59              	.LVL3:
  29:main.c        ****         if (status == I2C_master_MSTR_NO_ERROR)
  60              		.loc 1 29 0
  61 001a 78B9     		cbnz	r0, .L2
  62              	.LBB3:
  30:main.c        ****         {
  31:main.c        ****             byte1 = I2C_master_MasterReadByte(I2C_master_ACK_DATA);
  63              		.loc 1 31 0
  64 001c 0120     		movs	r0, #1
  65              	.LVL4:
  66 001e FFF7FEFF 		bl	I2C_master_MasterReadByte
  67              	.LVL5:
  68 0022 0446     		mov	r4, r0
  69              	.LVL6:
  32:main.c        ****             byte2 = I2C_master_MasterReadByte(I2C_master_NAK_DATA);
  70              		.loc 1 32 0
  71 0024 0020     		movs	r0, #0
  72 0026 FFF7FEFF 		bl	I2C_master_MasterReadByte
  73              	.LVL7:
  33:main.c        ****            
  34:main.c        ****             float temperature = calculateTemp(byte1,byte2);
  74              		.loc 1 34 0
  75 002a 0146     		mov	r1, r0
  76 002c 2046     		mov	r0, r4
  77              	.LVL8:
  78 002e FFF7FEFF 		bl	calculateTemp
  79              	.LVL9:
  35:main.c        ****             writeTempToUART(temperature);
ARM GAS  C:\Users\mariu\AppData\Local\Temp\ccASaSv0.s 			page 3


  80              		.loc 1 35 0
  81 0032 FFF7FEFF 		bl	writeTempToUART
  82              	.LVL10:
  36:main.c        ****             I2C_master_MasterSendStop();
  83              		.loc 1 36 0
  84 0036 FFF7FEFF 		bl	I2C_master_MasterSendStop
  85              	.LVL11:
  86              	.LBE3:
  87 003a 04E0     		b	.L3
  88              	.LVL12:
  89              	.L2:
  37:main.c        ****         }
  38:main.c        ****         else 
  39:main.c        ****         {
  40:main.c        ****             UART_1_PutString("There is an error\n\r");
  90              		.loc 1 40 0
  91 003c 0548     		ldr	r0, .L6+4
  92              	.LVL13:
  93 003e FFF7FEFF 		bl	UART_1_PutString
  94              	.LVL14:
  41:main.c        ****             I2C_master_MasterSendStop();
  95              		.loc 1 41 0
  96 0042 FFF7FEFF 		bl	I2C_master_MasterSendStop
  97              	.LVL15:
  98              	.L3:
  42:main.c        ****         }
  43:main.c        ****         CyDelay(300); //aflæst fra datablad
  99              		.loc 1 43 0
 100 0046 4FF49670 		mov	r0, #300
 101 004a FFF7FEFF 		bl	CyDelay
 102              	.LVL16:
 103              	.LBE2:
  44:main.c        ****     }
 104              		.loc 1 44 0
 105 004e E0E7     		b	.L4
 106              	.L7:
 107              		.align	2
 108              	.L6:
 109 0050 00000000 		.word	.LC0
 110 0054 14000000 		.word	.LC1
 111              		.cfi_endproc
 112              	.LFE63:
 113              		.size	main, .-main
 114              		.section	.rodata.str1.4,"aMS",%progbits,1
 115              		.align	2
 116              	.LC0:
 117 0000 49742068 		.ascii	"It has started\012\015\000"
 117      61732073 
 117      74617274 
 117      65640A0D 
 117      00
 118 0011 000000   		.space	3
 119              	.LC1:
 120 0014 54686572 		.ascii	"There is an error\012\015\000"
 120      65206973 
 120      20616E20 
 120      6572726F 
ARM GAS  C:\Users\mariu\AppData\Local\Temp\ccASaSv0.s 			page 4


 120      720A0D00 
 121              		.text
 122              	.Letext0:
 123              		.file 2 "c:\\program files (x86)\\cypress\\psoc creator\\4.4\\psoc creator\\import\\gnu\\arm\\5.4.
 124              		.file 3 "c:\\program files (x86)\\cypress\\psoc creator\\4.4\\psoc creator\\import\\gnu\\arm\\5.4.
 125              		.file 4 "Generated_Source\\PSoC5/I2C_master.h"
 126              		.file 5 "Functions.h"
 127              		.file 6 "Generated_Source\\PSoC5/UART_1.h"
 128              		.file 7 "Generated_Source\\PSoC5/CyLib.h"
 129              		.file 8 "Generated_Source\\PSoC5/core_cm3.h"
 130              		.section	.debug_info,"",%progbits
 131              	.Ldebug_info0:
 132 0000 58020000 		.4byte	0x258
 133 0004 0400     		.2byte	0x4
 134 0006 00000000 		.4byte	.Ldebug_abbrev0
 135 000a 04       		.byte	0x4
 136 000b 01       		.uleb128 0x1
 137 000c 76000000 		.4byte	.LASF31
 138 0010 0C       		.byte	0xc
 139 0011 3D020000 		.4byte	.LASF32
 140 0015 22010000 		.4byte	.LASF33
 141 0019 00000000 		.4byte	.Ldebug_ranges0+0
 142 001d 00000000 		.4byte	0
 143 0021 00000000 		.4byte	.Ldebug_line0
 144 0025 02       		.uleb128 0x2
 145 0026 01       		.byte	0x1
 146 0027 06       		.byte	0x6
 147 0028 68020000 		.4byte	.LASF0
 148 002c 03       		.uleb128 0x3
 149 002d 0D000000 		.4byte	.LASF4
 150 0031 02       		.byte	0x2
 151 0032 1D       		.byte	0x1d
 152 0033 37000000 		.4byte	0x37
 153 0037 02       		.uleb128 0x2
 154 0038 01       		.byte	0x1
 155 0039 08       		.byte	0x8
 156 003a 68000000 		.4byte	.LASF1
 157 003e 02       		.uleb128 0x2
 158 003f 02       		.byte	0x2
 159 0040 05       		.byte	0x5
 160 0041 49020000 		.4byte	.LASF2
 161 0045 02       		.uleb128 0x2
 162 0046 02       		.byte	0x2
 163 0047 07       		.byte	0x7
 164 0048 42000000 		.4byte	.LASF3
 165 004c 03       		.uleb128 0x3
 166 004d 38000000 		.4byte	.LASF5
 167 0051 02       		.byte	0x2
 168 0052 3F       		.byte	0x3f
 169 0053 57000000 		.4byte	0x57
 170 0057 02       		.uleb128 0x2
 171 0058 04       		.byte	0x4
 172 0059 05       		.byte	0x5
 173 005a 53020000 		.4byte	.LASF6
 174 005e 02       		.uleb128 0x2
 175 005f 04       		.byte	0x4
 176 0060 07       		.byte	0x7
ARM GAS  C:\Users\mariu\AppData\Local\Temp\ccASaSv0.s 			page 5


 177 0061 04010000 		.4byte	.LASF7
 178 0065 02       		.uleb128 0x2
 179 0066 08       		.byte	0x8
 180 0067 05       		.byte	0x5
 181 0068 2F020000 		.4byte	.LASF8
 182 006c 02       		.uleb128 0x2
 183 006d 08       		.byte	0x8
 184 006e 07       		.byte	0x7
 185 006f E5010000 		.4byte	.LASF9
 186 0073 04       		.uleb128 0x4
 187 0074 04       		.byte	0x4
 188 0075 05       		.byte	0x5
 189 0076 696E7400 		.ascii	"int\000"
 190 007a 02       		.uleb128 0x2
 191 007b 04       		.byte	0x4
 192 007c 07       		.byte	0x7
 193 007d CA010000 		.4byte	.LASF10
 194 0081 03       		.uleb128 0x3
 195 0082 FC010000 		.4byte	.LASF11
 196 0086 03       		.byte	0x3
 197 0087 18       		.byte	0x18
 198 0088 2C000000 		.4byte	0x2c
 199 008c 03       		.uleb128 0x3
 200 008d 04020000 		.4byte	.LASF12
 201 0091 03       		.byte	0x3
 202 0092 2C       		.byte	0x2c
 203 0093 4C000000 		.4byte	0x4c
 204 0097 02       		.uleb128 0x2
 205 0098 04       		.byte	0x4
 206 0099 04       		.byte	0x4
 207 009a 17000000 		.4byte	.LASF13
 208 009e 02       		.uleb128 0x2
 209 009f 08       		.byte	0x8
 210 00a0 04       		.byte	0x4
 211 00a1 9D010000 		.4byte	.LASF14
 212 00a5 02       		.uleb128 0x2
 213 00a6 01       		.byte	0x1
 214 00a7 08       		.byte	0x8
 215 00a8 44020000 		.4byte	.LASF15
 216 00ac 02       		.uleb128 0x2
 217 00ad 08       		.byte	0x8
 218 00ae 04       		.byte	0x4
 219 00af 5C020000 		.4byte	.LASF16
 220 00b3 02       		.uleb128 0x2
 221 00b4 04       		.byte	0x4
 222 00b5 07       		.byte	0x7
 223 00b6 26020000 		.4byte	.LASF17
 224 00ba 05       		.uleb128 0x5
 225 00bb A4010000 		.4byte	.LASF34
 226 00bf 01       		.byte	0x1
 227 00c0 11       		.byte	0x11
 228 00c1 73000000 		.4byte	0x73
 229 00c5 00000000 		.4byte	.LFB63
 230 00c9 58000000 		.4byte	.LFE63-.LFB63
 231 00cd 01       		.uleb128 0x1
 232 00ce 9C       		.byte	0x9c
 233 00cf E7010000 		.4byte	0x1e7
ARM GAS  C:\Users\mariu\AppData\Local\Temp\ccASaSv0.s 			page 6


 234 00d3 06       		.uleb128 0x6
 235 00d4 16010000 		.4byte	.LASF18
 236 00d8 01       		.byte	0x1
 237 00d9 16       		.byte	0x16
 238 00da 81000000 		.4byte	0x81
 239 00de 00000000 		.4byte	.LLST0
 240 00e2 06       		.uleb128 0x6
 241 00e3 1C010000 		.4byte	.LASF19
 242 00e7 01       		.byte	0x1
 243 00e8 17       		.byte	0x17
 244 00e9 81000000 		.4byte	0x81
 245 00ed 13000000 		.4byte	.LLST1
 246 00f1 07       		.uleb128 0x7
 247 00f2 12000000 		.4byte	.LBB2
 248 00f6 3C000000 		.4byte	.LBE2-.LBB2
 249 00fa C1010000 		.4byte	0x1c1
 250 00fe 06       		.uleb128 0x6
 251 00ff 55000000 		.4byte	.LASF20
 252 0103 01       		.byte	0x1
 253 0104 1C       		.byte	0x1c
 254 0105 81000000 		.4byte	0x81
 255 0109 26000000 		.4byte	.LLST2
 256 010d 07       		.uleb128 0x7
 257 010e 1C000000 		.4byte	.LBB3
 258 0112 1E000000 		.4byte	.LBE3-.LBB3
 259 0116 76010000 		.4byte	0x176
 260 011a 06       		.uleb128 0x6
 261 011b 5C000000 		.4byte	.LASF21
 262 011f 01       		.byte	0x1
 263 0120 22       		.byte	0x22
 264 0121 97000000 		.4byte	0x97
 265 0125 44000000 		.4byte	.LLST3
 266 0129 08       		.uleb128 0x8
 267 012a 22000000 		.4byte	.LVL5
 268 012e F8010000 		.4byte	0x1f8
 269 0132 3C010000 		.4byte	0x13c
 270 0136 09       		.uleb128 0x9
 271 0137 01       		.uleb128 0x1
 272 0138 50       		.byte	0x50
 273 0139 01       		.uleb128 0x1
 274 013a 31       		.byte	0x31
 275 013b 00       		.byte	0
 276 013c 08       		.uleb128 0x8
 277 013d 2A000000 		.4byte	.LVL7
 278 0141 F8010000 		.4byte	0x1f8
 279 0145 4F010000 		.4byte	0x14f
 280 0149 09       		.uleb128 0x9
 281 014a 01       		.uleb128 0x1
 282 014b 50       		.byte	0x50
 283 014c 01       		.uleb128 0x1
 284 014d 30       		.byte	0x30
 285 014e 00       		.byte	0
 286 014f 08       		.uleb128 0x8
 287 0150 32000000 		.4byte	.LVL9
 288 0154 03020000 		.4byte	0x203
 289 0158 63010000 		.4byte	0x163
 290 015c 09       		.uleb128 0x9
ARM GAS  C:\Users\mariu\AppData\Local\Temp\ccASaSv0.s 			page 7


 291 015d 01       		.uleb128 0x1
 292 015e 50       		.byte	0x50
 293 015f 02       		.uleb128 0x2
 294 0160 74       		.byte	0x74
 295 0161 00       		.sleb128 0
 296 0162 00       		.byte	0
 297 0163 0A       		.uleb128 0xa
 298 0164 36000000 		.4byte	.LVL10
 299 0168 0E020000 		.4byte	0x20e
 300 016c 0A       		.uleb128 0xa
 301 016d 3A000000 		.4byte	.LVL11
 302 0171 19020000 		.4byte	0x219
 303 0175 00       		.byte	0
 304 0176 08       		.uleb128 0x8
 305 0177 1A000000 		.4byte	.LVL3
 306 017b 24020000 		.4byte	0x224
 307 017f 8F010000 		.4byte	0x18f
 308 0183 09       		.uleb128 0x9
 309 0184 01       		.uleb128 0x1
 310 0185 50       		.byte	0x50
 311 0186 02       		.uleb128 0x2
 312 0187 08       		.byte	0x8
 313 0188 48       		.byte	0x48
 314 0189 09       		.uleb128 0x9
 315 018a 01       		.uleb128 0x1
 316 018b 51       		.byte	0x51
 317 018c 01       		.uleb128 0x1
 318 018d 31       		.byte	0x31
 319 018e 00       		.byte	0
 320 018f 08       		.uleb128 0x8
 321 0190 42000000 		.4byte	.LVL14
 322 0194 2F020000 		.4byte	0x22f
 323 0198 A6010000 		.4byte	0x1a6
 324 019c 09       		.uleb128 0x9
 325 019d 01       		.uleb128 0x1
 326 019e 50       		.byte	0x50
 327 019f 05       		.uleb128 0x5
 328 01a0 03       		.byte	0x3
 329 01a1 14000000 		.4byte	.LC1
 330 01a5 00       		.byte	0
 331 01a6 0A       		.uleb128 0xa
 332 01a7 46000000 		.4byte	.LVL15
 333 01ab 19020000 		.4byte	0x219
 334 01af 0B       		.uleb128 0xb
 335 01b0 4E000000 		.4byte	.LVL16
 336 01b4 3A020000 		.4byte	0x23a
 337 01b8 09       		.uleb128 0x9
 338 01b9 01       		.uleb128 0x1
 339 01ba 50       		.byte	0x50
 340 01bb 03       		.uleb128 0x3
 341 01bc 0A       		.byte	0xa
 342 01bd 2C01     		.2byte	0x12c
 343 01bf 00       		.byte	0
 344 01c0 00       		.byte	0
 345 01c1 0A       		.uleb128 0xa
 346 01c2 08000000 		.4byte	.LVL0
 347 01c6 45020000 		.4byte	0x245
ARM GAS  C:\Users\mariu\AppData\Local\Temp\ccASaSv0.s 			page 8


 348 01ca 0A       		.uleb128 0xa
 349 01cb 0C000000 		.4byte	.LVL1
 350 01cf 50020000 		.4byte	0x250
 351 01d3 0B       		.uleb128 0xb
 352 01d4 12000000 		.4byte	.LVL2
 353 01d8 2F020000 		.4byte	0x22f
 354 01dc 09       		.uleb128 0x9
 355 01dd 01       		.uleb128 0x1
 356 01de 50       		.byte	0x50
 357 01df 05       		.uleb128 0x5
 358 01e0 03       		.byte	0x3
 359 01e1 00000000 		.4byte	.LC0
 360 01e5 00       		.byte	0
 361 01e6 00       		.byte	0
 362 01e7 0C       		.uleb128 0xc
 363 01e8 76010000 		.4byte	.LASF35
 364 01ec 08       		.byte	0x8
 365 01ed 1207     		.2byte	0x712
 366 01ef F3010000 		.4byte	0x1f3
 367 01f3 0D       		.uleb128 0xd
 368 01f4 8C000000 		.4byte	0x8c
 369 01f8 0E       		.uleb128 0xe
 370 01f9 83010000 		.4byte	.LASF22
 371 01fd 83010000 		.4byte	.LASF22
 372 0201 04       		.byte	0x4
 373 0202 B7       		.byte	0xb7
 374 0203 0E       		.uleb128 0xe
 375 0204 D7010000 		.4byte	.LASF23
 376 0208 D7010000 		.4byte	.LASF23
 377 020c 05       		.byte	0x5
 378 020d 10       		.byte	0x10
 379 020e 0E       		.uleb128 0xe
 380 020f A9010000 		.4byte	.LASF24
 381 0213 A9010000 		.4byte	.LASF24
 382 0217 05       		.byte	0x5
 383 0218 0F       		.byte	0xf
 384 0219 0E       		.uleb128 0xe
 385 021a 0C020000 		.4byte	.LASF25
 386 021e 0C020000 		.4byte	.LASF25
 387 0222 04       		.byte	0x4
 388 0223 B5       		.byte	0xb5
 389 0224 0E       		.uleb128 0xe
 390 0225 1D000000 		.4byte	.LASF26
 391 0229 1D000000 		.4byte	.LASF26
 392 022d 04       		.byte	0x4
 393 022e B1       		.byte	0xb1
 394 022f 0E       		.uleb128 0xe
 395 0230 74020000 		.4byte	.LASF27
 396 0234 74020000 		.4byte	.LASF27
 397 0238 06       		.byte	0x6
 398 0239 8B       		.byte	0x8b
 399 023a 0E       		.uleb128 0xe
 400 023b 85020000 		.4byte	.LASF28
 401 023f 85020000 		.4byte	.LASF28
 402 0243 07       		.byte	0x7
 403 0244 76       		.byte	0x76
 404 0245 0E       		.uleb128 0xe
ARM GAS  C:\Users\mariu\AppData\Local\Temp\ccASaSv0.s 			page 9


 405 0246 00000000 		.4byte	.LASF29
 406 024a 00000000 		.4byte	.LASF29
 407 024e 06       		.byte	0x6
 408 024f 54       		.byte	0x54
 409 0250 0E       		.uleb128 0xe
 410 0251 B9010000 		.4byte	.LASF30
 411 0255 B9010000 		.4byte	.LASF30
 412 0259 04       		.byte	0x4
 413 025a 93       		.byte	0x93
 414 025b 00       		.byte	0
 415              		.section	.debug_abbrev,"",%progbits
 416              	.Ldebug_abbrev0:
 417 0000 01       		.uleb128 0x1
 418 0001 11       		.uleb128 0x11
 419 0002 01       		.byte	0x1
 420 0003 25       		.uleb128 0x25
 421 0004 0E       		.uleb128 0xe
 422 0005 13       		.uleb128 0x13
 423 0006 0B       		.uleb128 0xb
 424 0007 03       		.uleb128 0x3
 425 0008 0E       		.uleb128 0xe
 426 0009 1B       		.uleb128 0x1b
 427 000a 0E       		.uleb128 0xe
 428 000b 55       		.uleb128 0x55
 429 000c 17       		.uleb128 0x17
 430 000d 11       		.uleb128 0x11
 431 000e 01       		.uleb128 0x1
 432 000f 10       		.uleb128 0x10
 433 0010 17       		.uleb128 0x17
 434 0011 00       		.byte	0
 435 0012 00       		.byte	0
 436 0013 02       		.uleb128 0x2
 437 0014 24       		.uleb128 0x24
 438 0015 00       		.byte	0
 439 0016 0B       		.uleb128 0xb
 440 0017 0B       		.uleb128 0xb
 441 0018 3E       		.uleb128 0x3e
 442 0019 0B       		.uleb128 0xb
 443 001a 03       		.uleb128 0x3
 444 001b 0E       		.uleb128 0xe
 445 001c 00       		.byte	0
 446 001d 00       		.byte	0
 447 001e 03       		.uleb128 0x3
 448 001f 16       		.uleb128 0x16
 449 0020 00       		.byte	0
 450 0021 03       		.uleb128 0x3
 451 0022 0E       		.uleb128 0xe
 452 0023 3A       		.uleb128 0x3a
 453 0024 0B       		.uleb128 0xb
 454 0025 3B       		.uleb128 0x3b
 455 0026 0B       		.uleb128 0xb
 456 0027 49       		.uleb128 0x49
 457 0028 13       		.uleb128 0x13
 458 0029 00       		.byte	0
 459 002a 00       		.byte	0
 460 002b 04       		.uleb128 0x4
 461 002c 24       		.uleb128 0x24
ARM GAS  C:\Users\mariu\AppData\Local\Temp\ccASaSv0.s 			page 10


 462 002d 00       		.byte	0
 463 002e 0B       		.uleb128 0xb
 464 002f 0B       		.uleb128 0xb
 465 0030 3E       		.uleb128 0x3e
 466 0031 0B       		.uleb128 0xb
 467 0032 03       		.uleb128 0x3
 468 0033 08       		.uleb128 0x8
 469 0034 00       		.byte	0
 470 0035 00       		.byte	0
 471 0036 05       		.uleb128 0x5
 472 0037 2E       		.uleb128 0x2e
 473 0038 01       		.byte	0x1
 474 0039 3F       		.uleb128 0x3f
 475 003a 19       		.uleb128 0x19
 476 003b 03       		.uleb128 0x3
 477 003c 0E       		.uleb128 0xe
 478 003d 3A       		.uleb128 0x3a
 479 003e 0B       		.uleb128 0xb
 480 003f 3B       		.uleb128 0x3b
 481 0040 0B       		.uleb128 0xb
 482 0041 27       		.uleb128 0x27
 483 0042 19       		.uleb128 0x19
 484 0043 49       		.uleb128 0x49
 485 0044 13       		.uleb128 0x13
 486 0045 8701     		.uleb128 0x87
 487 0047 19       		.uleb128 0x19
 488 0048 11       		.uleb128 0x11
 489 0049 01       		.uleb128 0x1
 490 004a 12       		.uleb128 0x12
 491 004b 06       		.uleb128 0x6
 492 004c 40       		.uleb128 0x40
 493 004d 18       		.uleb128 0x18
 494 004e 9742     		.uleb128 0x2117
 495 0050 19       		.uleb128 0x19
 496 0051 01       		.uleb128 0x1
 497 0052 13       		.uleb128 0x13
 498 0053 00       		.byte	0
 499 0054 00       		.byte	0
 500 0055 06       		.uleb128 0x6
 501 0056 34       		.uleb128 0x34
 502 0057 00       		.byte	0
 503 0058 03       		.uleb128 0x3
 504 0059 0E       		.uleb128 0xe
 505 005a 3A       		.uleb128 0x3a
 506 005b 0B       		.uleb128 0xb
 507 005c 3B       		.uleb128 0x3b
 508 005d 0B       		.uleb128 0xb
 509 005e 49       		.uleb128 0x49
 510 005f 13       		.uleb128 0x13
 511 0060 02       		.uleb128 0x2
 512 0061 17       		.uleb128 0x17
 513 0062 00       		.byte	0
 514 0063 00       		.byte	0
 515 0064 07       		.uleb128 0x7
 516 0065 0B       		.uleb128 0xb
 517 0066 01       		.byte	0x1
 518 0067 11       		.uleb128 0x11
ARM GAS  C:\Users\mariu\AppData\Local\Temp\ccASaSv0.s 			page 11


 519 0068 01       		.uleb128 0x1
 520 0069 12       		.uleb128 0x12
 521 006a 06       		.uleb128 0x6
 522 006b 01       		.uleb128 0x1
 523 006c 13       		.uleb128 0x13
 524 006d 00       		.byte	0
 525 006e 00       		.byte	0
 526 006f 08       		.uleb128 0x8
 527 0070 898201   		.uleb128 0x4109
 528 0073 01       		.byte	0x1
 529 0074 11       		.uleb128 0x11
 530 0075 01       		.uleb128 0x1
 531 0076 31       		.uleb128 0x31
 532 0077 13       		.uleb128 0x13
 533 0078 01       		.uleb128 0x1
 534 0079 13       		.uleb128 0x13
 535 007a 00       		.byte	0
 536 007b 00       		.byte	0
 537 007c 09       		.uleb128 0x9
 538 007d 8A8201   		.uleb128 0x410a
 539 0080 00       		.byte	0
 540 0081 02       		.uleb128 0x2
 541 0082 18       		.uleb128 0x18
 542 0083 9142     		.uleb128 0x2111
 543 0085 18       		.uleb128 0x18
 544 0086 00       		.byte	0
 545 0087 00       		.byte	0
 546 0088 0A       		.uleb128 0xa
 547 0089 898201   		.uleb128 0x4109
 548 008c 00       		.byte	0
 549 008d 11       		.uleb128 0x11
 550 008e 01       		.uleb128 0x1
 551 008f 31       		.uleb128 0x31
 552 0090 13       		.uleb128 0x13
 553 0091 00       		.byte	0
 554 0092 00       		.byte	0
 555 0093 0B       		.uleb128 0xb
 556 0094 898201   		.uleb128 0x4109
 557 0097 01       		.byte	0x1
 558 0098 11       		.uleb128 0x11
 559 0099 01       		.uleb128 0x1
 560 009a 31       		.uleb128 0x31
 561 009b 13       		.uleb128 0x13
 562 009c 00       		.byte	0
 563 009d 00       		.byte	0
 564 009e 0C       		.uleb128 0xc
 565 009f 34       		.uleb128 0x34
 566 00a0 00       		.byte	0
 567 00a1 03       		.uleb128 0x3
 568 00a2 0E       		.uleb128 0xe
 569 00a3 3A       		.uleb128 0x3a
 570 00a4 0B       		.uleb128 0xb
 571 00a5 3B       		.uleb128 0x3b
 572 00a6 05       		.uleb128 0x5
 573 00a7 49       		.uleb128 0x49
 574 00a8 13       		.uleb128 0x13
 575 00a9 3F       		.uleb128 0x3f
ARM GAS  C:\Users\mariu\AppData\Local\Temp\ccASaSv0.s 			page 12


 576 00aa 19       		.uleb128 0x19
 577 00ab 3C       		.uleb128 0x3c
 578 00ac 19       		.uleb128 0x19
 579 00ad 00       		.byte	0
 580 00ae 00       		.byte	0
 581 00af 0D       		.uleb128 0xd
 582 00b0 35       		.uleb128 0x35
 583 00b1 00       		.byte	0
 584 00b2 49       		.uleb128 0x49
 585 00b3 13       		.uleb128 0x13
 586 00b4 00       		.byte	0
 587 00b5 00       		.byte	0
 588 00b6 0E       		.uleb128 0xe
 589 00b7 2E       		.uleb128 0x2e
 590 00b8 00       		.byte	0
 591 00b9 3F       		.uleb128 0x3f
 592 00ba 19       		.uleb128 0x19
 593 00bb 3C       		.uleb128 0x3c
 594 00bc 19       		.uleb128 0x19
 595 00bd 6E       		.uleb128 0x6e
 596 00be 0E       		.uleb128 0xe
 597 00bf 03       		.uleb128 0x3
 598 00c0 0E       		.uleb128 0xe
 599 00c1 3A       		.uleb128 0x3a
 600 00c2 0B       		.uleb128 0xb
 601 00c3 3B       		.uleb128 0x3b
 602 00c4 0B       		.uleb128 0xb
 603 00c5 00       		.byte	0
 604 00c6 00       		.byte	0
 605 00c7 00       		.byte	0
 606              		.section	.debug_loc,"",%progbits
 607              	.Ldebug_loc0:
 608              	.LLST0:
 609 0000 24000000 		.4byte	.LVL6
 610 0004 3C000000 		.4byte	.LVL12
 611 0008 0100     		.2byte	0x1
 612 000a 54       		.byte	0x54
 613 000b 00000000 		.4byte	0
 614 000f 00000000 		.4byte	0
 615              	.LLST1:
 616 0013 2A000000 		.4byte	.LVL7
 617 0017 2E000000 		.4byte	.LVL8
 618 001b 0100     		.2byte	0x1
 619 001d 50       		.byte	0x50
 620 001e 00000000 		.4byte	0
 621 0022 00000000 		.4byte	0
 622              	.LLST2:
 623 0026 1A000000 		.4byte	.LVL3
 624 002a 1E000000 		.4byte	.LVL4
 625 002e 0100     		.2byte	0x1
 626 0030 50       		.byte	0x50
 627 0031 3C000000 		.4byte	.LVL12
 628 0035 3E000000 		.4byte	.LVL13
 629 0039 0100     		.2byte	0x1
 630 003b 50       		.byte	0x50
 631 003c 00000000 		.4byte	0
 632 0040 00000000 		.4byte	0
ARM GAS  C:\Users\mariu\AppData\Local\Temp\ccASaSv0.s 			page 13


 633              	.LLST3:
 634 0044 32000000 		.4byte	.LVL9
 635 0048 35000000 		.4byte	.LVL10-1
 636 004c 0100     		.2byte	0x1
 637 004e 50       		.byte	0x50
 638 004f 00000000 		.4byte	0
 639 0053 00000000 		.4byte	0
 640              		.section	.debug_aranges,"",%progbits
 641 0000 1C000000 		.4byte	0x1c
 642 0004 0200     		.2byte	0x2
 643 0006 00000000 		.4byte	.Ldebug_info0
 644 000a 04       		.byte	0x4
 645 000b 00       		.byte	0
 646 000c 0000     		.2byte	0
 647 000e 0000     		.2byte	0
 648 0010 00000000 		.4byte	.LFB63
 649 0014 58000000 		.4byte	.LFE63-.LFB63
 650 0018 00000000 		.4byte	0
 651 001c 00000000 		.4byte	0
 652              		.section	.debug_ranges,"",%progbits
 653              	.Ldebug_ranges0:
 654 0000 00000000 		.4byte	.LFB63
 655 0004 58000000 		.4byte	.LFE63
 656 0008 00000000 		.4byte	0
 657 000c 00000000 		.4byte	0
 658              		.section	.debug_line,"",%progbits
 659              	.Ldebug_line0:
 660 0000 99010000 		.section	.debug_str,"MS",%progbits,1
 660      02007501 
 660      00000201 
 660      FB0E0D00 
 660      01010101 
 661              	.LASF29:
 662 0000 55415254 		.ascii	"UART_1_Start\000"
 662      5F315F53 
 662      74617274 
 662      00
 663              	.LASF4:
 664 000d 5F5F7569 		.ascii	"__uint8_t\000"
 664      6E74385F 
 664      7400
 665              	.LASF13:
 666 0017 666C6F61 		.ascii	"float\000"
 666      7400
 667              	.LASF26:
 668 001d 4932435F 		.ascii	"I2C_master_MasterSendStart\000"
 668      6D617374 
 668      65725F4D 
 668      61737465 
 668      7253656E 
 669              	.LASF5:
 670 0038 5F5F696E 		.ascii	"__int32_t\000"
 670      7433325F 
 670      7400
 671              	.LASF3:
 672 0042 73686F72 		.ascii	"short unsigned int\000"
 672      7420756E 
ARM GAS  C:\Users\mariu\AppData\Local\Temp\ccASaSv0.s 			page 14


 672      7369676E 
 672      65642069 
 672      6E7400
 673              	.LASF20:
 674 0055 73746174 		.ascii	"status\000"
 674      757300
 675              	.LASF21:
 676 005c 74656D70 		.ascii	"temperature\000"
 676      65726174 
 676      75726500 
 677              	.LASF1:
 678 0068 756E7369 		.ascii	"unsigned char\000"
 678      676E6564 
 678      20636861 
 678      7200
 679              	.LASF31:
 680 0076 474E5520 		.ascii	"GNU C11 5.4.1 20160609 (release) [ARM/embedded-5-br"
 680      43313120 
 680      352E342E 
 680      31203230 
 680      31363036 
 681 00a9 616E6368 		.ascii	"anch revision 237715] -mcpu=cortex-m3 -mthumb -g -O"
 681      20726576 
 681      6973696F 
 681      6E203233 
 681      37373135 
 682 00dc 67202D66 		.ascii	"g -ffunction-sections -ffat-lto-objects\000"
 682      66756E63 
 682      74696F6E 
 682      2D736563 
 682      74696F6E 
 683              	.LASF7:
 684 0104 6C6F6E67 		.ascii	"long unsigned int\000"
 684      20756E73 
 684      69676E65 
 684      6420696E 
 684      7400
 685              	.LASF18:
 686 0116 62797465 		.ascii	"byte1\000"
 686      3100
 687              	.LASF19:
 688 011c 62797465 		.ascii	"byte2\000"
 688      3200
 689              	.LASF33:
 690 0122 433A5C55 		.ascii	"C:\\Users\\mariu\\Documents\\PSoC Creator\\Exercise"
 690      73657273 
 690      5C6D6172 
 690      69755C44 
 690      6F63756D 
 691 0150 735C4A6F 		.ascii	"s\\Journal 2\\Journal2\\Exercise_2.cydsn\000"
 691      75726E61 
 691      6C20325C 
 691      4A6F7572 
 691      6E616C32 
 692              	.LASF35:
 693 0176 49544D5F 		.ascii	"ITM_RxBuffer\000"
 693      52784275 
ARM GAS  C:\Users\mariu\AppData\Local\Temp\ccASaSv0.s 			page 15


 693      66666572 
 693      00
 694              	.LASF22:
 695 0183 4932435F 		.ascii	"I2C_master_MasterReadByte\000"
 695      6D617374 
 695      65725F4D 
 695      61737465 
 695      72526561 
 696              	.LASF14:
 697 019d 646F7562 		.ascii	"double\000"
 697      6C6500
 698              	.LASF34:
 699 01a4 6D61696E 		.ascii	"main\000"
 699      00
 700              	.LASF24:
 701 01a9 77726974 		.ascii	"writeTempToUART\000"
 701      6554656D 
 701      70546F55 
 701      41525400 
 702              	.LASF30:
 703 01b9 4932435F 		.ascii	"I2C_master_Start\000"
 703      6D617374 
 703      65725F53 
 703      74617274 
 703      00
 704              	.LASF10:
 705 01ca 756E7369 		.ascii	"unsigned int\000"
 705      676E6564 
 705      20696E74 
 705      00
 706              	.LASF23:
 707 01d7 63616C63 		.ascii	"calculateTemp\000"
 707      756C6174 
 707      6554656D 
 707      7000
 708              	.LASF9:
 709 01e5 6C6F6E67 		.ascii	"long long unsigned int\000"
 709      206C6F6E 
 709      6720756E 
 709      7369676E 
 709      65642069 
 710              	.LASF11:
 711 01fc 75696E74 		.ascii	"uint8_t\000"
 711      385F7400 
 712              	.LASF12:
 713 0204 696E7433 		.ascii	"int32_t\000"
 713      325F7400 
 714              	.LASF25:
 715 020c 4932435F 		.ascii	"I2C_master_MasterSendStop\000"
 715      6D617374 
 715      65725F4D 
 715      61737465 
 715      7253656E 
 716              	.LASF17:
 717 0226 73697A65 		.ascii	"sizetype\000"
 717      74797065 
 717      00
ARM GAS  C:\Users\mariu\AppData\Local\Temp\ccASaSv0.s 			page 16


 718              	.LASF8:
 719 022f 6C6F6E67 		.ascii	"long long int\000"
 719      206C6F6E 
 719      6720696E 
 719      7400
 720              	.LASF32:
 721 023d 6D61696E 		.ascii	"main.c\000"
 721      2E6300
 722              	.LASF15:
 723 0244 63686172 		.ascii	"char\000"
 723      00
 724              	.LASF2:
 725 0249 73686F72 		.ascii	"short int\000"
 725      7420696E 
 725      7400
 726              	.LASF6:
 727 0253 6C6F6E67 		.ascii	"long int\000"
 727      20696E74 
 727      00
 728              	.LASF16:
 729 025c 6C6F6E67 		.ascii	"long double\000"
 729      20646F75 
 729      626C6500 
 730              	.LASF0:
 731 0268 7369676E 		.ascii	"signed char\000"
 731      65642063 
 731      68617200 
 732              	.LASF27:
 733 0274 55415254 		.ascii	"UART_1_PutString\000"
 733      5F315F50 
 733      75745374 
 733      72696E67 
 733      00
 734              	.LASF28:
 735 0285 43794465 		.ascii	"CyDelay\000"
 735      6C617900 
 736              		.ident	"GCC: (GNU Tools for ARM Embedded Processors) 5.4.1 20160609 (release) [ARM/embedded-5-bran
