ARM GAS  C:\Users\kaaen\AppData\Local\Temp\ccMaj55l.s 			page 1


   1              		.syntax unified
   2              		.cpu cortex-m3
   3              		.fpu softvfp
   4              		.eabi_attribute 20, 1
   5              		.eabi_attribute 21, 1
   6              		.eabi_attribute 23, 3
   7              		.eabi_attribute 24, 1
   8              		.eabi_attribute 25, 1
   9              		.eabi_attribute 26, 1
  10              		.eabi_attribute 30, 1
  11              		.eabi_attribute 34, 1
  12              		.eabi_attribute 18, 4
  13              		.thumb
  14              		.syntax unified
  15              		.file	"main.c"
  16              		.text
  17              	.Ltext0:
  18              		.cfi_sections	.debug_frame
  19              		.section	.text.main,"ax",%progbits
  20              		.align	2
  21              		.global	main
  22              		.thumb
  23              		.thumb_func
  24              		.type	main, %function
  25              	main:
  26              	.LFB63:
  27              		.file 1 "main.c"
   1:main.c        **** /* ========================================
   2:main.c        ****  *
   3:main.c        ****  * Copyright YOUR COMPANY, THE YEAR
   4:main.c        ****  * All Rights Reserved
   5:main.c        ****  * UNPUBLISHED, LICENSED SOFTWARE.
   6:main.c        ****  *
   7:main.c        ****  * CONFIDENTIAL AND PROPRIETARY INFORMATION
   8:main.c        ****  * WHICH IS THE PROPERTY OF your company.
   9:main.c        ****  *
  10:main.c        ****  * ========================================
  11:main.c        **** */
  12:main.c        **** #include "project.h"
  13:main.c        **** #include <stdint.h>
  14:main.c        **** 
  15:main.c        **** CY_ISR_PROTO(ISR_UART_rx_handler);
  16:main.c        **** void handleByteReceived(uint8_t byteReceived);
  17:main.c        **** void decreaseSpeed(void);
  18:main.c        **** void increaseSpeed(void);
  19:main.c        **** void driveForwards(void);
  20:main.c        **** void driveBackwards(void);
  21:main.c        **** void stop(void);
  22:main.c        **** 
  23:main.c        **** uint8_t CURR_PWM = 0;
  24:main.c        **** uint8_t MAX_PWM = 100;
  25:main.c        **** uint8_t MIN_PWM = 0;
  26:main.c        **** 
  27:main.c        **** int main(void)
  28:main.c        **** {
  28              		.loc 1 28 0
  29              		.cfi_startproc
ARM GAS  C:\Users\kaaen\AppData\Local\Temp\ccMaj55l.s 			page 2


  30              		@ Volatile: function does not return.
  31              		@ args = 0, pretend = 0, frame = 0
  32              		@ frame_needed = 0, uses_anonymous_args = 0
  33 0000 08B5     		push	{r3, lr}
  34              		.cfi_def_cfa_offset 8
  35              		.cfi_offset 3, -8
  36              		.cfi_offset 14, -4
  29:main.c        ****     CyGlobalIntEnable; /* Enable global interrupts. */
  37              		.loc 1 29 0
  38              		.syntax unified
  39              	@ 29 "main.c" 1
  40 0002 62B6     		CPSIE   i
  41              	@ 0 "" 2
  30:main.c        ****     
  31:main.c        ****     /* Place your initialization/startup code here (e.g. MyInst_Start()) */
  32:main.c        ****     isr_uart_rx_StartEx(ISR_UART_rx_handler);
  42              		.loc 1 32 0
  43              		.thumb
  44              		.syntax unified
  45 0004 0C48     		ldr	r0, .L4
  46 0006 FFF7FEFF 		bl	isr_uart_rx_StartEx
  47              	.LVL0:
  33:main.c        ****     UART_1_Start();
  48              		.loc 1 33 0
  49 000a FFF7FEFF 		bl	UART_1_Start
  50              	.LVL1:
  34:main.c        ****     PWM_1_Start(); // Default value = 0;
  51              		.loc 1 34 0
  52 000e FFF7FEFF 		bl	PWM_1_Start
  53              	.LVL2:
  35:main.c        ****     
  36:main.c        ****     
  37:main.c        ****     UART_1_PutString("DC-Motor-PWM application started\r\n");
  54              		.loc 1 37 0
  55 0012 0A48     		ldr	r0, .L4+4
  56 0014 FFF7FEFF 		bl	UART_1_PutString
  57              	.LVL3:
  38:main.c        ****     UART_1_PutString("0: Stop\r\n");
  58              		.loc 1 38 0
  59 0018 0948     		ldr	r0, .L4+8
  60 001a FFF7FEFF 		bl	UART_1_PutString
  61              	.LVL4:
  39:main.c        ****     UART_1_PutString("1: Drive forwards\r\n");
  62              		.loc 1 39 0
  63 001e 0948     		ldr	r0, .L4+12
  64 0020 FFF7FEFF 		bl	UART_1_PutString
  65              	.LVL5:
  40:main.c        ****     UART_1_PutString("2: Drive backwards\r\n");
  66              		.loc 1 40 0
  67 0024 0848     		ldr	r0, .L4+16
  68 0026 FFF7FEFF 		bl	UART_1_PutString
  69              	.LVL6:
  41:main.c        ****     UART_1_PutString("q: Decrease speed\r\n");
  70              		.loc 1 41 0
  71 002a 0848     		ldr	r0, .L4+20
  72 002c FFF7FEFF 		bl	UART_1_PutString
  73              	.LVL7:
ARM GAS  C:\Users\kaaen\AppData\Local\Temp\ccMaj55l.s 			page 3


  42:main.c        ****     UART_1_PutString("w: Increase speed\r\n");
  74              		.loc 1 42 0
  75 0030 0748     		ldr	r0, .L4+24
  76 0032 FFF7FEFF 		bl	UART_1_PutString
  77              	.LVL8:
  78              	.L2:
  79 0036 FEE7     		b	.L2
  80              	.L5:
  81              		.align	2
  82              	.L4:
  83 0038 00000000 		.word	ISR_UART_rx_handler
  84 003c 00000000 		.word	.LC0
  85 0040 24000000 		.word	.LC1
  86 0044 30000000 		.word	.LC2
  87 0048 44000000 		.word	.LC3
  88 004c 5C000000 		.word	.LC4
  89 0050 70000000 		.word	.LC5
  90              		.cfi_endproc
  91              	.LFE63:
  92              		.size	main, .-main
  93              		.section	.text.decreaseSpeed,"ax",%progbits
  94              		.align	2
  95              		.global	decreaseSpeed
  96              		.thumb
  97              		.thumb_func
  98              		.type	decreaseSpeed, %function
  99              	decreaseSpeed:
 100              	.LFB66:
  43:main.c        **** 
  44:main.c        ****     for(;;)
  45:main.c        ****     {
  46:main.c        ****         /* Place your application code here. */
  47:main.c        ****     }
  48:main.c        **** }
  49:main.c        **** 
  50:main.c        **** CY_ISR(ISR_UART_rx_handler)
  51:main.c        **** {
  52:main.c        ****     uint8_t bytesToRead = UART_1_GetRxBufferSize();
  53:main.c        ****     while (bytesToRead > 0)
  54:main.c        ****     {
  55:main.c        ****         uint8_t byteReceived = UART_1_ReadRxData();
  56:main.c        ****         UART_1_WriteTxData(byteReceived); // echo back
  57:main.c        ****         
  58:main.c        ****         handleByteReceived(byteReceived);
  59:main.c        ****         
  60:main.c        ****         bytesToRead--;
  61:main.c        ****     }
  62:main.c        **** }
  63:main.c        **** 
  64:main.c        **** void handleByteReceived(uint8_t byteReceived)
  65:main.c        **** {
  66:main.c        ****     switch(byteReceived)
  67:main.c        ****     {
  68:main.c        ****         case 'q' :
  69:main.c        ****         {
  70:main.c        ****             decreaseSpeed();
  71:main.c        ****         }
ARM GAS  C:\Users\kaaen\AppData\Local\Temp\ccMaj55l.s 			page 4


  72:main.c        ****         break;
  73:main.c        ****         case 'w' :
  74:main.c        ****         {
  75:main.c        ****             increaseSpeed();
  76:main.c        ****         }
  77:main.c        ****         break;
  78:main.c        ****         case '1' :
  79:main.c        ****         {
  80:main.c        ****             driveForwards();
  81:main.c        ****         }
  82:main.c        ****         break;
  83:main.c        ****         case '2' :
  84:main.c        ****         {
  85:main.c        ****             driveBackwards();
  86:main.c        ****         }
  87:main.c        ****         break;
  88:main.c        ****         case '0' :
  89:main.c        ****         {
  90:main.c        ****             stop();
  91:main.c        ****             
  92:main.c        ****         }
  93:main.c        ****         break;
  94:main.c        ****         default :
  95:main.c        ****         {
  96:main.c        ****             // nothing
  97:main.c        ****         }
  98:main.c        ****         break;
  99:main.c        ****     }
 100:main.c        **** }
 101:main.c        **** 
 102:main.c        **** void decreaseSpeed()
 103:main.c        **** {
 101              		.loc 1 103 0
 102              		.cfi_startproc
 103              		@ args = 0, pretend = 0, frame = 0
 104              		@ frame_needed = 0, uses_anonymous_args = 0
 105 0000 08B5     		push	{r3, lr}
 106              		.cfi_def_cfa_offset 8
 107              		.cfi_offset 3, -8
 108              		.cfi_offset 14, -4
 104:main.c        ****     UART_1_PutString("Decreasing speed\r\n");
 109              		.loc 1 104 0
 110 0002 0748     		ldr	r0, .L9
 111 0004 FFF7FEFF 		bl	UART_1_PutString
 112              	.LVL9:
 105:main.c        ****     
 106:main.c        ****     if (CURR_PWM > MIN_PWM)
 113              		.loc 1 106 0
 114 0008 064B     		ldr	r3, .L9+4
 115 000a 1878     		ldrb	r0, [r3]	@ zero_extendqisi2
 116 000c 5B78     		ldrb	r3, [r3, #1]	@ zero_extendqisi2
 117 000e 9842     		cmp	r0, r3
 118 0010 05D9     		bls	.L6
 107:main.c        ****     {
 108:main.c        ****         CURR_PWM -= 10;
 119              		.loc 1 108 0
 120 0012 0A38     		subs	r0, r0, #10
ARM GAS  C:\Users\kaaen\AppData\Local\Temp\ccMaj55l.s 			page 5


 121 0014 C0B2     		uxtb	r0, r0
 122 0016 034B     		ldr	r3, .L9+4
 123 0018 1870     		strb	r0, [r3]
 109:main.c        ****         PWM_1_WriteCompare(CURR_PWM);
 124              		.loc 1 109 0
 125 001a FFF7FEFF 		bl	PWM_1_WriteCompare
 126              	.LVL10:
 127              	.L6:
 128 001e 08BD     		pop	{r3, pc}
 129              	.L10:
 130              		.align	2
 131              	.L9:
 132 0020 84000000 		.word	.LC6
 133 0024 00000000 		.word	.LANCHOR0
 134              		.cfi_endproc
 135              	.LFE66:
 136              		.size	decreaseSpeed, .-decreaseSpeed
 137              		.section	.text.increaseSpeed,"ax",%progbits
 138              		.align	2
 139              		.global	increaseSpeed
 140              		.thumb
 141              		.thumb_func
 142              		.type	increaseSpeed, %function
 143              	increaseSpeed:
 144              	.LFB67:
 110:main.c        ****     }
 111:main.c        **** }
 112:main.c        **** 
 113:main.c        **** void increaseSpeed()
 114:main.c        **** {
 145              		.loc 1 114 0
 146              		.cfi_startproc
 147              		@ args = 0, pretend = 0, frame = 0
 148              		@ frame_needed = 0, uses_anonymous_args = 0
 149 0000 08B5     		push	{r3, lr}
 150              		.cfi_def_cfa_offset 8
 151              		.cfi_offset 3, -8
 152              		.cfi_offset 14, -4
 115:main.c        ****     UART_1_PutString("Increasing speed\r\n");   
 153              		.loc 1 115 0
 154 0002 0848     		ldr	r0, .L14
 155 0004 FFF7FEFF 		bl	UART_1_PutString
 156              	.LVL11:
 116:main.c        **** 
 117:main.c        ****     if (CURR_PWM < MAX_PWM)
 157              		.loc 1 117 0
 158 0008 074B     		ldr	r3, .L14+4
 159 000a 1878     		ldrb	r0, [r3]	@ zero_extendqisi2
 160 000c 074B     		ldr	r3, .L14+8
 161 000e 1B78     		ldrb	r3, [r3]	@ zero_extendqisi2
 162 0010 9842     		cmp	r0, r3
 163 0012 05D2     		bcs	.L11
 118:main.c        ****     {
 119:main.c        ****         CURR_PWM += 10;
 164              		.loc 1 119 0
 165 0014 0A30     		adds	r0, r0, #10
 166 0016 C0B2     		uxtb	r0, r0
ARM GAS  C:\Users\kaaen\AppData\Local\Temp\ccMaj55l.s 			page 6


 167 0018 034B     		ldr	r3, .L14+4
 168 001a 1870     		strb	r0, [r3]
 120:main.c        ****         PWM_1_WriteCompare(CURR_PWM);
 169              		.loc 1 120 0
 170 001c FFF7FEFF 		bl	PWM_1_WriteCompare
 171              	.LVL12:
 172              	.L11:
 173 0020 08BD     		pop	{r3, pc}
 174              	.L15:
 175 0022 00BF     		.align	2
 176              	.L14:
 177 0024 98000000 		.word	.LC7
 178 0028 00000000 		.word	.LANCHOR0
 179 002c 00000000 		.word	.LANCHOR1
 180              		.cfi_endproc
 181              	.LFE67:
 182              		.size	increaseSpeed, .-increaseSpeed
 183              		.section	.text.driveForwards,"ax",%progbits
 184              		.align	2
 185              		.global	driveForwards
 186              		.thumb
 187              		.thumb_func
 188              		.type	driveForwards, %function
 189              	driveForwards:
 190              	.LFB68:
 121:main.c        ****     }
 122:main.c        **** }
 123:main.c        **** 
 124:main.c        **** void driveForwards()
 125:main.c        **** {
 191              		.loc 1 125 0
 192              		.cfi_startproc
 193              		@ args = 0, pretend = 0, frame = 0
 194              		@ frame_needed = 0, uses_anonymous_args = 0
 195 0000 08B5     		push	{r3, lr}
 196              		.cfi_def_cfa_offset 8
 197              		.cfi_offset 3, -8
 198              		.cfi_offset 14, -4
 126:main.c        ****     UART_1_PutString("Set direction: forwards\r\n");
 199              		.loc 1 126 0
 200 0002 0548     		ldr	r0, .L18
 201 0004 FFF7FEFF 		bl	UART_1_PutString
 202              	.LVL13:
 127:main.c        ****     Pin1_Write(1);
 203              		.loc 1 127 0
 204 0008 0120     		movs	r0, #1
 205 000a FFF7FEFF 		bl	Pin1_Write
 206              	.LVL14:
 128:main.c        ****     Pin2_Write(0);
 207              		.loc 1 128 0
 208 000e 0020     		movs	r0, #0
 209 0010 FFF7FEFF 		bl	Pin2_Write
 210              	.LVL15:
 211 0014 08BD     		pop	{r3, pc}
 212              	.L19:
 213 0016 00BF     		.align	2
 214              	.L18:
ARM GAS  C:\Users\kaaen\AppData\Local\Temp\ccMaj55l.s 			page 7


 215 0018 AC000000 		.word	.LC8
 216              		.cfi_endproc
 217              	.LFE68:
 218              		.size	driveForwards, .-driveForwards
 219              		.section	.text.driveBackwards,"ax",%progbits
 220              		.align	2
 221              		.global	driveBackwards
 222              		.thumb
 223              		.thumb_func
 224              		.type	driveBackwards, %function
 225              	driveBackwards:
 226              	.LFB69:
 129:main.c        **** }
 130:main.c        **** 
 131:main.c        **** void driveBackwards()
 132:main.c        **** {
 227              		.loc 1 132 0
 228              		.cfi_startproc
 229              		@ args = 0, pretend = 0, frame = 0
 230              		@ frame_needed = 0, uses_anonymous_args = 0
 231 0000 08B5     		push	{r3, lr}
 232              		.cfi_def_cfa_offset 8
 233              		.cfi_offset 3, -8
 234              		.cfi_offset 14, -4
 133:main.c        ****     UART_1_PutString("Set direction: backwards\r\n");
 235              		.loc 1 133 0
 236 0002 0548     		ldr	r0, .L22
 237 0004 FFF7FEFF 		bl	UART_1_PutString
 238              	.LVL16:
 134:main.c        ****     Pin1_Write(0);
 239              		.loc 1 134 0
 240 0008 0020     		movs	r0, #0
 241 000a FFF7FEFF 		bl	Pin1_Write
 242              	.LVL17:
 135:main.c        ****     Pin2_Write(1);
 243              		.loc 1 135 0
 244 000e 0120     		movs	r0, #1
 245 0010 FFF7FEFF 		bl	Pin2_Write
 246              	.LVL18:
 247 0014 08BD     		pop	{r3, pc}
 248              	.L23:
 249 0016 00BF     		.align	2
 250              	.L22:
 251 0018 C8000000 		.word	.LC9
 252              		.cfi_endproc
 253              	.LFE69:
 254              		.size	driveBackwards, .-driveBackwards
 255              		.section	.text.stop,"ax",%progbits
 256              		.align	2
 257              		.global	stop
 258              		.thumb
 259              		.thumb_func
 260              		.type	stop, %function
 261              	stop:
 262              	.LFB70:
 136:main.c        **** }
 137:main.c        **** 
ARM GAS  C:\Users\kaaen\AppData\Local\Temp\ccMaj55l.s 			page 8


 138:main.c        **** void stop()
 139:main.c        **** {
 263              		.loc 1 139 0
 264              		.cfi_startproc
 265              		@ args = 0, pretend = 0, frame = 0
 266              		@ frame_needed = 0, uses_anonymous_args = 0
 267 0000 08B5     		push	{r3, lr}
 268              		.cfi_def_cfa_offset 8
 269              		.cfi_offset 3, -8
 270              		.cfi_offset 14, -4
 140:main.c        ****     UART_1_PutString("Stop\r\n");
 271              		.loc 1 140 0
 272 0002 0448     		ldr	r0, .L26
 273 0004 FFF7FEFF 		bl	UART_1_PutString
 274              	.LVL19:
 141:main.c        ****     CURR_PWM = 0;
 275              		.loc 1 141 0
 276 0008 0020     		movs	r0, #0
 277 000a 034B     		ldr	r3, .L26+4
 278 000c 1870     		strb	r0, [r3]
 142:main.c        ****     PWM_1_WriteCompare(CURR_PWM);
 279              		.loc 1 142 0
 280 000e FFF7FEFF 		bl	PWM_1_WriteCompare
 281              	.LVL20:
 282 0012 08BD     		pop	{r3, pc}
 283              	.L27:
 284              		.align	2
 285              	.L26:
 286 0014 E4000000 		.word	.LC10
 287 0018 00000000 		.word	.LANCHOR0
 288              		.cfi_endproc
 289              	.LFE70:
 290              		.size	stop, .-stop
 291              		.section	.text.handleByteReceived,"ax",%progbits
 292              		.align	2
 293              		.global	handleByteReceived
 294              		.thumb
 295              		.thumb_func
 296              		.type	handleByteReceived, %function
 297              	handleByteReceived:
 298              	.LFB65:
  65:main.c        ****     switch(byteReceived)
 299              		.loc 1 65 0
 300              		.cfi_startproc
 301              		@ args = 0, pretend = 0, frame = 0
 302              		@ frame_needed = 0, uses_anonymous_args = 0
 303              	.LVL21:
 304 0000 08B5     		push	{r3, lr}
 305              		.cfi_def_cfa_offset 8
 306              		.cfi_offset 3, -8
 307              		.cfi_offset 14, -4
  66:main.c        ****     {
 308              		.loc 1 66 0
 309 0002 3228     		cmp	r0, #50
 310 0004 13D0     		beq	.L30
 311 0006 04D8     		bhi	.L31
 312 0008 3028     		cmp	r0, #48
ARM GAS  C:\Users\kaaen\AppData\Local\Temp\ccMaj55l.s 			page 9


 313 000a 13D0     		beq	.L32
 314 000c 3128     		cmp	r0, #49
 315 000e 0BD0     		beq	.L33
 316 0010 08BD     		pop	{r3, pc}
 317              	.L31:
 318 0012 7128     		cmp	r0, #113
 319 0014 02D0     		beq	.L34
 320 0016 7728     		cmp	r0, #119
 321 0018 03D0     		beq	.L35
 322 001a 08BD     		pop	{r3, pc}
 323              	.L34:
  70:main.c        ****         }
 324              		.loc 1 70 0
 325 001c FFF7FEFF 		bl	decreaseSpeed
 326              	.LVL22:
  72:main.c        ****         case 'w' :
 327              		.loc 1 72 0
 328 0020 08BD     		pop	{r3, pc}
 329              	.LVL23:
 330              	.L35:
  75:main.c        ****         }
 331              		.loc 1 75 0
 332 0022 FFF7FEFF 		bl	increaseSpeed
 333              	.LVL24:
  77:main.c        ****         case '1' :
 334              		.loc 1 77 0
 335 0026 08BD     		pop	{r3, pc}
 336              	.LVL25:
 337              	.L33:
  80:main.c        ****         }
 338              		.loc 1 80 0
 339 0028 FFF7FEFF 		bl	driveForwards
 340              	.LVL26:
  82:main.c        ****         case '2' :
 341              		.loc 1 82 0
 342 002c 08BD     		pop	{r3, pc}
 343              	.LVL27:
 344              	.L30:
  85:main.c        ****         }
 345              		.loc 1 85 0
 346 002e FFF7FEFF 		bl	driveBackwards
 347              	.LVL28:
  87:main.c        ****         case '0' :
 348              		.loc 1 87 0
 349 0032 08BD     		pop	{r3, pc}
 350              	.LVL29:
 351              	.L32:
  90:main.c        ****             
 352              		.loc 1 90 0
 353 0034 FFF7FEFF 		bl	stop
 354              	.LVL30:
 355 0038 08BD     		pop	{r3, pc}
 356              		.cfi_endproc
 357              	.LFE65:
 358              		.size	handleByteReceived, .-handleByteReceived
 359 003a 00BF     		.section	.text.ISR_UART_rx_handler,"ax",%progbits
 360              		.align	2
ARM GAS  C:\Users\kaaen\AppData\Local\Temp\ccMaj55l.s 			page 10


 361              		.global	ISR_UART_rx_handler
 362              		.thumb
 363              		.thumb_func
 364              		.type	ISR_UART_rx_handler, %function
 365              	ISR_UART_rx_handler:
 366              	.LFB64:
  51:main.c        ****     uint8_t bytesToRead = UART_1_GetRxBufferSize();
 367              		.loc 1 51 0
 368              		.cfi_startproc
 369              		@ args = 0, pretend = 0, frame = 0
 370              		@ frame_needed = 0, uses_anonymous_args = 0
 371 0000 38B5     		push	{r3, r4, r5, lr}
 372              		.cfi_def_cfa_offset 16
 373              		.cfi_offset 3, -16
 374              		.cfi_offset 4, -12
 375              		.cfi_offset 5, -8
 376              		.cfi_offset 14, -4
  52:main.c        ****     while (bytesToRead > 0)
 377              		.loc 1 52 0
 378 0002 FFF7FEFF 		bl	UART_1_GetRxBufferSize
 379              	.LVL31:
 380 0006 0446     		mov	r4, r0
 381              	.LVL32:
  53:main.c        ****     {
 382              		.loc 1 53 0
 383 0008 09E0     		b	.L38
 384              	.L39:
 385              	.LBB2:
  55:main.c        ****         UART_1_WriteTxData(byteReceived); // echo back
 386              		.loc 1 55 0
 387 000a FFF7FEFF 		bl	UART_1_ReadRxData
 388              	.LVL33:
 389 000e 0546     		mov	r5, r0
 390              	.LVL34:
  56:main.c        ****         
 391              		.loc 1 56 0
 392 0010 FFF7FEFF 		bl	UART_1_WriteTxData
 393              	.LVL35:
  58:main.c        ****         
 394              		.loc 1 58 0
 395 0014 2846     		mov	r0, r5
 396 0016 FFF7FEFF 		bl	handleByteReceived
 397              	.LVL36:
  60:main.c        ****     }
 398              		.loc 1 60 0
 399 001a 013C     		subs	r4, r4, #1
 400              	.LVL37:
 401 001c E4B2     		uxtb	r4, r4
 402              	.LVL38:
 403              	.L38:
 404              	.LBE2:
  53:main.c        ****     {
 405              		.loc 1 53 0
 406 001e 002C     		cmp	r4, #0
 407 0020 F3D1     		bne	.L39
  62:main.c        **** 
 408              		.loc 1 62 0
ARM GAS  C:\Users\kaaen\AppData\Local\Temp\ccMaj55l.s 			page 11


 409 0022 38BD     		pop	{r3, r4, r5, pc}
 410              		.cfi_endproc
 411              	.LFE64:
 412              		.size	ISR_UART_rx_handler, .-ISR_UART_rx_handler
 413              		.global	MIN_PWM
 414              		.global	MAX_PWM
 415              		.global	CURR_PWM
 416              		.data
 417              		.set	.LANCHOR1,. + 0
 418              		.type	MAX_PWM, %object
 419              		.size	MAX_PWM, 1
 420              	MAX_PWM:
 421 0000 64       		.byte	100
 422              		.section	.rodata.str1.4,"aMS",%progbits,1
 423              		.align	2
 424              	.LC0:
 425 0000 44432D4D 		.ascii	"DC-Motor-PWM application started\015\012\000"
 425      6F746F72 
 425      2D50574D 
 425      20617070 
 425      6C696361 
 426 0023 00       		.space	1
 427              	.LC1:
 428 0024 303A2053 		.ascii	"0: Stop\015\012\000"
 428      746F700D 
 428      0A00
 429 002e 0000     		.space	2
 430              	.LC2:
 431 0030 313A2044 		.ascii	"1: Drive forwards\015\012\000"
 431      72697665 
 431      20666F72 
 431      77617264 
 431      730D0A00 
 432              	.LC3:
 433 0044 323A2044 		.ascii	"2: Drive backwards\015\012\000"
 433      72697665 
 433      20626163 
 433      6B776172 
 433      64730D0A 
 434 0059 000000   		.space	3
 435              	.LC4:
 436 005c 713A2044 		.ascii	"q: Decrease speed\015\012\000"
 436      65637265 
 436      61736520 
 436      73706565 
 436      640D0A00 
 437              	.LC5:
 438 0070 773A2049 		.ascii	"w: Increase speed\015\012\000"
 438      6E637265 
 438      61736520 
 438      73706565 
 438      640D0A00 
 439              	.LC6:
 440 0084 44656372 		.ascii	"Decreasing speed\015\012\000"
 440      65617369 
 440      6E672073 
 440      70656564 
ARM GAS  C:\Users\kaaen\AppData\Local\Temp\ccMaj55l.s 			page 12


 440      0D0A00
 441 0097 00       		.space	1
 442              	.LC7:
 443 0098 496E6372 		.ascii	"Increasing speed\015\012\000"
 443      65617369 
 443      6E672073 
 443      70656564 
 443      0D0A00
 444 00ab 00       		.space	1
 445              	.LC8:
 446 00ac 53657420 		.ascii	"Set direction: forwards\015\012\000"
 446      64697265 
 446      6374696F 
 446      6E3A2066 
 446      6F727761 
 447 00c6 0000     		.space	2
 448              	.LC9:
 449 00c8 53657420 		.ascii	"Set direction: backwards\015\012\000"
 449      64697265 
 449      6374696F 
 449      6E3A2062 
 449      61636B77 
 450 00e3 00       		.space	1
 451              	.LC10:
 452 00e4 53746F70 		.ascii	"Stop\015\012\000"
 452      0D0A00
 453              		.bss
 454              		.set	.LANCHOR0,. + 0
 455              		.type	CURR_PWM, %object
 456              		.size	CURR_PWM, 1
 457              	CURR_PWM:
 458 0000 00       		.space	1
 459              		.type	MIN_PWM, %object
 460              		.size	MIN_PWM, 1
 461              	MIN_PWM:
 462 0001 00       		.space	1
 463              		.text
 464              	.Letext0:
 465              		.file 2 "c:\\program files (x86)\\cypress\\psoc creator\\4.4\\psoc creator\\import\\gnu\\arm\\5.4.
 466              		.file 3 "c:\\program files (x86)\\cypress\\psoc creator\\4.4\\psoc creator\\import\\gnu\\arm\\5.4.
 467              		.file 4 "Generated_Source\\PSoC5/core_cm3.h"
 468              		.file 5 "Generated_Source\\PSoC5/isr_uart_rx.h"
 469              		.file 6 "Generated_Source\\PSoC5/UART_1.h"
 470              		.file 7 "Generated_Source\\PSoC5/PWM_1.h"
 471              		.file 8 "Generated_Source\\PSoC5/Pin1.h"
 472              		.file 9 "Generated_Source\\PSoC5/Pin2.h"
 473              		.section	.debug_info,"",%progbits
 474              	.Ldebug_info0:
 475 0000 42040000 		.4byte	0x442
 476 0004 0400     		.2byte	0x4
 477 0006 00000000 		.4byte	.Ldebug_abbrev0
 478 000a 04       		.byte	0x4
 479 000b 01       		.uleb128 0x1
 480 000c 76000000 		.4byte	.LASF41
 481 0010 0C       		.byte	0xc
 482 0011 8B020000 		.4byte	.LASF42
 483 0015 5A010000 		.4byte	.LASF43
ARM GAS  C:\Users\kaaen\AppData\Local\Temp\ccMaj55l.s 			page 13


 484 0019 00000000 		.4byte	.Ldebug_ranges0+0
 485 001d 00000000 		.4byte	0
 486 0021 00000000 		.4byte	.Ldebug_line0
 487 0025 02       		.uleb128 0x2
 488 0026 01       		.byte	0x1
 489 0027 06       		.byte	0x6
 490 0028 CD020000 		.4byte	.LASF0
 491 002c 03       		.uleb128 0x3
 492 002d 21000000 		.4byte	.LASF4
 493 0031 02       		.byte	0x2
 494 0032 1D       		.byte	0x1d
 495 0033 37000000 		.4byte	0x37
 496 0037 02       		.uleb128 0x2
 497 0038 01       		.byte	0x1
 498 0039 08       		.byte	0x8
 499 003a 68000000 		.4byte	.LASF1
 500 003e 02       		.uleb128 0x2
 501 003f 02       		.byte	0x2
 502 0040 05       		.byte	0x5
 503 0041 AE020000 		.4byte	.LASF2
 504 0045 02       		.uleb128 0x2
 505 0046 02       		.byte	0x2
 506 0047 07       		.byte	0x7
 507 0048 43000000 		.4byte	.LASF3
 508 004c 03       		.uleb128 0x3
 509 004d 2B000000 		.4byte	.LASF5
 510 0051 02       		.byte	0x2
 511 0052 3F       		.byte	0x3f
 512 0053 57000000 		.4byte	0x57
 513 0057 02       		.uleb128 0x2
 514 0058 04       		.byte	0x4
 515 0059 05       		.byte	0x5
 516 005a B8020000 		.4byte	.LASF6
 517 005e 02       		.uleb128 0x2
 518 005f 04       		.byte	0x4
 519 0060 07       		.byte	0x7
 520 0061 18010000 		.4byte	.LASF7
 521 0065 02       		.uleb128 0x2
 522 0066 08       		.byte	0x8
 523 0067 05       		.byte	0x5
 524 0068 74020000 		.4byte	.LASF8
 525 006c 02       		.uleb128 0x2
 526 006d 08       		.byte	0x8
 527 006e 07       		.byte	0x7
 528 006f 09020000 		.4byte	.LASF9
 529 0073 04       		.uleb128 0x4
 530 0074 04       		.byte	0x4
 531 0075 05       		.byte	0x5
 532 0076 696E7400 		.ascii	"int\000"
 533 007a 02       		.uleb128 0x2
 534 007b 04       		.byte	0x4
 535 007c 07       		.byte	0x7
 536 007d EE010000 		.4byte	.LASF10
 537 0081 03       		.uleb128 0x3
 538 0082 20020000 		.4byte	.LASF11
 539 0086 03       		.byte	0x3
 540 0087 18       		.byte	0x18
ARM GAS  C:\Users\kaaen\AppData\Local\Temp\ccMaj55l.s 			page 14


 541 0088 2C000000 		.4byte	0x2c
 542 008c 03       		.uleb128 0x3
 543 008d 4A020000 		.4byte	.LASF12
 544 0091 03       		.byte	0x3
 545 0092 2C       		.byte	0x2c
 546 0093 4C000000 		.4byte	0x4c
 547 0097 02       		.uleb128 0x2
 548 0098 04       		.byte	0x4
 549 0099 04       		.byte	0x4
 550 009a 62000000 		.4byte	.LASF13
 551 009e 02       		.uleb128 0x2
 552 009f 08       		.byte	0x8
 553 00a0 04       		.byte	0x4
 554 00a1 B4010000 		.4byte	.LASF14
 555 00a5 02       		.uleb128 0x2
 556 00a6 01       		.byte	0x1
 557 00a7 08       		.byte	0x8
 558 00a8 92020000 		.4byte	.LASF15
 559 00ac 02       		.uleb128 0x2
 560 00ad 08       		.byte	0x8
 561 00ae 04       		.byte	0x4
 562 00af C1020000 		.4byte	.LASF16
 563 00b3 02       		.uleb128 0x2
 564 00b4 04       		.byte	0x4
 565 00b5 07       		.byte	0x7
 566 00b6 82020000 		.4byte	.LASF17
 567 00ba 05       		.uleb128 0x5
 568 00bb BB010000 		.4byte	.LASF44
 569 00bf 01       		.byte	0x1
 570 00c0 1B       		.byte	0x1b
 571 00c1 73000000 		.4byte	0x73
 572 00c5 00000000 		.4byte	.LFB63
 573 00c9 54000000 		.4byte	.LFE63-.LFB63
 574 00cd 01       		.uleb128 0x1
 575 00ce 9C       		.byte	0x9c
 576 00cf 83010000 		.4byte	0x183
 577 00d3 06       		.uleb128 0x6
 578 00d4 0A000000 		.4byte	.LVL0
 579 00d8 D7030000 		.4byte	0x3d7
 580 00dc EA000000 		.4byte	0xea
 581 00e0 07       		.uleb128 0x7
 582 00e1 01       		.uleb128 0x1
 583 00e2 50       		.byte	0x50
 584 00e3 05       		.uleb128 0x5
 585 00e4 03       		.byte	0x3
 586 00e5 00000000 		.4byte	ISR_UART_rx_handler
 587 00e9 00       		.byte	0
 588 00ea 08       		.uleb128 0x8
 589 00eb 0E000000 		.4byte	.LVL1
 590 00ef E2030000 		.4byte	0x3e2
 591 00f3 08       		.uleb128 0x8
 592 00f4 12000000 		.4byte	.LVL2
 593 00f8 ED030000 		.4byte	0x3ed
 594 00fc 06       		.uleb128 0x6
 595 00fd 18000000 		.4byte	.LVL3
 596 0101 F8030000 		.4byte	0x3f8
 597 0105 13010000 		.4byte	0x113
ARM GAS  C:\Users\kaaen\AppData\Local\Temp\ccMaj55l.s 			page 15


 598 0109 07       		.uleb128 0x7
 599 010a 01       		.uleb128 0x1
 600 010b 50       		.byte	0x50
 601 010c 05       		.uleb128 0x5
 602 010d 03       		.byte	0x3
 603 010e 00000000 		.4byte	.LC0
 604 0112 00       		.byte	0
 605 0113 06       		.uleb128 0x6
 606 0114 1E000000 		.4byte	.LVL4
 607 0118 F8030000 		.4byte	0x3f8
 608 011c 2A010000 		.4byte	0x12a
 609 0120 07       		.uleb128 0x7
 610 0121 01       		.uleb128 0x1
 611 0122 50       		.byte	0x50
 612 0123 05       		.uleb128 0x5
 613 0124 03       		.byte	0x3
 614 0125 24000000 		.4byte	.LC1
 615 0129 00       		.byte	0
 616 012a 06       		.uleb128 0x6
 617 012b 24000000 		.4byte	.LVL5
 618 012f F8030000 		.4byte	0x3f8
 619 0133 41010000 		.4byte	0x141
 620 0137 07       		.uleb128 0x7
 621 0138 01       		.uleb128 0x1
 622 0139 50       		.byte	0x50
 623 013a 05       		.uleb128 0x5
 624 013b 03       		.byte	0x3
 625 013c 30000000 		.4byte	.LC2
 626 0140 00       		.byte	0
 627 0141 06       		.uleb128 0x6
 628 0142 2A000000 		.4byte	.LVL6
 629 0146 F8030000 		.4byte	0x3f8
 630 014a 58010000 		.4byte	0x158
 631 014e 07       		.uleb128 0x7
 632 014f 01       		.uleb128 0x1
 633 0150 50       		.byte	0x50
 634 0151 05       		.uleb128 0x5
 635 0152 03       		.byte	0x3
 636 0153 44000000 		.4byte	.LC3
 637 0157 00       		.byte	0
 638 0158 06       		.uleb128 0x6
 639 0159 30000000 		.4byte	.LVL7
 640 015d F8030000 		.4byte	0x3f8
 641 0161 6F010000 		.4byte	0x16f
 642 0165 07       		.uleb128 0x7
 643 0166 01       		.uleb128 0x1
 644 0167 50       		.byte	0x50
 645 0168 05       		.uleb128 0x5
 646 0169 03       		.byte	0x3
 647 016a 5C000000 		.4byte	.LC4
 648 016e 00       		.byte	0
 649 016f 09       		.uleb128 0x9
 650 0170 36000000 		.4byte	.LVL8
 651 0174 F8030000 		.4byte	0x3f8
 652 0178 07       		.uleb128 0x7
 653 0179 01       		.uleb128 0x1
 654 017a 50       		.byte	0x50
ARM GAS  C:\Users\kaaen\AppData\Local\Temp\ccMaj55l.s 			page 16


 655 017b 05       		.uleb128 0x5
 656 017c 03       		.byte	0x3
 657 017d 70000000 		.4byte	.LC5
 658 0181 00       		.byte	0
 659 0182 00       		.byte	0
 660 0183 0A       		.uleb128 0xa
 661 0184 97020000 		.4byte	.LASF18
 662 0188 01       		.byte	0x1
 663 0189 66       		.byte	0x66
 664 018a 00000000 		.4byte	.LFB66
 665 018e 28000000 		.4byte	.LFE66-.LFB66
 666 0192 01       		.uleb128 0x1
 667 0193 9C       		.byte	0x9c
 668 0194 B9010000 		.4byte	0x1b9
 669 0198 06       		.uleb128 0x6
 670 0199 08000000 		.4byte	.LVL9
 671 019d F8030000 		.4byte	0x3f8
 672 01a1 AF010000 		.4byte	0x1af
 673 01a5 07       		.uleb128 0x7
 674 01a6 01       		.uleb128 0x1
 675 01a7 50       		.byte	0x50
 676 01a8 05       		.uleb128 0x5
 677 01a9 03       		.byte	0x3
 678 01aa 84000000 		.4byte	.LC6
 679 01ae 00       		.byte	0
 680 01af 08       		.uleb128 0x8
 681 01b0 1E000000 		.4byte	.LVL10
 682 01b4 03040000 		.4byte	0x403
 683 01b8 00       		.byte	0
 684 01b9 0A       		.uleb128 0xa
 685 01ba 35000000 		.4byte	.LASF19
 686 01be 01       		.byte	0x1
 687 01bf 71       		.byte	0x71
 688 01c0 00000000 		.4byte	.LFB67
 689 01c4 30000000 		.4byte	.LFE67-.LFB67
 690 01c8 01       		.uleb128 0x1
 691 01c9 9C       		.byte	0x9c
 692 01ca EF010000 		.4byte	0x1ef
 693 01ce 06       		.uleb128 0x6
 694 01cf 08000000 		.4byte	.LVL11
 695 01d3 F8030000 		.4byte	0x3f8
 696 01d7 E5010000 		.4byte	0x1e5
 697 01db 07       		.uleb128 0x7
 698 01dc 01       		.uleb128 0x1
 699 01dd 50       		.byte	0x50
 700 01de 05       		.uleb128 0x5
 701 01df 03       		.byte	0x3
 702 01e0 98000000 		.4byte	.LC7
 703 01e4 00       		.byte	0
 704 01e5 08       		.uleb128 0x8
 705 01e6 20000000 		.4byte	.LVL12
 706 01ea 03040000 		.4byte	0x403
 707 01ee 00       		.byte	0
 708 01ef 0A       		.uleb128 0xa
 709 01f0 FB010000 		.4byte	.LASF20
 710 01f4 01       		.byte	0x1
 711 01f5 7C       		.byte	0x7c
ARM GAS  C:\Users\kaaen\AppData\Local\Temp\ccMaj55l.s 			page 17


 712 01f6 00000000 		.4byte	.LFB68
 713 01fa 1C000000 		.4byte	.LFE68-.LFB68
 714 01fe 01       		.uleb128 0x1
 715 01ff 9C       		.byte	0x9c
 716 0200 3E020000 		.4byte	0x23e
 717 0204 06       		.uleb128 0x6
 718 0205 08000000 		.4byte	.LVL13
 719 0209 F8030000 		.4byte	0x3f8
 720 020d 1B020000 		.4byte	0x21b
 721 0211 07       		.uleb128 0x7
 722 0212 01       		.uleb128 0x1
 723 0213 50       		.byte	0x50
 724 0214 05       		.uleb128 0x5
 725 0215 03       		.byte	0x3
 726 0216 AC000000 		.4byte	.LC8
 727 021a 00       		.byte	0
 728 021b 06       		.uleb128 0x6
 729 021c 0E000000 		.4byte	.LVL14
 730 0220 0E040000 		.4byte	0x40e
 731 0224 2E020000 		.4byte	0x22e
 732 0228 07       		.uleb128 0x7
 733 0229 01       		.uleb128 0x1
 734 022a 50       		.byte	0x50
 735 022b 01       		.uleb128 0x1
 736 022c 31       		.byte	0x31
 737 022d 00       		.byte	0
 738 022e 09       		.uleb128 0x9
 739 022f 14000000 		.4byte	.LVL15
 740 0233 19040000 		.4byte	0x419
 741 0237 07       		.uleb128 0x7
 742 0238 01       		.uleb128 0x1
 743 0239 50       		.byte	0x50
 744 023a 01       		.uleb128 0x1
 745 023b 30       		.byte	0x30
 746 023c 00       		.byte	0
 747 023d 00       		.byte	0
 748 023e 0A       		.uleb128 0xa
 749 023f 52020000 		.4byte	.LASF21
 750 0243 01       		.byte	0x1
 751 0244 83       		.byte	0x83
 752 0245 00000000 		.4byte	.LFB69
 753 0249 1C000000 		.4byte	.LFE69-.LFB69
 754 024d 01       		.uleb128 0x1
 755 024e 9C       		.byte	0x9c
 756 024f 8D020000 		.4byte	0x28d
 757 0253 06       		.uleb128 0x6
 758 0254 08000000 		.4byte	.LVL16
 759 0258 F8030000 		.4byte	0x3f8
 760 025c 6A020000 		.4byte	0x26a
 761 0260 07       		.uleb128 0x7
 762 0261 01       		.uleb128 0x1
 763 0262 50       		.byte	0x50
 764 0263 05       		.uleb128 0x5
 765 0264 03       		.byte	0x3
 766 0265 C8000000 		.4byte	.LC9
 767 0269 00       		.byte	0
 768 026a 06       		.uleb128 0x6
ARM GAS  C:\Users\kaaen\AppData\Local\Temp\ccMaj55l.s 			page 18


 769 026b 0E000000 		.4byte	.LVL17
 770 026f 0E040000 		.4byte	0x40e
 771 0273 7D020000 		.4byte	0x27d
 772 0277 07       		.uleb128 0x7
 773 0278 01       		.uleb128 0x1
 774 0279 50       		.byte	0x50
 775 027a 01       		.uleb128 0x1
 776 027b 30       		.byte	0x30
 777 027c 00       		.byte	0
 778 027d 09       		.uleb128 0x9
 779 027e 14000000 		.4byte	.LVL18
 780 0282 19040000 		.4byte	0x419
 781 0286 07       		.uleb128 0x7
 782 0287 01       		.uleb128 0x1
 783 0288 50       		.byte	0x50
 784 0289 01       		.uleb128 0x1
 785 028a 31       		.byte	0x31
 786 028b 00       		.byte	0
 787 028c 00       		.byte	0
 788 028d 0A       		.uleb128 0xa
 789 028e 48010000 		.4byte	.LASF22
 790 0292 01       		.byte	0x1
 791 0293 8A       		.byte	0x8a
 792 0294 00000000 		.4byte	.LFB70
 793 0298 1C000000 		.4byte	.LFE70-.LFB70
 794 029c 01       		.uleb128 0x1
 795 029d 9C       		.byte	0x9c
 796 029e C9020000 		.4byte	0x2c9
 797 02a2 06       		.uleb128 0x6
 798 02a3 08000000 		.4byte	.LVL19
 799 02a7 F8030000 		.4byte	0x3f8
 800 02ab B9020000 		.4byte	0x2b9
 801 02af 07       		.uleb128 0x7
 802 02b0 01       		.uleb128 0x1
 803 02b1 50       		.byte	0x50
 804 02b2 05       		.uleb128 0x5
 805 02b3 03       		.byte	0x3
 806 02b4 E4000000 		.4byte	.LC10
 807 02b8 00       		.byte	0
 808 02b9 09       		.uleb128 0x9
 809 02ba 12000000 		.4byte	.LVL20
 810 02be 03040000 		.4byte	0x403
 811 02c2 07       		.uleb128 0x7
 812 02c3 01       		.uleb128 0x1
 813 02c4 50       		.byte	0x50
 814 02c5 01       		.uleb128 0x1
 815 02c6 30       		.byte	0x30
 816 02c7 00       		.byte	0
 817 02c8 00       		.byte	0
 818 02c9 0A       		.uleb128 0xa
 819 02ca C8010000 		.4byte	.LASF23
 820 02ce 01       		.byte	0x1
 821 02cf 40       		.byte	0x40
 822 02d0 00000000 		.4byte	.LFB65
 823 02d4 3A000000 		.4byte	.LFE65-.LFB65
 824 02d8 01       		.uleb128 0x1
 825 02d9 9C       		.byte	0x9c
ARM GAS  C:\Users\kaaen\AppData\Local\Temp\ccMaj55l.s 			page 19


 826 02da 1B030000 		.4byte	0x31b
 827 02de 0B       		.uleb128 0xb
 828 02df EA020000 		.4byte	.LASF26
 829 02e3 01       		.byte	0x1
 830 02e4 40       		.byte	0x40
 831 02e5 81000000 		.4byte	0x81
 832 02e9 00000000 		.4byte	.LLST0
 833 02ed 08       		.uleb128 0x8
 834 02ee 20000000 		.4byte	.LVL22
 835 02f2 83010000 		.4byte	0x183
 836 02f6 08       		.uleb128 0x8
 837 02f7 26000000 		.4byte	.LVL24
 838 02fb B9010000 		.4byte	0x1b9
 839 02ff 08       		.uleb128 0x8
 840 0300 2C000000 		.4byte	.LVL26
 841 0304 EF010000 		.4byte	0x1ef
 842 0308 08       		.uleb128 0x8
 843 0309 32000000 		.4byte	.LVL28
 844 030d 3E020000 		.4byte	0x23e
 845 0311 08       		.uleb128 0x8
 846 0312 38000000 		.4byte	.LVL30
 847 0316 8D020000 		.4byte	0x28d
 848 031a 00       		.byte	0
 849 031b 0A       		.uleb128 0xa
 850 031c 04010000 		.4byte	.LASF24
 851 0320 01       		.byte	0x1
 852 0321 32       		.byte	0x32
 853 0322 00000000 		.4byte	.LFB64
 854 0326 24000000 		.4byte	.LFE64-.LFB64
 855 032a 01       		.uleb128 0x1
 856 032b 9C       		.byte	0x9c
 857 032c 93030000 		.4byte	0x393
 858 0330 0C       		.uleb128 0xc
 859 0331 56000000 		.4byte	.LASF25
 860 0335 01       		.byte	0x1
 861 0336 34       		.byte	0x34
 862 0337 81000000 		.4byte	0x81
 863 033b 85000000 		.4byte	.LLST1
 864 033f 0D       		.uleb128 0xd
 865 0340 0A000000 		.4byte	.LBB2
 866 0344 14000000 		.4byte	.LBE2-.LBB2
 867 0348 89030000 		.4byte	0x389
 868 034c 0C       		.uleb128 0xc
 869 034d EA020000 		.4byte	.LASF26
 870 0351 01       		.byte	0x1
 871 0352 37       		.byte	0x37
 872 0353 81000000 		.4byte	0x81
 873 0357 A3000000 		.4byte	.LLST2
 874 035b 08       		.uleb128 0x8
 875 035c 0E000000 		.4byte	.LVL33
 876 0360 24040000 		.4byte	0x424
 877 0364 06       		.uleb128 0x6
 878 0365 14000000 		.4byte	.LVL35
 879 0369 2F040000 		.4byte	0x42f
 880 036d 78030000 		.4byte	0x378
 881 0371 07       		.uleb128 0x7
 882 0372 01       		.uleb128 0x1
ARM GAS  C:\Users\kaaen\AppData\Local\Temp\ccMaj55l.s 			page 20


 883 0373 50       		.byte	0x50
 884 0374 02       		.uleb128 0x2
 885 0375 75       		.byte	0x75
 886 0376 00       		.sleb128 0
 887 0377 00       		.byte	0
 888 0378 09       		.uleb128 0x9
 889 0379 1A000000 		.4byte	.LVL36
 890 037d C9020000 		.4byte	0x2c9
 891 0381 07       		.uleb128 0x7
 892 0382 01       		.uleb128 0x1
 893 0383 50       		.byte	0x50
 894 0384 02       		.uleb128 0x2
 895 0385 75       		.byte	0x75
 896 0386 00       		.sleb128 0
 897 0387 00       		.byte	0
 898 0388 00       		.byte	0
 899 0389 08       		.uleb128 0x8
 900 038a 06000000 		.4byte	.LVL31
 901 038e 3A040000 		.4byte	0x43a
 902 0392 00       		.byte	0
 903 0393 0E       		.uleb128 0xe
 904 0394 4D010000 		.4byte	.LASF27
 905 0398 04       		.byte	0x4
 906 0399 9606     		.2byte	0x696
 907 039b 9F030000 		.4byte	0x39f
 908 039f 0F       		.uleb128 0xf
 909 03a0 8C000000 		.4byte	0x8c
 910 03a4 10       		.uleb128 0x10
 911 03a5 A5020000 		.4byte	.LASF28
 912 03a9 01       		.byte	0x1
 913 03aa 17       		.byte	0x17
 914 03ab 81000000 		.4byte	0x81
 915 03af 05       		.uleb128 0x5
 916 03b0 03       		.byte	0x3
 917 03b1 00000000 		.4byte	CURR_PWM
 918 03b5 10       		.uleb128 0x10
 919 03b6 C0010000 		.4byte	.LASF29
 920 03ba 01       		.byte	0x1
 921 03bb 18       		.byte	0x18
 922 03bc 81000000 		.4byte	0x81
 923 03c0 05       		.uleb128 0x5
 924 03c1 03       		.byte	0x3
 925 03c2 00000000 		.4byte	MAX_PWM
 926 03c6 10       		.uleb128 0x10
 927 03c7 DB010000 		.4byte	.LASF30
 928 03cb 01       		.byte	0x1
 929 03cc 19       		.byte	0x19
 930 03cd 81000000 		.4byte	0x81
 931 03d1 05       		.uleb128 0x5
 932 03d2 03       		.byte	0x3
 933 03d3 00000000 		.4byte	MIN_PWM
 934 03d7 11       		.uleb128 0x11
 935 03d8 00000000 		.4byte	.LASF31
 936 03dc 00000000 		.4byte	.LASF31
 937 03e0 05       		.byte	0x5
 938 03e1 18       		.byte	0x18
 939 03e2 11       		.uleb128 0x11
ARM GAS  C:\Users\kaaen\AppData\Local\Temp\ccMaj55l.s 			page 21


 940 03e3 14000000 		.4byte	.LASF32
 941 03e7 14000000 		.4byte	.LASF32
 942 03eb 06       		.byte	0x6
 943 03ec 54       		.byte	0x54
 944 03ed 11       		.uleb128 0x11
 945 03ee 3C010000 		.4byte	.LASF33
 946 03f2 3C010000 		.4byte	.LASF33
 947 03f6 07       		.byte	0x7
 948 03f7 92       		.byte	0x92
 949 03f8 11       		.uleb128 0x11
 950 03f9 D9020000 		.4byte	.LASF34
 951 03fd D9020000 		.4byte	.LASF34
 952 0401 06       		.byte	0x6
 953 0402 8B       		.byte	0x8b
 954 0403 11       		.uleb128 0x11
 955 0404 61020000 		.4byte	.LASF35
 956 0408 61020000 		.4byte	.LASF35
 957 040c 07       		.byte	0x7
 958 040d C3       		.byte	0xc3
 959 040e 11       		.uleb128 0x11
 960 040f E3010000 		.4byte	.LASF36
 961 0413 E3010000 		.4byte	.LASF36
 962 0417 08       		.byte	0x8
 963 0418 26       		.byte	0x26
 964 0419 11       		.uleb128 0x11
 965 041a 3F020000 		.4byte	.LASF37
 966 041e 3F020000 		.4byte	.LASF37
 967 0422 09       		.byte	0x9
 968 0423 26       		.byte	0x26
 969 0424 11       		.uleb128 0x11
 970 0425 2A010000 		.4byte	.LASF38
 971 0429 2A010000 		.4byte	.LASF38
 972 042d 06       		.byte	0x6
 973 042e 6F       		.byte	0x6f
 974 042f 11       		.uleb128 0x11
 975 0430 A1010000 		.4byte	.LASF39
 976 0434 A1010000 		.4byte	.LASF39
 977 0438 06       		.byte	0x6
 978 0439 88       		.byte	0x88
 979 043a 11       		.uleb128 0x11
 980 043b 28020000 		.4byte	.LASF40
 981 043f 28020000 		.4byte	.LASF40
 982 0443 06       		.byte	0x6
 983 0444 73       		.byte	0x73
 984 0445 00       		.byte	0
 985              		.section	.debug_abbrev,"",%progbits
 986              	.Ldebug_abbrev0:
 987 0000 01       		.uleb128 0x1
 988 0001 11       		.uleb128 0x11
 989 0002 01       		.byte	0x1
 990 0003 25       		.uleb128 0x25
 991 0004 0E       		.uleb128 0xe
 992 0005 13       		.uleb128 0x13
 993 0006 0B       		.uleb128 0xb
 994 0007 03       		.uleb128 0x3
 995 0008 0E       		.uleb128 0xe
 996 0009 1B       		.uleb128 0x1b
ARM GAS  C:\Users\kaaen\AppData\Local\Temp\ccMaj55l.s 			page 22


 997 000a 0E       		.uleb128 0xe
 998 000b 55       		.uleb128 0x55
 999 000c 17       		.uleb128 0x17
 1000 000d 11       		.uleb128 0x11
 1001 000e 01       		.uleb128 0x1
 1002 000f 10       		.uleb128 0x10
 1003 0010 17       		.uleb128 0x17
 1004 0011 00       		.byte	0
 1005 0012 00       		.byte	0
 1006 0013 02       		.uleb128 0x2
 1007 0014 24       		.uleb128 0x24
 1008 0015 00       		.byte	0
 1009 0016 0B       		.uleb128 0xb
 1010 0017 0B       		.uleb128 0xb
 1011 0018 3E       		.uleb128 0x3e
 1012 0019 0B       		.uleb128 0xb
 1013 001a 03       		.uleb128 0x3
 1014 001b 0E       		.uleb128 0xe
 1015 001c 00       		.byte	0
 1016 001d 00       		.byte	0
 1017 001e 03       		.uleb128 0x3
 1018 001f 16       		.uleb128 0x16
 1019 0020 00       		.byte	0
 1020 0021 03       		.uleb128 0x3
 1021 0022 0E       		.uleb128 0xe
 1022 0023 3A       		.uleb128 0x3a
 1023 0024 0B       		.uleb128 0xb
 1024 0025 3B       		.uleb128 0x3b
 1025 0026 0B       		.uleb128 0xb
 1026 0027 49       		.uleb128 0x49
 1027 0028 13       		.uleb128 0x13
 1028 0029 00       		.byte	0
 1029 002a 00       		.byte	0
 1030 002b 04       		.uleb128 0x4
 1031 002c 24       		.uleb128 0x24
 1032 002d 00       		.byte	0
 1033 002e 0B       		.uleb128 0xb
 1034 002f 0B       		.uleb128 0xb
 1035 0030 3E       		.uleb128 0x3e
 1036 0031 0B       		.uleb128 0xb
 1037 0032 03       		.uleb128 0x3
 1038 0033 08       		.uleb128 0x8
 1039 0034 00       		.byte	0
 1040 0035 00       		.byte	0
 1041 0036 05       		.uleb128 0x5
 1042 0037 2E       		.uleb128 0x2e
 1043 0038 01       		.byte	0x1
 1044 0039 3F       		.uleb128 0x3f
 1045 003a 19       		.uleb128 0x19
 1046 003b 03       		.uleb128 0x3
 1047 003c 0E       		.uleb128 0xe
 1048 003d 3A       		.uleb128 0x3a
 1049 003e 0B       		.uleb128 0xb
 1050 003f 3B       		.uleb128 0x3b
 1051 0040 0B       		.uleb128 0xb
 1052 0041 27       		.uleb128 0x27
 1053 0042 19       		.uleb128 0x19
ARM GAS  C:\Users\kaaen\AppData\Local\Temp\ccMaj55l.s 			page 23


 1054 0043 49       		.uleb128 0x49
 1055 0044 13       		.uleb128 0x13
 1056 0045 8701     		.uleb128 0x87
 1057 0047 19       		.uleb128 0x19
 1058 0048 11       		.uleb128 0x11
 1059 0049 01       		.uleb128 0x1
 1060 004a 12       		.uleb128 0x12
 1061 004b 06       		.uleb128 0x6
 1062 004c 40       		.uleb128 0x40
 1063 004d 18       		.uleb128 0x18
 1064 004e 9742     		.uleb128 0x2117
 1065 0050 19       		.uleb128 0x19
 1066 0051 01       		.uleb128 0x1
 1067 0052 13       		.uleb128 0x13
 1068 0053 00       		.byte	0
 1069 0054 00       		.byte	0
 1070 0055 06       		.uleb128 0x6
 1071 0056 898201   		.uleb128 0x4109
 1072 0059 01       		.byte	0x1
 1073 005a 11       		.uleb128 0x11
 1074 005b 01       		.uleb128 0x1
 1075 005c 31       		.uleb128 0x31
 1076 005d 13       		.uleb128 0x13
 1077 005e 01       		.uleb128 0x1
 1078 005f 13       		.uleb128 0x13
 1079 0060 00       		.byte	0
 1080 0061 00       		.byte	0
 1081 0062 07       		.uleb128 0x7
 1082 0063 8A8201   		.uleb128 0x410a
 1083 0066 00       		.byte	0
 1084 0067 02       		.uleb128 0x2
 1085 0068 18       		.uleb128 0x18
 1086 0069 9142     		.uleb128 0x2111
 1087 006b 18       		.uleb128 0x18
 1088 006c 00       		.byte	0
 1089 006d 00       		.byte	0
 1090 006e 08       		.uleb128 0x8
 1091 006f 898201   		.uleb128 0x4109
 1092 0072 00       		.byte	0
 1093 0073 11       		.uleb128 0x11
 1094 0074 01       		.uleb128 0x1
 1095 0075 31       		.uleb128 0x31
 1096 0076 13       		.uleb128 0x13
 1097 0077 00       		.byte	0
 1098 0078 00       		.byte	0
 1099 0079 09       		.uleb128 0x9
 1100 007a 898201   		.uleb128 0x4109
 1101 007d 01       		.byte	0x1
 1102 007e 11       		.uleb128 0x11
 1103 007f 01       		.uleb128 0x1
 1104 0080 31       		.uleb128 0x31
 1105 0081 13       		.uleb128 0x13
 1106 0082 00       		.byte	0
 1107 0083 00       		.byte	0
 1108 0084 0A       		.uleb128 0xa
 1109 0085 2E       		.uleb128 0x2e
 1110 0086 01       		.byte	0x1
ARM GAS  C:\Users\kaaen\AppData\Local\Temp\ccMaj55l.s 			page 24


 1111 0087 3F       		.uleb128 0x3f
 1112 0088 19       		.uleb128 0x19
 1113 0089 03       		.uleb128 0x3
 1114 008a 0E       		.uleb128 0xe
 1115 008b 3A       		.uleb128 0x3a
 1116 008c 0B       		.uleb128 0xb
 1117 008d 3B       		.uleb128 0x3b
 1118 008e 0B       		.uleb128 0xb
 1119 008f 27       		.uleb128 0x27
 1120 0090 19       		.uleb128 0x19
 1121 0091 11       		.uleb128 0x11
 1122 0092 01       		.uleb128 0x1
 1123 0093 12       		.uleb128 0x12
 1124 0094 06       		.uleb128 0x6
 1125 0095 40       		.uleb128 0x40
 1126 0096 18       		.uleb128 0x18
 1127 0097 9742     		.uleb128 0x2117
 1128 0099 19       		.uleb128 0x19
 1129 009a 01       		.uleb128 0x1
 1130 009b 13       		.uleb128 0x13
 1131 009c 00       		.byte	0
 1132 009d 00       		.byte	0
 1133 009e 0B       		.uleb128 0xb
 1134 009f 05       		.uleb128 0x5
 1135 00a0 00       		.byte	0
 1136 00a1 03       		.uleb128 0x3
 1137 00a2 0E       		.uleb128 0xe
 1138 00a3 3A       		.uleb128 0x3a
 1139 00a4 0B       		.uleb128 0xb
 1140 00a5 3B       		.uleb128 0x3b
 1141 00a6 0B       		.uleb128 0xb
 1142 00a7 49       		.uleb128 0x49
 1143 00a8 13       		.uleb128 0x13
 1144 00a9 02       		.uleb128 0x2
 1145 00aa 17       		.uleb128 0x17
 1146 00ab 00       		.byte	0
 1147 00ac 00       		.byte	0
 1148 00ad 0C       		.uleb128 0xc
 1149 00ae 34       		.uleb128 0x34
 1150 00af 00       		.byte	0
 1151 00b0 03       		.uleb128 0x3
 1152 00b1 0E       		.uleb128 0xe
 1153 00b2 3A       		.uleb128 0x3a
 1154 00b3 0B       		.uleb128 0xb
 1155 00b4 3B       		.uleb128 0x3b
 1156 00b5 0B       		.uleb128 0xb
 1157 00b6 49       		.uleb128 0x49
 1158 00b7 13       		.uleb128 0x13
 1159 00b8 02       		.uleb128 0x2
 1160 00b9 17       		.uleb128 0x17
 1161 00ba 00       		.byte	0
 1162 00bb 00       		.byte	0
 1163 00bc 0D       		.uleb128 0xd
 1164 00bd 0B       		.uleb128 0xb
 1165 00be 01       		.byte	0x1
 1166 00bf 11       		.uleb128 0x11
 1167 00c0 01       		.uleb128 0x1
ARM GAS  C:\Users\kaaen\AppData\Local\Temp\ccMaj55l.s 			page 25


 1168 00c1 12       		.uleb128 0x12
 1169 00c2 06       		.uleb128 0x6
 1170 00c3 01       		.uleb128 0x1
 1171 00c4 13       		.uleb128 0x13
 1172 00c5 00       		.byte	0
 1173 00c6 00       		.byte	0
 1174 00c7 0E       		.uleb128 0xe
 1175 00c8 34       		.uleb128 0x34
 1176 00c9 00       		.byte	0
 1177 00ca 03       		.uleb128 0x3
 1178 00cb 0E       		.uleb128 0xe
 1179 00cc 3A       		.uleb128 0x3a
 1180 00cd 0B       		.uleb128 0xb
 1181 00ce 3B       		.uleb128 0x3b
 1182 00cf 05       		.uleb128 0x5
 1183 00d0 49       		.uleb128 0x49
 1184 00d1 13       		.uleb128 0x13
 1185 00d2 3F       		.uleb128 0x3f
 1186 00d3 19       		.uleb128 0x19
 1187 00d4 3C       		.uleb128 0x3c
 1188 00d5 19       		.uleb128 0x19
 1189 00d6 00       		.byte	0
 1190 00d7 00       		.byte	0
 1191 00d8 0F       		.uleb128 0xf
 1192 00d9 35       		.uleb128 0x35
 1193 00da 00       		.byte	0
 1194 00db 49       		.uleb128 0x49
 1195 00dc 13       		.uleb128 0x13
 1196 00dd 00       		.byte	0
 1197 00de 00       		.byte	0
 1198 00df 10       		.uleb128 0x10
 1199 00e0 34       		.uleb128 0x34
 1200 00e1 00       		.byte	0
 1201 00e2 03       		.uleb128 0x3
 1202 00e3 0E       		.uleb128 0xe
 1203 00e4 3A       		.uleb128 0x3a
 1204 00e5 0B       		.uleb128 0xb
 1205 00e6 3B       		.uleb128 0x3b
 1206 00e7 0B       		.uleb128 0xb
 1207 00e8 49       		.uleb128 0x49
 1208 00e9 13       		.uleb128 0x13
 1209 00ea 3F       		.uleb128 0x3f
 1210 00eb 19       		.uleb128 0x19
 1211 00ec 02       		.uleb128 0x2
 1212 00ed 18       		.uleb128 0x18
 1213 00ee 00       		.byte	0
 1214 00ef 00       		.byte	0
 1215 00f0 11       		.uleb128 0x11
 1216 00f1 2E       		.uleb128 0x2e
 1217 00f2 00       		.byte	0
 1218 00f3 3F       		.uleb128 0x3f
 1219 00f4 19       		.uleb128 0x19
 1220 00f5 3C       		.uleb128 0x3c
 1221 00f6 19       		.uleb128 0x19
 1222 00f7 6E       		.uleb128 0x6e
 1223 00f8 0E       		.uleb128 0xe
 1224 00f9 03       		.uleb128 0x3
ARM GAS  C:\Users\kaaen\AppData\Local\Temp\ccMaj55l.s 			page 26


 1225 00fa 0E       		.uleb128 0xe
 1226 00fb 3A       		.uleb128 0x3a
 1227 00fc 0B       		.uleb128 0xb
 1228 00fd 3B       		.uleb128 0x3b
 1229 00fe 0B       		.uleb128 0xb
 1230 00ff 00       		.byte	0
 1231 0100 00       		.byte	0
 1232 0101 00       		.byte	0
 1233              		.section	.debug_loc,"",%progbits
 1234              	.Ldebug_loc0:
 1235              	.LLST0:
 1236 0000 00000000 		.4byte	.LVL21
 1237 0004 1F000000 		.4byte	.LVL22-1
 1238 0008 0100     		.2byte	0x1
 1239 000a 50       		.byte	0x50
 1240 000b 1F000000 		.4byte	.LVL22-1
 1241 000f 22000000 		.4byte	.LVL23
 1242 0013 0400     		.2byte	0x4
 1243 0015 F3       		.byte	0xf3
 1244 0016 01       		.uleb128 0x1
 1245 0017 50       		.byte	0x50
 1246 0018 9F       		.byte	0x9f
 1247 0019 22000000 		.4byte	.LVL23
 1248 001d 25000000 		.4byte	.LVL24-1
 1249 0021 0100     		.2byte	0x1
 1250 0023 50       		.byte	0x50
 1251 0024 25000000 		.4byte	.LVL24-1
 1252 0028 28000000 		.4byte	.LVL25
 1253 002c 0400     		.2byte	0x4
 1254 002e F3       		.byte	0xf3
 1255 002f 01       		.uleb128 0x1
 1256 0030 50       		.byte	0x50
 1257 0031 9F       		.byte	0x9f
 1258 0032 28000000 		.4byte	.LVL25
 1259 0036 2B000000 		.4byte	.LVL26-1
 1260 003a 0100     		.2byte	0x1
 1261 003c 50       		.byte	0x50
 1262 003d 2B000000 		.4byte	.LVL26-1
 1263 0041 2E000000 		.4byte	.LVL27
 1264 0045 0400     		.2byte	0x4
 1265 0047 F3       		.byte	0xf3
 1266 0048 01       		.uleb128 0x1
 1267 0049 50       		.byte	0x50
 1268 004a 9F       		.byte	0x9f
 1269 004b 2E000000 		.4byte	.LVL27
 1270 004f 31000000 		.4byte	.LVL28-1
 1271 0053 0100     		.2byte	0x1
 1272 0055 50       		.byte	0x50
 1273 0056 31000000 		.4byte	.LVL28-1
 1274 005a 34000000 		.4byte	.LVL29
 1275 005e 0400     		.2byte	0x4
 1276 0060 F3       		.byte	0xf3
 1277 0061 01       		.uleb128 0x1
 1278 0062 50       		.byte	0x50
 1279 0063 9F       		.byte	0x9f
 1280 0064 34000000 		.4byte	.LVL29
 1281 0068 37000000 		.4byte	.LVL30-1
ARM GAS  C:\Users\kaaen\AppData\Local\Temp\ccMaj55l.s 			page 27


 1282 006c 0100     		.2byte	0x1
 1283 006e 50       		.byte	0x50
 1284 006f 37000000 		.4byte	.LVL30-1
 1285 0073 3A000000 		.4byte	.LFE65
 1286 0077 0400     		.2byte	0x4
 1287 0079 F3       		.byte	0xf3
 1288 007a 01       		.uleb128 0x1
 1289 007b 50       		.byte	0x50
 1290 007c 9F       		.byte	0x9f
 1291 007d 00000000 		.4byte	0
 1292 0081 00000000 		.4byte	0
 1293              	.LLST1:
 1294 0085 08000000 		.4byte	.LVL32
 1295 0089 1C000000 		.4byte	.LVL37
 1296 008d 0100     		.2byte	0x1
 1297 008f 54       		.byte	0x54
 1298 0090 1E000000 		.4byte	.LVL38
 1299 0094 24000000 		.4byte	.LFE64
 1300 0098 0100     		.2byte	0x1
 1301 009a 54       		.byte	0x54
 1302 009b 00000000 		.4byte	0
 1303 009f 00000000 		.4byte	0
 1304              	.LLST2:
 1305 00a3 10000000 		.4byte	.LVL34
 1306 00a7 1E000000 		.4byte	.LVL38
 1307 00ab 0100     		.2byte	0x1
 1308 00ad 55       		.byte	0x55
 1309 00ae 00000000 		.4byte	0
 1310 00b2 00000000 		.4byte	0
 1311              		.section	.debug_aranges,"",%progbits
 1312 0000 54000000 		.4byte	0x54
 1313 0004 0200     		.2byte	0x2
 1314 0006 00000000 		.4byte	.Ldebug_info0
 1315 000a 04       		.byte	0x4
 1316 000b 00       		.byte	0
 1317 000c 0000     		.2byte	0
 1318 000e 0000     		.2byte	0
 1319 0010 00000000 		.4byte	.LFB63
 1320 0014 54000000 		.4byte	.LFE63-.LFB63
 1321 0018 00000000 		.4byte	.LFB66
 1322 001c 28000000 		.4byte	.LFE66-.LFB66
 1323 0020 00000000 		.4byte	.LFB67
 1324 0024 30000000 		.4byte	.LFE67-.LFB67
 1325 0028 00000000 		.4byte	.LFB68
 1326 002c 1C000000 		.4byte	.LFE68-.LFB68
 1327 0030 00000000 		.4byte	.LFB69
 1328 0034 1C000000 		.4byte	.LFE69-.LFB69
 1329 0038 00000000 		.4byte	.LFB70
 1330 003c 1C000000 		.4byte	.LFE70-.LFB70
 1331 0040 00000000 		.4byte	.LFB65
 1332 0044 3A000000 		.4byte	.LFE65-.LFB65
 1333 0048 00000000 		.4byte	.LFB64
 1334 004c 24000000 		.4byte	.LFE64-.LFB64
 1335 0050 00000000 		.4byte	0
 1336 0054 00000000 		.4byte	0
 1337              		.section	.debug_ranges,"",%progbits
 1338              	.Ldebug_ranges0:
ARM GAS  C:\Users\kaaen\AppData\Local\Temp\ccMaj55l.s 			page 28


 1339 0000 00000000 		.4byte	.LFB63
 1340 0004 54000000 		.4byte	.LFE63
 1341 0008 00000000 		.4byte	.LFB66
 1342 000c 28000000 		.4byte	.LFE66
 1343 0010 00000000 		.4byte	.LFB67
 1344 0014 30000000 		.4byte	.LFE67
 1345 0018 00000000 		.4byte	.LFB68
 1346 001c 1C000000 		.4byte	.LFE68
 1347 0020 00000000 		.4byte	.LFB69
 1348 0024 1C000000 		.4byte	.LFE69
 1349 0028 00000000 		.4byte	.LFB70
 1350 002c 1C000000 		.4byte	.LFE70
 1351 0030 00000000 		.4byte	.LFB65
 1352 0034 3A000000 		.4byte	.LFE65
 1353 0038 00000000 		.4byte	.LFB64
 1354 003c 24000000 		.4byte	.LFE64
 1355 0040 00000000 		.4byte	0
 1356 0044 00000000 		.4byte	0
 1357              		.section	.debug_line,"",%progbits
 1358              	.Ldebug_line0:
 1359 0000 30020000 		.section	.debug_str,"MS",%progbits,1
 1359      02007B01 
 1359      00000201 
 1359      FB0E0D00 
 1359      01010101 
 1360              	.LASF31:
 1361 0000 6973725F 		.ascii	"isr_uart_rx_StartEx\000"
 1361      75617274 
 1361      5F72785F 
 1361      53746172 
 1361      74457800 
 1362              	.LASF32:
 1363 0014 55415254 		.ascii	"UART_1_Start\000"
 1363      5F315F53 
 1363      74617274 
 1363      00
 1364              	.LASF4:
 1365 0021 5F5F7569 		.ascii	"__uint8_t\000"
 1365      6E74385F 
 1365      7400
 1366              	.LASF5:
 1367 002b 5F5F696E 		.ascii	"__int32_t\000"
 1367      7433325F 
 1367      7400
 1368              	.LASF19:
 1369 0035 696E6372 		.ascii	"increaseSpeed\000"
 1369      65617365 
 1369      53706565 
 1369      6400
 1370              	.LASF3:
 1371 0043 73686F72 		.ascii	"short unsigned int\000"
 1371      7420756E 
 1371      7369676E 
 1371      65642069 
 1371      6E7400
 1372              	.LASF25:
 1373 0056 62797465 		.ascii	"bytesToRead\000"
ARM GAS  C:\Users\kaaen\AppData\Local\Temp\ccMaj55l.s 			page 29


 1373      73546F52 
 1373      65616400 
 1374              	.LASF13:
 1375 0062 666C6F61 		.ascii	"float\000"
 1375      7400
 1376              	.LASF1:
 1377 0068 756E7369 		.ascii	"unsigned char\000"
 1377      676E6564 
 1377      20636861 
 1377      7200
 1378              	.LASF41:
 1379 0076 474E5520 		.ascii	"GNU C11 5.4.1 20160609 (release) [ARM/embedded-5-br"
 1379      43313120 
 1379      352E342E 
 1379      31203230 
 1379      31363036 
 1380 00a9 616E6368 		.ascii	"anch revision 237715] -mcpu=cortex-m3 -mthumb -g -O"
 1380      20726576 
 1380      6973696F 
 1380      6E203233 
 1380      37373135 
 1381 00dc 67202D66 		.ascii	"g -ffunction-sections -ffat-lto-objects\000"
 1381      66756E63 
 1381      74696F6E 
 1381      2D736563 
 1381      74696F6E 
 1382              	.LASF24:
 1383 0104 4953525F 		.ascii	"ISR_UART_rx_handler\000"
 1383      55415254 
 1383      5F72785F 
 1383      68616E64 
 1383      6C657200 
 1384              	.LASF7:
 1385 0118 6C6F6E67 		.ascii	"long unsigned int\000"
 1385      20756E73 
 1385      69676E65 
 1385      6420696E 
 1385      7400
 1386              	.LASF38:
 1387 012a 55415254 		.ascii	"UART_1_ReadRxData\000"
 1387      5F315F52 
 1387      65616452 
 1387      78446174 
 1387      6100
 1388              	.LASF33:
 1389 013c 50574D5F 		.ascii	"PWM_1_Start\000"
 1389      315F5374 
 1389      61727400 
 1390              	.LASF22:
 1391 0148 73746F70 		.ascii	"stop\000"
 1391      00
 1392              	.LASF27:
 1393 014d 49544D5F 		.ascii	"ITM_RxBuffer\000"
 1393      52784275 
 1393      66666572 
 1393      00
 1394              	.LASF43:
ARM GAS  C:\Users\kaaen\AppData\Local\Temp\ccMaj55l.s 			page 30


 1395 015a 433A5C55 		.ascii	"C:\\Users\\kaaen\\Documents\\GitHub\\GFV\\labmotorc"
 1395      73657273 
 1395      5C6B6161 
 1395      656E5C44 
 1395      6F63756D 
 1396 0187 6F6E7472 		.ascii	"ontrol\\DC-Motor-PWM.cydsn\000"
 1396      6F6C5C44 
 1396      432D4D6F 
 1396      746F722D 
 1396      50574D2E 
 1397              	.LASF39:
 1398 01a1 55415254 		.ascii	"UART_1_WriteTxData\000"
 1398      5F315F57 
 1398      72697465 
 1398      54784461 
 1398      746100
 1399              	.LASF14:
 1400 01b4 646F7562 		.ascii	"double\000"
 1400      6C6500
 1401              	.LASF44:
 1402 01bb 6D61696E 		.ascii	"main\000"
 1402      00
 1403              	.LASF29:
 1404 01c0 4D41585F 		.ascii	"MAX_PWM\000"
 1404      50574D00 
 1405              	.LASF23:
 1406 01c8 68616E64 		.ascii	"handleByteReceived\000"
 1406      6C654279 
 1406      74655265 
 1406      63656976 
 1406      656400
 1407              	.LASF30:
 1408 01db 4D494E5F 		.ascii	"MIN_PWM\000"
 1408      50574D00 
 1409              	.LASF36:
 1410 01e3 50696E31 		.ascii	"Pin1_Write\000"
 1410      5F577269 
 1410      746500
 1411              	.LASF10:
 1412 01ee 756E7369 		.ascii	"unsigned int\000"
 1412      676E6564 
 1412      20696E74 
 1412      00
 1413              	.LASF20:
 1414 01fb 64726976 		.ascii	"driveForwards\000"
 1414      65466F72 
 1414      77617264 
 1414      7300
 1415              	.LASF9:
 1416 0209 6C6F6E67 		.ascii	"long long unsigned int\000"
 1416      206C6F6E 
 1416      6720756E 
 1416      7369676E 
 1416      65642069 
 1417              	.LASF11:
 1418 0220 75696E74 		.ascii	"uint8_t\000"
 1418      385F7400 
ARM GAS  C:\Users\kaaen\AppData\Local\Temp\ccMaj55l.s 			page 31


 1419              	.LASF40:
 1420 0228 55415254 		.ascii	"UART_1_GetRxBufferSize\000"
 1420      5F315F47 
 1420      65745278 
 1420      42756666 
 1420      65725369 
 1421              	.LASF37:
 1422 023f 50696E32 		.ascii	"Pin2_Write\000"
 1422      5F577269 
 1422      746500
 1423              	.LASF12:
 1424 024a 696E7433 		.ascii	"int32_t\000"
 1424      325F7400 
 1425              	.LASF21:
 1426 0252 64726976 		.ascii	"driveBackwards\000"
 1426      65426163 
 1426      6B776172 
 1426      647300
 1427              	.LASF35:
 1428 0261 50574D5F 		.ascii	"PWM_1_WriteCompare\000"
 1428      315F5772 
 1428      69746543 
 1428      6F6D7061 
 1428      726500
 1429              	.LASF8:
 1430 0274 6C6F6E67 		.ascii	"long long int\000"
 1430      206C6F6E 
 1430      6720696E 
 1430      7400
 1431              	.LASF17:
 1432 0282 73697A65 		.ascii	"sizetype\000"
 1432      74797065 
 1432      00
 1433              	.LASF42:
 1434 028b 6D61696E 		.ascii	"main.c\000"
 1434      2E6300
 1435              	.LASF15:
 1436 0292 63686172 		.ascii	"char\000"
 1436      00
 1437              	.LASF18:
 1438 0297 64656372 		.ascii	"decreaseSpeed\000"
 1438      65617365 
 1438      53706565 
 1438      6400
 1439              	.LASF28:
 1440 02a5 43555252 		.ascii	"CURR_PWM\000"
 1440      5F50574D 
 1440      00
 1441              	.LASF2:
 1442 02ae 73686F72 		.ascii	"short int\000"
 1442      7420696E 
 1442      7400
 1443              	.LASF6:
 1444 02b8 6C6F6E67 		.ascii	"long int\000"
 1444      20696E74 
 1444      00
 1445              	.LASF16:
ARM GAS  C:\Users\kaaen\AppData\Local\Temp\ccMaj55l.s 			page 32


 1446 02c1 6C6F6E67 		.ascii	"long double\000"
 1446      20646F75 
 1446      626C6500 
 1447              	.LASF0:
 1448 02cd 7369676E 		.ascii	"signed char\000"
 1448      65642063 
 1448      68617200 
 1449              	.LASF34:
 1450 02d9 55415254 		.ascii	"UART_1_PutString\000"
 1450      5F315F50 
 1450      75745374 
 1450      72696E67 
 1450      00
 1451              	.LASF26:
 1452 02ea 62797465 		.ascii	"byteReceived\000"
 1452      52656365 
 1452      69766564 
 1452      00
 1453              		.ident	"GCC: (GNU Tools for ARM Embedded Processors) 5.4.1 20160609 (release) [ARM/embedded-5-bran
