ARM GAS  C:\Users\mariu\AppData\Local\Temp\ccDrVxnB.s 			page 1


   1              		.syntax unified
   2              		.cpu cortex-m3
   3              		.fpu softvfp
   4              		.eabi_attribute 20, 1
   5              		.eabi_attribute 21, 1
   6              		.eabi_attribute 23, 3
   7              		.eabi_attribute 24, 1
   8              		.eabi_attribute 25, 1
   9              		.eabi_attribute 26, 1
  10              		.eabi_attribute 30, 1
  11              		.eabi_attribute 34, 1
  12              		.eabi_attribute 18, 4
  13              		.thumb
  14              		.syntax unified
  15              		.file	"cymetadata.c"
  16              		.text
  17              	.Ltext0:
  18              		.cfi_sections	.debug_frame
  19              		.global	cy_metadata
  20              		.global	cy_meta_flashprotect
  21              		.global	cy_meta_wonvl
  22              		.global	cy_meta_custnvl
  23              		.global	cy_meta_configecc
  24              		.section	.cyconfigecc,"a",%progbits
  25              		.align	2
  26              		.type	cy_meta_configecc, %object
  27              		.size	cy_meta_configecc, 2096
  28              	cy_meta_configecc:
  29 0000 01       		.byte	1
  30 0001 52       		.byte	82
  31 0002 00       		.byte	0
  32 0003 40       		.byte	64
  33 0004 01       		.byte	1
  34 0005 64       		.byte	100
  35 0006 00       		.byte	0
  36 0007 40       		.byte	64
  37 0008 05       		.byte	5
  38 0009 65       		.byte	101
  39 000a 00       		.byte	0
  40 000b 40       		.byte	64
  41 000c 43       		.byte	67
  42 000d 02       		.byte	2
  43 000e 01       		.byte	1
  44 000f 40       		.byte	64
  45 0010 35       		.byte	53
  46 0011 03       		.byte	3
  47 0012 01       		.byte	1
  48 0013 40       		.byte	64
  49 0014 6C       		.byte	108
  50 0015 04       		.byte	4
  51 0016 01       		.byte	1
  52 0017 40       		.byte	64
  53 0018 4D       		.byte	77
  54 0019 05       		.byte	5
  55 001a 01       		.byte	1
  56 001b 40       		.byte	64
  57 001c 5A       		.byte	90
ARM GAS  C:\Users\mariu\AppData\Local\Temp\ccDrVxnB.s 			page 2


  58 001d 06       		.byte	6
  59 001e 01       		.byte	1
  60 001f 40       		.byte	64
  61 0020 49       		.byte	73
  62 0021 07       		.byte	7
  63 0022 01       		.byte	1
  64 0023 40       		.byte	64
  65 0024 5B       		.byte	91
  66 0025 14       		.byte	20
  67 0026 01       		.byte	1
  68 0027 40       		.byte	64
  69 0028 4D       		.byte	77
  70 0029 15       		.byte	21
  71 002a 01       		.byte	1
  72 002b 40       		.byte	64
  73 002c 4B       		.byte	75
  74 002d 16       		.byte	22
  75 002e 01       		.byte	1
  76 002f 40       		.byte	64
  77 0030 48       		.byte	72
  78 0031 17       		.byte	23
  79 0032 01       		.byte	1
  80 0033 40       		.byte	64
  81 0034 60       		.byte	96
  82 0035 1A       		.byte	26
  83 0036 01       		.byte	1
  84 0037 40       		.byte	64
  85 0038 3A       		.byte	58
  86 0039 1B       		.byte	27
  87 003a 01       		.byte	1
  88 003b 40       		.byte	64
  89 003c 02       		.byte	2
  90 003d 40       		.byte	64
  91 003e 01       		.byte	1
  92 003f 40       		.byte	64
  93 0040 05       		.byte	5
  94 0041 41       		.byte	65
  95 0042 01       		.byte	1
  96 0043 40       		.byte	64
  97 0044 07       		.byte	7
  98 0045 42       		.byte	66
  99 0046 01       		.byte	1
 100 0047 40       		.byte	64
 101 0048 04       		.byte	4
 102 0049 43       		.byte	67
 103 004a 01       		.byte	1
 104 004b 40       		.byte	64
 105 004c 02       		.byte	2
 106 004d 48       		.byte	72
 107 004e 01       		.byte	1
 108 004f 40       		.byte	64
 109 0050 03       		.byte	3
 110 0051 49       		.byte	73
 111 0052 01       		.byte	1
 112 0053 40       		.byte	64
 113 0054 07       		.byte	7
 114 0055 4D       		.byte	77
ARM GAS  C:\Users\mariu\AppData\Local\Temp\ccDrVxnB.s 			page 3


 115 0056 01       		.byte	1
 116 0057 40       		.byte	64
 117 0058 06       		.byte	6
 118 0059 50       		.byte	80
 119 005a 01       		.byte	1
 120 005b 40       		.byte	64
 121 005c 01       		.byte	1
 122 005d 51       		.byte	81
 123 005e 01       		.byte	1
 124 005f 40       		.byte	64
 125 0060 04       		.byte	4
 126 0061 04       		.byte	4
 127 0062 24       		.byte	36
 128 0063 04       		.byte	4
 129 0064 24       		.byte	36
 130 0065 0F       		.byte	15
 131 0066 34       		.byte	52
 132 0067 08       		.byte	8
 133 0068 84       		.byte	-124
 134 0069 38       		.byte	56
 135 006a 86       		.byte	-122
 136 006b 0F       		.byte	15
 137 006c 8B       		.byte	-117
 138 006d 72       		.byte	114
 139 006e 07       		.byte	7
 140 006f 01       		.byte	1
 141 0070 0B       		.byte	11
 142 0071 08       		.byte	8
 143 0072 0F       		.byte	15
 144 0073 04       		.byte	4
 145 0074 13       		.byte	19
 146 0075 02       		.byte	2
 147 0076 17       		.byte	23
 148 0077 03       		.byte	3
 149 0078 1B       		.byte	27
 150 0079 01       		.byte	1
 151 007a 29       		.byte	41
 152 007b 08       		.byte	8
 153 007c 2F       		.byte	47
 154 007d 01       		.byte	1
 155 007e 33       		.byte	51
 156 007f 07       		.byte	7
 157 0080 37       		.byte	55
 158 0081 08       		.byte	8
 159 0082 39       		.byte	57
 160 0083 80       		.byte	-128
 161 0084 3B       		.byte	59
 162 0085 08       		.byte	8
 163 0086 52       		.byte	82
 164 0087 F6       		.byte	-10
 165 0088 59       		.byte	89
 166 0089 04       		.byte	4
 167 008a 5B       		.byte	91
 168 008b 04       		.byte	4
 169 008c 5F       		.byte	95
 170 008d 01       		.byte	1
 171 008e 80       		.byte	-128
ARM GAS  C:\Users\mariu\AppData\Local\Temp\ccDrVxnB.s 			page 4


 172 008f 71       		.byte	113
 173 0090 81       		.byte	-127
 174 0091 40       		.byte	64
 175 0092 82       		.byte	-126
 176 0093 08       		.byte	8
 177 0094 83       		.byte	-125
 178 0095 0B       		.byte	11
 179 0096 84       		.byte	-124
 180 0097 A5       		.byte	-91
 181 0098 87       		.byte	-121
 182 0099 01       		.byte	1
 183 009a 89       		.byte	-119
 184 009b 48       		.byte	72
 185 009c 8B       		.byte	-117
 186 009d 02       		.byte	2
 187 009e 8C       		.byte	-116
 188 009f 71       		.byte	113
 189 00a0 8D       		.byte	-115
 190 00a1 42       		.byte	66
 191 00a2 8E       		.byte	-114
 192 00a3 02       		.byte	2
 193 00a4 8F       		.byte	-113
 194 00a5 09       		.byte	9
 195 00a6 90       		.byte	-112
 196 00a7 01       		.byte	1
 197 00a8 91       		.byte	-111
 198 00a9 40       		.byte	64
 199 00aa 92       		.byte	-110
 200 00ab 0E       		.byte	14
 201 00ac 93       		.byte	-109
 202 00ad 14       		.byte	20
 203 00ae 95       		.byte	-107
 204 00af 01       		.byte	1
 205 00b0 96       		.byte	-106
 206 00b1 40       		.byte	64
 207 00b2 99       		.byte	-103
 208 00b3 4F       		.byte	79
 209 00b4 9A       		.byte	-102
 210 00b5 10       		.byte	16
 211 00b6 9D       		.byte	-99
 212 00b7 1F       		.byte	31
 213 00b8 A0       		.byte	-96
 214 00b9 84       		.byte	-124
 215 00ba A1       		.byte	-95
 216 00bb 01       		.byte	1
 217 00bc A2       		.byte	-94
 218 00bd 21       		.byte	33
 219 00be A4       		.byte	-92
 220 00bf 85       		.byte	-123
 221 00c0 A5       		.byte	-91
 222 00c1 03       		.byte	3
 223 00c2 A6       		.byte	-90
 224 00c3 20       		.byte	32
 225 00c4 A8       		.byte	-88
 226 00c5 A5       		.byte	-91
 227 00c6 A9       		.byte	-87
 228 00c7 90       		.byte	-112
ARM GAS  C:\Users\mariu\AppData\Local\Temp\ccDrVxnB.s 			page 5


 229 00c8 AB       		.byte	-85
 230 00c9 0B       		.byte	11
 231 00ca AC       		.byte	-84
 232 00cb 84       		.byte	-124
 233 00cc AD       		.byte	-83
 234 00cd 03       		.byte	3
 235 00ce AE       		.byte	-82
 236 00cf 01       		.byte	1
 237 00d0 AF       		.byte	-81
 238 00d1 20       		.byte	32
 239 00d2 B0       		.byte	-80
 240 00d3 0F       		.byte	15
 241 00d4 B1       		.byte	-79
 242 00d5 E0       		.byte	-32
 243 00d6 B2       		.byte	-78
 244 00d7 40       		.byte	64
 245 00d8 B3       		.byte	-77
 246 00d9 1F       		.byte	31
 247 00da B4       		.byte	-76
 248 00db 30       		.byte	48
 249 00dc B6       		.byte	-74
 250 00dd 80       		.byte	-128
 251 00de B8       		.byte	-72
 252 00df 80       		.byte	-128
 253 00e0 B9       		.byte	-71
 254 00e1 02       		.byte	2
 255 00e2 BA       		.byte	-70
 256 00e3 02       		.byte	2
 257 00e4 BE       		.byte	-66
 258 00e5 40       		.byte	64
 259 00e6 BF       		.byte	-65
 260 00e7 01       		.byte	1
 261 00e8 D4       		.byte	-44
 262 00e9 20       		.byte	32
 263 00ea D6       		.byte	-42
 264 00eb 04       		.byte	4
 265 00ec D8       		.byte	-40
 266 00ed 04       		.byte	4
 267 00ee D9       		.byte	-39
 268 00ef 04       		.byte	4
 269 00f0 DB       		.byte	-37
 270 00f1 04       		.byte	4
 271 00f2 DF       		.byte	-33
 272 00f3 01       		.byte	1
 273 00f4 02       		.byte	2
 274 00f5 82       		.byte	-126
 275 00f6 03       		.byte	3
 276 00f7 10       		.byte	16
 277 00f8 08       		.byte	8
 278 00f9 01       		.byte	1
 279 00fa 0A       		.byte	10
 280 00fb 54       		.byte	84
 281 00fc 10       		.byte	16
 282 00fd 40       		.byte	64
 283 00fe 11       		.byte	17
 284 00ff 08       		.byte	8
 285 0100 12       		.byte	18
ARM GAS  C:\Users\mariu\AppData\Local\Temp\ccDrVxnB.s 			page 6


 286 0101 08       		.byte	8
 287 0102 13       		.byte	19
 288 0103 40       		.byte	64
 289 0104 19       		.byte	25
 290 0105 44       		.byte	68
 291 0106 1A       		.byte	26
 292 0107 54       		.byte	84
 293 0108 1B       		.byte	27
 294 0109 10       		.byte	16
 295 010a 21       		.byte	33
 296 010b 04       		.byte	4
 297 010c 22       		.byte	34
 298 010d 0A       		.byte	10
 299 010e 24       		.byte	36
 300 010f 20       		.byte	32
 301 0110 25       		.byte	37
 302 0111 04       		.byte	4
 303 0112 26       		.byte	38
 304 0113 84       		.byte	-124
 305 0114 27       		.byte	39
 306 0115 01       		.byte	1
 307 0116 29       		.byte	41
 308 0117 14       		.byte	20
 309 0118 2A       		.byte	42
 310 0119 41       		.byte	65
 311 011a 2B       		.byte	43
 312 011b 04       		.byte	4
 313 011c 2C       		.byte	44
 314 011d 02       		.byte	2
 315 011e 2F       		.byte	47
 316 011f 08       		.byte	8
 317 0120 30       		.byte	48
 318 0121 02       		.byte	2
 319 0122 32       		.byte	50
 320 0123 80       		.byte	-128
 321 0124 33       		.byte	51
 322 0125 14       		.byte	20
 323 0126 34       		.byte	52
 324 0127 02       		.byte	2
 325 0128 36       		.byte	54
 326 0129 04       		.byte	4
 327 012a 37       		.byte	55
 328 012b 11       		.byte	17
 329 012c 38       		.byte	56
 330 012d 20       		.byte	32
 331 012e 39       		.byte	57
 332 012f 06       		.byte	6
 333 0130 3B       		.byte	59
 334 0131 40       		.byte	64
 335 0132 3C       		.byte	60
 336 0133 80       		.byte	-128
 337 0134 3D       		.byte	61
 338 0135 10       		.byte	16
 339 0136 3F       		.byte	63
 340 0137 08       		.byte	8
 341 0138 58       		.byte	88
 342 0139 89       		.byte	-119
ARM GAS  C:\Users\mariu\AppData\Local\Temp\ccDrVxnB.s 			page 7


 343 013a 59       		.byte	89
 344 013b 20       		.byte	32
 345 013c 60       		.byte	96
 346 013d 04       		.byte	4
 347 013e 61       		.byte	97
 348 013f 40       		.byte	64
 349 0140 63       		.byte	99
 350 0141 80       		.byte	-128
 351 0142 6D       		.byte	109
 352 0143 14       		.byte	20
 353 0144 76       		.byte	118
 354 0145 A2       		.byte	-94
 355 0146 77       		.byte	119
 356 0147 04       		.byte	4
 357 0148 83       		.byte	-125
 358 0149 40       		.byte	64
 359 014a 84       		.byte	-124
 360 014b 02       		.byte	2
 361 014c 85       		.byte	-123
 362 014d 04       		.byte	4
 363 014e C0       		.byte	-64
 364 014f 0D       		.byte	13
 365 0150 C2       		.byte	-62
 366 0151 0E       		.byte	14
 367 0152 C4       		.byte	-60
 368 0153 0F       		.byte	15
 369 0154 CA       		.byte	-54
 370 0155 3F       		.byte	63
 371 0156 CC       		.byte	-52
 372 0157 EF       		.byte	-17
 373 0158 CE       		.byte	-50
 374 0159 7F       		.byte	127
 375 015a D6       		.byte	-42
 376 015b 0F       		.byte	15
 377 015c D8       		.byte	-40
 378 015d 0D       		.byte	13
 379 015e 00       		.byte	0
 380 015f 02       		.byte	2
 381 0160 02       		.byte	2
 382 0161 1C       		.byte	28
 383 0162 03       		.byte	3
 384 0163 01       		.byte	1
 385 0164 04       		.byte	4
 386 0165 0E       		.byte	14
 387 0166 05       		.byte	5
 388 0167 02       		.byte	2
 389 0168 06       		.byte	6
 390 0169 60       		.byte	96
 391 016a 07       		.byte	7
 392 016b 08       		.byte	8
 393 016c 0B       		.byte	11
 394 016d 04       		.byte	4
 395 016e 0C       		.byte	12
 396 016f 66       		.byte	102
 397 0170 0E       		.byte	14
 398 0171 08       		.byte	8
 399 0172 10       		.byte	16
ARM GAS  C:\Users\mariu\AppData\Local\Temp\ccDrVxnB.s 			page 8


 400 0173 40       		.byte	64
 401 0174 11       		.byte	17
 402 0175 0A       		.byte	10
 403 0176 12       		.byte	18
 404 0177 21       		.byte	33
 405 0178 13       		.byte	19
 406 0179 14       		.byte	20
 407 017a 16       		.byte	22
 408 017b 60       		.byte	96
 409 017c 17       		.byte	23
 410 017d 20       		.byte	32
 411 017e 18       		.byte	24
 412 017f 20       		.byte	32
 413 0180 19       		.byte	25
 414 0181 0C       		.byte	12
 415 0182 1A       		.byte	26
 416 0183 C0       		.byte	-64
 417 0184 1C       		.byte	28
 418 0185 04       		.byte	4
 419 0186 1D       		.byte	29
 420 0187 02       		.byte	2
 421 0188 1E       		.byte	30
 422 0189 6A       		.byte	106
 423 018a 1F       		.byte	31
 424 018b 04       		.byte	4
 425 018c 20       		.byte	32
 426 018d 6C       		.byte	108
 427 018e 21       		.byte	33
 428 018f 02       		.byte	2
 429 0190 22       		.byte	34
 430 0191 02       		.byte	2
 431 0192 23       		.byte	35
 432 0193 04       		.byte	4
 433 0194 28       		.byte	40
 434 0195 0E       		.byte	14
 435 0196 29       		.byte	41
 436 0197 10       		.byte	16
 437 0198 2A       		.byte	42
 438 0199 60       		.byte	96
 439 019a 2B       		.byte	43
 440 019b 0A       		.byte	10
 441 019c 2C       		.byte	44
 442 019d 22       		.byte	34
 443 019e 2D       		.byte	45
 444 019f 1E       		.byte	30
 445 01a0 2E       		.byte	46
 446 01a1 90       		.byte	-112
 447 01a2 30       		.byte	48
 448 01a3 1E       		.byte	30
 449 01a4 31       		.byte	49
 450 01a5 3E       		.byte	62
 451 01a6 33       		.byte	51
 452 01a7 01       		.byte	1
 453 01a8 34       		.byte	52
 454 01a9 E0       		.byte	-32
 455 01aa 36       		.byte	54
 456 01ab 01       		.byte	1
ARM GAS  C:\Users\mariu\AppData\Local\Temp\ccDrVxnB.s 			page 9


 457 01ac 3A       		.byte	58
 458 01ad 22       		.byte	34
 459 01ae 40       		.byte	64
 460 01af 56       		.byte	86
 461 01b0 44       		.byte	68
 462 01b1 01       		.byte	1
 463 01b2 45       		.byte	69
 464 01b3 0B       		.byte	11
 465 01b4 46       		.byte	70
 466 01b5 0D       		.byte	13
 467 01b6 48       		.byte	72
 468 01b7 05       		.byte	5
 469 01b8 49       		.byte	73
 470 01b9 FF       		.byte	-1
 471 01ba 4A       		.byte	74
 472 01bb 7F       		.byte	127
 473 01bc 4B       		.byte	75
 474 01bd FF       		.byte	-1
 475 01be 4C       		.byte	76
 476 01bf 42       		.byte	66
 477 01c0 4D       		.byte	77
 478 01c1 A0       		.byte	-96
 479 01c2 4E       		.byte	78
 480 01c3 70       		.byte	112
 481 01c4 50       		.byte	80
 482 01c5 0C       		.byte	12
 483 01c6 58       		.byte	88
 484 01c7 04       		.byte	4
 485 01c8 59       		.byte	89
 486 01c9 04       		.byte	4
 487 01ca 5A       		.byte	90
 488 01cb 04       		.byte	4
 489 01cc 5F       		.byte	95
 490 01cd 01       		.byte	1
 491 01ce 61       		.byte	97
 492 01cf 09       		.byte	9
 493 01d0 62       		.byte	98
 494 01d1 40       		.byte	64
 495 01d2 63       		.byte	99
 496 01d3 09       		.byte	9
 497 01d4 64       		.byte	100
 498 01d5 30       		.byte	48
 499 01d6 65       		.byte	101
 500 01d7 09       		.byte	9
 501 01d8 80       		.byte	-128
 502 01d9 01       		.byte	1
 503 01da 81       		.byte	-127
 504 01db 08       		.byte	8
 505 01dc 82       		.byte	-126
 506 01dd 02       		.byte	2
 507 01de 83       		.byte	-125
 508 01df 07       		.byte	7
 509 01e0 85       		.byte	-123
 510 01e1 01       		.byte	1
 511 01e2 89       		.byte	-119
 512 01e3 01       		.byte	1
 513 01e4 8D       		.byte	-115
ARM GAS  C:\Users\mariu\AppData\Local\Temp\ccDrVxnB.s 			page 10


 514 01e5 22       		.byte	34
 515 01e6 8F       		.byte	-113
 516 01e7 05       		.byte	5
 517 01e8 90       		.byte	-112
 518 01e9 01       		.byte	1
 519 01ea 91       		.byte	-111
 520 01eb FF       		.byte	-1
 521 01ec 92       		.byte	-110
 522 01ed 06       		.byte	6
 523 01ee 95       		.byte	-107
 524 01ef C0       		.byte	-64
 525 01f0 97       		.byte	-105
 526 01f1 07       		.byte	7
 527 01f2 99       		.byte	-103
 528 01f3 01       		.byte	1
 529 01f4 9D       		.byte	-99
 530 01f5 03       		.byte	3
 531 01f6 A1       		.byte	-95
 532 01f7 05       		.byte	5
 533 01f8 A3       		.byte	-93
 534 01f9 78       		.byte	120
 535 01fa A5       		.byte	-91
 536 01fb 3A       		.byte	58
 537 01fc A7       		.byte	-89
 538 01fd 04       		.byte	4
 539 01fe A9       		.byte	-87
 540 01ff 03       		.byte	3
 541 0200 AD       		.byte	-83
 542 0201 10       		.byte	16
 543 0202 AF       		.byte	-81
 544 0203 07       		.byte	7
 545 0204 B0       		.byte	-80
 546 0205 03       		.byte	3
 547 0206 B3       		.byte	-77
 548 0207 7F       		.byte	127
 549 0208 B4       		.byte	-76
 550 0209 04       		.byte	4
 551 020a B7       		.byte	-73
 552 020b 80       		.byte	-128
 553 020c B9       		.byte	-71
 554 020d 80       		.byte	-128
 555 020e BF       		.byte	-65
 556 020f 04       		.byte	4
 557 0210 C0       		.byte	-64
 558 0211 02       		.byte	2
 559 0212 C7       		.byte	-57
 560 0213 40       		.byte	64
 561 0214 C9       		.byte	-55
 562 0215 FF       		.byte	-1
 563 0216 CA       		.byte	-54
 564 0217 07       		.byte	7
 565 0218 CB       		.byte	-53
 566 0219 FF       		.byte	-1
 567 021a CC       		.byte	-52
 568 021b 40       		.byte	64
 569 021c CD       		.byte	-51
 570 021d 20       		.byte	32
ARM GAS  C:\Users\mariu\AppData\Local\Temp\ccDrVxnB.s 			page 11


 571 021e CE       		.byte	-50
 572 021f F0       		.byte	-16
 573 0220 CF       		.byte	-49
 574 0221 05       		.byte	5
 575 0222 D0       		.byte	-48
 576 0223 08       		.byte	8
 577 0224 D8       		.byte	-40
 578 0225 04       		.byte	4
 579 0226 D9       		.byte	-39
 580 0227 04       		.byte	4
 581 0228 DA       		.byte	-38
 582 0229 04       		.byte	4
 583 022a DD       		.byte	-35
 584 022b 01       		.byte	1
 585 022c DF       		.byte	-33
 586 022d 01       		.byte	1
 587 022e E0       		.byte	-32
 588 022f 40       		.byte	64
 589 0230 E1       		.byte	-31
 590 0231 A8       		.byte	-88
 591 0232 E2       		.byte	-30
 592 0233 40       		.byte	64
 593 0234 E3       		.byte	-29
 594 0235 20       		.byte	32
 595 0236 01       		.byte	1
 596 0237 02       		.byte	2
 597 0238 03       		.byte	3
 598 0239 12       		.byte	18
 599 023a 05       		.byte	5
 600 023b 01       		.byte	1
 601 023c 08       		.byte	8
 602 023d 08       		.byte	8
 603 023e 0A       		.byte	10
 604 023f 0A       		.byte	10
 605 0240 0B       		.byte	11
 606 0241 80       		.byte	-128
 607 0242 0E       		.byte	14
 608 0243 80       		.byte	-128
 609 0244 10       		.byte	16
 610 0245 41       		.byte	65
 611 0246 12       		.byte	18
 612 0247 04       		.byte	4
 613 0248 14       		.byte	20
 614 0249 40       		.byte	64
 615 024a 15       		.byte	21
 616 024b 02       		.byte	2
 617 024c 18       		.byte	24
 618 024d 02       		.byte	2
 619 024e 19       		.byte	25
 620 024f 22       		.byte	34
 621 0250 1A       		.byte	26
 622 0251 09       		.byte	9
 623 0252 1F       		.byte	31
 624 0253 21       		.byte	33
 625 0254 21       		.byte	33
 626 0255 08       		.byte	8
 627 0256 22       		.byte	34
ARM GAS  C:\Users\mariu\AppData\Local\Temp\ccDrVxnB.s 			page 12


 628 0257 01       		.byte	1
 629 0258 23       		.byte	35
 630 0259 40       		.byte	64
 631 025a 25       		.byte	37
 632 025b 44       		.byte	68
 633 025c 28       		.byte	40
 634 025d 4A       		.byte	74
 635 025e 29       		.byte	41
 636 025f 10       		.byte	16
 637 0260 2C       		.byte	44
 638 0261 80       		.byte	-128
 639 0262 2E       		.byte	46
 640 0263 58       		.byte	88
 641 0264 32       		.byte	50
 642 0265 81       		.byte	-127
 643 0266 33       		.byte	51
 644 0267 18       		.byte	24
 645 0268 34       		.byte	52
 646 0269 2B       		.byte	43
 647 026a 36       		.byte	54
 648 026b 80       		.byte	-128
 649 026c 38       		.byte	56
 650 026d 22       		.byte	34
 651 026e 39       		.byte	57
 652 026f 08       		.byte	8
 653 0270 3A       		.byte	58
 654 0271 0C       		.byte	12
 655 0272 3B       		.byte	59
 656 0273 10       		.byte	16
 657 0274 3D       		.byte	61
 658 0275 07       		.byte	7
 659 0276 3E       		.byte	62
 660 0277 20       		.byte	32
 661 0278 3F       		.byte	63
 662 0279 40       		.byte	64
 663 027a 40       		.byte	64
 664 027b 20       		.byte	32
 665 027c 41       		.byte	65
 666 027d 01       		.byte	1
 667 027e 42       		.byte	66
 668 027f 41       		.byte	65
 669 0280 43       		.byte	67
 670 0281 04       		.byte	4
 671 0282 45       		.byte	69
 672 0283 20       		.byte	32
 673 0284 48       		.byte	72
 674 0285 04       		.byte	4
 675 0286 4A       		.byte	74
 676 0287 12       		.byte	18
 677 0288 4F       		.byte	79
 678 0289 02       		.byte	2
 679 028a 52       		.byte	82
 680 028b C0       		.byte	-64
 681 028c 56       		.byte	86
 682 028d 01       		.byte	1
 683 028e 80       		.byte	-128
 684 028f 80       		.byte	-128
ARM GAS  C:\Users\mariu\AppData\Local\Temp\ccDrVxnB.s 			page 13


 685 0290 83       		.byte	-125
 686 0291 10       		.byte	16
 687 0292 85       		.byte	-123
 688 0293 01       		.byte	1
 689 0294 87       		.byte	-121
 690 0295 12       		.byte	18
 691 0296 90       		.byte	-112
 692 0297 20       		.byte	32
 693 0298 91       		.byte	-111
 694 0299 0C       		.byte	12
 695 029a 92       		.byte	-110
 696 029b 10       		.byte	16
 697 029c 94       		.byte	-108
 698 029d 04       		.byte	4
 699 029e 95       		.byte	-107
 700 029f 02       		.byte	2
 701 02a0 97       		.byte	-105
 702 02a1 40       		.byte	64
 703 02a2 98       		.byte	-104
 704 02a3 02       		.byte	2
 705 02a4 9A       		.byte	-102
 706 02a5 A2       		.byte	-94
 707 02a6 9B       		.byte	-101
 708 02a7 04       		.byte	4
 709 02a8 9C       		.byte	-100
 710 02a9 40       		.byte	64
 711 02aa 9D       		.byte	-99
 712 02ab 32       		.byte	50
 713 02ac 9E       		.byte	-98
 714 02ad 40       		.byte	64
 715 02ae 9F       		.byte	-97
 716 02af 10       		.byte	16
 717 02b0 A2       		.byte	-94
 718 02b1 02       		.byte	2
 719 02b2 A4       		.byte	-92
 720 02b3 40       		.byte	64
 721 02b4 AC       		.byte	-84
 722 02b5 08       		.byte	8
 723 02b6 AD       		.byte	-83
 724 02b7 02       		.byte	2
 725 02b8 AF       		.byte	-81
 726 02b9 08       		.byte	8
 727 02ba B4       		.byte	-76
 728 02bb 80       		.byte	-128
 729 02bc B6       		.byte	-74
 730 02bd 21       		.byte	33
 731 02be B7       		.byte	-73
 732 02bf 10       		.byte	16
 733 02c0 C0       		.byte	-64
 734 02c1 1D       		.byte	29
 735 02c2 C2       		.byte	-62
 736 02c3 1F       		.byte	31
 737 02c4 C4       		.byte	-60
 738 02c5 0B       		.byte	11
 739 02c6 CA       		.byte	-54
 740 02c7 FD       		.byte	-3
 741 02c8 CC       		.byte	-52
ARM GAS  C:\Users\mariu\AppData\Local\Temp\ccDrVxnB.s 			page 14


 742 02c9 FF       		.byte	-1
 743 02ca CE       		.byte	-50
 744 02cb F7       		.byte	-9
 745 02cc D0       		.byte	-48
 746 02cd 28       		.byte	40
 747 02ce D2       		.byte	-46
 748 02cf 0C       		.byte	12
 749 02d0 01       		.byte	1
 750 02d1 2A       		.byte	42
 751 02d2 03       		.byte	3
 752 02d3 10       		.byte	16
 753 02d4 04       		.byte	4
 754 02d5 0D       		.byte	13
 755 02d6 07       		.byte	7
 756 02d7 40       		.byte	64
 757 02d8 08       		.byte	8
 758 02d9 0D       		.byte	13
 759 02da 09       		.byte	9
 760 02db 06       		.byte	6
 761 02dc 0D       		.byte	13
 762 02dd 01       		.byte	1
 763 02de 0F       		.byte	15
 764 02df 1E       		.byte	30
 765 02e0 11       		.byte	17
 766 02e1 22       		.byte	34
 767 02e2 13       		.byte	19
 768 02e3 18       		.byte	24
 769 02e4 15       		.byte	21
 770 02e5 1C       		.byte	28
 771 02e6 17       		.byte	23
 772 02e7 22       		.byte	34
 773 02e8 19       		.byte	25
 774 02e9 04       		.byte	4
 775 02ea 1C       		.byte	28
 776 02eb 02       		.byte	2
 777 02ec 1D       		.byte	29
 778 02ed 01       		.byte	1
 779 02ee 1E       		.byte	30
 780 02ef 04       		.byte	4
 781 02f0 21       		.byte	33
 782 02f1 22       		.byte	34
 783 02f2 25       		.byte	37
 784 02f3 18       		.byte	24
 785 02f4 27       		.byte	39
 786 02f5 06       		.byte	6
 787 02f6 29       		.byte	41
 788 02f7 32       		.byte	50
 789 02f8 2B       		.byte	43
 790 02f9 08       		.byte	8
 791 02fa 2C       		.byte	44
 792 02fb 08       		.byte	8
 793 02fc 2D       		.byte	45
 794 02fd 3F       		.byte	63
 795 02fe 2E       		.byte	46
 796 02ff 01       		.byte	1
 797 0300 32       		.byte	50
 798 0301 03       		.byte	3
ARM GAS  C:\Users\mariu\AppData\Local\Temp\ccDrVxnB.s 			page 15


 799 0302 33       		.byte	51
 800 0303 60       		.byte	96
 801 0304 34       		.byte	52
 802 0305 0C       		.byte	12
 803 0306 37       		.byte	55
 804 0307 1F       		.byte	31
 805 0308 38       		.byte	56
 806 0309 28       		.byte	40
 807 030a 39       		.byte	57
 808 030b 80       		.byte	-128
 809 030c 3E       		.byte	62
 810 030d 10       		.byte	16
 811 030e 40       		.byte	64
 812 030f 64       		.byte	100
 813 0310 41       		.byte	65
 814 0311 03       		.byte	3
 815 0312 45       		.byte	69
 816 0313 E0       		.byte	-32
 817 0314 46       		.byte	70
 818 0315 0C       		.byte	12
 819 0316 47       		.byte	71
 820 0317 0B       		.byte	11
 821 0318 48       		.byte	72
 822 0319 16       		.byte	22
 823 031a 49       		.byte	73
 824 031b FF       		.byte	-1
 825 031c 4A       		.byte	74
 826 031d FF       		.byte	-1
 827 031e 4B       		.byte	75
 828 031f FF       		.byte	-1
 829 0320 4E       		.byte	78
 830 0321 F0       		.byte	-16
 831 0322 4F       		.byte	79
 832 0323 44       		.byte	68
 833 0324 50       		.byte	80
 834 0325 0C       		.byte	12
 835 0326 58       		.byte	88
 836 0327 04       		.byte	4
 837 0328 59       		.byte	89
 838 0329 04       		.byte	4
 839 032a 5A       		.byte	90
 840 032b 04       		.byte	4
 841 032c 5C       		.byte	92
 842 032d 01       		.byte	1
 843 032e 5D       		.byte	93
 844 032f 01       		.byte	1
 845 0330 5F       		.byte	95
 846 0331 01       		.byte	1
 847 0332 66       		.byte	102
 848 0333 C0       		.byte	-64
 849 0334 6A       		.byte	106
 850 0335 40       		.byte	64
 851 0336 6B       		.byte	107
 852 0337 02       		.byte	2
 853 0338 80       		.byte	-128
 854 0339 01       		.byte	1
 855 033a 81       		.byte	-127
ARM GAS  C:\Users\mariu\AppData\Local\Temp\ccDrVxnB.s 			page 16


 856 033b 92       		.byte	-110
 857 033c 82       		.byte	-126
 858 033d 06       		.byte	6
 859 033e 83       		.byte	-125
 860 033f 60       		.byte	96
 861 0340 85       		.byte	-123
 862 0341 5D       		.byte	93
 863 0342 86       		.byte	-122
 864 0343 13       		.byte	19
 865 0344 87       		.byte	-121
 866 0345 A2       		.byte	-94
 867 0346 89       		.byte	-119
 868 0347 40       		.byte	64
 869 0348 8B       		.byte	-117
 870 0349 1D       		.byte	29
 871 034a 8D       		.byte	-115
 872 034b 0D       		.byte	13
 873 034c 8E       		.byte	-114
 874 034d 13       		.byte	19
 875 034e 91       		.byte	-111
 876 034f 04       		.byte	4
 877 0350 92       		.byte	-110
 878 0351 13       		.byte	19
 879 0352 93       		.byte	-109
 880 0353 E0       		.byte	-32
 881 0354 94       		.byte	-108
 882 0355 01       		.byte	1
 883 0356 95       		.byte	-107
 884 0357 01       		.byte	1
 885 0358 96       		.byte	-106
 886 0359 1A       		.byte	26
 887 035a 9B       		.byte	-101
 888 035b FF       		.byte	-1
 889 035c 9C       		.byte	-100
 890 035d 12       		.byte	18
 891 035e 9D       		.byte	-99
 892 035f 3D       		.byte	61
 893 0360 9E       		.byte	-98
 894 0361 01       		.byte	1
 895 0362 9F       		.byte	-97
 896 0363 C2       		.byte	-62
 897 0364 A3       		.byte	-93
 898 0365 02       		.byte	2
 899 0366 A7       		.byte	-89
 900 0367 08       		.byte	8
 901 0368 A9       		.byte	-87
 902 0369 01       		.byte	1
 903 036a AC       		.byte	-84
 904 036b 01       		.byte	1
 905 036c AD       		.byte	-83
 906 036d E2       		.byte	-30
 907 036e AE       		.byte	-82
 908 036f 04       		.byte	4
 909 0370 B0       		.byte	-80
 910 0371 07       		.byte	7
 911 0372 B1       		.byte	-79
 912 0373 FF       		.byte	-1
ARM GAS  C:\Users\mariu\AppData\Local\Temp\ccDrVxnB.s 			page 17


 913 0374 B4       		.byte	-76
 914 0375 10       		.byte	16
 915 0376 B6       		.byte	-74
 916 0377 08       		.byte	8
 917 0378 BA       		.byte	-70
 918 0379 02       		.byte	2
 919 037a BE       		.byte	-66
 920 037b 10       		.byte	16
 921 037c BF       		.byte	-65
 922 037d 01       		.byte	1
 923 037e D8       		.byte	-40
 924 037f 04       		.byte	4
 925 0380 D9       		.byte	-39
 926 0381 04       		.byte	4
 927 0382 DF       		.byte	-33
 928 0383 01       		.byte	1
 929 0384 01       		.byte	1
 930 0385 82       		.byte	-126
 931 0386 03       		.byte	3
 932 0387 20       		.byte	32
 933 0388 04       		.byte	4
 934 0389 18       		.byte	24
 935 038a 07       		.byte	7
 936 038b 08       		.byte	8
 937 038c 09       		.byte	9
 938 038d 08       		.byte	8
 939 038e 0A       		.byte	10
 940 038f 01       		.byte	1
 941 0390 0B       		.byte	11
 942 0391 40       		.byte	64
 943 0392 0C       		.byte	12
 944 0393 40       		.byte	64
 945 0394 0F       		.byte	15
 946 0395 02       		.byte	2
 947 0396 10       		.byte	16
 948 0397 01       		.byte	1
 949 0398 17       		.byte	23
 950 0399 40       		.byte	64
 951 039a 18       		.byte	24
 952 039b 04       		.byte	4
 953 039c 19       		.byte	25
 954 039d 02       		.byte	2
 955 039e 1A       		.byte	26
 956 039f 01       		.byte	1
 957 03a0 1D       		.byte	29
 958 03a1 24       		.byte	36
 959 03a2 20       		.byte	32
 960 03a3 80       		.byte	-128
 961 03a4 26       		.byte	38
 962 03a5 88       		.byte	-120
 963 03a6 27       		.byte	39
 964 03a7 10       		.byte	16
 965 03a8 28       		.byte	40
 966 03a9 23       		.byte	35
 967 03aa 2A       		.byte	42
 968 03ab 22       		.byte	34
 969 03ac 2C       		.byte	44
ARM GAS  C:\Users\mariu\AppData\Local\Temp\ccDrVxnB.s 			page 18


 970 03ad 01       		.byte	1
 971 03ae 2D       		.byte	45
 972 03af 20       		.byte	32
 973 03b0 2E       		.byte	46
 974 03b1 0A       		.byte	10
 975 03b2 30       		.byte	48
 976 03b3 80       		.byte	-128
 977 03b4 31       		.byte	49
 978 03b5 10       		.byte	16
 979 03b6 32       		.byte	50
 980 03b7 01       		.byte	1
 981 03b8 33       		.byte	51
 982 03b9 05       		.byte	5
 983 03ba 36       		.byte	54
 984 03bb 98       		.byte	-104
 985 03bc 37       		.byte	55
 986 03bd 01       		.byte	1
 987 03be 38       		.byte	56
 988 03bf 20       		.byte	32
 989 03c0 39       		.byte	57
 990 03c1 0A       		.byte	10
 991 03c2 3A       		.byte	58
 992 03c3 40       		.byte	64
 993 03c4 3D       		.byte	61
 994 03c5 8A       		.byte	-118
 995 03c6 3E       		.byte	62
 996 03c7 10       		.byte	16
 997 03c8 40       		.byte	64
 998 03c9 20       		.byte	32
 999 03ca 42       		.byte	66
 1000 03cb 10       		.byte	16
 1001 03cc 44       		.byte	68
 1002 03cd 40       		.byte	64
 1003 03ce 47       		.byte	71
 1004 03cf 08       		.byte	8
 1005 03d0 4C       		.byte	76
 1006 03d1 04       		.byte	4
 1007 03d2 4D       		.byte	77
 1008 03d3 01       		.byte	1
 1009 03d4 56       		.byte	86
 1010 03d5 04       		.byte	4
 1011 03d6 57       		.byte	87
 1012 03d7 80       		.byte	-128
 1013 03d8 5C       		.byte	92
 1014 03d9 02       		.byte	2
 1015 03da 5E       		.byte	94
 1016 03db 02       		.byte	2
 1017 03dc 85       		.byte	-123
 1018 03dd 21       		.byte	33
 1019 03de 90       		.byte	-112
 1020 03df 20       		.byte	32
 1021 03e0 91       		.byte	-111
 1022 03e1 08       		.byte	8
 1023 03e2 92       		.byte	-110
 1024 03e3 12       		.byte	18
 1025 03e4 93       		.byte	-109
 1026 03e5 02       		.byte	2
ARM GAS  C:\Users\mariu\AppData\Local\Temp\ccDrVxnB.s 			page 19


 1027 03e6 94       		.byte	-108
 1028 03e7 04       		.byte	4
 1029 03e8 95       		.byte	-107
 1030 03e9 02       		.byte	2
 1031 03ea 98       		.byte	-104
 1032 03eb 02       		.byte	2
 1033 03ec 9A       		.byte	-102
 1034 03ed EB       		.byte	-21
 1035 03ee 9B       		.byte	-101
 1036 03ef 04       		.byte	4
 1037 03f0 9D       		.byte	-99
 1038 03f1 11       		.byte	17
 1039 03f2 9F       		.byte	-97
 1040 03f3 10       		.byte	16
 1041 03f4 A0       		.byte	-96
 1042 03f5 80       		.byte	-128
 1043 03f6 A1       		.byte	-95
 1044 03f7 4D       		.byte	77
 1045 03f8 A2       		.byte	-94
 1046 03f9 10       		.byte	16
 1047 03fa A3       		.byte	-93
 1048 03fb 21       		.byte	33
 1049 03fc A4       		.byte	-92
 1050 03fd 44       		.byte	68
 1051 03fe A5       		.byte	-91
 1052 03ff 20       		.byte	32
 1053 0400 A7       		.byte	-89
 1054 0401 08       		.byte	8
 1055 0402 AE       		.byte	-82
 1056 0403 40       		.byte	64
 1057 0404 AF       		.byte	-81
 1058 0405 40       		.byte	64
 1059 0406 C0       		.byte	-64
 1060 0407 6D       		.byte	109
 1061 0408 C2       		.byte	-62
 1062 0409 8D       		.byte	-115
 1063 040a C4       		.byte	-60
 1064 040b 81       		.byte	-127
 1065 040c CA       		.byte	-54
 1066 040d FF       		.byte	-1
 1067 040e CC       		.byte	-52
 1068 040f FF       		.byte	-1
 1069 0410 CE       		.byte	-50
 1070 0411 FF       		.byte	-1
 1071 0412 D0       		.byte	-48
 1072 0413 C0       		.byte	-64
 1073 0414 D2       		.byte	-46
 1074 0415 20       		.byte	32
 1075 0416 00       		.byte	0
 1076 0417 81       		.byte	-127
 1077 0418 01       		.byte	1
 1078 0419 46       		.byte	70
 1079 041a 02       		.byte	2
 1080 041b 40       		.byte	64
 1081 041c 03       		.byte	3
 1082 041d A9       		.byte	-87
 1083 041e 05       		.byte	5
ARM GAS  C:\Users\mariu\AppData\Local\Temp\ccDrVxnB.s 			page 20


 1084 041f 0E       		.byte	14
 1085 0420 06       		.byte	6
 1086 0421 28       		.byte	40
 1087 0422 07       		.byte	7
 1088 0423 30       		.byte	48
 1089 0424 08       		.byte	8
 1090 0425 08       		.byte	8
 1091 0426 09       		.byte	9
 1092 0427 40       		.byte	64
 1093 0428 0A       		.byte	10
 1094 0429 10       		.byte	16
 1095 042a 0B       		.byte	11
 1096 042b 13       		.byte	19
 1097 042c 0E       		.byte	14
 1098 042d 30       		.byte	48
 1099 042e 10       		.byte	16
 1100 042f 1E       		.byte	30
 1101 0430 11       		.byte	17
 1102 0431 2A       		.byte	42
 1103 0432 13       		.byte	19
 1104 0433 54       		.byte	84
 1105 0434 14       		.byte	20
 1106 0435 20       		.byte	32
 1107 0436 15       		.byte	21
 1108 0437 33       		.byte	51
 1109 0438 16       		.byte	22
 1110 0439 04       		.byte	4
 1111 043a 17       		.byte	23
 1112 043b 0C       		.byte	12
 1113 043c 19       		.byte	25
 1114 043d 80       		.byte	-128
 1115 043e 1B       		.byte	27
 1116 043f 56       		.byte	86
 1117 0440 1D       		.byte	29
 1118 0441 FF       		.byte	-1
 1119 0442 1E       		.byte	30
 1120 0443 10       		.byte	16
 1121 0444 20       		.byte	32
 1122 0445 7F       		.byte	127
 1123 0446 24       		.byte	36
 1124 0447 20       		.byte	32
 1125 0448 26       		.byte	38
 1126 0449 02       		.byte	2
 1127 044a 28       		.byte	40
 1128 044b 81       		.byte	-127
 1129 044c 2F       		.byte	47
 1130 044d 01       		.byte	1
 1131 044e 30       		.byte	48
 1132 044f 7E       		.byte	126
 1133 0450 31       		.byte	49
 1134 0451 FF       		.byte	-1
 1135 0452 32       		.byte	50
 1136 0453 80       		.byte	-128
 1137 0454 34       		.byte	52
 1138 0455 01       		.byte	1
 1139 0456 38       		.byte	56
 1140 0457 2A       		.byte	42
ARM GAS  C:\Users\mariu\AppData\Local\Temp\ccDrVxnB.s 			page 21


 1141 0458 3E       		.byte	62
 1142 0459 04       		.byte	4
 1143 045a 40       		.byte	64
 1144 045b 32       		.byte	50
 1145 045c 46       		.byte	70
 1146 045d 05       		.byte	5
 1147 045e 47       		.byte	71
 1148 045f 02       		.byte	2
 1149 0460 48       		.byte	72
 1150 0461 14       		.byte	20
 1151 0462 49       		.byte	73
 1152 0463 FF       		.byte	-1
 1153 0464 4A       		.byte	74
 1154 0465 FF       		.byte	-1
 1155 0466 4B       		.byte	75
 1156 0467 FF       		.byte	-1
 1157 0468 4C       		.byte	76
 1158 0469 42       		.byte	66
 1159 046a 4D       		.byte	77
 1160 046b A0       		.byte	-96
 1161 046c 4E       		.byte	78
 1162 046d 70       		.byte	112
 1163 046e 50       		.byte	80
 1164 046f 08       		.byte	8
 1165 0470 51       		.byte	81
 1166 0471 10       		.byte	16
 1167 0472 54       		.byte	84
 1168 0473 18       		.byte	24
 1169 0474 58       		.byte	88
 1170 0475 04       		.byte	4
 1171 0476 59       		.byte	89
 1172 0477 04       		.byte	4
 1173 0478 5A       		.byte	90
 1174 0479 04       		.byte	4
 1175 047a 5B       		.byte	91
 1176 047b 04       		.byte	4
 1177 047c 5D       		.byte	93
 1178 047d 10       		.byte	16
 1179 047e 5F       		.byte	95
 1180 047f 01       		.byte	1
 1181 0480 61       		.byte	97
 1182 0481 48       		.byte	72
 1183 0482 62       		.byte	98
 1184 0483 40       		.byte	64
 1185 0484 63       		.byte	99
 1186 0485 48       		.byte	72
 1187 0486 64       		.byte	100
 1188 0487 80       		.byte	-128
 1189 0488 65       		.byte	101
 1190 0489 48       		.byte	72
 1191 048a 66       		.byte	102
 1192 048b 80       		.byte	-128
 1193 048c 67       		.byte	103
 1194 048d 48       		.byte	72
 1195 048e 80       		.byte	-128
 1196 048f 38       		.byte	56
 1197 0490 82       		.byte	-126
ARM GAS  C:\Users\mariu\AppData\Local\Temp\ccDrVxnB.s 			page 22


 1198 0491 04       		.byte	4
 1199 0492 83       		.byte	-125
 1200 0493 01       		.byte	1
 1201 0494 84       		.byte	-124
 1202 0495 12       		.byte	18
 1203 0496 86       		.byte	-122
 1204 0497 20       		.byte	32
 1205 0498 88       		.byte	-120
 1206 0499 18       		.byte	24
 1207 049a 89       		.byte	-119
 1208 049b 01       		.byte	1
 1209 049c 8A       		.byte	-118
 1210 049d 22       		.byte	34
 1211 049e 8C       		.byte	-116
 1212 049f 20       		.byte	32
 1213 04a0 92       		.byte	-110
 1214 04a1 01       		.byte	1
 1215 04a2 94       		.byte	-108
 1216 04a3 80       		.byte	-128
 1217 04a4 95       		.byte	-107
 1218 04a5 01       		.byte	1
 1219 04a6 96       		.byte	-106
 1220 04a7 06       		.byte	6
 1221 04a8 9E       		.byte	-98
 1222 04a9 01       		.byte	1
 1223 04aa 9F       		.byte	-97
 1224 04ab 01       		.byte	1
 1225 04ac A0       		.byte	-96
 1226 04ad 40       		.byte	64
 1227 04ae A3       		.byte	-93
 1228 04af 01       		.byte	1
 1229 04b0 A4       		.byte	-92
 1230 04b1 20       		.byte	32
 1231 04b2 A6       		.byte	-90
 1232 04b3 18       		.byte	24
 1233 04b4 A8       		.byte	-88
 1234 04b5 28       		.byte	40
 1235 04b6 B0       		.byte	-80
 1236 04b7 01       		.byte	1
 1237 04b8 B2       		.byte	-78
 1238 04b9 3E       		.byte	62
 1239 04ba B4       		.byte	-76
 1240 04bb 40       		.byte	64
 1241 04bc B6       		.byte	-74
 1242 04bd 80       		.byte	-128
 1243 04be B7       		.byte	-73
 1244 04bf 01       		.byte	1
 1245 04c0 BE       		.byte	-66
 1246 04c1 51       		.byte	81
 1247 04c2 BF       		.byte	-65
 1248 04c3 40       		.byte	64
 1249 04c4 D8       		.byte	-40
 1250 04c5 04       		.byte	4
 1251 04c6 D9       		.byte	-39
 1252 04c7 04       		.byte	4
 1253 04c8 DC       		.byte	-36
 1254 04c9 01       		.byte	1
ARM GAS  C:\Users\mariu\AppData\Local\Temp\ccDrVxnB.s 			page 23


 1255 04ca DF       		.byte	-33
 1256 04cb 01       		.byte	1
 1257 04cc 00       		.byte	0
 1258 04cd 80       		.byte	-128
 1259 04ce 01       		.byte	1
 1260 04cf 20       		.byte	32
 1261 04d0 02       		.byte	2
 1262 04d1 90       		.byte	-112
 1263 04d2 04       		.byte	4
 1264 04d3 10       		.byte	16
 1265 04d4 05       		.byte	5
 1266 04d5 04       		.byte	4
 1267 04d6 06       		.byte	6
 1268 04d7 01       		.byte	1
 1269 04d8 07       		.byte	7
 1270 04d9 40       		.byte	64
 1271 04da 08       		.byte	8
 1272 04db 04       		.byte	4
 1273 04dc 0A       		.byte	10
 1274 04dd 02       		.byte	2
 1275 04de 0B       		.byte	11
 1276 04df 80       		.byte	-128
 1277 04e0 0C       		.byte	12
 1278 04e1 01       		.byte	1
 1279 04e2 0E       		.byte	14
 1280 04e3 22       		.byte	34
 1281 04e4 10       		.byte	16
 1282 04e5 88       		.byte	-120
 1283 04e6 11       		.byte	17
 1284 04e7 04       		.byte	4
 1285 04e8 15       		.byte	21
 1286 04e9 01       		.byte	1
 1287 04ea 16       		.byte	22
 1288 04eb 04       		.byte	4
 1289 04ec 17       		.byte	23
 1290 04ed 08       		.byte	8
 1291 04ee 19       		.byte	25
 1292 04ef 31       		.byte	49
 1293 04f0 1A       		.byte	26
 1294 04f1 10       		.byte	16
 1295 04f2 1C       		.byte	28
 1296 04f3 06       		.byte	6
 1297 04f4 1E       		.byte	30
 1298 04f5 20       		.byte	32
 1299 04f6 1F       		.byte	31
 1300 04f7 01       		.byte	1
 1301 04f8 20       		.byte	32
 1302 04f9 80       		.byte	-128
 1303 04fa 21       		.byte	33
 1304 04fb 01       		.byte	1
 1305 04fc 27       		.byte	39
 1306 04fd 01       		.byte	1
 1307 04fe 2A       		.byte	42
 1308 04ff 40       		.byte	64
 1309 0500 2F       		.byte	47
 1310 0501 80       		.byte	-128
 1311 0502 30       		.byte	48
ARM GAS  C:\Users\mariu\AppData\Local\Temp\ccDrVxnB.s 			page 24


 1312 0503 84       		.byte	-124
 1313 0504 31       		.byte	49
 1314 0505 10       		.byte	16
 1315 0506 32       		.byte	50
 1316 0507 05       		.byte	5
 1317 0508 37       		.byte	55
 1318 0509 48       		.byte	72
 1319 050a 39       		.byte	57
 1320 050b 06       		.byte	6
 1321 050c 3A       		.byte	58
 1322 050d 18       		.byte	24
 1323 050e 3C       		.byte	60
 1324 050f 10       		.byte	16
 1325 0510 3F       		.byte	63
 1326 0511 02       		.byte	2
 1327 0512 42       		.byte	66
 1328 0513 54       		.byte	84
 1329 0514 43       		.byte	67
 1330 0515 01       		.byte	1
 1331 0516 50       		.byte	80
 1332 0517 08       		.byte	8
 1333 0518 53       		.byte	83
 1334 0519 40       		.byte	64
 1335 051a 5B       		.byte	91
 1336 051b 02       		.byte	2
 1337 051c 60       		.byte	96
 1338 051d 08       		.byte	8
 1339 051e 63       		.byte	99
 1340 051f 01       		.byte	1
 1341 0520 83       		.byte	-125
 1342 0521 03       		.byte	3
 1343 0522 84       		.byte	-124
 1344 0523 01       		.byte	1
 1345 0524 88       		.byte	-120
 1346 0525 01       		.byte	1
 1347 0526 8C       		.byte	-116
 1348 0527 08       		.byte	8
 1349 0528 8D       		.byte	-115
 1350 0529 01       		.byte	1
 1351 052a 8E       		.byte	-114
 1352 052b 01       		.byte	1
 1353 052c 8F       		.byte	-113
 1354 052d 01       		.byte	1
 1355 052e 90       		.byte	-112
 1356 052f 10       		.byte	16
 1357 0530 91       		.byte	-111
 1358 0531 01       		.byte	1
 1359 0532 92       		.byte	-110
 1360 0533 0E       		.byte	14
 1361 0534 94       		.byte	-108
 1362 0535 04       		.byte	4
 1363 0536 95       		.byte	-107
 1364 0537 02       		.byte	2
 1365 0538 96       		.byte	-106
 1366 0539 40       		.byte	64
 1367 053a 99       		.byte	-103
 1368 053b 04       		.byte	4
ARM GAS  C:\Users\mariu\AppData\Local\Temp\ccDrVxnB.s 			page 25


 1369 053c 9A       		.byte	-102
 1370 053d 5D       		.byte	93
 1371 053e 9B       		.byte	-101
 1372 053f 48       		.byte	72
 1373 0540 9D       		.byte	-99
 1374 0541 11       		.byte	17
 1375 0542 A0       		.byte	-96
 1376 0543 80       		.byte	-128
 1377 0544 A2       		.byte	-94
 1378 0545 80       		.byte	-128
 1379 0546 A3       		.byte	-93
 1380 0547 81       		.byte	-127
 1381 0548 A4       		.byte	-92
 1382 0549 08       		.byte	8
 1383 054a A8       		.byte	-88
 1384 054b 20       		.byte	32
 1385 054c AB       		.byte	-85
 1386 054d 80       		.byte	-128
 1387 054e C0       		.byte	-64
 1388 054f FF       		.byte	-1
 1389 0550 C2       		.byte	-62
 1390 0551 BD       		.byte	-67
 1391 0552 C4       		.byte	-60
 1392 0553 7E       		.byte	126
 1393 0554 CA       		.byte	-54
 1394 0555 88       		.byte	-120
 1395 0556 CC       		.byte	-52
 1396 0557 5F       		.byte	95
 1397 0558 CE       		.byte	-50
 1398 0559 A7       		.byte	-89
 1399 055a D0       		.byte	-48
 1400 055b 06       		.byte	6
 1401 055c D6       		.byte	-42
 1402 055d 01       		.byte	1
 1403 055e D8       		.byte	-40
 1404 055f 0C       		.byte	12
 1405 0560 E2       		.byte	-30
 1406 0561 01       		.byte	1
 1407 0562 E4       		.byte	-28
 1408 0563 08       		.byte	8
 1409 0564 E6       		.byte	-26
 1410 0565 41       		.byte	65
 1411 0566 02       		.byte	2
 1412 0567 01       		.byte	1
 1413 0568 03       		.byte	3
 1414 0569 A9       		.byte	-87
 1415 056a 05       		.byte	5
 1416 056b 68       		.byte	104
 1417 056c 06       		.byte	6
 1418 056d 02       		.byte	2
 1419 056e 07       		.byte	7
 1420 056f 93       		.byte	-109
 1421 0570 0A       		.byte	10
 1422 0571 B5       		.byte	-75
 1423 0572 0E       		.byte	14
 1424 0573 04       		.byte	4
 1425 0574 10       		.byte	16
ARM GAS  C:\Users\mariu\AppData\Local\Temp\ccDrVxnB.s 			page 26


 1426 0575 CC       		.byte	-52
 1427 0576 12       		.byte	18
 1428 0577 13       		.byte	19
 1429 0578 13       		.byte	19
 1430 0579 02       		.byte	2
 1431 057a 14       		.byte	20
 1432 057b 02       		.byte	2
 1433 057c 17       		.byte	23
 1434 057d 16       		.byte	22
 1435 057e 18       		.byte	24
 1436 057f A9       		.byte	-87
 1437 0580 19       		.byte	25
 1438 0581 68       		.byte	104
 1439 0582 1A       		.byte	26
 1440 0583 54       		.byte	84
 1441 0584 1B       		.byte	27
 1442 0585 95       		.byte	-107
 1443 0586 1C       		.byte	28
 1444 0587 FF       		.byte	-1
 1445 0588 1D       		.byte	29
 1446 0589 56       		.byte	86
 1447 058a 1F       		.byte	31
 1448 058b 89       		.byte	-119
 1449 058c 20       		.byte	32
 1450 058d A5       		.byte	-91
 1451 058e 21       		.byte	33
 1452 058f 60       		.byte	96
 1453 0590 22       		.byte	34
 1454 0591 4A       		.byte	74
 1455 0592 23       		.byte	35
 1456 0593 80       		.byte	-128
 1457 0594 24       		.byte	36
 1458 0595 04       		.byte	4
 1459 0596 28       		.byte	40
 1460 0597 1A       		.byte	26
 1461 0598 2A       		.byte	42
 1462 0599 60       		.byte	96
 1463 059a 2C       		.byte	44
 1464 059b 4D       		.byte	77
 1465 059c 2E       		.byte	46
 1466 059d 92       		.byte	-110
 1467 059e 31       		.byte	49
 1468 059f 1B       		.byte	27
 1469 05a0 32       		.byte	50
 1470 05a1 FF       		.byte	-1
 1471 05a2 33       		.byte	51
 1472 05a3 07       		.byte	7
 1473 05a4 35       		.byte	53
 1474 05a5 E4       		.byte	-28
 1475 05a6 3B       		.byte	59
 1476 05a7 2A       		.byte	42
 1477 05a8 3E       		.byte	62
 1478 05a9 04       		.byte	4
 1479 05aa 54       		.byte	84
 1480 05ab 01       		.byte	1
 1481 05ac 58       		.byte	88
 1482 05ad 04       		.byte	4
ARM GAS  C:\Users\mariu\AppData\Local\Temp\ccDrVxnB.s 			page 27


 1483 05ae 59       		.byte	89
 1484 05af 04       		.byte	4
 1485 05b0 5B       		.byte	91
 1486 05b1 04       		.byte	4
 1487 05b2 5C       		.byte	92
 1488 05b3 10       		.byte	16
 1489 05b4 5D       		.byte	93
 1490 05b5 10       		.byte	16
 1491 05b6 5F       		.byte	95
 1492 05b7 01       		.byte	1
 1493 05b8 82       		.byte	-126
 1494 05b9 02       		.byte	2
 1495 05ba 83       		.byte	-125
 1496 05bb 08       		.byte	8
 1497 05bc 84       		.byte	-124
 1498 05bd 02       		.byte	2
 1499 05be 85       		.byte	-123
 1500 05bf 20       		.byte	32
 1501 05c0 87       		.byte	-121
 1502 05c1 42       		.byte	66
 1503 05c2 8B       		.byte	-117
 1504 05c3 04       		.byte	4
 1505 05c4 8C       		.byte	-116
 1506 05c5 02       		.byte	2
 1507 05c6 8F       		.byte	-113
 1508 05c7 0F       		.byte	15
 1509 05c8 93       		.byte	-109
 1510 05c9 08       		.byte	8
 1511 05ca 95       		.byte	-107
 1512 05cb 10       		.byte	16
 1513 05cc 98       		.byte	-104
 1514 05cd 02       		.byte	2
 1515 05ce 99       		.byte	-103
 1516 05cf 20       		.byte	32
 1517 05d0 9B       		.byte	-101
 1518 05d1 41       		.byte	65
 1519 05d2 9C       		.byte	-100
 1520 05d3 04       		.byte	4
 1521 05d4 9D       		.byte	-99
 1522 05d5 10       		.byte	16
 1523 05d6 A0       		.byte	-96
 1524 05d7 02       		.byte	2
 1525 05d8 A3       		.byte	-93
 1526 05d9 0F       		.byte	15
 1527 05da A4       		.byte	-92
 1528 05db 02       		.byte	2
 1529 05dc A5       		.byte	-91
 1530 05dd 0F       		.byte	15
 1531 05de A7       		.byte	-89
 1532 05df 80       		.byte	-128
 1533 05e0 A9       		.byte	-87
 1534 05e1 0F       		.byte	15
 1535 05e2 AE       		.byte	-82
 1536 05e3 01       		.byte	1
 1537 05e4 B1       		.byte	-79
 1538 05e5 80       		.byte	-128
 1539 05e6 B4       		.byte	-76
ARM GAS  C:\Users\mariu\AppData\Local\Temp\ccDrVxnB.s 			page 28


 1540 05e7 06       		.byte	6
 1541 05e8 B5       		.byte	-75
 1542 05e9 70       		.byte	112
 1543 05ea B6       		.byte	-74
 1544 05eb 01       		.byte	1
 1545 05ec B7       		.byte	-73
 1546 05ed 0F       		.byte	15
 1547 05ee B8       		.byte	-72
 1548 05ef 20       		.byte	32
 1549 05f0 B9       		.byte	-71
 1550 05f1 20       		.byte	32
 1551 05f2 BE       		.byte	-66
 1552 05f3 10       		.byte	16
 1553 05f4 BF       		.byte	-65
 1554 05f5 50       		.byte	80
 1555 05f6 D8       		.byte	-40
 1556 05f7 04       		.byte	4
 1557 05f8 D9       		.byte	-39
 1558 05f9 04       		.byte	4
 1559 05fa DF       		.byte	-33
 1560 05fb 01       		.byte	1
 1561 05fc 02       		.byte	2
 1562 05fd 40       		.byte	64
 1563 05fe 03       		.byte	3
 1564 05ff 11       		.byte	17
 1565 0600 05       		.byte	5
 1566 0601 10       		.byte	16
 1567 0602 06       		.byte	6
 1568 0603 A2       		.byte	-94
 1569 0604 0A       		.byte	10
 1570 0605 08       		.byte	8
 1571 0606 0B       		.byte	11
 1572 0607 06       		.byte	6
 1573 0608 0C       		.byte	12
 1574 0609 80       		.byte	-128
 1575 060a 0D       		.byte	13
 1576 060b 01       		.byte	1
 1577 060c 0E       		.byte	14
 1578 060d 12       		.byte	18
 1579 060e 0F       		.byte	15
 1580 060f 04       		.byte	4
 1581 0610 12       		.byte	18
 1582 0611 10       		.byte	16
 1583 0612 13       		.byte	19
 1584 0613 41       		.byte	65
 1585 0614 14       		.byte	20
 1586 0615 01       		.byte	1
 1587 0616 16       		.byte	22
 1588 0617 08       		.byte	8
 1589 0618 17       		.byte	23
 1590 0619 15       		.byte	21
 1591 061a 19       		.byte	25
 1592 061b 80       		.byte	-128
 1593 061c 1A       		.byte	26
 1594 061d 04       		.byte	4
 1595 061e 1F       		.byte	31
 1596 061f 08       		.byte	8
ARM GAS  C:\Users\mariu\AppData\Local\Temp\ccDrVxnB.s 			page 29


 1597 0620 20       		.byte	32
 1598 0621 08       		.byte	8
 1599 0622 21       		.byte	33
 1600 0623 80       		.byte	-128
 1601 0624 22       		.byte	34
 1602 0625 80       		.byte	-128
 1603 0626 23       		.byte	35
 1604 0627 40       		.byte	64
 1605 0628 24       		.byte	36
 1606 0629 18       		.byte	24
 1607 062a 25       		.byte	37
 1608 062b 04       		.byte	4
 1609 062c 26       		.byte	38
 1610 062d 10       		.byte	16
 1611 062e 27       		.byte	39
 1612 062f 48       		.byte	72
 1613 0630 29       		.byte	41
 1614 0631 11       		.byte	17
 1615 0632 2B       		.byte	43
 1616 0633 20       		.byte	32
 1617 0634 2F       		.byte	47
 1618 0635 80       		.byte	-128
 1619 0636 30       		.byte	48
 1620 0637 08       		.byte	8
 1621 0638 31       		.byte	49
 1622 0639 80       		.byte	-128
 1623 063a 32       		.byte	50
 1624 063b 01       		.byte	1
 1625 063c 33       		.byte	51
 1626 063d 11       		.byte	17
 1627 063e 35       		.byte	53
 1628 063f 04       		.byte	4
 1629 0640 36       		.byte	54
 1630 0641 12       		.byte	18
 1631 0642 37       		.byte	55
 1632 0643 40       		.byte	64
 1633 0644 38       		.byte	56
 1634 0645 20       		.byte	32
 1635 0646 39       		.byte	57
 1636 0647 0A       		.byte	10
 1637 0648 3A       		.byte	58
 1638 0649 10       		.byte	16
 1639 064a 3B       		.byte	59
 1640 064b 45       		.byte	69
 1641 064c 3D       		.byte	61
 1642 064d 08       		.byte	8
 1643 064e 3F       		.byte	63
 1644 064f 02       		.byte	2
 1645 0650 5C       		.byte	92
 1646 0651 24       		.byte	36
 1647 0652 5D       		.byte	93
 1648 0653 01       		.byte	1
 1649 0654 5E       		.byte	94
 1650 0655 40       		.byte	64
 1651 0656 62       		.byte	98
 1652 0657 03       		.byte	3
 1653 0658 84       		.byte	-124
ARM GAS  C:\Users\mariu\AppData\Local\Temp\ccDrVxnB.s 			page 30


 1654 0659 01       		.byte	1
 1655 065a 86       		.byte	-122
 1656 065b 10       		.byte	16
 1657 065c 90       		.byte	-112
 1658 065d 20       		.byte	32
 1659 065e 91       		.byte	-111
 1660 065f 09       		.byte	9
 1661 0660 92       		.byte	-110
 1662 0661 12       		.byte	18
 1663 0662 93       		.byte	-109
 1664 0663 02       		.byte	2
 1665 0664 94       		.byte	-108
 1666 0665 18       		.byte	24
 1667 0666 95       		.byte	-107
 1668 0667 02       		.byte	2
 1669 0668 97       		.byte	-105
 1670 0669 40       		.byte	64
 1671 066a 99       		.byte	-103
 1672 066b 04       		.byte	4
 1673 066c 9A       		.byte	-102
 1674 066d E7       		.byte	-25
 1675 066e 9B       		.byte	-101
 1676 066f 14       		.byte	20
 1677 0670 9D       		.byte	-99
 1678 0671 91       		.byte	-111
 1679 0672 9F       		.byte	-97
 1680 0673 40       		.byte	64
 1681 0674 A2       		.byte	-94
 1682 0675 01       		.byte	1
 1683 0676 A3       		.byte	-93
 1684 0677 A1       		.byte	-95
 1685 0678 A4       		.byte	-92
 1686 0679 04       		.byte	4
 1687 067a A7       		.byte	-89
 1688 067b 08       		.byte	8
 1689 067c AE       		.byte	-82
 1690 067d 80       		.byte	-128
 1691 067e C0       		.byte	-64
 1692 067f FD       		.byte	-3
 1693 0680 C2       		.byte	-62
 1694 0681 F3       		.byte	-13
 1695 0682 C4       		.byte	-60
 1696 0683 FD       		.byte	-3
 1697 0684 CA       		.byte	-54
 1698 0685 87       		.byte	-121
 1699 0686 CC       		.byte	-52
 1700 0687 FF       		.byte	-1
 1701 0688 CE       		.byte	-50
 1702 0689 CF       		.byte	-49
 1703 068a D6       		.byte	-42
 1704 068b F0       		.byte	-16
 1705 068c 00       		.byte	0
 1706 068d 02       		.byte	2
 1707 068e 02       		.byte	2
 1708 068f 15       		.byte	21
 1709 0690 03       		.byte	3
 1710 0691 01       		.byte	1
ARM GAS  C:\Users\mariu\AppData\Local\Temp\ccDrVxnB.s 			page 31


 1711 0692 04       		.byte	4
 1712 0693 44       		.byte	68
 1713 0694 06       		.byte	6
 1714 0695 2A       		.byte	42
 1715 0696 13       		.byte	19
 1716 0697 01       		.byte	1
 1717 0698 1C       		.byte	28
 1718 0699 80       		.byte	-128
 1719 069a 24       		.byte	36
 1720 069b E7       		.byte	-25
 1721 069c 28       		.byte	40
 1722 069d E7       		.byte	-25
 1723 069e 2C       		.byte	44
 1724 069f 21       		.byte	33
 1725 06a0 2E       		.byte	46
 1726 06a1 4A       		.byte	74
 1727 06a2 30       		.byte	48
 1728 06a3 07       		.byte	7
 1729 06a4 32       		.byte	50
 1730 06a5 80       		.byte	-128
 1731 06a6 33       		.byte	51
 1732 06a7 01       		.byte	1
 1733 06a8 34       		.byte	52
 1734 06a9 60       		.byte	96
 1735 06aa 36       		.byte	54
 1736 06ab 18       		.byte	24
 1737 06ac 3B       		.byte	59
 1738 06ad 02       		.byte	2
 1739 06ae 3E       		.byte	62
 1740 06af 40       		.byte	64
 1741 06b0 3F       		.byte	63
 1742 06b1 04       		.byte	4
 1743 06b2 40       		.byte	64
 1744 06b3 23       		.byte	35
 1745 06b4 41       		.byte	65
 1746 06b5 05       		.byte	5
 1747 06b6 42       		.byte	66
 1748 06b7 04       		.byte	4
 1749 06b8 44       		.byte	68
 1750 06b9 01       		.byte	1
 1751 06ba 46       		.byte	70
 1752 06bb E0       		.byte	-32
 1753 06bc 47       		.byte	71
 1754 06bd C0       		.byte	-64
 1755 06be 48       		.byte	72
 1756 06bf 28       		.byte	40
 1757 06c0 49       		.byte	73
 1758 06c1 FF       		.byte	-1
 1759 06c2 4A       		.byte	74
 1760 06c3 FF       		.byte	-1
 1761 06c4 4B       		.byte	75
 1762 06c5 FF       		.byte	-1
 1763 06c6 4C       		.byte	76
 1764 06c7 62       		.byte	98
 1765 06c8 4D       		.byte	77
 1766 06c9 A0       		.byte	-96
 1767 06ca 4E       		.byte	78
ARM GAS  C:\Users\mariu\AppData\Local\Temp\ccDrVxnB.s 			page 32


 1768 06cb F0       		.byte	-16
 1769 06cc 4F       		.byte	79
 1770 06cd 41       		.byte	65
 1771 06ce 50       		.byte	80
 1772 06cf 0C       		.byte	12
 1773 06d0 58       		.byte	88
 1774 06d1 04       		.byte	4
 1775 06d2 59       		.byte	89
 1776 06d3 04       		.byte	4
 1777 06d4 5A       		.byte	90
 1778 06d5 04       		.byte	4
 1779 06d6 5C       		.byte	92
 1780 06d7 11       		.byte	17
 1781 06d8 5D       		.byte	93
 1782 06d9 01       		.byte	1
 1783 06da 5F       		.byte	95
 1784 06db 01       		.byte	1
 1785 06dc 66       		.byte	102
 1786 06dd 40       		.byte	64
 1787 06de 67       		.byte	103
 1788 06df 02       		.byte	2
 1789 06e0 69       		.byte	105
 1790 06e1 10       		.byte	16
 1791 06e2 6A       		.byte	106
 1792 06e3 30       		.byte	48
 1793 06e4 6B       		.byte	107
 1794 06e5 10       		.byte	16
 1795 06e6 6D       		.byte	109
 1796 06e7 10       		.byte	16
 1797 06e8 6E       		.byte	110
 1798 06e9 10       		.byte	16
 1799 06ea 6F       		.byte	111
 1800 06eb 12       		.byte	18
 1801 06ec 80       		.byte	-128
 1802 06ed C3       		.byte	-61
 1803 06ee 83       		.byte	-125
 1804 06ef 01       		.byte	1
 1805 06f0 84       		.byte	-124
 1806 06f1 0C       		.byte	12
 1807 06f2 85       		.byte	-123
 1808 06f3 08       		.byte	8
 1809 06f4 88       		.byte	-120
 1810 06f5 04       		.byte	4
 1811 06f6 89       		.byte	-119
 1812 06f7 18       		.byte	24
 1813 06f8 8C       		.byte	-116
 1814 06f9 08       		.byte	8
 1815 06fa 8D       		.byte	-115
 1816 06fb 10       		.byte	16
 1817 06fc 90       		.byte	-112
 1818 06fd 82       		.byte	-126
 1819 06fe 91       		.byte	-111
 1820 06ff DF       		.byte	-33
 1821 0700 95       		.byte	-107
 1822 0701 19       		.byte	25
 1823 0702 96       		.byte	-106
 1824 0703 E3       		.byte	-29
ARM GAS  C:\Users\mariu\AppData\Local\Temp\ccDrVxnB.s 			page 33


 1825 0704 97       		.byte	-105
 1826 0705 C2       		.byte	-62
 1827 0706 98       		.byte	-104
 1828 0707 F3       		.byte	-13
 1829 0708 99       		.byte	-103
 1830 0709 19       		.byte	25
 1831 070a 9A       		.byte	-102
 1832 070b 0C       		.byte	12
 1833 070c 9B       		.byte	-101
 1834 070d C4       		.byte	-60
 1835 070e 9C       		.byte	-100
 1836 070f 41       		.byte	65
 1837 0710 A0       		.byte	-96
 1838 0711 FF       		.byte	-1
 1839 0712 A1       		.byte	-95
 1840 0713 01       		.byte	1
 1841 0714 A3       		.byte	-93
 1842 0715 20       		.byte	32
 1843 0716 A4       		.byte	-92
 1844 0717 1F       		.byte	31
 1845 0718 A5       		.byte	-91
 1846 0719 C7       		.byte	-57
 1847 071a A6       		.byte	-90
 1848 071b E0       		.byte	-32
 1849 071c A7       		.byte	-89
 1850 071d 18       		.byte	24
 1851 071e A8       		.byte	-88
 1852 071f 3C       		.byte	60
 1853 0720 AA       		.byte	-86
 1854 0721 C3       		.byte	-61
 1855 0722 AB       		.byte	-85
 1856 0723 46       		.byte	70
 1857 0724 B0       		.byte	-80
 1858 0725 2C       		.byte	44
 1859 0726 B1       		.byte	-79
 1860 0727 20       		.byte	32
 1861 0728 B2       		.byte	-78
 1862 0729 10       		.byte	16
 1863 072a B3       		.byte	-77
 1864 072b 1F       		.byte	31
 1865 072c B4       		.byte	-76
 1866 072d 0F       		.byte	15
 1867 072e B5       		.byte	-75
 1868 072f 58       		.byte	88
 1869 0730 B6       		.byte	-74
 1870 0731 C0       		.byte	-64
 1871 0732 B7       		.byte	-73
 1872 0733 80       		.byte	-128
 1873 0734 B9       		.byte	-71
 1874 0735 80       		.byte	-128
 1875 0736 BA       		.byte	-70
 1876 0737 20       		.byte	32
 1877 0738 BB       		.byte	-69
 1878 0739 28       		.byte	40
 1879 073a BE       		.byte	-66
 1880 073b 04       		.byte	4
 1881 073c D6       		.byte	-42
ARM GAS  C:\Users\mariu\AppData\Local\Temp\ccDrVxnB.s 			page 34


 1882 073d 02       		.byte	2
 1883 073e D7       		.byte	-41
 1884 073f 11       		.byte	17
 1885 0740 D8       		.byte	-40
 1886 0741 04       		.byte	4
 1887 0742 D9       		.byte	-39
 1888 0743 04       		.byte	4
 1889 0744 DB       		.byte	-37
 1890 0745 04       		.byte	4
 1891 0746 DC       		.byte	-36
 1892 0747 11       		.byte	17
 1893 0748 DD       		.byte	-35
 1894 0749 10       		.byte	16
 1895 074a DF       		.byte	-33
 1896 074b 01       		.byte	1
 1897 074c 00       		.byte	0
 1898 074d 04       		.byte	4
 1899 074e 01       		.byte	1
 1900 074f 02       		.byte	2
 1901 0750 05       		.byte	5
 1902 0751 02       		.byte	2
 1903 0752 07       		.byte	7
 1904 0753 29       		.byte	41
 1905 0754 09       		.byte	9
 1906 0755 40       		.byte	64
 1907 0756 0E       		.byte	14
 1908 0757 55       		.byte	85
 1909 0758 10       		.byte	16
 1910 0759 2A       		.byte	42
 1911 075a 15       		.byte	21
 1912 075b 02       		.byte	2
 1913 075c 17       		.byte	23
 1914 075d 14       		.byte	20
 1915 075e 18       		.byte	24
 1916 075f 05       		.byte	5
 1917 0760 19       		.byte	25
 1918 0761 02       		.byte	2
 1919 0762 1A       		.byte	26
 1920 0763 10       		.byte	16
 1921 0764 1C       		.byte	28
 1922 0765 10       		.byte	16
 1923 0766 1D       		.byte	29
 1924 0767 03       		.byte	3
 1925 0768 1E       		.byte	30
 1926 0769 06       		.byte	6
 1927 076a 21       		.byte	33
 1928 076b 09       		.byte	9
 1929 076c 22       		.byte	34
 1930 076d 02       		.byte	2
 1931 076e 25       		.byte	37
 1932 076f 01       		.byte	1
 1933 0770 27       		.byte	39
 1934 0771 16       		.byte	22
 1935 0772 2E       		.byte	46
 1936 0773 15       		.byte	21
 1937 0774 31       		.byte	49
 1938 0775 01       		.byte	1
ARM GAS  C:\Users\mariu\AppData\Local\Temp\ccDrVxnB.s 			page 35


 1939 0776 36       		.byte	54
 1940 0777 02       		.byte	2
 1941 0778 37       		.byte	55
 1942 0779 14       		.byte	20
 1943 077a 38       		.byte	56
 1944 077b 02       		.byte	2
 1945 077c 3C       		.byte	60
 1946 077d 80       		.byte	-128
 1947 077e 3D       		.byte	61
 1948 077f 02       		.byte	2
 1949 0780 3E       		.byte	62
 1950 0781 28       		.byte	40
 1951 0782 40       		.byte	64
 1952 0783 01       		.byte	1
 1953 0784 41       		.byte	65
 1954 0785 02       		.byte	2
 1955 0786 42       		.byte	66
 1956 0787 14       		.byte	20
 1957 0788 4A       		.byte	74
 1958 0789 02       		.byte	2
 1959 078a 50       		.byte	80
 1960 078b 01       		.byte	1
 1961 078c 51       		.byte	81
 1962 078d 10       		.byte	16
 1963 078e 5C       		.byte	92
 1964 078f 10       		.byte	16
 1965 0790 6C       		.byte	108
 1966 0791 28       		.byte	40
 1967 0792 6D       		.byte	109
 1968 0793 80       		.byte	-128
 1969 0794 74       		.byte	116
 1970 0795 40       		.byte	64
 1971 0796 76       		.byte	118
 1972 0797 28       		.byte	40
 1973 0798 77       		.byte	119
 1974 0799 29       		.byte	41
 1975 079a 80       		.byte	-128
 1976 079b 04       		.byte	4
 1977 079c 81       		.byte	-127
 1978 079d 08       		.byte	8
 1979 079e 82       		.byte	-126
 1980 079f 41       		.byte	65
 1981 07a0 88       		.byte	-120
 1982 07a1 02       		.byte	2
 1983 07a2 89       		.byte	-119
 1984 07a3 10       		.byte	16
 1985 07a4 8A       		.byte	-118
 1986 07a5 01       		.byte	1
 1987 07a6 8F       		.byte	-113
 1988 07a7 02       		.byte	2
 1989 07a8 C0       		.byte	-64
 1990 07a9 FC       		.byte	-4
 1991 07aa C2       		.byte	-62
 1992 07ab F1       		.byte	-15
 1993 07ac C4       		.byte	-60
 1994 07ad 77       		.byte	119
 1995 07ae CA       		.byte	-54
ARM GAS  C:\Users\mariu\AppData\Local\Temp\ccDrVxnB.s 			page 36


 1996 07af E0       		.byte	-32
 1997 07b0 CC       		.byte	-52
 1998 07b1 E1       		.byte	-31
 1999 07b2 CE       		.byte	-50
 2000 07b3 F1       		.byte	-15
 2001 07b4 D0       		.byte	-48
 2002 07b5 0F       		.byte	15
 2003 07b6 D2       		.byte	-46
 2004 07b7 08       		.byte	8
 2005 07b8 D6       		.byte	-42
 2006 07b9 20       		.byte	32
 2007 07ba E2       		.byte	-30
 2008 07bb 10       		.byte	16
 2009 07bc E4       		.byte	-28
 2010 07bd 08       		.byte	8
 2011 07be E6       		.byte	-26
 2012 07bf 20       		.byte	32
 2013 07c0 33       		.byte	51
 2014 07c1 10       		.byte	16
 2015 07c2 CC       		.byte	-52
 2016 07c3 10       		.byte	16
 2017 07c4 01       		.byte	1
 2018 07c5 20       		.byte	32
 2019 07c6 83       		.byte	-125
 2020 07c7 10       		.byte	16
 2021 07c8 9F       		.byte	-97
 2022 07c9 10       		.byte	16
 2023 07ca C0       		.byte	-64
 2024 07cb 40       		.byte	64
 2025 07cc E2       		.byte	-30
 2026 07cd 20       		.byte	32
 2027 07ce 02       		.byte	2
 2028 07cf 20       		.byte	32
 2029 07d0 06       		.byte	6
 2030 07d1 40       		.byte	64
 2031 07d2 53       		.byte	83
 2032 07d3 80       		.byte	-128
 2033 07d4 AD       		.byte	-83
 2034 07d5 20       		.byte	32
 2035 07d6 C0       		.byte	-64
 2036 07d7 30       		.byte	48
 2037 07d8 D4       		.byte	-44
 2038 07d9 20       		.byte	32
 2039 07da EC       		.byte	-20
 2040 07db 40       		.byte	64
 2041 07dc A7       		.byte	-89
 2042 07dd 80       		.byte	-128
 2043 07de AE       		.byte	-82
 2044 07df 60       		.byte	96
 2045 07e0 E8       		.byte	-24
 2046 07e1 10       		.byte	16
 2047 07e2 EC       		.byte	-20
 2048 07e3 40       		.byte	64
 2049 07e4 AF       		.byte	-81
 2050 07e5 80       		.byte	-128
 2051 07e6 EE       		.byte	-18
 2052 07e7 10       		.byte	16
ARM GAS  C:\Users\mariu\AppData\Local\Temp\ccDrVxnB.s 			page 37


 2053 07e8 74       		.byte	116
 2054 07e9 02       		.byte	2
 2055 07ea 8C       		.byte	-116
 2056 07eb 02       		.byte	2
 2057 07ec DE       		.byte	-34
 2058 07ed 20       		.byte	32
 2059 07ee 10       		.byte	16
 2060 07ef 80       		.byte	-128
 2061 07f0 74       		.byte	116
 2062 07f1 01       		.byte	1
 2063 07f2 84       		.byte	-124
 2064 07f3 01       		.byte	1
 2065 07f4 88       		.byte	-120
 2066 07f5 80       		.byte	-128
 2067 07f6 C4       		.byte	-60
 2068 07f7 08       		.byte	8
 2069 07f8 DE       		.byte	-34
 2070 07f9 04       		.byte	4
 2071 07fa E6       		.byte	-26
 2072 07fb 01       		.byte	1
 2073 07fc 00       		.byte	0
 2074 07fd 03       		.byte	3
 2075 07fe 08       		.byte	8
 2076 07ff 01       		.byte	1
 2077 0800 0A       		.byte	10
 2078 0801 03       		.byte	3
 2079 0802 10       		.byte	16
 2080 0803 03       		.byte	3
 2081 0804 1A       		.byte	26
 2082 0805 03       		.byte	3
 2083 0806 1C       		.byte	28
 2084 0807 02       		.byte	2
 2085 0808 00       		.byte	0
 2086 0809 03       		.byte	3
 2087 080a 00       		.byte	0
 2088 080b 00       		.byte	0
 2089 080c 84       		.byte	-124
 2090 080d 88       		.byte	-120
 2091 080e 00       		.byte	0
 2092 080f 00       		.byte	0
 2093 0810 4C       		.byte	76
 2094 0811 00       		.byte	0
 2095 0812 00       		.byte	0
 2096 0813 00       		.byte	0
 2097 0814 04       		.byte	4
 2098 0815 00       		.byte	0
 2099 0816 03       		.byte	3
 2100 0817 00       		.byte	0
 2101 0818 00       		.byte	0
 2102 0819 00       		.byte	0
 2103 081a 00       		.byte	0
 2104 081b 00       		.byte	0
 2105 081c 8C       		.byte	-116
 2106 081d 00       		.byte	0
 2107 081e 40       		.byte	64
 2108 081f 80       		.byte	-128
 2109 0820 8C       		.byte	-116
ARM GAS  C:\Users\mariu\AppData\Local\Temp\ccDrVxnB.s 			page 38


 2110 0821 00       		.byte	0
 2111 0822 8C       		.byte	-116
 2112 0823 00       		.byte	0
 2113 0824 00       		.byte	0
 2114 0825 00       		.byte	0
 2115 0826 00       		.byte	0
 2116 0827 00       		.byte	0
 2117 0828 00       		.byte	0
 2118 0829 0B       		.byte	11
 2119 082a 0B       		.byte	11
 2120 082b 00       		.byte	0
 2121 082c 00       		.byte	0
 2122 082d 00       		.byte	0
 2123 082e 00       		.byte	0
 2124 082f 00       		.byte	0
 2125              		.section	.cywolatch,"a",%progbits
 2126              		.align	2
 2127              		.type	cy_meta_wonvl, %object
 2128              		.size	cy_meta_wonvl, 4
 2129              	cy_meta_wonvl:
 2130 0000 BC       		.byte	-68
 2131 0001 90       		.byte	-112
 2132 0002 AC       		.byte	-84
 2133 0003 AF       		.byte	-81
 2134              		.section	.cycustnvl,"a",%progbits
 2135              		.align	2
 2136              		.type	cy_meta_custnvl, %object
 2137              		.size	cy_meta_custnvl, 4
 2138              	cy_meta_custnvl:
 2139 0000 00       		.byte	0
 2140 0001 00       		.byte	0
 2141 0002 40       		.byte	64
 2142 0003 05       		.byte	5
 2143              		.section	.cymeta,"a",%progbits
 2144              		.align	2
 2145              		.type	cy_metadata, %object
 2146              		.size	cy_metadata, 12
 2147              	cy_metadata:
 2148 0000 00       		.byte	0
 2149 0001 01       		.byte	1
 2150 0002 2E       		.byte	46
 2151 0003 16       		.byte	22
 2152 0004 10       		.byte	16
 2153 0005 69       		.byte	105
 2154 0006 00       		.byte	0
 2155 0007 01       		.byte	1
 2156 0008 00       		.byte	0
 2157 0009 00       		.byte	0
 2158 000a 00       		.byte	0
 2159 000b 00       		.byte	0
 2160              		.section	.cyflashprotect,"a",%progbits
 2161              		.align	2
 2162              		.type	cy_meta_flashprotect, %object
 2163              		.size	cy_meta_flashprotect, 256
 2164              	cy_meta_flashprotect:
 2165 0000 00000000 		.space	256
 2165      00000000 
ARM GAS  C:\Users\mariu\AppData\Local\Temp\ccDrVxnB.s 			page 39


 2165      00000000 
 2165      00000000 
 2165      00000000 
 2166              		.text
 2167              	.Letext0:
 2168              		.file 1 "c:\\program files (x86)\\cypress\\psoc creator\\4.4\\psoc creator\\import\\gnu\\arm\\5.4.
 2169              		.file 2 "c:\\program files (x86)\\cypress\\psoc creator\\4.4\\psoc creator\\import\\gnu\\arm\\5.4.
 2170              		.file 3 "Generated_Source\\PSoC5\\cymetadata.c"
 2171              		.section	.debug_info,"",%progbits
 2172              	.Ldebug_info0:
 2173 0000 35010000 		.4byte	0x135
 2174 0004 0400     		.2byte	0x4
 2175 0006 00000000 		.4byte	.Ldebug_abbrev0
 2176 000a 04       		.byte	0x4
 2177 000b 01       		.uleb128 0x1
 2178 000c 24000000 		.4byte	.LASF17
 2179 0010 0C       		.byte	0xc
 2180 0011 D2010000 		.4byte	.LASF18
 2181 0015 D7000000 		.4byte	.LASF19
 2182 0019 00000000 		.4byte	.Ldebug_line0
 2183 001d 02       		.uleb128 0x2
 2184 001e 01       		.byte	0x1
 2185 001f 06       		.byte	0x6
 2186 0020 C6010000 		.4byte	.LASF0
 2187 0024 03       		.uleb128 0x3
 2188 0025 00000000 		.4byte	.LASF9
 2189 0029 01       		.byte	0x1
 2190 002a 1D       		.byte	0x1d
 2191 002b 2F000000 		.4byte	0x2f
 2192 002f 02       		.uleb128 0x2
 2193 0030 01       		.byte	0x1
 2194 0031 08       		.byte	0x8
 2195 0032 16000000 		.4byte	.LASF1
 2196 0036 02       		.uleb128 0x2
 2197 0037 02       		.byte	0x2
 2198 0038 05       		.byte	0x5
 2199 0039 B3010000 		.4byte	.LASF2
 2200 003d 02       		.uleb128 0x2
 2201 003e 02       		.byte	0x2
 2202 003f 07       		.byte	0x7
 2203 0040 C4000000 		.4byte	.LASF3
 2204 0044 02       		.uleb128 0x2
 2205 0045 04       		.byte	0x4
 2206 0046 05       		.byte	0x5
 2207 0047 BD010000 		.4byte	.LASF4
 2208 004b 02       		.uleb128 0x2
 2209 004c 04       		.byte	0x4
 2210 004d 07       		.byte	0x7
 2211 004e B2000000 		.4byte	.LASF5
 2212 0052 02       		.uleb128 0x2
 2213 0053 08       		.byte	0x8
 2214 0054 05       		.byte	0x5
 2215 0055 A5010000 		.4byte	.LASF6
 2216 0059 02       		.uleb128 0x2
 2217 005a 08       		.byte	0x8
 2218 005b 07       		.byte	0x7
 2219 005c 5A010000 		.4byte	.LASF7
ARM GAS  C:\Users\mariu\AppData\Local\Temp\ccDrVxnB.s 			page 40


 2220 0060 04       		.uleb128 0x4
 2221 0061 04       		.byte	0x4
 2222 0062 05       		.byte	0x5
 2223 0063 696E7400 		.ascii	"int\000"
 2224 0067 02       		.uleb128 0x2
 2225 0068 04       		.byte	0x4
 2226 0069 07       		.byte	0x7
 2227 006a 4D010000 		.4byte	.LASF8
 2228 006e 03       		.uleb128 0x3
 2229 006f 71010000 		.4byte	.LASF10
 2230 0073 02       		.byte	0x2
 2231 0074 18       		.byte	0x18
 2232 0075 24000000 		.4byte	0x24
 2233 0079 05       		.uleb128 0x5
 2234 007a 91000000 		.4byte	0x91
 2235 007e 8A000000 		.4byte	0x8a
 2236 0082 06       		.uleb128 0x6
 2237 0083 8A000000 		.4byte	0x8a
 2238 0087 2F08     		.2byte	0x82f
 2239 0089 00       		.byte	0
 2240 008a 02       		.uleb128 0x2
 2241 008b 04       		.byte	0x4
 2242 008c 07       		.byte	0x7
 2243 008d 9C010000 		.4byte	.LASF11
 2244 0091 07       		.uleb128 0x7
 2245 0092 6E000000 		.4byte	0x6e
 2246 0096 08       		.uleb128 0x8
 2247 0097 3B010000 		.4byte	.LASF12
 2248 009b 03       		.byte	0x3
 2249 009c 1F       		.byte	0x1f
 2250 009d A7000000 		.4byte	0xa7
 2251 00a1 05       		.uleb128 0x5
 2252 00a2 03       		.byte	0x3
 2253 00a3 00000000 		.4byte	cy_meta_configecc
 2254 00a7 07       		.uleb128 0x7
 2255 00a8 79000000 		.4byte	0x79
 2256 00ac 05       		.uleb128 0x5
 2257 00ad 91000000 		.4byte	0x91
 2258 00b1 BC000000 		.4byte	0xbc
 2259 00b5 09       		.uleb128 0x9
 2260 00b6 8A000000 		.4byte	0x8a
 2261 00ba 03       		.byte	0x3
 2262 00bb 00       		.byte	0
 2263 00bc 0A       		.uleb128 0xa
 2264 00bd 2B010000 		.4byte	.LASF13
 2265 00c1 03       		.byte	0x3
 2266 00c2 3201     		.2byte	0x132
 2267 00c4 CE000000 		.4byte	0xce
 2268 00c8 05       		.uleb128 0x5
 2269 00c9 03       		.byte	0x3
 2270 00ca 00000000 		.4byte	cy_meta_custnvl
 2271 00ce 07       		.uleb128 0x7
 2272 00cf AC000000 		.4byte	0xac
 2273 00d3 0A       		.uleb128 0xa
 2274 00d4 8E010000 		.4byte	.LASF14
 2275 00d8 03       		.byte	0x3
 2276 00d9 4001     		.2byte	0x140
ARM GAS  C:\Users\mariu\AppData\Local\Temp\ccDrVxnB.s 			page 41


 2277 00db E5000000 		.4byte	0xe5
 2278 00df 05       		.uleb128 0x5
 2279 00e0 03       		.byte	0x3
 2280 00e1 00000000 		.4byte	cy_meta_wonvl
 2281 00e5 07       		.uleb128 0x7
 2282 00e6 AC000000 		.4byte	0xac
 2283 00ea 05       		.uleb128 0x5
 2284 00eb 91000000 		.4byte	0x91
 2285 00ef FA000000 		.4byte	0xfa
 2286 00f3 09       		.uleb128 0x9
 2287 00f4 8A000000 		.4byte	0x8a
 2288 00f8 FF       		.byte	0xff
 2289 00f9 00       		.byte	0
 2290 00fa 0A       		.uleb128 0xa
 2291 00fb 79010000 		.4byte	.LASF15
 2292 00ff 03       		.byte	0x3
 2293 0100 4E01     		.2byte	0x14e
 2294 0102 0C010000 		.4byte	0x10c
 2295 0106 05       		.uleb128 0x5
 2296 0107 03       		.byte	0x3
 2297 0108 00000000 		.4byte	cy_meta_flashprotect
 2298 010c 07       		.uleb128 0x7
 2299 010d EA000000 		.4byte	0xea
 2300 0111 05       		.uleb128 0x5
 2301 0112 91000000 		.4byte	0x91
 2302 0116 21010000 		.4byte	0x121
 2303 011a 09       		.uleb128 0x9
 2304 011b 8A000000 		.4byte	0x8a
 2305 011f 0B       		.byte	0xb
 2306 0120 00       		.byte	0
 2307 0121 0A       		.uleb128 0xa
 2308 0122 0A000000 		.4byte	.LASF16
 2309 0126 03       		.byte	0x3
 2310 0127 7B01     		.2byte	0x17b
 2311 0129 33010000 		.4byte	0x133
 2312 012d 05       		.uleb128 0x5
 2313 012e 03       		.byte	0x3
 2314 012f 00000000 		.4byte	cy_metadata
 2315 0133 07       		.uleb128 0x7
 2316 0134 11010000 		.4byte	0x111
 2317 0138 00       		.byte	0
 2318              		.section	.debug_abbrev,"",%progbits
 2319              	.Ldebug_abbrev0:
 2320 0000 01       		.uleb128 0x1
 2321 0001 11       		.uleb128 0x11
 2322 0002 01       		.byte	0x1
 2323 0003 25       		.uleb128 0x25
 2324 0004 0E       		.uleb128 0xe
 2325 0005 13       		.uleb128 0x13
 2326 0006 0B       		.uleb128 0xb
 2327 0007 03       		.uleb128 0x3
 2328 0008 0E       		.uleb128 0xe
 2329 0009 1B       		.uleb128 0x1b
 2330 000a 0E       		.uleb128 0xe
 2331 000b 10       		.uleb128 0x10
 2332 000c 17       		.uleb128 0x17
 2333 000d 00       		.byte	0
ARM GAS  C:\Users\mariu\AppData\Local\Temp\ccDrVxnB.s 			page 42


 2334 000e 00       		.byte	0
 2335 000f 02       		.uleb128 0x2
 2336 0010 24       		.uleb128 0x24
 2337 0011 00       		.byte	0
 2338 0012 0B       		.uleb128 0xb
 2339 0013 0B       		.uleb128 0xb
 2340 0014 3E       		.uleb128 0x3e
 2341 0015 0B       		.uleb128 0xb
 2342 0016 03       		.uleb128 0x3
 2343 0017 0E       		.uleb128 0xe
 2344 0018 00       		.byte	0
 2345 0019 00       		.byte	0
 2346 001a 03       		.uleb128 0x3
 2347 001b 16       		.uleb128 0x16
 2348 001c 00       		.byte	0
 2349 001d 03       		.uleb128 0x3
 2350 001e 0E       		.uleb128 0xe
 2351 001f 3A       		.uleb128 0x3a
 2352 0020 0B       		.uleb128 0xb
 2353 0021 3B       		.uleb128 0x3b
 2354 0022 0B       		.uleb128 0xb
 2355 0023 49       		.uleb128 0x49
 2356 0024 13       		.uleb128 0x13
 2357 0025 00       		.byte	0
 2358 0026 00       		.byte	0
 2359 0027 04       		.uleb128 0x4
 2360 0028 24       		.uleb128 0x24
 2361 0029 00       		.byte	0
 2362 002a 0B       		.uleb128 0xb
 2363 002b 0B       		.uleb128 0xb
 2364 002c 3E       		.uleb128 0x3e
 2365 002d 0B       		.uleb128 0xb
 2366 002e 03       		.uleb128 0x3
 2367 002f 08       		.uleb128 0x8
 2368 0030 00       		.byte	0
 2369 0031 00       		.byte	0
 2370 0032 05       		.uleb128 0x5
 2371 0033 01       		.uleb128 0x1
 2372 0034 01       		.byte	0x1
 2373 0035 49       		.uleb128 0x49
 2374 0036 13       		.uleb128 0x13
 2375 0037 01       		.uleb128 0x1
 2376 0038 13       		.uleb128 0x13
 2377 0039 00       		.byte	0
 2378 003a 00       		.byte	0
 2379 003b 06       		.uleb128 0x6
 2380 003c 21       		.uleb128 0x21
 2381 003d 00       		.byte	0
 2382 003e 49       		.uleb128 0x49
 2383 003f 13       		.uleb128 0x13
 2384 0040 2F       		.uleb128 0x2f
 2385 0041 05       		.uleb128 0x5
 2386 0042 00       		.byte	0
 2387 0043 00       		.byte	0
 2388 0044 07       		.uleb128 0x7
 2389 0045 26       		.uleb128 0x26
 2390 0046 00       		.byte	0
ARM GAS  C:\Users\mariu\AppData\Local\Temp\ccDrVxnB.s 			page 43


 2391 0047 49       		.uleb128 0x49
 2392 0048 13       		.uleb128 0x13
 2393 0049 00       		.byte	0
 2394 004a 00       		.byte	0
 2395 004b 08       		.uleb128 0x8
 2396 004c 34       		.uleb128 0x34
 2397 004d 00       		.byte	0
 2398 004e 03       		.uleb128 0x3
 2399 004f 0E       		.uleb128 0xe
 2400 0050 3A       		.uleb128 0x3a
 2401 0051 0B       		.uleb128 0xb
 2402 0052 3B       		.uleb128 0x3b
 2403 0053 0B       		.uleb128 0xb
 2404 0054 49       		.uleb128 0x49
 2405 0055 13       		.uleb128 0x13
 2406 0056 3F       		.uleb128 0x3f
 2407 0057 19       		.uleb128 0x19
 2408 0058 02       		.uleb128 0x2
 2409 0059 18       		.uleb128 0x18
 2410 005a 00       		.byte	0
 2411 005b 00       		.byte	0
 2412 005c 09       		.uleb128 0x9
 2413 005d 21       		.uleb128 0x21
 2414 005e 00       		.byte	0
 2415 005f 49       		.uleb128 0x49
 2416 0060 13       		.uleb128 0x13
 2417 0061 2F       		.uleb128 0x2f
 2418 0062 0B       		.uleb128 0xb
 2419 0063 00       		.byte	0
 2420 0064 00       		.byte	0
 2421 0065 0A       		.uleb128 0xa
 2422 0066 34       		.uleb128 0x34
 2423 0067 00       		.byte	0
 2424 0068 03       		.uleb128 0x3
 2425 0069 0E       		.uleb128 0xe
 2426 006a 3A       		.uleb128 0x3a
 2427 006b 0B       		.uleb128 0xb
 2428 006c 3B       		.uleb128 0x3b
 2429 006d 05       		.uleb128 0x5
 2430 006e 49       		.uleb128 0x49
 2431 006f 13       		.uleb128 0x13
 2432 0070 3F       		.uleb128 0x3f
 2433 0071 19       		.uleb128 0x19
 2434 0072 02       		.uleb128 0x2
 2435 0073 18       		.uleb128 0x18
 2436 0074 00       		.byte	0
 2437 0075 00       		.byte	0
 2438 0076 00       		.byte	0
 2439              		.section	.debug_aranges,"",%progbits
 2440 0000 14000000 		.4byte	0x14
 2441 0004 0200     		.2byte	0x2
 2442 0006 00000000 		.4byte	.Ldebug_info0
 2443 000a 04       		.byte	0x4
 2444 000b 00       		.byte	0
 2445 000c 0000     		.2byte	0
 2446 000e 0000     		.2byte	0
 2447 0010 00000000 		.4byte	0
ARM GAS  C:\Users\mariu\AppData\Local\Temp\ccDrVxnB.s 			page 44


 2448 0014 00000000 		.4byte	0
 2449              		.section	.debug_line,"",%progbits
 2450              	.Ldebug_line0:
 2451 0000 3D010000 		.section	.debug_str,"MS",%progbits,1
 2451      02003701 
 2451      00000201 
 2451      FB0E0D00 
 2451      01010101 
 2452              	.LASF9:
 2453 0000 5F5F7569 		.ascii	"__uint8_t\000"
 2453      6E74385F 
 2453      7400
 2454              	.LASF16:
 2455 000a 63795F6D 		.ascii	"cy_metadata\000"
 2455      65746164 
 2455      61746100 
 2456              	.LASF1:
 2457 0016 756E7369 		.ascii	"unsigned char\000"
 2457      676E6564 
 2457      20636861 
 2457      7200
 2458              	.LASF17:
 2459 0024 474E5520 		.ascii	"GNU C11 5.4.1 20160609 (release) [ARM/embedded-5-br"
 2459      43313120 
 2459      352E342E 
 2459      31203230 
 2459      31363036 
 2460 0057 616E6368 		.ascii	"anch revision 237715] -mcpu=cortex-m3 -mthumb -g -O"
 2460      20726576 
 2460      6973696F 
 2460      6E203233 
 2460      37373135 
 2461 008a 67202D66 		.ascii	"g -ffunction-sections -ffat-lto-objects\000"
 2461      66756E63 
 2461      74696F6E 
 2461      2D736563 
 2461      74696F6E 
 2462              	.LASF5:
 2463 00b2 6C6F6E67 		.ascii	"long unsigned int\000"
 2463      20756E73 
 2463      69676E65 
 2463      6420696E 
 2463      7400
 2464              	.LASF3:
 2465 00c4 73686F72 		.ascii	"short unsigned int\000"
 2465      7420756E 
 2465      7369676E 
 2465      65642069 
 2465      6E7400
 2466              	.LASF19:
 2467 00d7 433A5C55 		.ascii	"C:\\Users\\mariu\\Documents\\PSoC Creator\\Exercise"
 2467      73657273 
 2467      5C6D6172 
 2467      69755C44 
 2467      6F63756D 
 2468 0105 735C4A6F 		.ascii	"s\\Journal 2\\Journal2\\Exercise_2.cydsn\000"
 2468      75726E61 
ARM GAS  C:\Users\mariu\AppData\Local\Temp\ccDrVxnB.s 			page 45


 2468      6C20325C 
 2468      4A6F7572 
 2468      6E616C32 
 2469              	.LASF13:
 2470 012b 63795F6D 		.ascii	"cy_meta_custnvl\000"
 2470      6574615F 
 2470      63757374 
 2470      6E766C00 
 2471              	.LASF12:
 2472 013b 63795F6D 		.ascii	"cy_meta_configecc\000"
 2472      6574615F 
 2472      636F6E66 
 2472      69676563 
 2472      6300
 2473              	.LASF8:
 2474 014d 756E7369 		.ascii	"unsigned int\000"
 2474      676E6564 
 2474      20696E74 
 2474      00
 2475              	.LASF7:
 2476 015a 6C6F6E67 		.ascii	"long long unsigned int\000"
 2476      206C6F6E 
 2476      6720756E 
 2476      7369676E 
 2476      65642069 
 2477              	.LASF10:
 2478 0171 75696E74 		.ascii	"uint8_t\000"
 2478      385F7400 
 2479              	.LASF15:
 2480 0179 63795F6D 		.ascii	"cy_meta_flashprotect\000"
 2480      6574615F 
 2480      666C6173 
 2480      6870726F 
 2480      74656374 
 2481              	.LASF14:
 2482 018e 63795F6D 		.ascii	"cy_meta_wonvl\000"
 2482      6574615F 
 2482      776F6E76 
 2482      6C00
 2483              	.LASF11:
 2484 019c 73697A65 		.ascii	"sizetype\000"
 2484      74797065 
 2484      00
 2485              	.LASF6:
 2486 01a5 6C6F6E67 		.ascii	"long long int\000"
 2486      206C6F6E 
 2486      6720696E 
 2486      7400
 2487              	.LASF2:
 2488 01b3 73686F72 		.ascii	"short int\000"
 2488      7420696E 
 2488      7400
 2489              	.LASF4:
 2490 01bd 6C6F6E67 		.ascii	"long int\000"
 2490      20696E74 
 2490      00
 2491              	.LASF0:
ARM GAS  C:\Users\mariu\AppData\Local\Temp\ccDrVxnB.s 			page 46


 2492 01c6 7369676E 		.ascii	"signed char\000"
 2492      65642063 
 2492      68617200 
 2493              	.LASF18:
 2494 01d2 47656E65 		.ascii	"Generated_Source\\PSoC5\\cymetadata.c\000"
 2494      72617465 
 2494      645F536F 
 2494      75726365 
 2494      5C50536F 
 2495              		.ident	"GCC: (GNU Tools for ARM Embedded Processors) 5.4.1 20160609 (release) [ARM/embedded-5-bran
