#***************************************************************************

#sjplacer

#Version:            1.1

#Build Date:         Sep  9 2019 11:47:43

#File Generated:     Mar 4 2022 09:10:31

#Purpose:            

#Copyright (C) 2010-2011 by Softjin Technologies Pvt Ltd. All rights reserved.

#***************************************************************************

Executing : C:\Program Files (x86)\Cypress\PSoC Creator\4.4\PSoC Creator\bin/sjplacer.exe --proj-name Exercise_2 --netlist-vh2 Exercise_2_p.vh2 --arch p35_udb4x6 --arch-file C:\Program Files (x86)\Cypress\PSoC Creator\4.4\PSoC Creator\dev\arch/udbdsi_4x6_24.cydata --ip-file C:\Program Files (x86)\Cypress\PSoC Creator\4.4\PSoC Creator\dev\psoc5/psoc5lp/ip_blocks.cydata --rrg-file C:\Program Files (x86)\Cypress\PSoC Creator\4.4\PSoC Creator\dev\psoc5/psoc5lp/route_arch-rrg.cydata --irq-file C:\Program Files (x86)\Cypress\PSoC Creator\4.4\PSoC Creator\dev\psoc5/psoc5lp/irqconn.cydata --drq-file C:\Program Files (x86)\Cypress\PSoC Creator\4.4\PSoC Creator\dev\psoc5/psoc5lp/dmaconn.cydata --dsi-conn-file C:\Program Files (x86)\Cypress\PSoC Creator\4.4\PSoC Creator\dev\psoc5/psoc5lp/dsiconn.cydata --pins-file pins_68-QFN.xml --lib-file Exercise_2_p.lib --sdc-file Exercise_2.sdc --io-pcf Exercise_2.pci --outdir .

		Softjin Techologies Placer, Version 1.1

Build Date : Sep  9 2019	11:45:12

D2004: Option and Settings Summary
=============================================================
Netlist vh2 file          - Exercise_2_p.vh2
Architecture file         - C:\Program Files (x86)\Cypress\PSoC Creator\4.4\PSoC Creator\dev\arch/udbdsi_4x6_24.cydata
Package                   - 
Defparam file             - 
SDC file                  - Exercise_2.sdc
Output directory          - .
Timing library            - Exercise_2_p.lib
IO Placement file         - Exercise_2.pci

D2050: Starting reading inputs for placer
=============================================================
D2065: Reading netlist file : "Exercise_2_p.vh2"
D2065: Reading arch file : "C:\Program Files (x86)\Cypress\PSoC Creator\4.4\PSoC Creator\dev\arch/udbdsi_4x6_24.cydata"
D2051: Reading of inputs for placer completed successfully

D2053: Starting placement of the design
=============================================================

Phase 2
Phase 3

Design Statistics after Packing
    Number of Combinational MCs 	:	18
    Number of Sequential MCs    	:	39
    Number of DPs               	:	5
    Number of Controls          	:	2
    Number of Status            	:	3
    Number of SyncCells         	:	0
    Number of count7cells       	:	1

Device Utilization Summary after Packing
    Macrocells                  :	57/192
    UDBS                        :	11/24
    IOs                         :	7/72


D2088: Phase 3, elapsed time : 0.0 (sec)

Phase 4
D2088: Phase 4, elapsed time : 0.0 (sec)

Phase 5
D2088: Phase 5, elapsed time : 0.0 (sec)

Phase 6

######################################################################
Placement Timing Summary

The timing summary is based on estimated routing delays after
placement. For final timing report, please carry out the timing
analysis after routing.
======================================================================

######################################################################
                     Clock Summary 
======================================================================
Number of clocks: 7
Clock: Clock_1              | Frequency:  33.8 MHz | Target:   1.6 MHz
Clock: CyBUS_CLK            | Frequency:  59.2 MHz | Target:  24.0 MHz
Clock: CyILO                | Frequency: N/A       | Target:   0.0 MHz
Clock: CyIMO                | Frequency: N/A       | Target:   3.0 MHz
Clock: CyMASTER_CLK         | Frequency: N/A       | Target:  24.0 MHz
Clock: CyPLL_OUT            | Frequency: N/A       | Target:  24.0 MHz
Clock: UART_1_IntClock      | Frequency:  57.2 MHz | Target:   0.5 MHz

======================================================================
                     End of Clock Summary
######################################################################

D2088: Phase 6, elapsed time : 0.0 (sec)

Phase 7
######################################################################
                     Clock Summary 
======================================================================
Number of clocks: 7
Clock: Clock_1              | Frequency:   1.5 MHz | Target:   1.6 MHz
Clock: CyBUS_CLK            | Frequency:   1.5 MHz | Target:  24.0 MHz
Clock: CyILO                | Frequency: N/A       | Target:   0.0 MHz
Clock: CyIMO                | Frequency: N/A       | Target:   3.0 MHz
Clock: CyMASTER_CLK         | Frequency: N/A       | Target:  24.0 MHz
Clock: CyPLL_OUT            | Frequency: N/A       | Target:  24.0 MHz
Clock: UART_1_IntClock      | Frequency:   2.8 MHz | Target:   0.5 MHz

======================================================================
                     End of Clock Summary
######################################################################
D2088: Phase 7, elapsed time : 0.4 (sec)

Final Design Statistics
    Number of Combinational MCs 	:	18
    Number of Sequential MCs    	:	39
    Number of DPs               	:	5
    Number of Controls          	:	2
    Number of Status            	:	3
    Number of SyncCells         	:	0
    Number of count7cells       	:	1
    Number of IOs       	:	7

Device Utilization Summary
    Macrocells                  :	57/192
    IOs                         :	7/72



######################################################################
Placement Timing Summary

The timing summary is based on estimated routing delays after
placement. For final timing report, please carry out the timing
analysis after routing.
======================================================================


######################################################################
                     Clock Summary 
======================================================================
Number of clocks: 7
Clock: Clock_1              | Frequency:   1.5 MHz | Target:   1.6 MHz
Clock: CyBUS_CLK            | Frequency:   1.5 MHz | Target:  24.0 MHz
Clock: CyILO                | Frequency: N/A       | Target:   0.0 MHz
Clock: CyIMO                | Frequency: N/A       | Target:   3.0 MHz
Clock: CyMASTER_CLK         | Frequency: N/A       | Target:  24.0 MHz
Clock: CyPLL_OUT            | Frequency: N/A       | Target:  24.0 MHz
Clock: UART_1_IntClock      | Frequency:   2.8 MHz | Target:   0.5 MHz

======================================================================
                     End of Clock Summary
######################################################################

Phase 6

######################################################################
Placement Timing Summary

The timing summary is based on estimated routing delays after
placement. For final timing report, please carry out the timing
analysis after routing.
======================================================================

######################################################################
                     Clock Summary 
======================================================================
Number of clocks: 7
Clock: Clock_1              | Frequency:   1.5 MHz | Target:   1.6 MHz
Clock: CyBUS_CLK            | Frequency:   1.5 MHz | Target:  24.0 MHz
Clock: CyILO                | Frequency: N/A       | Target:   0.0 MHz
Clock: CyIMO                | Frequency: N/A       | Target:   3.0 MHz
Clock: CyMASTER_CLK         | Frequency: N/A       | Target:  24.0 MHz
Clock: CyPLL_OUT            | Frequency: N/A       | Target:  24.0 MHz
Clock: UART_1_IntClock      | Frequency:   2.8 MHz | Target:   0.5 MHz

======================================================================
                     End of Clock Summary
######################################################################

D2088: Phase 6, elapsed time : 0.1 (sec)

Phase 7
######################################################################
                     Clock Summary 
======================================================================
Number of clocks: 7
Clock: Clock_1              | Frequency:   1.5 MHz | Target:   1.6 MHz
Clock: CyBUS_CLK            | Frequency:   1.5 MHz | Target:  24.0 MHz
Clock: CyILO                | Frequency: N/A       | Target:   0.0 MHz
Clock: CyIMO                | Frequency: N/A       | Target:   3.0 MHz
Clock: CyMASTER_CLK         | Frequency: N/A       | Target:  24.0 MHz
Clock: CyPLL_OUT            | Frequency: N/A       | Target:  24.0 MHz
Clock: UART_1_IntClock      | Frequency:   2.8 MHz | Target:   0.5 MHz

======================================================================
                     End of Clock Summary
######################################################################
D2088: Phase 7, elapsed time : 1.2 (sec)

Final Design Statistics
    Number of Combinational MCs 	:	18
    Number of Sequential MCs    	:	39
    Number of DPs               	:	5
    Number of Controls          	:	2
    Number of Status            	:	3
    Number of SyncCells         	:	0
    Number of count7cells       	:	1
    Number of IOs       	:	7

Device Utilization Summary
    Macrocells                  :	57/192
    IOs                         :	7/72



######################################################################
Placement Timing Summary

The timing summary is based on estimated routing delays after
placement. For final timing report, please carry out the timing
analysis after routing.
======================================================================


######################################################################
                     Clock Summary 
======================================================================
Number of clocks: 7
Clock: Clock_1              | Frequency:   1.6 MHz | Target:   1.6 MHz
Clock: CyBUS_CLK            | Frequency:   1.6 MHz | Target:  24.0 MHz
Clock: CyILO                | Frequency: N/A       | Target:   0.0 MHz
Clock: CyIMO                | Frequency: N/A       | Target:   3.0 MHz
Clock: CyMASTER_CLK         | Frequency: N/A       | Target:  24.0 MHz
Clock: CyPLL_OUT            | Frequency: N/A       | Target:  24.0 MHz
Clock: UART_1_IntClock      | Frequency:   2.8 MHz | Target:   0.5 MHz

======================================================================
                     End of Clock Summary
######################################################################

Phase 8
D2088: Phase 8, elapsed time : 0.0 (sec)

D2054: Placement of the design completed successfully

I2076: Total run-time: 2.6 sec.

