ARM GAS  C:\Users\lasse\AppData\Local\Temp\ccIkUyxR.s 			page 1


   1              		.syntax unified
   2              		.cpu cortex-m3
   3              		.fpu softvfp
   4              		.eabi_attribute 20, 1
   5              		.eabi_attribute 21, 1
   6              		.eabi_attribute 23, 3
   7              		.eabi_attribute 24, 1
   8              		.eabi_attribute 25, 1
   9              		.eabi_attribute 26, 1
  10              		.eabi_attribute 30, 1
  11              		.eabi_attribute 34, 1
  12              		.eabi_attribute 18, 4
  13              		.thumb
  14              		.syntax unified
  15              		.file	"main.c"
  16              		.text
  17              	.Ltext0:
  18              		.cfi_sections	.debug_frame
  19              		.section	.text.main,"ax",%progbits
  20              		.align	2
  21              		.global	main
  22              		.thumb
  23              		.thumb_func
  24              		.type	main, %function
  25              	main:
  26              	.LFB63:
  27              		.file 1 "main.c"
   1:main.c        **** /* ========================================
   2:main.c        ****  *
   3:main.c        ****  * Copyright YOUR COMPANY, THE YEAR
   4:main.c        ****  * All Rights Reserved
   5:main.c        ****  * UNPUBLISHED, LICENSED SOFTWARE.
   6:main.c        ****  *
   7:main.c        ****  * CONFIDENTIAL AND PROPRIETARY INFORMATION
   8:main.c        ****  * WHICH IS THE PROPERTY OF your company.
   9:main.c        ****  *
  10:main.c        ****  * ========================================
  11:main.c        **** */
  12:main.c        **** #include "project.h"
  13:main.c        **** //CY_ISR_PROTO(ISR_1_handler);
  14:main.c        **** uint8_t ByteRecieved;
  15:main.c        **** uint8_t ButtonPressed = 0x02; 
  16:main.c        **** 
  17:main.c        **** int main(void)
  18:main.c        **** {
  28              		.loc 1 18 0
  29              		.cfi_startproc
  30              		@ args = 0, pretend = 0, frame = 0
  31              		@ frame_needed = 0, uses_anonymous_args = 0
  32 0000 10B5     		push	{r4, lr}
  33              		.cfi_def_cfa_offset 8
  34              		.cfi_offset 4, -8
  35              		.cfi_offset 14, -4
  19:main.c        ****     CyGlobalIntEnable; // Enable global interrupts.
  36              		.loc 1 19 0
  37              		.syntax unified
  38              	@ 19 "main.c" 1
ARM GAS  C:\Users\lasse\AppData\Local\Temp\ccIkUyxR.s 			page 2


  39 0002 62B6     		CPSIE   i
  40              	@ 0 "" 2
  20:main.c        ****     
  21:main.c        ****     SPIS_1_Start();
  41              		.loc 1 21 0
  42              		.thumb
  43              		.syntax unified
  44 0004 FFF7FEFF 		bl	SPIS_1_Start
  45              	.LVL0:
  46              	.L4:
  22:main.c        ****     //isr_1_StartEx(ISR_1_handler);
  23:main.c        ****     
  24:main.c        ****     
  25:main.c        ****     uint8_t data = 0xFF;
  26:main.c        ****     
  27:main.c        ****     for(;;)
  28:main.c        ****     {
  29:main.c        ****         ByteRecieved = SPIS_1_ReadRxData();
  47              		.loc 1 29 0
  48 0008 FFF7FEFF 		bl	SPIS_1_ReadRxData
  49              	.LVL1:
  50 000c 0C4C     		ldr	r4, .L7
  51 000e 2070     		strb	r0, [r4]
  30:main.c        ****         SPIS_1_WriteTxData(data); 
  52              		.loc 1 30 0
  53 0010 FF20     		movs	r0, #255
  54 0012 FFF7FEFF 		bl	SPIS_1_WriteTxData
  55              	.LVL2:
  31:main.c        ****         
  32:main.c        ****          if (ByteRecieved == 0x45)
  56              		.loc 1 32 0
  57 0016 2378     		ldrb	r3, [r4]	@ zero_extendqisi2
  58 0018 452B     		cmp	r3, #69
  59 001a 03D1     		bne	.L2
  33:main.c        ****         {
  34:main.c        ****             Pin_1_LED_Write(1);    
  60              		.loc 1 34 0
  61 001c 0120     		movs	r0, #1
  62 001e FFF7FEFF 		bl	Pin_1_LED_Write
  63              	.LVL3:
  64 0022 04E0     		b	.L3
  65              	.L2:
  35:main.c        ****             
  36:main.c        ****         }
  37:main.c        ****         
  38:main.c        ****         else if (ByteRecieved == 0x12)
  66              		.loc 1 38 0
  67 0024 122B     		cmp	r3, #18
  68 0026 02D1     		bne	.L3
  39:main.c        ****         {
  40:main.c        ****             Pin_1_LED_Write(0);
  69              		.loc 1 40 0
  70 0028 0020     		movs	r0, #0
  71 002a FFF7FEFF 		bl	Pin_1_LED_Write
  72              	.LVL4:
  73              	.L3:
  41:main.c        ****         }
ARM GAS  C:\Users\lasse\AppData\Local\Temp\ccIkUyxR.s 			page 3


  42:main.c        ****         
  43:main.c        ****         if (Pin_2_Button_Read() == 0) //Button has been pressed
  74              		.loc 1 43 0
  75 002e FFF7FEFF 		bl	Pin_2_Button_Read
  76              	.LVL5:
  77 0032 0028     		cmp	r0, #0
  78 0034 E8D1     		bne	.L4
  44:main.c        ****         {
  45:main.c        ****             SPIS_1_WriteTxData(ButtonPressed); 
  79              		.loc 1 45 0
  80 0036 034B     		ldr	r3, .L7+4
  81 0038 1878     		ldrb	r0, [r3]	@ zero_extendqisi2
  82 003a FFF7FEFF 		bl	SPIS_1_WriteTxData
  83              	.LVL6:
  84 003e E3E7     		b	.L4
  85              	.L8:
  86              		.align	2
  87              	.L7:
  88 0040 00000000 		.word	ByteRecieved
  89 0044 00000000 		.word	.LANCHOR0
  90              		.cfi_endproc
  91              	.LFE63:
  92              		.size	main, .-main
  93              		.global	ButtonPressed
  94              		.comm	ByteRecieved,1,1
  95              		.data
  96              		.set	.LANCHOR0,. + 0
  97              		.type	ButtonPressed, %object
  98              		.size	ButtonPressed, 1
  99              	ButtonPressed:
 100 0000 02       		.byte	2
 101              		.text
 102              	.Letext0:
 103              		.file 2 "c:\\program files (x86)\\cypress\\psoc creator\\4.4\\psoc creator\\import\\gnu\\arm\\5.4.
 104              		.file 3 "c:\\program files (x86)\\cypress\\psoc creator\\4.4\\psoc creator\\import\\gnu\\arm\\5.4.
 105              		.file 4 "Generated_Source\\PSoC5/core_cm3.h"
 106              		.file 5 "Generated_Source\\PSoC5/SPIS_1.h"
 107              		.file 6 "Generated_Source\\PSoC5/Pin_1_LED.h"
 108              		.file 7 "Generated_Source\\PSoC5/Pin_2_Button.h"
 109              		.section	.debug_info,"",%progbits
 110              	.Ldebug_info0:
 111 0000 A5010000 		.4byte	0x1a5
 112 0004 0400     		.2byte	0x4
 113 0006 00000000 		.4byte	.Ldebug_abbrev0
 114 000a 04       		.byte	0x4
 115 000b 01       		.uleb128 0x1
 116 000c 2D000000 		.4byte	.LASF26
 117 0010 0C       		.byte	0xc
 118 0011 04020000 		.4byte	.LASF27
 119 0015 01010000 		.4byte	.LASF28
 120 0019 00000000 		.4byte	.Ldebug_ranges0+0
 121 001d 00000000 		.4byte	0
 122 0021 00000000 		.4byte	.Ldebug_line0
 123 0025 02       		.uleb128 0x2
 124 0026 01       		.byte	0x1
 125 0027 06       		.byte	0x6
 126 0028 3F020000 		.4byte	.LASF0
ARM GAS  C:\Users\lasse\AppData\Local\Temp\ccIkUyxR.s 			page 4


 127 002c 03       		.uleb128 0x3
 128 002d 00000000 		.4byte	.LASF4
 129 0031 02       		.byte	0x2
 130 0032 1D       		.byte	0x1d
 131 0033 37000000 		.4byte	0x37
 132 0037 02       		.uleb128 0x2
 133 0038 01       		.byte	0x1
 134 0039 08       		.byte	0x8
 135 003a 1F000000 		.4byte	.LASF1
 136 003e 02       		.uleb128 0x2
 137 003f 02       		.byte	0x2
 138 0040 05       		.byte	0x5
 139 0041 10020000 		.4byte	.LASF2
 140 0045 02       		.uleb128 0x2
 141 0046 02       		.byte	0x2
 142 0047 07       		.byte	0x7
 143 0048 CD000000 		.4byte	.LASF3
 144 004c 03       		.uleb128 0x3
 145 004d 0A000000 		.4byte	.LASF5
 146 0051 02       		.byte	0x2
 147 0052 3F       		.byte	0x3f
 148 0053 57000000 		.4byte	0x57
 149 0057 02       		.uleb128 0x2
 150 0058 04       		.byte	0x4
 151 0059 05       		.byte	0x5
 152 005a 2A020000 		.4byte	.LASF6
 153 005e 02       		.uleb128 0x2
 154 005f 04       		.byte	0x4
 155 0060 07       		.byte	0x7
 156 0061 BB000000 		.4byte	.LASF7
 157 0065 02       		.uleb128 0x2
 158 0066 08       		.byte	0x8
 159 0067 05       		.byte	0x5
 160 0068 F6010000 		.4byte	.LASF8
 161 006c 02       		.uleb128 0x2
 162 006d 08       		.byte	0x8
 163 006e 07       		.byte	0x7
 164 006f C6010000 		.4byte	.LASF9
 165 0073 04       		.uleb128 0x4
 166 0074 04       		.byte	0x4
 167 0075 05       		.byte	0x5
 168 0076 696E7400 		.ascii	"int\000"
 169 007a 02       		.uleb128 0x2
 170 007b 04       		.byte	0x4
 171 007c 07       		.byte	0x7
 172 007d A7010000 		.4byte	.LASF10
 173 0081 03       		.uleb128 0x3
 174 0082 DD010000 		.4byte	.LASF11
 175 0086 03       		.byte	0x3
 176 0087 18       		.byte	0x18
 177 0088 2C000000 		.4byte	0x2c
 178 008c 03       		.uleb128 0x3
 179 008d E5010000 		.4byte	.LASF12
 180 0091 03       		.byte	0x3
 181 0092 2C       		.byte	0x2c
 182 0093 4C000000 		.4byte	0x4c
 183 0097 02       		.uleb128 0x2
ARM GAS  C:\Users\lasse\AppData\Local\Temp\ccIkUyxR.s 			page 5


 184 0098 04       		.byte	0x4
 185 0099 04       		.byte	0x4
 186 009a 14000000 		.4byte	.LASF13
 187 009e 02       		.uleb128 0x2
 188 009f 08       		.byte	0x8
 189 00a0 04       		.byte	0x4
 190 00a1 FA000000 		.4byte	.LASF14
 191 00a5 02       		.uleb128 0x2
 192 00a6 01       		.byte	0x1
 193 00a7 08       		.byte	0x8
 194 00a8 0B020000 		.4byte	.LASF15
 195 00ac 02       		.uleb128 0x2
 196 00ad 08       		.byte	0x8
 197 00ae 04       		.byte	0x4
 198 00af 33020000 		.4byte	.LASF16
 199 00b3 02       		.uleb128 0x2
 200 00b4 04       		.byte	0x4
 201 00b5 07       		.byte	0x7
 202 00b6 ED010000 		.4byte	.LASF17
 203 00ba 05       		.uleb128 0x5
 204 00bb 94010000 		.4byte	.LASF29
 205 00bf 01       		.byte	0x1
 206 00c0 11       		.byte	0x11
 207 00c1 73000000 		.4byte	0x73
 208 00c5 00000000 		.4byte	.LFB63
 209 00c9 48000000 		.4byte	.LFE63-.LFB63
 210 00cd 01       		.uleb128 0x1
 211 00ce 9C       		.byte	0x9c
 212 00cf 3E010000 		.4byte	0x13e
 213 00d3 06       		.uleb128 0x6
 214 00d4 1A000000 		.4byte	.LASF30
 215 00d8 01       		.byte	0x1
 216 00d9 19       		.byte	0x19
 217 00da 81000000 		.4byte	0x81
 218 00de 7F       		.sleb128 -1
 219 00df 07       		.uleb128 0x7
 220 00e0 08000000 		.4byte	.LVL0
 221 00e4 71010000 		.4byte	0x171
 222 00e8 07       		.uleb128 0x7
 223 00e9 0C000000 		.4byte	.LVL1
 224 00ed 7C010000 		.4byte	0x17c
 225 00f1 08       		.uleb128 0x8
 226 00f2 16000000 		.4byte	.LVL2
 227 00f6 87010000 		.4byte	0x187
 228 00fa 05010000 		.4byte	0x105
 229 00fe 09       		.uleb128 0x9
 230 00ff 01       		.uleb128 0x1
 231 0100 50       		.byte	0x50
 232 0101 02       		.uleb128 0x2
 233 0102 09       		.byte	0x9
 234 0103 FF       		.byte	0xff
 235 0104 00       		.byte	0
 236 0105 08       		.uleb128 0x8
 237 0106 22000000 		.4byte	.LVL3
 238 010a 92010000 		.4byte	0x192
 239 010e 18010000 		.4byte	0x118
 240 0112 09       		.uleb128 0x9
ARM GAS  C:\Users\lasse\AppData\Local\Temp\ccIkUyxR.s 			page 6


 241 0113 01       		.uleb128 0x1
 242 0114 50       		.byte	0x50
 243 0115 01       		.uleb128 0x1
 244 0116 31       		.byte	0x31
 245 0117 00       		.byte	0
 246 0118 08       		.uleb128 0x8
 247 0119 2E000000 		.4byte	.LVL4
 248 011d 92010000 		.4byte	0x192
 249 0121 2B010000 		.4byte	0x12b
 250 0125 09       		.uleb128 0x9
 251 0126 01       		.uleb128 0x1
 252 0127 50       		.byte	0x50
 253 0128 01       		.uleb128 0x1
 254 0129 30       		.byte	0x30
 255 012a 00       		.byte	0
 256 012b 07       		.uleb128 0x7
 257 012c 32000000 		.4byte	.LVL5
 258 0130 9D010000 		.4byte	0x19d
 259 0134 07       		.uleb128 0x7
 260 0135 3E000000 		.4byte	.LVL6
 261 0139 87010000 		.4byte	0x187
 262 013d 00       		.byte	0
 263 013e 0A       		.uleb128 0xa
 264 013f ED000000 		.4byte	.LASF18
 265 0143 04       		.byte	0x4
 266 0144 1207     		.2byte	0x712
 267 0146 4A010000 		.4byte	0x14a
 268 014a 0B       		.uleb128 0xb
 269 014b 8C000000 		.4byte	0x8c
 270 014f 0C       		.uleb128 0xc
 271 0150 5E020000 		.4byte	.LASF19
 272 0154 01       		.byte	0x1
 273 0155 0E       		.byte	0xe
 274 0156 81000000 		.4byte	0x81
 275 015a 05       		.uleb128 0x5
 276 015b 03       		.byte	0x3
 277 015c 00000000 		.4byte	ByteRecieved
 278 0160 0C       		.uleb128 0xc
 279 0161 99010000 		.4byte	.LASF20
 280 0165 01       		.byte	0x1
 281 0166 0F       		.byte	0xf
 282 0167 81000000 		.4byte	0x81
 283 016b 05       		.uleb128 0x5
 284 016c 03       		.byte	0x3
 285 016d 00000000 		.4byte	ButtonPressed
 286 0171 0D       		.uleb128 0xd
 287 0172 E0000000 		.4byte	.LASF21
 288 0176 E0000000 		.4byte	.LASF21
 289 017a 05       		.byte	0x5
 290 017b 46       		.byte	0x46
 291 017c 0D       		.uleb128 0xd
 292 017d 6B020000 		.4byte	.LASF22
 293 0181 6B020000 		.4byte	.LASF22
 294 0185 05       		.byte	0x5
 295 0186 57       		.byte	0x57
 296 0187 0D       		.uleb128 0xd
 297 0188 4B020000 		.4byte	.LASF23
ARM GAS  C:\Users\lasse\AppData\Local\Temp\ccIkUyxR.s 			page 7


 298 018c 4B020000 		.4byte	.LASF23
 299 0190 05       		.byte	0x5
 300 0191 50       		.byte	0x50
 301 0192 0D       		.uleb128 0xd
 302 0193 1A020000 		.4byte	.LASF24
 303 0197 1A020000 		.4byte	.LASF24
 304 019b 06       		.byte	0x6
 305 019c 26       		.byte	0x26
 306 019d 0D       		.uleb128 0xd
 307 019e B4010000 		.4byte	.LASF25
 308 01a2 B4010000 		.4byte	.LASF25
 309 01a6 07       		.byte	0x7
 310 01a7 29       		.byte	0x29
 311 01a8 00       		.byte	0
 312              		.section	.debug_abbrev,"",%progbits
 313              	.Ldebug_abbrev0:
 314 0000 01       		.uleb128 0x1
 315 0001 11       		.uleb128 0x11
 316 0002 01       		.byte	0x1
 317 0003 25       		.uleb128 0x25
 318 0004 0E       		.uleb128 0xe
 319 0005 13       		.uleb128 0x13
 320 0006 0B       		.uleb128 0xb
 321 0007 03       		.uleb128 0x3
 322 0008 0E       		.uleb128 0xe
 323 0009 1B       		.uleb128 0x1b
 324 000a 0E       		.uleb128 0xe
 325 000b 55       		.uleb128 0x55
 326 000c 17       		.uleb128 0x17
 327 000d 11       		.uleb128 0x11
 328 000e 01       		.uleb128 0x1
 329 000f 10       		.uleb128 0x10
 330 0010 17       		.uleb128 0x17
 331 0011 00       		.byte	0
 332 0012 00       		.byte	0
 333 0013 02       		.uleb128 0x2
 334 0014 24       		.uleb128 0x24
 335 0015 00       		.byte	0
 336 0016 0B       		.uleb128 0xb
 337 0017 0B       		.uleb128 0xb
 338 0018 3E       		.uleb128 0x3e
 339 0019 0B       		.uleb128 0xb
 340 001a 03       		.uleb128 0x3
 341 001b 0E       		.uleb128 0xe
 342 001c 00       		.byte	0
 343 001d 00       		.byte	0
 344 001e 03       		.uleb128 0x3
 345 001f 16       		.uleb128 0x16
 346 0020 00       		.byte	0
 347 0021 03       		.uleb128 0x3
 348 0022 0E       		.uleb128 0xe
 349 0023 3A       		.uleb128 0x3a
 350 0024 0B       		.uleb128 0xb
 351 0025 3B       		.uleb128 0x3b
 352 0026 0B       		.uleb128 0xb
 353 0027 49       		.uleb128 0x49
 354 0028 13       		.uleb128 0x13
ARM GAS  C:\Users\lasse\AppData\Local\Temp\ccIkUyxR.s 			page 8


 355 0029 00       		.byte	0
 356 002a 00       		.byte	0
 357 002b 04       		.uleb128 0x4
 358 002c 24       		.uleb128 0x24
 359 002d 00       		.byte	0
 360 002e 0B       		.uleb128 0xb
 361 002f 0B       		.uleb128 0xb
 362 0030 3E       		.uleb128 0x3e
 363 0031 0B       		.uleb128 0xb
 364 0032 03       		.uleb128 0x3
 365 0033 08       		.uleb128 0x8
 366 0034 00       		.byte	0
 367 0035 00       		.byte	0
 368 0036 05       		.uleb128 0x5
 369 0037 2E       		.uleb128 0x2e
 370 0038 01       		.byte	0x1
 371 0039 3F       		.uleb128 0x3f
 372 003a 19       		.uleb128 0x19
 373 003b 03       		.uleb128 0x3
 374 003c 0E       		.uleb128 0xe
 375 003d 3A       		.uleb128 0x3a
 376 003e 0B       		.uleb128 0xb
 377 003f 3B       		.uleb128 0x3b
 378 0040 0B       		.uleb128 0xb
 379 0041 27       		.uleb128 0x27
 380 0042 19       		.uleb128 0x19
 381 0043 49       		.uleb128 0x49
 382 0044 13       		.uleb128 0x13
 383 0045 8701     		.uleb128 0x87
 384 0047 19       		.uleb128 0x19
 385 0048 11       		.uleb128 0x11
 386 0049 01       		.uleb128 0x1
 387 004a 12       		.uleb128 0x12
 388 004b 06       		.uleb128 0x6
 389 004c 40       		.uleb128 0x40
 390 004d 18       		.uleb128 0x18
 391 004e 9742     		.uleb128 0x2117
 392 0050 19       		.uleb128 0x19
 393 0051 01       		.uleb128 0x1
 394 0052 13       		.uleb128 0x13
 395 0053 00       		.byte	0
 396 0054 00       		.byte	0
 397 0055 06       		.uleb128 0x6
 398 0056 34       		.uleb128 0x34
 399 0057 00       		.byte	0
 400 0058 03       		.uleb128 0x3
 401 0059 0E       		.uleb128 0xe
 402 005a 3A       		.uleb128 0x3a
 403 005b 0B       		.uleb128 0xb
 404 005c 3B       		.uleb128 0x3b
 405 005d 0B       		.uleb128 0xb
 406 005e 49       		.uleb128 0x49
 407 005f 13       		.uleb128 0x13
 408 0060 1C       		.uleb128 0x1c
 409 0061 0D       		.uleb128 0xd
 410 0062 00       		.byte	0
 411 0063 00       		.byte	0
ARM GAS  C:\Users\lasse\AppData\Local\Temp\ccIkUyxR.s 			page 9


 412 0064 07       		.uleb128 0x7
 413 0065 898201   		.uleb128 0x4109
 414 0068 00       		.byte	0
 415 0069 11       		.uleb128 0x11
 416 006a 01       		.uleb128 0x1
 417 006b 31       		.uleb128 0x31
 418 006c 13       		.uleb128 0x13
 419 006d 00       		.byte	0
 420 006e 00       		.byte	0
 421 006f 08       		.uleb128 0x8
 422 0070 898201   		.uleb128 0x4109
 423 0073 01       		.byte	0x1
 424 0074 11       		.uleb128 0x11
 425 0075 01       		.uleb128 0x1
 426 0076 31       		.uleb128 0x31
 427 0077 13       		.uleb128 0x13
 428 0078 01       		.uleb128 0x1
 429 0079 13       		.uleb128 0x13
 430 007a 00       		.byte	0
 431 007b 00       		.byte	0
 432 007c 09       		.uleb128 0x9
 433 007d 8A8201   		.uleb128 0x410a
 434 0080 00       		.byte	0
 435 0081 02       		.uleb128 0x2
 436 0082 18       		.uleb128 0x18
 437 0083 9142     		.uleb128 0x2111
 438 0085 18       		.uleb128 0x18
 439 0086 00       		.byte	0
 440 0087 00       		.byte	0
 441 0088 0A       		.uleb128 0xa
 442 0089 34       		.uleb128 0x34
 443 008a 00       		.byte	0
 444 008b 03       		.uleb128 0x3
 445 008c 0E       		.uleb128 0xe
 446 008d 3A       		.uleb128 0x3a
 447 008e 0B       		.uleb128 0xb
 448 008f 3B       		.uleb128 0x3b
 449 0090 05       		.uleb128 0x5
 450 0091 49       		.uleb128 0x49
 451 0092 13       		.uleb128 0x13
 452 0093 3F       		.uleb128 0x3f
 453 0094 19       		.uleb128 0x19
 454 0095 3C       		.uleb128 0x3c
 455 0096 19       		.uleb128 0x19
 456 0097 00       		.byte	0
 457 0098 00       		.byte	0
 458 0099 0B       		.uleb128 0xb
 459 009a 35       		.uleb128 0x35
 460 009b 00       		.byte	0
 461 009c 49       		.uleb128 0x49
 462 009d 13       		.uleb128 0x13
 463 009e 00       		.byte	0
 464 009f 00       		.byte	0
 465 00a0 0C       		.uleb128 0xc
 466 00a1 34       		.uleb128 0x34
 467 00a2 00       		.byte	0
 468 00a3 03       		.uleb128 0x3
ARM GAS  C:\Users\lasse\AppData\Local\Temp\ccIkUyxR.s 			page 10


 469 00a4 0E       		.uleb128 0xe
 470 00a5 3A       		.uleb128 0x3a
 471 00a6 0B       		.uleb128 0xb
 472 00a7 3B       		.uleb128 0x3b
 473 00a8 0B       		.uleb128 0xb
 474 00a9 49       		.uleb128 0x49
 475 00aa 13       		.uleb128 0x13
 476 00ab 3F       		.uleb128 0x3f
 477 00ac 19       		.uleb128 0x19
 478 00ad 02       		.uleb128 0x2
 479 00ae 18       		.uleb128 0x18
 480 00af 00       		.byte	0
 481 00b0 00       		.byte	0
 482 00b1 0D       		.uleb128 0xd
 483 00b2 2E       		.uleb128 0x2e
 484 00b3 00       		.byte	0
 485 00b4 3F       		.uleb128 0x3f
 486 00b5 19       		.uleb128 0x19
 487 00b6 3C       		.uleb128 0x3c
 488 00b7 19       		.uleb128 0x19
 489 00b8 6E       		.uleb128 0x6e
 490 00b9 0E       		.uleb128 0xe
 491 00ba 03       		.uleb128 0x3
 492 00bb 0E       		.uleb128 0xe
 493 00bc 3A       		.uleb128 0x3a
 494 00bd 0B       		.uleb128 0xb
 495 00be 3B       		.uleb128 0x3b
 496 00bf 0B       		.uleb128 0xb
 497 00c0 00       		.byte	0
 498 00c1 00       		.byte	0
 499 00c2 00       		.byte	0
 500              		.section	.debug_aranges,"",%progbits
 501 0000 1C000000 		.4byte	0x1c
 502 0004 0200     		.2byte	0x2
 503 0006 00000000 		.4byte	.Ldebug_info0
 504 000a 04       		.byte	0x4
 505 000b 00       		.byte	0
 506 000c 0000     		.2byte	0
 507 000e 0000     		.2byte	0
 508 0010 00000000 		.4byte	.LFB63
 509 0014 48000000 		.4byte	.LFE63-.LFB63
 510 0018 00000000 		.4byte	0
 511 001c 00000000 		.4byte	0
 512              		.section	.debug_ranges,"",%progbits
 513              	.Ldebug_ranges0:
 514 0000 00000000 		.4byte	.LFB63
 515 0004 48000000 		.4byte	.LFE63
 516 0008 00000000 		.4byte	0
 517 000c 00000000 		.4byte	0
 518              		.section	.debug_line,"",%progbits
 519              	.Ldebug_line0:
 520 0000 8B010000 		.section	.debug_str,"MS",%progbits,1
 520      02006C01 
 520      00000201 
 520      FB0E0D00 
 520      01010101 
 521              	.LASF4:
ARM GAS  C:\Users\lasse\AppData\Local\Temp\ccIkUyxR.s 			page 11


 522 0000 5F5F7569 		.ascii	"__uint8_t\000"
 522      6E74385F 
 522      7400
 523              	.LASF5:
 524 000a 5F5F696E 		.ascii	"__int32_t\000"
 524      7433325F 
 524      7400
 525              	.LASF13:
 526 0014 666C6F61 		.ascii	"float\000"
 526      7400
 527              	.LASF30:
 528 001a 64617461 		.ascii	"data\000"
 528      00
 529              	.LASF1:
 530 001f 756E7369 		.ascii	"unsigned char\000"
 530      676E6564 
 530      20636861 
 530      7200
 531              	.LASF26:
 532 002d 474E5520 		.ascii	"GNU C11 5.4.1 20160609 (release) [ARM/embedded-5-br"
 532      43313120 
 532      352E342E 
 532      31203230 
 532      31363036 
 533 0060 616E6368 		.ascii	"anch revision 237715] -mcpu=cortex-m3 -mthumb -g -O"
 533      20726576 
 533      6973696F 
 533      6E203233 
 533      37373135 
 534 0093 67202D66 		.ascii	"g -ffunction-sections -ffat-lto-objects\000"
 534      66756E63 
 534      74696F6E 
 534      2D736563 
 534      74696F6E 
 535              	.LASF7:
 536 00bb 6C6F6E67 		.ascii	"long unsigned int\000"
 536      20756E73 
 536      69676E65 
 536      6420696E 
 536      7400
 537              	.LASF3:
 538 00cd 73686F72 		.ascii	"short unsigned int\000"
 538      7420756E 
 538      7369676E 
 538      65642069 
 538      6E7400
 539              	.LASF21:
 540 00e0 53504953 		.ascii	"SPIS_1_Start\000"
 540      5F315F53 
 540      74617274 
 540      00
 541              	.LASF18:
 542 00ed 49544D5F 		.ascii	"ITM_RxBuffer\000"
 542      52784275 
 542      66666572 
 542      00
 543              	.LASF14:
ARM GAS  C:\Users\lasse\AppData\Local\Temp\ccIkUyxR.s 			page 12


 544 00fa 646F7562 		.ascii	"double\000"
 544      6C6500
 545              	.LASF28:
 546 0101 433A5C55 		.ascii	"C:\\Users\\lasse\\OneDrive\\Dokumenter\\PSoC Creato"
 546      73657273 
 546      5C6C6173 
 546      73655C4F 
 546      6E654472 
 547 012f 725C342E 		.ascii	"r\\4.4\\CE195352_PSoC_5LP_Blinking_LED\\CE195352_PS"
 547      345C4345 
 547      31393533 
 547      35325F50 
 547      536F435F 
 548 015f 6F435F35 		.ascii	"oC_5LP_Blinking_LED.cydsn\\Slave_SPI02\\Design02.cy"
 548      4C505F42 
 548      6C696E6B 
 548      696E675F 
 548      4C45442E 
 549 0190 64736E00 		.ascii	"dsn\000"
 550              	.LASF29:
 551 0194 6D61696E 		.ascii	"main\000"
 551      00
 552              	.LASF20:
 553 0199 42757474 		.ascii	"ButtonPressed\000"
 553      6F6E5072 
 553      65737365 
 553      6400
 554              	.LASF10:
 555 01a7 756E7369 		.ascii	"unsigned int\000"
 555      676E6564 
 555      20696E74 
 555      00
 556              	.LASF25:
 557 01b4 50696E5F 		.ascii	"Pin_2_Button_Read\000"
 557      325F4275 
 557      74746F6E 
 557      5F526561 
 557      6400
 558              	.LASF9:
 559 01c6 6C6F6E67 		.ascii	"long long unsigned int\000"
 559      206C6F6E 
 559      6720756E 
 559      7369676E 
 559      65642069 
 560              	.LASF11:
 561 01dd 75696E74 		.ascii	"uint8_t\000"
 561      385F7400 
 562              	.LASF12:
 563 01e5 696E7433 		.ascii	"int32_t\000"
 563      325F7400 
 564              	.LASF17:
 565 01ed 73697A65 		.ascii	"sizetype\000"
 565      74797065 
 565      00
 566              	.LASF8:
 567 01f6 6C6F6E67 		.ascii	"long long int\000"
 567      206C6F6E 
ARM GAS  C:\Users\lasse\AppData\Local\Temp\ccIkUyxR.s 			page 13


 567      6720696E 
 567      7400
 568              	.LASF27:
 569 0204 6D61696E 		.ascii	"main.c\000"
 569      2E6300
 570              	.LASF15:
 571 020b 63686172 		.ascii	"char\000"
 571      00
 572              	.LASF2:
 573 0210 73686F72 		.ascii	"short int\000"
 573      7420696E 
 573      7400
 574              	.LASF24:
 575 021a 50696E5F 		.ascii	"Pin_1_LED_Write\000"
 575      315F4C45 
 575      445F5772 
 575      69746500 
 576              	.LASF6:
 577 022a 6C6F6E67 		.ascii	"long int\000"
 577      20696E74 
 577      00
 578              	.LASF16:
 579 0233 6C6F6E67 		.ascii	"long double\000"
 579      20646F75 
 579      626C6500 
 580              	.LASF0:
 581 023f 7369676E 		.ascii	"signed char\000"
 581      65642063 
 581      68617200 
 582              	.LASF23:
 583 024b 53504953 		.ascii	"SPIS_1_WriteTxData\000"
 583      5F315F57 
 583      72697465 
 583      54784461 
 583      746100
 584              	.LASF19:
 585 025e 42797465 		.ascii	"ByteRecieved\000"
 585      52656369 
 585      65766564 
 585      00
 586              	.LASF22:
 587 026b 53504953 		.ascii	"SPIS_1_ReadRxData\000"
 587      5F315F52 
 587      65616452 
 587      78446174 
 587      6100
 588              		.ident	"GCC: (GNU Tools for ARM Embedded Processors) 5.4.1 20160609 (release) [ARM/embedded-5-bran
