ARM GAS  C:\Users\mariu\AppData\Local\Temp\ccLvEXe9.s 			page 1


   1              		.syntax unified
   2              		.cpu cortex-m3
   3              		.fpu softvfp
   4              		.eabi_attribute 20, 1
   5              		.eabi_attribute 21, 1
   6              		.eabi_attribute 23, 3
   7              		.eabi_attribute 24, 1
   8              		.eabi_attribute 25, 1
   9              		.eabi_attribute 26, 1
  10              		.eabi_attribute 30, 1
  11              		.eabi_attribute 34, 1
  12              		.eabi_attribute 18, 4
  13              		.thumb
  14              		.syntax unified
  15              		.file	"Functions.c"
  16              		.text
  17              	.Ltext0:
  18              		.cfi_sections	.debug_frame
  19              		.global	__aeabi_ui2f
  20              		.global	__aeabi_fmul
  21              		.global	__aeabi_f2uiz
  22              		.global	__aeabi_i2f
  23              		.section	.text.calculateTemp,"ax",%progbits
  24              		.align	2
  25              		.global	calculateTemp
  26              		.thumb
  27              		.thumb_func
  28              		.type	calculateTemp, %function
  29              	calculateTemp:
  30              	.LFB63:
  31              		.file 1 "Functions.c"
   1:Functions.c   **** /* ========================================
   2:Functions.c   ****  *
   3:Functions.c   ****  * Copyright YOUR COMPANY, THE YEAR
   4:Functions.c   ****  * All Rights Reserved
   5:Functions.c   ****  * UNPUBLISHED, LICENSED SOFTWARE.
   6:Functions.c   ****  *
   7:Functions.c   ****  * CONFIDENTIAL AND PROPRIETARY INFORMATION
   8:Functions.c   ****  * WHICH IS THE PROPERTY OF your company.
   9:Functions.c   ****  *
  10:Functions.c   ****  * ========================================
  11:Functions.c   **** */
  12:Functions.c   **** #include "Functions.h"
  13:Functions.c   **** 
  14:Functions.c   **** float calculateTemp(uint8_t byte1, uint8_t byte2)
  15:Functions.c   **** {
  32              		.loc 1 15 0
  33              		.cfi_startproc
  34              		@ args = 0, pretend = 0, frame = 0
  35              		@ frame_needed = 0, uses_anonymous_args = 0
  36              	.LVL0:
  37 0000 08B5     		push	{r3, lr}
  38              		.cfi_def_cfa_offset 8
  39              		.cfi_offset 3, -8
  40              		.cfi_offset 14, -4
  41              	.LVL1:
  16:Functions.c   ****     uint8_t temp1, temp2;
ARM GAS  C:\Users\mariu\AppData\Local\Temp\ccLvEXe9.s 			page 2


  17:Functions.c   ****     uint8_t least;
  18:Functions.c   ****     uint8_t most;
  19:Functions.c   ****     float combinedByte;
  20:Functions.c   ****     
  21:Functions.c   ****     most = temp1>>7;
  22:Functions.c   ****     temp1 = byte2 >> 7;
  23:Functions.c   ****     temp2 = byte1 << 1;
  42              		.loc 1 23 0
  43 0002 4000     		lsls	r0, r0, #1
  44              	.LVL2:
  45 0004 C0B2     		uxtb	r0, r0
  46              	.LVL3:
  24:Functions.c   ****     least = temp1 + temp2;
  47              		.loc 1 24 0
  48 0006 00EBD111 		add	r1, r0, r1, lsr #7
  49              	.LVL4:
  50 000a C8B2     		uxtb	r0, r1
  51              	.LVL5:
  25:Functions.c   ****     
  26:Functions.c   ****     if (most == 0)
  27:Functions.c   ****     {
  28:Functions.c   ****         combinedByte = (float)least/2;
  52              		.loc 1 28 0
  53 000c FFF7FEFF 		bl	__aeabi_ui2f
  54              	.LVL6:
  55 0010 4FF07C51 		mov	r1, #1056964608
  56 0014 FFF7FEFF 		bl	__aeabi_fmul
  57              	.LVL7:
  29:Functions.c   ****     }
  30:Functions.c   ****     else if (most == 1)
  31:Functions.c   ****     {
  32:Functions.c   ****         least = ~least;
  33:Functions.c   ****         least = least + 0b00000001;
  34:Functions.c   ****         least = -(float) least;
  35:Functions.c   ****         combinedByte = least/2;
  36:Functions.c   ****     }
  37:Functions.c   ****     else
  38:Functions.c   ****     {
  39:Functions.c   ****         UART_1_PutString("There is an error in the conversion");
  40:Functions.c   ****         return 0;
  41:Functions.c   ****     }
  42:Functions.c   ****     return combinedByte;
  43:Functions.c   **** }
  58              		.loc 1 43 0
  59 0018 08BD     		pop	{r3, pc}
  60              		.cfi_endproc
  61              	.LFE63:
  62              		.size	calculateTemp, .-calculateTemp
  63              		.global	__aeabi_f2d
  64 001a 00BF     		.section	.text.writeTempToUART,"ax",%progbits
  65              		.align	2
  66              		.global	writeTempToUART
  67              		.thumb
  68              		.thumb_func
  69              		.type	writeTempToUART, %function
  70              	writeTempToUART:
  71              	.LFB64:
ARM GAS  C:\Users\mariu\AppData\Local\Temp\ccLvEXe9.s 			page 3


  44:Functions.c   **** 
  45:Functions.c   **** 
  46:Functions.c   **** void writeTempToUART(float temp)
  47:Functions.c   **** {
  72              		.loc 1 47 0
  73              		.cfi_startproc
  74              		@ args = 0, pretend = 0, frame = 256
  75              		@ frame_needed = 0, uses_anonymous_args = 0
  76              	.LVL8:
  77 0000 00B5     		push	{lr}
  78              		.cfi_def_cfa_offset 4
  79              		.cfi_offset 14, -4
  80 0002 C3B0     		sub	sp, sp, #268
  81              		.cfi_def_cfa_offset 272
  48:Functions.c   ****     char outputBuffer[256];
  49:Functions.c   ****     
  50:Functions.c   ****     snprintf(outputBuffer, sizeof(outputBuffer), "\r\n\nTemp: %f \r\n\n", temp);
  82              		.loc 1 50 0
  83 0004 FFF7FEFF 		bl	__aeabi_f2d
  84              	.LVL9:
  85 0008 CDE90001 		strd	r0, [sp]
  86 000c 054A     		ldr	r2, .L8
  87 000e 4FF48071 		mov	r1, #256
  88 0012 02A8     		add	r0, sp, #8
  89 0014 FFF7FEFF 		bl	snprintf
  90              	.LVL10:
  51:Functions.c   ****     
  52:Functions.c   ****     UART_1_PutString(outputBuffer);
  91              		.loc 1 52 0
  92 0018 02A8     		add	r0, sp, #8
  93 001a FFF7FEFF 		bl	UART_1_PutString
  94              	.LVL11:
  53:Functions.c   **** }
  95              		.loc 1 53 0
  96 001e 43B0     		add	sp, sp, #268
  97              		.cfi_def_cfa_offset 4
  98              		@ sp needed
  99 0020 5DF804FB 		ldr	pc, [sp], #4
 100              	.L9:
 101              		.align	2
 102              	.L8:
 103 0024 24000000 		.word	.LC1
 104              		.cfi_endproc
 105              	.LFE64:
 106              		.size	writeTempToUART, .-writeTempToUART
 107              		.section	.text.writeTempToUART1,"ax",%progbits
 108              		.align	2
 109              		.global	writeTempToUART1
 110              		.thumb
 111              		.thumb_func
 112              		.type	writeTempToUART1, %function
 113              	writeTempToUART1:
 114              	.LFB65:
  54:Functions.c   ****     
  55:Functions.c   **** void writeTempToUART1(uint8_t bin)
  56:Functions.c   **** {
 115              		.loc 1 56 0
ARM GAS  C:\Users\mariu\AppData\Local\Temp\ccLvEXe9.s 			page 4


 116              		.cfi_startproc
 117              		@ args = 0, pretend = 0, frame = 256
 118              		@ frame_needed = 0, uses_anonymous_args = 0
 119              	.LVL12:
 120 0000 00B5     		push	{lr}
 121              		.cfi_def_cfa_offset 4
 122              		.cfi_offset 14, -4
 123 0002 C1B0     		sub	sp, sp, #260
 124              		.cfi_def_cfa_offset 264
  57:Functions.c   ****     char outputBuffer[256];
  58:Functions.c   ****     
  59:Functions.c   ****     snprintf(outputBuffer, sizeof(outputBuffer), "Bin: %d \r\n", bin);
 125              		.loc 1 59 0
 126 0004 0346     		mov	r3, r0
 127 0006 064A     		ldr	r2, .L12
 128 0008 4FF48071 		mov	r1, #256
 129 000c 6846     		mov	r0, sp
 130              	.LVL13:
 131 000e FFF7FEFF 		bl	snprintf
 132              	.LVL14:
  60:Functions.c   ****     
  61:Functions.c   ****     UART_1_PutString(outputBuffer);
 133              		.loc 1 61 0
 134 0012 6846     		mov	r0, sp
 135 0014 FFF7FEFF 		bl	UART_1_PutString
 136              	.LVL15:
  62:Functions.c   **** }
 137              		.loc 1 62 0
 138 0018 41B0     		add	sp, sp, #260
 139              		.cfi_def_cfa_offset 4
 140              		@ sp needed
 141 001a 5DF804FB 		ldr	pc, [sp], #4
 142              	.L13:
 143 001e 00BF     		.align	2
 144              	.L12:
 145 0020 34000000 		.word	.LC2
 146              		.cfi_endproc
 147              	.LFE65:
 148              		.size	writeTempToUART1, .-writeTempToUART1
 149              		.section	.rodata.str1.4,"aMS",%progbits,1
 150              		.align	2
 151              	.LC0:
 152 0000 54686572 		.ascii	"There is an error in the conversion\000"
 152      65206973 
 152      20616E20 
 152      6572726F 
 152      7220696E 
 153              	.LC1:
 154 0024 0D0A0A54 		.ascii	"\015\012\012Temp: %f \015\012\012\000"
 154      656D703A 
 154      20256620 
 154      0D0A0A00 
 155              	.LC2:
 156 0034 42696E3A 		.ascii	"Bin: %d \015\012\000"
 156      20256420 
 156      0D0A00
 157              		.text
ARM GAS  C:\Users\mariu\AppData\Local\Temp\ccLvEXe9.s 			page 5


 158              	.Letext0:
 159              		.file 2 "c:\\program files (x86)\\cypress\\psoc creator\\4.4\\psoc creator\\import\\gnu\\arm\\5.4.
 160              		.file 3 "c:\\program files (x86)\\cypress\\psoc creator\\4.4\\psoc creator\\import\\gnu\\arm\\5.4.
 161              		.file 4 "<built-in>"
 162              		.file 5 "Generated_Source\\PSoC5/UART_1.h"
 163              		.file 6 "Generated_Source\\PSoC5/core_cm3.h"
 164              		.section	.debug_info,"",%progbits
 165              	.Ldebug_info0:
 166 0000 8F020000 		.4byte	0x28f
 167 0004 0400     		.2byte	0x4
 168 0006 00000000 		.4byte	.Ldebug_abbrev0
 169 000a 04       		.byte	0x4
 170 000b 01       		.uleb128 0x1
 171 000c 58000000 		.4byte	.LASF31
 172 0010 0C       		.byte	0xc
 173 0011 00000000 		.4byte	.LASF32
 174 0015 16010000 		.4byte	.LASF33
 175 0019 00000000 		.4byte	.Ldebug_ranges0+0
 176 001d 00000000 		.4byte	0
 177 0021 00000000 		.4byte	.Ldebug_line0
 178 0025 02       		.uleb128 0x2
 179 0026 04       		.byte	0x4
 180 0027 04       		.byte	0x4
 181 0028 44000000 		.4byte	.LASF0
 182 002c 02       		.uleb128 0x2
 183 002d 01       		.byte	0x1
 184 002e 06       		.byte	0x6
 185 002f 38020000 		.4byte	.LASF1
 186 0033 03       		.uleb128 0x3
 187 0034 0C000000 		.4byte	.LASF5
 188 0038 02       		.byte	0x2
 189 0039 1D       		.byte	0x1d
 190 003a 3E000000 		.4byte	0x3e
 191 003e 02       		.uleb128 0x2
 192 003f 01       		.byte	0x1
 193 0040 08       		.byte	0x8
 194 0041 4A000000 		.4byte	.LASF2
 195 0045 02       		.uleb128 0x2
 196 0046 02       		.byte	0x2
 197 0047 05       		.byte	0x5
 198 0048 06020000 		.4byte	.LASF3
 199 004c 02       		.uleb128 0x2
 200 004d 02       		.byte	0x2
 201 004e 07       		.byte	0x7
 202 004f 29000000 		.4byte	.LASF4
 203 0053 03       		.uleb128 0x3
 204 0054 16000000 		.4byte	.LASF6
 205 0058 02       		.byte	0x2
 206 0059 3F       		.byte	0x3f
 207 005a 5E000000 		.4byte	0x5e
 208 005e 02       		.uleb128 0x2
 209 005f 04       		.byte	0x4
 210 0060 05       		.byte	0x5
 211 0061 1D020000 		.4byte	.LASF7
 212 0065 02       		.uleb128 0x2
 213 0066 04       		.byte	0x4
 214 0067 07       		.byte	0x7
ARM GAS  C:\Users\mariu\AppData\Local\Temp\ccLvEXe9.s 			page 6


 215 0068 F3000000 		.4byte	.LASF8
 216 006c 02       		.uleb128 0x2
 217 006d 08       		.byte	0x8
 218 006e 05       		.byte	0x5
 219 006f E7010000 		.4byte	.LASF9
 220 0073 02       		.uleb128 0x2
 221 0074 08       		.byte	0x8
 222 0075 07       		.byte	0x7
 223 0076 BA010000 		.4byte	.LASF10
 224 007a 04       		.uleb128 0x4
 225 007b 04       		.byte	0x4
 226 007c 05       		.byte	0x5
 227 007d 696E7400 		.ascii	"int\000"
 228 0081 02       		.uleb128 0x2
 229 0082 04       		.byte	0x4
 230 0083 07       		.byte	0x7
 231 0084 9F010000 		.4byte	.LASF11
 232 0088 03       		.uleb128 0x3
 233 0089 D1010000 		.4byte	.LASF12
 234 008d 03       		.byte	0x3
 235 008e 18       		.byte	0x18
 236 008f 33000000 		.4byte	0x33
 237 0093 03       		.uleb128 0x3
 238 0094 3C000000 		.4byte	.LASF13
 239 0098 03       		.byte	0x3
 240 0099 2C       		.byte	0x2c
 241 009a 53000000 		.4byte	0x53
 242 009e 02       		.uleb128 0x2
 243 009f 08       		.byte	0x8
 244 00a0 04       		.byte	0x4
 245 00a1 7B010000 		.4byte	.LASF14
 246 00a5 02       		.uleb128 0x2
 247 00a6 01       		.byte	0x1
 248 00a7 08       		.byte	0x8
 249 00a8 F5010000 		.4byte	.LASF15
 250 00ac 02       		.uleb128 0x2
 251 00ad 08       		.byte	0x8
 252 00ae 04       		.byte	0x4
 253 00af 2C020000 		.4byte	.LASF16
 254 00b3 02       		.uleb128 0x2
 255 00b4 04       		.byte	0x4
 256 00b5 07       		.byte	0x7
 257 00b6 DE010000 		.4byte	.LASF17
 258 00ba 05       		.uleb128 0x5
 259 00bb 04       		.byte	0x4
 260 00bc A5000000 		.4byte	0xa5
 261 00c0 05       		.uleb128 0x5
 262 00c1 04       		.byte	0x4
 263 00c2 C6000000 		.4byte	0xc6
 264 00c6 06       		.uleb128 0x6
 265 00c7 A5000000 		.4byte	0xa5
 266 00cb 07       		.uleb128 0x7
 267 00cc AC010000 		.4byte	.LASF34
 268 00d0 01       		.byte	0x1
 269 00d1 0E       		.byte	0xe
 270 00d2 25000000 		.4byte	0x25
 271 00d6 00000000 		.4byte	.LFB63
ARM GAS  C:\Users\mariu\AppData\Local\Temp\ccLvEXe9.s 			page 7


 272 00da 1A000000 		.4byte	.LFE63-.LFB63
 273 00de 01       		.uleb128 0x1
 274 00df 9C       		.byte	0x9c
 275 00e0 49010000 		.4byte	0x149
 276 00e4 08       		.uleb128 0x8
 277 00e5 0A010000 		.4byte	.LASF18
 278 00e9 01       		.byte	0x1
 279 00ea 0E       		.byte	0xe
 280 00eb 88000000 		.4byte	0x88
 281 00ef 00000000 		.4byte	.LLST0
 282 00f3 08       		.uleb128 0x8
 283 00f4 10010000 		.4byte	.LASF19
 284 00f8 01       		.byte	0x1
 285 00f9 0E       		.byte	0xe
 286 00fa 88000000 		.4byte	0x88
 287 00fe 21000000 		.4byte	.LLST1
 288 0102 09       		.uleb128 0x9
 289 0103 FA010000 		.4byte	.LASF20
 290 0107 01       		.byte	0x1
 291 0108 10       		.byte	0x10
 292 0109 88000000 		.4byte	0x88
 293 010d 42000000 		.4byte	.LLST2
 294 0111 09       		.uleb128 0x9
 295 0112 00020000 		.4byte	.LASF21
 296 0116 01       		.byte	0x1
 297 0117 10       		.byte	0x10
 298 0118 88000000 		.4byte	0x88
 299 011c 59000000 		.4byte	.LLST3
 300 0120 09       		.uleb128 0x9
 301 0121 26020000 		.4byte	.LASF22
 302 0125 01       		.byte	0x1
 303 0126 11       		.byte	0x11
 304 0127 88000000 		.4byte	0x88
 305 012b 6C000000 		.4byte	.LLST4
 306 012f 0A       		.uleb128 0xa
 307 0130 D9010000 		.4byte	.LASF23
 308 0134 01       		.byte	0x1
 309 0135 12       		.byte	0x12
 310 0136 88000000 		.4byte	0x88
 311 013a 00       		.byte	0
 312 013b 0B       		.uleb128 0xb
 313 013c 10020000 		.4byte	.LASF24
 314 0140 01       		.byte	0x1
 315 0141 13       		.byte	0x13
 316 0142 25000000 		.4byte	0x25
 317 0146 01       		.uleb128 0x1
 318 0147 50       		.byte	0x50
 319 0148 00       		.byte	0
 320 0149 0C       		.uleb128 0xc
 321 014a 82010000 		.4byte	.LASF27
 322 014e 01       		.byte	0x1
 323 014f 2E       		.byte	0x2e
 324 0150 00000000 		.4byte	.LFB64
 325 0154 28000000 		.4byte	.LFE64-.LFB64
 326 0158 01       		.uleb128 0x1
 327 0159 9C       		.byte	0x9c
 328 015a D3010000 		.4byte	0x1d3
ARM GAS  C:\Users\mariu\AppData\Local\Temp\ccLvEXe9.s 			page 8


 329 015e 08       		.uleb128 0x8
 330 015f 05010000 		.4byte	.LASF25
 331 0163 01       		.byte	0x1
 332 0164 2E       		.byte	0x2e
 333 0165 25000000 		.4byte	0x25
 334 0169 7F000000 		.4byte	.LLST5
 335 016d 0B       		.uleb128 0xb
 336 016e E6000000 		.4byte	.LASF26
 337 0172 01       		.byte	0x1
 338 0173 30       		.byte	0x30
 339 0174 D3010000 		.4byte	0x1d3
 340 0178 03       		.uleb128 0x3
 341 0179 91       		.byte	0x91
 342 017a F87D     		.sleb128 -264
 343 017c 0D       		.uleb128 0xd
 344 017d 20000000 		.4byte	.LASF29
 345 0181 04       		.byte	0x4
 346 0182 00       		.byte	0
 347 0183 7A000000 		.4byte	0x7a
 348 0187 9C010000 		.4byte	0x19c
 349 018b 0E       		.uleb128 0xe
 350 018c BA000000 		.4byte	0xba
 351 0190 0E       		.uleb128 0xe
 352 0191 81000000 		.4byte	0x81
 353 0195 0E       		.uleb128 0xe
 354 0196 C0000000 		.4byte	0xc0
 355 019a 0F       		.uleb128 0xf
 356 019b 00       		.byte	0
 357 019c 10       		.uleb128 0x10
 358 019d 18000000 		.4byte	.LVL10
 359 01a1 7C020000 		.4byte	0x27c
 360 01a5 C1010000 		.4byte	0x1c1
 361 01a9 11       		.uleb128 0x11
 362 01aa 01       		.uleb128 0x1
 363 01ab 50       		.byte	0x50
 364 01ac 03       		.uleb128 0x3
 365 01ad 91       		.byte	0x91
 366 01ae F87D     		.sleb128 -264
 367 01b0 11       		.uleb128 0x11
 368 01b1 01       		.uleb128 0x1
 369 01b2 51       		.byte	0x51
 370 01b3 03       		.uleb128 0x3
 371 01b4 0A       		.byte	0xa
 372 01b5 0001     		.2byte	0x100
 373 01b7 11       		.uleb128 0x11
 374 01b8 01       		.uleb128 0x1
 375 01b9 52       		.byte	0x52
 376 01ba 05       		.uleb128 0x5
 377 01bb 03       		.byte	0x3
 378 01bc 24000000 		.4byte	.LC1
 379 01c0 00       		.byte	0
 380 01c1 12       		.uleb128 0x12
 381 01c2 1E000000 		.4byte	.LVL11
 382 01c6 87020000 		.4byte	0x287
 383 01ca 11       		.uleb128 0x11
 384 01cb 01       		.uleb128 0x1
 385 01cc 50       		.byte	0x50
ARM GAS  C:\Users\mariu\AppData\Local\Temp\ccLvEXe9.s 			page 9


 386 01cd 03       		.uleb128 0x3
 387 01ce 91       		.byte	0x91
 388 01cf F87D     		.sleb128 -264
 389 01d1 00       		.byte	0
 390 01d2 00       		.byte	0
 391 01d3 13       		.uleb128 0x13
 392 01d4 A5000000 		.4byte	0xa5
 393 01d8 E3010000 		.4byte	0x1e3
 394 01dc 14       		.uleb128 0x14
 395 01dd B3000000 		.4byte	0xb3
 396 01e1 FF       		.byte	0xff
 397 01e2 00       		.byte	0
 398 01e3 15       		.uleb128 0x15
 399 01e4 6A010000 		.4byte	.LASF28
 400 01e8 01       		.byte	0x1
 401 01e9 37       		.byte	0x37
 402 01ea 00000000 		.4byte	.LFB65
 403 01ee 24000000 		.4byte	.LFE65-.LFB65
 404 01f2 01       		.uleb128 0x1
 405 01f3 9C       		.byte	0x9c
 406 01f4 6B020000 		.4byte	0x26b
 407 01f8 16       		.uleb128 0x16
 408 01f9 62696E00 		.ascii	"bin\000"
 409 01fd 01       		.byte	0x1
 410 01fe 37       		.byte	0x37
 411 01ff 88000000 		.4byte	0x88
 412 0203 A2000000 		.4byte	.LLST6
 413 0207 0B       		.uleb128 0xb
 414 0208 E6000000 		.4byte	.LASF26
 415 020c 01       		.byte	0x1
 416 020d 39       		.byte	0x39
 417 020e D3010000 		.4byte	0x1d3
 418 0212 03       		.uleb128 0x3
 419 0213 91       		.byte	0x91
 420 0214 F87D     		.sleb128 -264
 421 0216 0D       		.uleb128 0xd
 422 0217 20000000 		.4byte	.LASF29
 423 021b 04       		.byte	0x4
 424 021c 00       		.byte	0
 425 021d 7A000000 		.4byte	0x7a
 426 0221 36020000 		.4byte	0x236
 427 0225 0E       		.uleb128 0xe
 428 0226 BA000000 		.4byte	0xba
 429 022a 0E       		.uleb128 0xe
 430 022b 81000000 		.4byte	0x81
 431 022f 0E       		.uleb128 0xe
 432 0230 C0000000 		.4byte	0xc0
 433 0234 0F       		.uleb128 0xf
 434 0235 00       		.byte	0
 435 0236 10       		.uleb128 0x10
 436 0237 12000000 		.4byte	.LVL14
 437 023b 7C020000 		.4byte	0x27c
 438 023f 5A020000 		.4byte	0x25a
 439 0243 11       		.uleb128 0x11
 440 0244 01       		.uleb128 0x1
 441 0245 50       		.byte	0x50
 442 0246 02       		.uleb128 0x2
ARM GAS  C:\Users\mariu\AppData\Local\Temp\ccLvEXe9.s 			page 10


 443 0247 7D       		.byte	0x7d
 444 0248 00       		.sleb128 0
 445 0249 11       		.uleb128 0x11
 446 024a 01       		.uleb128 0x1
 447 024b 51       		.byte	0x51
 448 024c 03       		.uleb128 0x3
 449 024d 0A       		.byte	0xa
 450 024e 0001     		.2byte	0x100
 451 0250 11       		.uleb128 0x11
 452 0251 01       		.uleb128 0x1
 453 0252 52       		.byte	0x52
 454 0253 05       		.uleb128 0x5
 455 0254 03       		.byte	0x3
 456 0255 34000000 		.4byte	.LC2
 457 0259 00       		.byte	0
 458 025a 12       		.uleb128 0x12
 459 025b 18000000 		.4byte	.LVL15
 460 025f 87020000 		.4byte	0x287
 461 0263 11       		.uleb128 0x11
 462 0264 01       		.uleb128 0x1
 463 0265 50       		.byte	0x50
 464 0266 02       		.uleb128 0x2
 465 0267 7D       		.byte	0x7d
 466 0268 00       		.sleb128 0
 467 0269 00       		.byte	0
 468 026a 00       		.byte	0
 469 026b 17       		.uleb128 0x17
 470 026c 92010000 		.4byte	.LASF35
 471 0270 06       		.byte	0x6
 472 0271 1207     		.2byte	0x712
 473 0273 77020000 		.4byte	0x277
 474 0277 18       		.uleb128 0x18
 475 0278 93000000 		.4byte	0x93
 476 027c 19       		.uleb128 0x19
 477 027d 20000000 		.4byte	.LASF29
 478 0281 20000000 		.4byte	.LASF29
 479 0285 04       		.byte	0x4
 480 0286 00       		.byte	0
 481 0287 19       		.uleb128 0x19
 482 0288 44020000 		.4byte	.LASF30
 483 028c 44020000 		.4byte	.LASF30
 484 0290 05       		.byte	0x5
 485 0291 8B       		.byte	0x8b
 486 0292 00       		.byte	0
 487              		.section	.debug_abbrev,"",%progbits
 488              	.Ldebug_abbrev0:
 489 0000 01       		.uleb128 0x1
 490 0001 11       		.uleb128 0x11
 491 0002 01       		.byte	0x1
 492 0003 25       		.uleb128 0x25
 493 0004 0E       		.uleb128 0xe
 494 0005 13       		.uleb128 0x13
 495 0006 0B       		.uleb128 0xb
 496 0007 03       		.uleb128 0x3
 497 0008 0E       		.uleb128 0xe
 498 0009 1B       		.uleb128 0x1b
 499 000a 0E       		.uleb128 0xe
ARM GAS  C:\Users\mariu\AppData\Local\Temp\ccLvEXe9.s 			page 11


 500 000b 55       		.uleb128 0x55
 501 000c 17       		.uleb128 0x17
 502 000d 11       		.uleb128 0x11
 503 000e 01       		.uleb128 0x1
 504 000f 10       		.uleb128 0x10
 505 0010 17       		.uleb128 0x17
 506 0011 00       		.byte	0
 507 0012 00       		.byte	0
 508 0013 02       		.uleb128 0x2
 509 0014 24       		.uleb128 0x24
 510 0015 00       		.byte	0
 511 0016 0B       		.uleb128 0xb
 512 0017 0B       		.uleb128 0xb
 513 0018 3E       		.uleb128 0x3e
 514 0019 0B       		.uleb128 0xb
 515 001a 03       		.uleb128 0x3
 516 001b 0E       		.uleb128 0xe
 517 001c 00       		.byte	0
 518 001d 00       		.byte	0
 519 001e 03       		.uleb128 0x3
 520 001f 16       		.uleb128 0x16
 521 0020 00       		.byte	0
 522 0021 03       		.uleb128 0x3
 523 0022 0E       		.uleb128 0xe
 524 0023 3A       		.uleb128 0x3a
 525 0024 0B       		.uleb128 0xb
 526 0025 3B       		.uleb128 0x3b
 527 0026 0B       		.uleb128 0xb
 528 0027 49       		.uleb128 0x49
 529 0028 13       		.uleb128 0x13
 530 0029 00       		.byte	0
 531 002a 00       		.byte	0
 532 002b 04       		.uleb128 0x4
 533 002c 24       		.uleb128 0x24
 534 002d 00       		.byte	0
 535 002e 0B       		.uleb128 0xb
 536 002f 0B       		.uleb128 0xb
 537 0030 3E       		.uleb128 0x3e
 538 0031 0B       		.uleb128 0xb
 539 0032 03       		.uleb128 0x3
 540 0033 08       		.uleb128 0x8
 541 0034 00       		.byte	0
 542 0035 00       		.byte	0
 543 0036 05       		.uleb128 0x5
 544 0037 0F       		.uleb128 0xf
 545 0038 00       		.byte	0
 546 0039 0B       		.uleb128 0xb
 547 003a 0B       		.uleb128 0xb
 548 003b 49       		.uleb128 0x49
 549 003c 13       		.uleb128 0x13
 550 003d 00       		.byte	0
 551 003e 00       		.byte	0
 552 003f 06       		.uleb128 0x6
 553 0040 26       		.uleb128 0x26
 554 0041 00       		.byte	0
 555 0042 49       		.uleb128 0x49
 556 0043 13       		.uleb128 0x13
ARM GAS  C:\Users\mariu\AppData\Local\Temp\ccLvEXe9.s 			page 12


 557 0044 00       		.byte	0
 558 0045 00       		.byte	0
 559 0046 07       		.uleb128 0x7
 560 0047 2E       		.uleb128 0x2e
 561 0048 01       		.byte	0x1
 562 0049 3F       		.uleb128 0x3f
 563 004a 19       		.uleb128 0x19
 564 004b 03       		.uleb128 0x3
 565 004c 0E       		.uleb128 0xe
 566 004d 3A       		.uleb128 0x3a
 567 004e 0B       		.uleb128 0xb
 568 004f 3B       		.uleb128 0x3b
 569 0050 0B       		.uleb128 0xb
 570 0051 27       		.uleb128 0x27
 571 0052 19       		.uleb128 0x19
 572 0053 49       		.uleb128 0x49
 573 0054 13       		.uleb128 0x13
 574 0055 11       		.uleb128 0x11
 575 0056 01       		.uleb128 0x1
 576 0057 12       		.uleb128 0x12
 577 0058 06       		.uleb128 0x6
 578 0059 40       		.uleb128 0x40
 579 005a 18       		.uleb128 0x18
 580 005b 9642     		.uleb128 0x2116
 581 005d 19       		.uleb128 0x19
 582 005e 01       		.uleb128 0x1
 583 005f 13       		.uleb128 0x13
 584 0060 00       		.byte	0
 585 0061 00       		.byte	0
 586 0062 08       		.uleb128 0x8
 587 0063 05       		.uleb128 0x5
 588 0064 00       		.byte	0
 589 0065 03       		.uleb128 0x3
 590 0066 0E       		.uleb128 0xe
 591 0067 3A       		.uleb128 0x3a
 592 0068 0B       		.uleb128 0xb
 593 0069 3B       		.uleb128 0x3b
 594 006a 0B       		.uleb128 0xb
 595 006b 49       		.uleb128 0x49
 596 006c 13       		.uleb128 0x13
 597 006d 02       		.uleb128 0x2
 598 006e 17       		.uleb128 0x17
 599 006f 00       		.byte	0
 600 0070 00       		.byte	0
 601 0071 09       		.uleb128 0x9
 602 0072 34       		.uleb128 0x34
 603 0073 00       		.byte	0
 604 0074 03       		.uleb128 0x3
 605 0075 0E       		.uleb128 0xe
 606 0076 3A       		.uleb128 0x3a
 607 0077 0B       		.uleb128 0xb
 608 0078 3B       		.uleb128 0x3b
 609 0079 0B       		.uleb128 0xb
 610 007a 49       		.uleb128 0x49
 611 007b 13       		.uleb128 0x13
 612 007c 02       		.uleb128 0x2
 613 007d 17       		.uleb128 0x17
ARM GAS  C:\Users\mariu\AppData\Local\Temp\ccLvEXe9.s 			page 13


 614 007e 00       		.byte	0
 615 007f 00       		.byte	0
 616 0080 0A       		.uleb128 0xa
 617 0081 34       		.uleb128 0x34
 618 0082 00       		.byte	0
 619 0083 03       		.uleb128 0x3
 620 0084 0E       		.uleb128 0xe
 621 0085 3A       		.uleb128 0x3a
 622 0086 0B       		.uleb128 0xb
 623 0087 3B       		.uleb128 0x3b
 624 0088 0B       		.uleb128 0xb
 625 0089 49       		.uleb128 0x49
 626 008a 13       		.uleb128 0x13
 627 008b 1C       		.uleb128 0x1c
 628 008c 0B       		.uleb128 0xb
 629 008d 00       		.byte	0
 630 008e 00       		.byte	0
 631 008f 0B       		.uleb128 0xb
 632 0090 34       		.uleb128 0x34
 633 0091 00       		.byte	0
 634 0092 03       		.uleb128 0x3
 635 0093 0E       		.uleb128 0xe
 636 0094 3A       		.uleb128 0x3a
 637 0095 0B       		.uleb128 0xb
 638 0096 3B       		.uleb128 0x3b
 639 0097 0B       		.uleb128 0xb
 640 0098 49       		.uleb128 0x49
 641 0099 13       		.uleb128 0x13
 642 009a 02       		.uleb128 0x2
 643 009b 18       		.uleb128 0x18
 644 009c 00       		.byte	0
 645 009d 00       		.byte	0
 646 009e 0C       		.uleb128 0xc
 647 009f 2E       		.uleb128 0x2e
 648 00a0 01       		.byte	0x1
 649 00a1 3F       		.uleb128 0x3f
 650 00a2 19       		.uleb128 0x19
 651 00a3 03       		.uleb128 0x3
 652 00a4 0E       		.uleb128 0xe
 653 00a5 3A       		.uleb128 0x3a
 654 00a6 0B       		.uleb128 0xb
 655 00a7 3B       		.uleb128 0x3b
 656 00a8 0B       		.uleb128 0xb
 657 00a9 27       		.uleb128 0x27
 658 00aa 19       		.uleb128 0x19
 659 00ab 11       		.uleb128 0x11
 660 00ac 01       		.uleb128 0x1
 661 00ad 12       		.uleb128 0x12
 662 00ae 06       		.uleb128 0x6
 663 00af 40       		.uleb128 0x40
 664 00b0 18       		.uleb128 0x18
 665 00b1 9642     		.uleb128 0x2116
 666 00b3 19       		.uleb128 0x19
 667 00b4 01       		.uleb128 0x1
 668 00b5 13       		.uleb128 0x13
 669 00b6 00       		.byte	0
 670 00b7 00       		.byte	0
ARM GAS  C:\Users\mariu\AppData\Local\Temp\ccLvEXe9.s 			page 14


 671 00b8 0D       		.uleb128 0xd
 672 00b9 2E       		.uleb128 0x2e
 673 00ba 01       		.byte	0x1
 674 00bb 3F       		.uleb128 0x3f
 675 00bc 19       		.uleb128 0x19
 676 00bd 03       		.uleb128 0x3
 677 00be 0E       		.uleb128 0xe
 678 00bf 3A       		.uleb128 0x3a
 679 00c0 0B       		.uleb128 0xb
 680 00c1 3B       		.uleb128 0x3b
 681 00c2 0B       		.uleb128 0xb
 682 00c3 27       		.uleb128 0x27
 683 00c4 19       		.uleb128 0x19
 684 00c5 49       		.uleb128 0x49
 685 00c6 13       		.uleb128 0x13
 686 00c7 3C       		.uleb128 0x3c
 687 00c8 19       		.uleb128 0x19
 688 00c9 01       		.uleb128 0x1
 689 00ca 13       		.uleb128 0x13
 690 00cb 00       		.byte	0
 691 00cc 00       		.byte	0
 692 00cd 0E       		.uleb128 0xe
 693 00ce 05       		.uleb128 0x5
 694 00cf 00       		.byte	0
 695 00d0 49       		.uleb128 0x49
 696 00d1 13       		.uleb128 0x13
 697 00d2 00       		.byte	0
 698 00d3 00       		.byte	0
 699 00d4 0F       		.uleb128 0xf
 700 00d5 18       		.uleb128 0x18
 701 00d6 00       		.byte	0
 702 00d7 00       		.byte	0
 703 00d8 00       		.byte	0
 704 00d9 10       		.uleb128 0x10
 705 00da 898201   		.uleb128 0x4109
 706 00dd 01       		.byte	0x1
 707 00de 11       		.uleb128 0x11
 708 00df 01       		.uleb128 0x1
 709 00e0 31       		.uleb128 0x31
 710 00e1 13       		.uleb128 0x13
 711 00e2 01       		.uleb128 0x1
 712 00e3 13       		.uleb128 0x13
 713 00e4 00       		.byte	0
 714 00e5 00       		.byte	0
 715 00e6 11       		.uleb128 0x11
 716 00e7 8A8201   		.uleb128 0x410a
 717 00ea 00       		.byte	0
 718 00eb 02       		.uleb128 0x2
 719 00ec 18       		.uleb128 0x18
 720 00ed 9142     		.uleb128 0x2111
 721 00ef 18       		.uleb128 0x18
 722 00f0 00       		.byte	0
 723 00f1 00       		.byte	0
 724 00f2 12       		.uleb128 0x12
 725 00f3 898201   		.uleb128 0x4109
 726 00f6 01       		.byte	0x1
 727 00f7 11       		.uleb128 0x11
ARM GAS  C:\Users\mariu\AppData\Local\Temp\ccLvEXe9.s 			page 15


 728 00f8 01       		.uleb128 0x1
 729 00f9 31       		.uleb128 0x31
 730 00fa 13       		.uleb128 0x13
 731 00fb 00       		.byte	0
 732 00fc 00       		.byte	0
 733 00fd 13       		.uleb128 0x13
 734 00fe 01       		.uleb128 0x1
 735 00ff 01       		.byte	0x1
 736 0100 49       		.uleb128 0x49
 737 0101 13       		.uleb128 0x13
 738 0102 01       		.uleb128 0x1
 739 0103 13       		.uleb128 0x13
 740 0104 00       		.byte	0
 741 0105 00       		.byte	0
 742 0106 14       		.uleb128 0x14
 743 0107 21       		.uleb128 0x21
 744 0108 00       		.byte	0
 745 0109 49       		.uleb128 0x49
 746 010a 13       		.uleb128 0x13
 747 010b 2F       		.uleb128 0x2f
 748 010c 0B       		.uleb128 0xb
 749 010d 00       		.byte	0
 750 010e 00       		.byte	0
 751 010f 15       		.uleb128 0x15
 752 0110 2E       		.uleb128 0x2e
 753 0111 01       		.byte	0x1
 754 0112 3F       		.uleb128 0x3f
 755 0113 19       		.uleb128 0x19
 756 0114 03       		.uleb128 0x3
 757 0115 0E       		.uleb128 0xe
 758 0116 3A       		.uleb128 0x3a
 759 0117 0B       		.uleb128 0xb
 760 0118 3B       		.uleb128 0x3b
 761 0119 0B       		.uleb128 0xb
 762 011a 27       		.uleb128 0x27
 763 011b 19       		.uleb128 0x19
 764 011c 11       		.uleb128 0x11
 765 011d 01       		.uleb128 0x1
 766 011e 12       		.uleb128 0x12
 767 011f 06       		.uleb128 0x6
 768 0120 40       		.uleb128 0x40
 769 0121 18       		.uleb128 0x18
 770 0122 9742     		.uleb128 0x2117
 771 0124 19       		.uleb128 0x19
 772 0125 01       		.uleb128 0x1
 773 0126 13       		.uleb128 0x13
 774 0127 00       		.byte	0
 775 0128 00       		.byte	0
 776 0129 16       		.uleb128 0x16
 777 012a 05       		.uleb128 0x5
 778 012b 00       		.byte	0
 779 012c 03       		.uleb128 0x3
 780 012d 08       		.uleb128 0x8
 781 012e 3A       		.uleb128 0x3a
 782 012f 0B       		.uleb128 0xb
 783 0130 3B       		.uleb128 0x3b
 784 0131 0B       		.uleb128 0xb
ARM GAS  C:\Users\mariu\AppData\Local\Temp\ccLvEXe9.s 			page 16


 785 0132 49       		.uleb128 0x49
 786 0133 13       		.uleb128 0x13
 787 0134 02       		.uleb128 0x2
 788 0135 17       		.uleb128 0x17
 789 0136 00       		.byte	0
 790 0137 00       		.byte	0
 791 0138 17       		.uleb128 0x17
 792 0139 34       		.uleb128 0x34
 793 013a 00       		.byte	0
 794 013b 03       		.uleb128 0x3
 795 013c 0E       		.uleb128 0xe
 796 013d 3A       		.uleb128 0x3a
 797 013e 0B       		.uleb128 0xb
 798 013f 3B       		.uleb128 0x3b
 799 0140 05       		.uleb128 0x5
 800 0141 49       		.uleb128 0x49
 801 0142 13       		.uleb128 0x13
 802 0143 3F       		.uleb128 0x3f
 803 0144 19       		.uleb128 0x19
 804 0145 3C       		.uleb128 0x3c
 805 0146 19       		.uleb128 0x19
 806 0147 00       		.byte	0
 807 0148 00       		.byte	0
 808 0149 18       		.uleb128 0x18
 809 014a 35       		.uleb128 0x35
 810 014b 00       		.byte	0
 811 014c 49       		.uleb128 0x49
 812 014d 13       		.uleb128 0x13
 813 014e 00       		.byte	0
 814 014f 00       		.byte	0
 815 0150 19       		.uleb128 0x19
 816 0151 2E       		.uleb128 0x2e
 817 0152 00       		.byte	0
 818 0153 3F       		.uleb128 0x3f
 819 0154 19       		.uleb128 0x19
 820 0155 3C       		.uleb128 0x3c
 821 0156 19       		.uleb128 0x19
 822 0157 6E       		.uleb128 0x6e
 823 0158 0E       		.uleb128 0xe
 824 0159 03       		.uleb128 0x3
 825 015a 0E       		.uleb128 0xe
 826 015b 3A       		.uleb128 0x3a
 827 015c 0B       		.uleb128 0xb
 828 015d 3B       		.uleb128 0x3b
 829 015e 0B       		.uleb128 0xb
 830 015f 00       		.byte	0
 831 0160 00       		.byte	0
 832 0161 00       		.byte	0
 833              		.section	.debug_loc,"",%progbits
 834              	.Ldebug_loc0:
 835              	.LLST0:
 836 0000 00000000 		.4byte	.LVL0
 837 0004 04000000 		.4byte	.LVL2
 838 0008 0100     		.2byte	0x1
 839 000a 50       		.byte	0x50
 840 000b 04000000 		.4byte	.LVL2
 841 000f 1A000000 		.4byte	.LFE63
ARM GAS  C:\Users\mariu\AppData\Local\Temp\ccLvEXe9.s 			page 17


 842 0013 0400     		.2byte	0x4
 843 0015 F3       		.byte	0xf3
 844 0016 01       		.uleb128 0x1
 845 0017 50       		.byte	0x50
 846 0018 9F       		.byte	0x9f
 847 0019 00000000 		.4byte	0
 848 001d 00000000 		.4byte	0
 849              	.LLST1:
 850 0021 00000000 		.4byte	.LVL0
 851 0025 0A000000 		.4byte	.LVL4
 852 0029 0100     		.2byte	0x1
 853 002b 51       		.byte	0x51
 854 002c 0A000000 		.4byte	.LVL4
 855 0030 1A000000 		.4byte	.LFE63
 856 0034 0400     		.2byte	0x4
 857 0036 F3       		.byte	0xf3
 858 0037 01       		.uleb128 0x1
 859 0038 51       		.byte	0x51
 860 0039 9F       		.byte	0x9f
 861 003a 00000000 		.4byte	0
 862 003e 00000000 		.4byte	0
 863              	.LLST2:
 864 0042 02000000 		.4byte	.LVL1
 865 0046 0A000000 		.4byte	.LVL4
 866 004a 0500     		.2byte	0x5
 867 004c 71       		.byte	0x71
 868 004d 00       		.sleb128 0
 869 004e 37       		.byte	0x37
 870 004f 25       		.byte	0x25
 871 0050 9F       		.byte	0x9f
 872 0051 00000000 		.4byte	0
 873 0055 00000000 		.4byte	0
 874              	.LLST3:
 875 0059 06000000 		.4byte	.LVL3
 876 005d 0C000000 		.4byte	.LVL5
 877 0061 0100     		.2byte	0x1
 878 0063 50       		.byte	0x50
 879 0064 00000000 		.4byte	0
 880 0068 00000000 		.4byte	0
 881              	.LLST4:
 882 006c 0C000000 		.4byte	.LVL5
 883 0070 0F000000 		.4byte	.LVL6-1
 884 0074 0100     		.2byte	0x1
 885 0076 50       		.byte	0x50
 886 0077 00000000 		.4byte	0
 887 007b 00000000 		.4byte	0
 888              	.LLST5:
 889 007f 00000000 		.4byte	.LVL8
 890 0083 07000000 		.4byte	.LVL9-1
 891 0087 0100     		.2byte	0x1
 892 0089 50       		.byte	0x50
 893 008a 07000000 		.4byte	.LVL9-1
 894 008e 28000000 		.4byte	.LFE64
 895 0092 0600     		.2byte	0x6
 896 0094 F3       		.byte	0xf3
 897 0095 03       		.uleb128 0x3
 898 0096 F5       		.byte	0xf5
ARM GAS  C:\Users\mariu\AppData\Local\Temp\ccLvEXe9.s 			page 18


 899 0097 00       		.uleb128 0
 900 0098 25       		.uleb128 0x25
 901 0099 9F       		.byte	0x9f
 902 009a 00000000 		.4byte	0
 903 009e 00000000 		.4byte	0
 904              	.LLST6:
 905 00a2 00000000 		.4byte	.LVL12
 906 00a6 0E000000 		.4byte	.LVL13
 907 00aa 0100     		.2byte	0x1
 908 00ac 50       		.byte	0x50
 909 00ad 0E000000 		.4byte	.LVL13
 910 00b1 24000000 		.4byte	.LFE65
 911 00b5 0400     		.2byte	0x4
 912 00b7 F3       		.byte	0xf3
 913 00b8 01       		.uleb128 0x1
 914 00b9 50       		.byte	0x50
 915 00ba 9F       		.byte	0x9f
 916 00bb 00000000 		.4byte	0
 917 00bf 00000000 		.4byte	0
 918              		.section	.debug_aranges,"",%progbits
 919 0000 2C000000 		.4byte	0x2c
 920 0004 0200     		.2byte	0x2
 921 0006 00000000 		.4byte	.Ldebug_info0
 922 000a 04       		.byte	0x4
 923 000b 00       		.byte	0
 924 000c 0000     		.2byte	0
 925 000e 0000     		.2byte	0
 926 0010 00000000 		.4byte	.LFB63
 927 0014 1A000000 		.4byte	.LFE63-.LFB63
 928 0018 00000000 		.4byte	.LFB64
 929 001c 28000000 		.4byte	.LFE64-.LFB64
 930 0020 00000000 		.4byte	.LFB65
 931 0024 24000000 		.4byte	.LFE65-.LFB65
 932 0028 00000000 		.4byte	0
 933 002c 00000000 		.4byte	0
 934              		.section	.debug_ranges,"",%progbits
 935              	.Ldebug_ranges0:
 936 0000 00000000 		.4byte	.LFB63
 937 0004 1A000000 		.4byte	.LFE63
 938 0008 00000000 		.4byte	.LFB64
 939 000c 28000000 		.4byte	.LFE64
 940 0010 00000000 		.4byte	.LFB65
 941 0014 24000000 		.4byte	.LFE65
 942 0018 00000000 		.4byte	0
 943 001c 00000000 		.4byte	0
 944              		.section	.debug_line,"",%progbits
 945              	.Ldebug_line0:
 946 0000 9D010000 		.section	.debug_str,"MS",%progbits,1
 946      02005E01 
 946      00000201 
 946      FB0E0D00 
 946      01010101 
 947              	.LASF32:
 948 0000 46756E63 		.ascii	"Functions.c\000"
 948      74696F6E 
 948      732E6300 
 949              	.LASF5:
ARM GAS  C:\Users\mariu\AppData\Local\Temp\ccLvEXe9.s 			page 19


 950 000c 5F5F7569 		.ascii	"__uint8_t\000"
 950      6E74385F 
 950      7400
 951              	.LASF6:
 952 0016 5F5F696E 		.ascii	"__int32_t\000"
 952      7433325F 
 952      7400
 953              	.LASF29:
 954 0020 736E7072 		.ascii	"snprintf\000"
 954      696E7466 
 954      00
 955              	.LASF4:
 956 0029 73686F72 		.ascii	"short unsigned int\000"
 956      7420756E 
 956      7369676E 
 956      65642069 
 956      6E7400
 957              	.LASF13:
 958 003c 696E7433 		.ascii	"int32_t\000"
 958      325F7400 
 959              	.LASF0:
 960 0044 666C6F61 		.ascii	"float\000"
 960      7400
 961              	.LASF2:
 962 004a 756E7369 		.ascii	"unsigned char\000"
 962      676E6564 
 962      20636861 
 962      7200
 963              	.LASF31:
 964 0058 474E5520 		.ascii	"GNU C11 5.4.1 20160609 (release) [ARM/embedded-5-br"
 964      43313120 
 964      352E342E 
 964      31203230 
 964      31363036 
 965 008b 616E6368 		.ascii	"anch revision 237715] -mcpu=cortex-m3 -mthumb -g -O"
 965      20726576 
 965      6973696F 
 965      6E203233 
 965      37373135 
 966 00be 67202D66 		.ascii	"g -ffunction-sections -ffat-lto-objects\000"
 966      66756E63 
 966      74696F6E 
 966      2D736563 
 966      74696F6E 
 967              	.LASF26:
 968 00e6 6F757470 		.ascii	"outputBuffer\000"
 968      75744275 
 968      66666572 
 968      00
 969              	.LASF8:
 970 00f3 6C6F6E67 		.ascii	"long unsigned int\000"
 970      20756E73 
 970      69676E65 
 970      6420696E 
 970      7400
 971              	.LASF25:
 972 0105 74656D70 		.ascii	"temp\000"
ARM GAS  C:\Users\mariu\AppData\Local\Temp\ccLvEXe9.s 			page 20


 972      00
 973              	.LASF18:
 974 010a 62797465 		.ascii	"byte1\000"
 974      3100
 975              	.LASF19:
 976 0110 62797465 		.ascii	"byte2\000"
 976      3200
 977              	.LASF33:
 978 0116 433A5C55 		.ascii	"C:\\Users\\mariu\\Documents\\PSoC Creator\\Exercise"
 978      73657273 
 978      5C6D6172 
 978      69755C44 
 978      6F63756D 
 979 0144 735C4A6F 		.ascii	"s\\Journal 2\\Journal2\\Exercise_2.cydsn\000"
 979      75726E61 
 979      6C20325C 
 979      4A6F7572 
 979      6E616C32 
 980              	.LASF28:
 981 016a 77726974 		.ascii	"writeTempToUART1\000"
 981      6554656D 
 981      70546F55 
 981      41525431 
 981      00
 982              	.LASF14:
 983 017b 646F7562 		.ascii	"double\000"
 983      6C6500
 984              	.LASF27:
 985 0182 77726974 		.ascii	"writeTempToUART\000"
 985      6554656D 
 985      70546F55 
 985      41525400 
 986              	.LASF35:
 987 0192 49544D5F 		.ascii	"ITM_RxBuffer\000"
 987      52784275 
 987      66666572 
 987      00
 988              	.LASF11:
 989 019f 756E7369 		.ascii	"unsigned int\000"
 989      676E6564 
 989      20696E74 
 989      00
 990              	.LASF34:
 991 01ac 63616C63 		.ascii	"calculateTemp\000"
 991      756C6174 
 991      6554656D 
 991      7000
 992              	.LASF10:
 993 01ba 6C6F6E67 		.ascii	"long long unsigned int\000"
 993      206C6F6E 
 993      6720756E 
 993      7369676E 
 993      65642069 
 994              	.LASF12:
 995 01d1 75696E74 		.ascii	"uint8_t\000"
 995      385F7400 
 996              	.LASF23:
ARM GAS  C:\Users\mariu\AppData\Local\Temp\ccLvEXe9.s 			page 21


 997 01d9 6D6F7374 		.ascii	"most\000"
 997      00
 998              	.LASF17:
 999 01de 73697A65 		.ascii	"sizetype\000"
 999      74797065 
 999      00
 1000              	.LASF9:
 1001 01e7 6C6F6E67 		.ascii	"long long int\000"
 1001      206C6F6E 
 1001      6720696E 
 1001      7400
 1002              	.LASF15:
 1003 01f5 63686172 		.ascii	"char\000"
 1003      00
 1004              	.LASF20:
 1005 01fa 74656D70 		.ascii	"temp1\000"
 1005      3100
 1006              	.LASF21:
 1007 0200 74656D70 		.ascii	"temp2\000"
 1007      3200
 1008              	.LASF3:
 1009 0206 73686F72 		.ascii	"short int\000"
 1009      7420696E 
 1009      7400
 1010              	.LASF24:
 1011 0210 636F6D62 		.ascii	"combinedByte\000"
 1011      696E6564 
 1011      42797465 
 1011      00
 1012              	.LASF7:
 1013 021d 6C6F6E67 		.ascii	"long int\000"
 1013      20696E74 
 1013      00
 1014              	.LASF22:
 1015 0226 6C656173 		.ascii	"least\000"
 1015      7400
 1016              	.LASF16:
 1017 022c 6C6F6E67 		.ascii	"long double\000"
 1017      20646F75 
 1017      626C6500 
 1018              	.LASF1:
 1019 0238 7369676E 		.ascii	"signed char\000"
 1019      65642063 
 1019      68617200 
 1020              	.LASF30:
 1021 0244 55415254 		.ascii	"UART_1_PutString\000"
 1021      5F315F50 
 1021      75745374 
 1021      72696E67 
 1021      00
 1022              		.ident	"GCC: (GNU Tools for ARM Embedded Processors) 5.4.1 20160609 (release) [ARM/embedded-5-bran
