ARM GAS  C:\Users\kaaen\AppData\Local\Temp\ccYZ18mA.s 			page 1


   1              		.syntax unified
   2              		.cpu cortex-m3
   3              		.fpu softvfp
   4              		.eabi_attribute 20, 1
   5              		.eabi_attribute 21, 1
   6              		.eabi_attribute 23, 3
   7              		.eabi_attribute 24, 1
   8              		.eabi_attribute 25, 1
   9              		.eabi_attribute 26, 1
  10              		.eabi_attribute 30, 1
  11              		.eabi_attribute 34, 1
  12              		.eabi_attribute 18, 4
  13              		.thumb
  14              		.syntax unified
  15              		.file	"main.c"
  16              		.text
  17              	.Ltext0:
  18              		.cfi_sections	.debug_frame
  19              		.section	.text.main,"ax",%progbits
  20              		.align	2
  21              		.global	main
  22              		.thumb
  23              		.thumb_func
  24              		.type	main, %function
  25              	main:
  26              	.LFB63:
  27              		.file 1 "main.c"
   1:main.c        **** #include "functions.h"
   2:main.c        **** 
   3:main.c        **** CY_ISR_PROTO(ISR_UART_rx_handler);
   4:main.c        **** void handleByteReceived(uint8_t byteReceived);
   5:main.c        **** 
   6:main.c        **** int main(void)
   7:main.c        **** {
  28              		.loc 1 7 0
  29              		.cfi_startproc
  30              		@ Volatile: function does not return.
  31              		@ args = 0, pretend = 0, frame = 0
  32              		@ frame_needed = 0, uses_anonymous_args = 0
  33 0000 08B5     		push	{r3, lr}
  34              		.cfi_def_cfa_offset 8
  35              		.cfi_offset 3, -8
  36              		.cfi_offset 14, -4
   8:main.c        ****     CyGlobalIntEnable; /* Enable global interrupts. */
  37              		.loc 1 8 0
  38              		.syntax unified
  39              	@ 8 "main.c" 1
  40 0002 62B6     		CPSIE   i
  41              	@ 0 "" 2
   9:main.c        **** 
  10:main.c        ****     /* Place your initialization/startup code here (e.g. MyInst_Start()) */
  11:main.c        ****     isr_uart_rx_StartEx(ISR_UART_rx_handler);
  42              		.loc 1 11 0
  43              		.thumb
  44              		.syntax unified
  45 0004 2848     		ldr	r0, .L14
  46 0006 FFF7FEFF 		bl	isr_uart_rx_StartEx
ARM GAS  C:\Users\kaaen\AppData\Local\Temp\ccYZ18mA.s 			page 2


  47              	.LVL0:
  12:main.c        ****     UART_1_Start();
  48              		.loc 1 12 0
  49 000a FFF7FEFF 		bl	UART_1_Start
  50              	.LVL1:
  13:main.c        ****     
  14:main.c        ****     // White = 1
  15:main.c        ****     // Blue = 2
  16:main.c        ****     // Red = 3
  17:main.c        ****     // Yellow = 4
  18:main.c        ****     // Black = 5
  19:main.c        ****     // Brown = 6
  20:main.c        ****     
  21:main.c        ****     UART_1_PutString("ServoMotor application started\r\n");
  51              		.loc 1 21 0
  52 000e 2748     		ldr	r0, .L14+4
  53 0010 FFF7FEFF 		bl	UART_1_PutString
  54              	.LVL2:
  22:main.c        ****     UART_1_PutString("0: Stop\r\n");
  55              		.loc 1 22 0
  56 0014 2648     		ldr	r0, .L14+8
  57 0016 FFF7FEFF 		bl	UART_1_PutString
  58              	.LVL3:
  23:main.c        ****     UART_1_PutString("1: Drive forwards\r\n");
  59              		.loc 1 23 0
  60 001a 2648     		ldr	r0, .L14+12
  61 001c FFF7FEFF 		bl	UART_1_PutString
  62              	.LVL4:
  24:main.c        ****     UART_1_PutString("2: Drive backwards\r\n");
  63              		.loc 1 24 0
  64 0020 2548     		ldr	r0, .L14+16
  65 0022 FFF7FEFF 		bl	UART_1_PutString
  66              	.LVL5:
  25:main.c        ****     UART_1_PutString("q: Decrease speed\r\n");
  67              		.loc 1 25 0
  68 0026 2548     		ldr	r0, .L14+20
  69 0028 FFF7FEFF 		bl	UART_1_PutString
  70              	.LVL6:
  26:main.c        ****     UART_1_PutString("w: Increase speed\r\n");
  71              		.loc 1 26 0
  72 002c 2448     		ldr	r0, .L14+24
  73 002e FFF7FEFF 		bl	UART_1_PutString
  74              	.LVL7:
  27:main.c        ****     UART_1_PutString("e: Run once forwards\r\n");
  75              		.loc 1 27 0
  76 0032 2448     		ldr	r0, .L14+28
  77 0034 FFF7FEFF 		bl	UART_1_PutString
  78              	.LVL8:
  28:main.c        ****     UART_1_PutString("r: Run once backwards\r\n");
  79              		.loc 1 28 0
  80 0038 2348     		ldr	r0, .L14+32
  81 003a FFF7FEFF 		bl	UART_1_PutString
  82              	.LVL9:
  29:main.c        ****     
  30:main.c        ****     UART_1_PutString("\r\nChose state:\r\n");
  83              		.loc 1 30 0
  84 003e 2348     		ldr	r0, .L14+36
ARM GAS  C:\Users\kaaen\AppData\Local\Temp\ccYZ18mA.s 			page 3


  85 0040 FFF7FEFF 		bl	UART_1_PutString
  86              	.LVL10:
  31:main.c        ****     UART_1_PutString("a: Full step\r\n");
  87              		.loc 1 31 0
  88 0044 2248     		ldr	r0, .L14+40
  89 0046 FFF7FEFF 		bl	UART_1_PutString
  90              	.LVL11:
  32:main.c        ****     UART_1_PutString("s: Half step\r\n");
  91              		.loc 1 32 0
  92 004a 2248     		ldr	r0, .L14+44
  93 004c FFF7FEFF 		bl	UART_1_PutString
  94              	.LVL12:
  33:main.c        ****     UART_1_PutString("d: Wave-drive\r\n");
  95              		.loc 1 33 0
  96 0050 2148     		ldr	r0, .L14+48
  97 0052 FFF7FEFF 		bl	UART_1_PutString
  98              	.LVL13:
  99              	.L4:
  34:main.c        **** 
  35:main.c        ****     for(;;)
  36:main.c        ****     {
  37:main.c        ****         switch(getDirection()) {
 100              		.loc 1 37 0
 101 0056 FFF7FEFF 		bl	getDirection
 102              	.LVL14:
 103 005a 0128     		cmp	r0, #1
 104 005c 02D0     		beq	.L5
 105 005e 0228     		cmp	r0, #2
 106 0060 11D0     		beq	.L6
 107 0062 F8E7     		b	.L4
 108              	.L5:
  38:main.c        ****             
  39:main.c        ****             // Forwards
  40:main.c        ****             case 1 :
  41:main.c        ****             {
  42:main.c        ****                 switch(getState()) {
 109              		.loc 1 42 0
 110 0064 FFF7FEFF 		bl	getState
 111              	.LVL15:
 112 0068 0228     		cmp	r0, #2
 113 006a 06D0     		beq	.L7
 114 006c 0328     		cmp	r0, #3
 115 006e 07D0     		beq	.L8
 116 0070 0128     		cmp	r0, #1
 117 0072 F0D1     		bne	.L4
  43:main.c        ****                     
  44:main.c        ****                     // Full step
  45:main.c        ****                     case 1 : 
  46:main.c        ****                     {
  47:main.c        ****                         driveForwardsFull(); 
 118              		.loc 1 47 0
 119 0074 FFF7FEFF 		bl	driveForwardsFull
 120              	.LVL16:
  48:main.c        ****                     }
  49:main.c        ****                     break;
 121              		.loc 1 49 0
 122 0078 EDE7     		b	.L4
ARM GAS  C:\Users\kaaen\AppData\Local\Temp\ccYZ18mA.s 			page 4


 123              	.L7:
  50:main.c        ****                     
  51:main.c        ****                     // Half step
  52:main.c        ****                     case 2 : 
  53:main.c        ****                     {
  54:main.c        ****                         driveForwardsHalf();
 124              		.loc 1 54 0
 125 007a FFF7FEFF 		bl	driveForwardsHalf
 126              	.LVL17:
  55:main.c        ****                     }
  56:main.c        ****                     break;
 127              		.loc 1 56 0
 128 007e EAE7     		b	.L4
 129              	.L8:
  57:main.c        ****                     
  58:main.c        ****                     // Wave step
  59:main.c        ****                     case 3 : 
  60:main.c        ****                     {
  61:main.c        ****                         driveForwardsWave();
 130              		.loc 1 61 0
 131 0080 FFF7FEFF 		bl	driveForwardsWave
 132              	.LVL18:
  62:main.c        ****                     }
  63:main.c        ****                     break;
 133              		.loc 1 63 0
 134 0084 E7E7     		b	.L4
 135              	.L6:
  64:main.c        ****                     
  65:main.c        ****                     default : 
  66:main.c        ****                     {
  67:main.c        ****                         //Nothing
  68:main.c        ****                     }
  69:main.c        ****                     break;
  70:main.c        ****                 }
  71:main.c        ****             }
  72:main.c        ****             break;
  73:main.c        ****             
  74:main.c        ****             // Backwards
  75:main.c        ****             case 2 :
  76:main.c        ****             {
  77:main.c        ****                 switch(getState()) {
 136              		.loc 1 77 0
 137 0086 FFF7FEFF 		bl	getState
 138              	.LVL19:
 139 008a 0228     		cmp	r0, #2
 140 008c 06D0     		beq	.L10
 141 008e 0328     		cmp	r0, #3
 142 0090 07D0     		beq	.L11
 143 0092 0128     		cmp	r0, #1
 144 0094 DFD1     		bne	.L4
  78:main.c        ****                     
  79:main.c        ****                     // Full step
  80:main.c        ****                     case 1 : 
  81:main.c        ****                     {
  82:main.c        ****                         driveBackwardsFull();
 145              		.loc 1 82 0
 146 0096 FFF7FEFF 		bl	driveBackwardsFull
ARM GAS  C:\Users\kaaen\AppData\Local\Temp\ccYZ18mA.s 			page 5


 147              	.LVL20:
  83:main.c        ****                     }
  84:main.c        ****                     break;
 148              		.loc 1 84 0
 149 009a DCE7     		b	.L4
 150              	.L10:
  85:main.c        ****                     
  86:main.c        ****                     // Half step
  87:main.c        ****                     case 2 : 
  88:main.c        ****                     {
  89:main.c        ****                         driveBackwardsHalf();
 151              		.loc 1 89 0
 152 009c FFF7FEFF 		bl	driveBackwardsHalf
 153              	.LVL21:
  90:main.c        ****                     }
  91:main.c        ****                     break;
 154              		.loc 1 91 0
 155 00a0 D9E7     		b	.L4
 156              	.L11:
  92:main.c        ****                     
  93:main.c        ****                     // Wave step
  94:main.c        ****                     case 3 : 
  95:main.c        ****                     {
  96:main.c        ****                         driveBackwardsWave();
 157              		.loc 1 96 0
 158 00a2 FFF7FEFF 		bl	driveBackwardsWave
 159              	.LVL22:
  97:main.c        ****                     }
  98:main.c        ****                     break;
 160              		.loc 1 98 0
 161 00a6 D6E7     		b	.L4
 162              	.L15:
 163              		.align	2
 164              	.L14:
 165 00a8 00000000 		.word	ISR_UART_rx_handler
 166 00ac 00000000 		.word	.LC0
 167 00b0 24000000 		.word	.LC1
 168 00b4 30000000 		.word	.LC2
 169 00b8 44000000 		.word	.LC3
 170 00bc 5C000000 		.word	.LC4
 171 00c0 70000000 		.word	.LC5
 172 00c4 84000000 		.word	.LC6
 173 00c8 9C000000 		.word	.LC7
 174 00cc B4000000 		.word	.LC8
 175 00d0 C8000000 		.word	.LC9
 176 00d4 D8000000 		.word	.LC10
 177 00d8 E8000000 		.word	.LC11
 178              		.cfi_endproc
 179              	.LFE63:
 180              		.size	main, .-main
 181              		.section	.text.handleByteReceived,"ax",%progbits
 182              		.align	2
 183              		.global	handleByteReceived
 184              		.thumb
 185              		.thumb_func
 186              		.type	handleByteReceived, %function
 187              	handleByteReceived:
ARM GAS  C:\Users\kaaen\AppData\Local\Temp\ccYZ18mA.s 			page 6


 188              	.LFB65:
  99:main.c        ****                     
 100:main.c        ****                     default : 
 101:main.c        ****                     {
 102:main.c        ****                         // Nothing
 103:main.c        ****                     }
 104:main.c        ****                 }
 105:main.c        ****                 
 106:main.c        ****             }
 107:main.c        ****             break;
 108:main.c        ****             
 109:main.c        ****             
 110:main.c        ****             default : 
 111:main.c        ****             {
 112:main.c        ****             }
 113:main.c        ****             break;
 114:main.c        ****         }
 115:main.c        ****     }
 116:main.c        **** }
 117:main.c        **** 
 118:main.c        **** CY_ISR(ISR_UART_rx_handler)
 119:main.c        **** {
 120:main.c        ****     uint8_t bytesToRead = UART_1_GetRxBufferSize();
 121:main.c        ****     while (bytesToRead > 0)
 122:main.c        ****     {
 123:main.c        ****         uint8_t byteReceived = UART_1_ReadRxData();
 124:main.c        ****         UART_1_WriteTxData(byteReceived); // echo back
 125:main.c        ****         
 126:main.c        ****         handleByteReceived(byteReceived);
 127:main.c        ****         
 128:main.c        ****         bytesToRead--;
 129:main.c        ****     }
 130:main.c        **** }
 131:main.c        **** 
 132:main.c        **** void handleByteReceived(uint8_t byteReceived)
 133:main.c        **** {
 189              		.loc 1 133 0
 190              		.cfi_startproc
 191              		@ args = 0, pretend = 0, frame = 0
 192              		@ frame_needed = 0, uses_anonymous_args = 0
 193              	.LVL23:
 194 0000 08B5     		push	{r3, lr}
 195              		.cfi_def_cfa_offset 8
 196              		.cfi_offset 3, -8
 197              		.cfi_offset 14, -4
 134:main.c        ****     run(byteReceived);
 198              		.loc 1 134 0
 199 0002 FFF7FEFF 		bl	run
 200              	.LVL24:
 201 0006 08BD     		pop	{r3, pc}
 202              		.cfi_endproc
 203              	.LFE65:
 204              		.size	handleByteReceived, .-handleByteReceived
 205              		.section	.text.ISR_UART_rx_handler,"ax",%progbits
 206              		.align	2
 207              		.global	ISR_UART_rx_handler
 208              		.thumb
ARM GAS  C:\Users\kaaen\AppData\Local\Temp\ccYZ18mA.s 			page 7


 209              		.thumb_func
 210              		.type	ISR_UART_rx_handler, %function
 211              	ISR_UART_rx_handler:
 212              	.LFB64:
 119:main.c        ****     uint8_t bytesToRead = UART_1_GetRxBufferSize();
 213              		.loc 1 119 0
 214              		.cfi_startproc
 215              		@ args = 0, pretend = 0, frame = 0
 216              		@ frame_needed = 0, uses_anonymous_args = 0
 217 0000 38B5     		push	{r3, r4, r5, lr}
 218              		.cfi_def_cfa_offset 16
 219              		.cfi_offset 3, -16
 220              		.cfi_offset 4, -12
 221              		.cfi_offset 5, -8
 222              		.cfi_offset 14, -4
 120:main.c        ****     while (bytesToRead > 0)
 223              		.loc 1 120 0
 224 0002 FFF7FEFF 		bl	UART_1_GetRxBufferSize
 225              	.LVL25:
 226 0006 0446     		mov	r4, r0
 227              	.LVL26:
 121:main.c        ****     {
 228              		.loc 1 121 0
 229 0008 09E0     		b	.L19
 230              	.L20:
 231              	.LBB2:
 123:main.c        ****         UART_1_WriteTxData(byteReceived); // echo back
 232              		.loc 1 123 0
 233 000a FFF7FEFF 		bl	UART_1_ReadRxData
 234              	.LVL27:
 235 000e 0546     		mov	r5, r0
 236              	.LVL28:
 124:main.c        ****         
 237              		.loc 1 124 0
 238 0010 FFF7FEFF 		bl	UART_1_WriteTxData
 239              	.LVL29:
 126:main.c        ****         
 240              		.loc 1 126 0
 241 0014 2846     		mov	r0, r5
 242 0016 FFF7FEFF 		bl	handleByteReceived
 243              	.LVL30:
 128:main.c        ****     }
 244              		.loc 1 128 0
 245 001a 013C     		subs	r4, r4, #1
 246              	.LVL31:
 247 001c E4B2     		uxtb	r4, r4
 248              	.LVL32:
 249              	.L19:
 250              	.LBE2:
 121:main.c        ****     {
 251              		.loc 1 121 0
 252 001e 002C     		cmp	r4, #0
 253 0020 F3D1     		bne	.L20
 130:main.c        **** 
 254              		.loc 1 130 0
 255 0022 38BD     		pop	{r3, r4, r5, pc}
 256              		.cfi_endproc
ARM GAS  C:\Users\kaaen\AppData\Local\Temp\ccYZ18mA.s 			page 8


 257              	.LFE64:
 258              		.size	ISR_UART_rx_handler, .-ISR_UART_rx_handler
 259              		.section	.rodata.str1.4,"aMS",%progbits,1
 260              		.align	2
 261              	.LC0:
 262 0000 53657276 		.ascii	"ServoMotor application started\015\012\000"
 262      6F4D6F74 
 262      6F722061 
 262      70706C69 
 262      63617469 
 263 0021 000000   		.space	3
 264              	.LC1:
 265 0024 303A2053 		.ascii	"0: Stop\015\012\000"
 265      746F700D 
 265      0A00
 266 002e 0000     		.space	2
 267              	.LC2:
 268 0030 313A2044 		.ascii	"1: Drive forwards\015\012\000"
 268      72697665 
 268      20666F72 
 268      77617264 
 268      730D0A00 
 269              	.LC3:
 270 0044 323A2044 		.ascii	"2: Drive backwards\015\012\000"
 270      72697665 
 270      20626163 
 270      6B776172 
 270      64730D0A 
 271 0059 000000   		.space	3
 272              	.LC4:
 273 005c 713A2044 		.ascii	"q: Decrease speed\015\012\000"
 273      65637265 
 273      61736520 
 273      73706565 
 273      640D0A00 
 274              	.LC5:
 275 0070 773A2049 		.ascii	"w: Increase speed\015\012\000"
 275      6E637265 
 275      61736520 
 275      73706565 
 275      640D0A00 
 276              	.LC6:
 277 0084 653A2052 		.ascii	"e: Run once forwards\015\012\000"
 277      756E206F 
 277      6E636520 
 277      666F7277 
 277      61726473 
 278 009b 00       		.space	1
 279              	.LC7:
 280 009c 723A2052 		.ascii	"r: Run once backwards\015\012\000"
 280      756E206F 
 280      6E636520 
 280      6261636B 
 280      77617264 
 281              	.LC8:
 282 00b4 0D0A4368 		.ascii	"\015\012Chose state:\015\012\000"
 282      6F736520 
ARM GAS  C:\Users\kaaen\AppData\Local\Temp\ccYZ18mA.s 			page 9


 282      73746174 
 282      653A0D0A 
 282      00
 283 00c5 000000   		.space	3
 284              	.LC9:
 285 00c8 613A2046 		.ascii	"a: Full step\015\012\000"
 285      756C6C20 
 285      73746570 
 285      0D0A00
 286 00d7 00       		.space	1
 287              	.LC10:
 288 00d8 733A2048 		.ascii	"s: Half step\015\012\000"
 288      616C6620 
 288      73746570 
 288      0D0A00
 289 00e7 00       		.space	1
 290              	.LC11:
 291 00e8 643A2057 		.ascii	"d: Wave-drive\015\012\000"
 291      6176652D 
 291      64726976 
 291      650D0A00 
 292              		.text
 293              	.Letext0:
 294              		.file 2 "c:\\program files (x86)\\cypress\\psoc creator\\4.4\\psoc creator\\import\\gnu\\arm\\5.4.
 295              		.file 3 "c:\\program files (x86)\\cypress\\psoc creator\\4.4\\psoc creator\\import\\gnu\\arm\\5.4.
 296              		.file 4 "Generated_Source\\PSoC5/isr_uart_rx.h"
 297              		.file 5 "Generated_Source\\PSoC5/UART_1.h"
 298              		.file 6 "functions.h"
 299              		.file 7 "Generated_Source\\PSoC5/core_cm3.h"
 300              		.section	.debug_info,"",%progbits
 301              	.Ldebug_info0:
 302 0000 B2030000 		.4byte	0x3b2
 303 0004 0400     		.2byte	0x4
 304 0006 00000000 		.4byte	.Ldebug_abbrev0
 305 000a 04       		.byte	0x4
 306 000b 01       		.uleb128 0x1
 307 000c A9000000 		.4byte	.LASF36
 308 0010 0C       		.byte	0xc
 309 0011 86020000 		.4byte	.LASF37
 310 0015 C0010000 		.4byte	.LASF38
 311 0019 00000000 		.4byte	.Ldebug_ranges0+0
 312 001d 00000000 		.4byte	0
 313 0021 00000000 		.4byte	.Ldebug_line0
 314 0025 02       		.uleb128 0x2
 315 0026 01       		.byte	0x1
 316 0027 06       		.byte	0x6
 317 0028 B1020000 		.4byte	.LASF0
 318 002c 03       		.uleb128 0x3
 319 002d 21000000 		.4byte	.LASF4
 320 0031 02       		.byte	0x2
 321 0032 1D       		.byte	0x1d
 322 0033 37000000 		.4byte	0x37
 323 0037 02       		.uleb128 0x2
 324 0038 01       		.byte	0x1
 325 0039 08       		.byte	0x8
 326 003a 9B000000 		.4byte	.LASF1
 327 003e 02       		.uleb128 0x2
ARM GAS  C:\Users\kaaen\AppData\Local\Temp\ccYZ18mA.s 			page 10


 328 003f 02       		.byte	0x2
 329 0040 05       		.byte	0x5
 330 0041 92020000 		.4byte	.LASF2
 331 0045 02       		.uleb128 0x2
 332 0046 02       		.byte	0x2
 333 0047 07       		.byte	0x7
 334 0048 5A000000 		.4byte	.LASF3
 335 004c 03       		.uleb128 0x3
 336 004d 3D000000 		.4byte	.LASF5
 337 0051 02       		.byte	0x2
 338 0052 3F       		.byte	0x3f
 339 0053 57000000 		.4byte	0x57
 340 0057 02       		.uleb128 0x2
 341 0058 04       		.byte	0x4
 342 0059 05       		.byte	0x5
 343 005a 9C020000 		.4byte	.LASF6
 344 005e 02       		.uleb128 0x2
 345 005f 04       		.byte	0x4
 346 0060 07       		.byte	0x7
 347 0061 4B010000 		.4byte	.LASF7
 348 0065 02       		.uleb128 0x2
 349 0066 08       		.byte	0x8
 350 0067 05       		.byte	0x5
 351 0068 78020000 		.4byte	.LASF8
 352 006c 02       		.uleb128 0x2
 353 006d 08       		.byte	0x8
 354 006e 07       		.byte	0x7
 355 006f 11020000 		.4byte	.LASF9
 356 0073 04       		.uleb128 0x4
 357 0074 04       		.byte	0x4
 358 0075 05       		.byte	0x5
 359 0076 696E7400 		.ascii	"int\000"
 360 007a 02       		.uleb128 0x2
 361 007b 04       		.byte	0x4
 362 007c 07       		.byte	0x7
 363 007d 04020000 		.4byte	.LASF10
 364 0081 03       		.uleb128 0x3
 365 0082 28020000 		.4byte	.LASF11
 366 0086 03       		.byte	0x3
 367 0087 18       		.byte	0x18
 368 0088 2C000000 		.4byte	0x2c
 369 008c 03       		.uleb128 0x3
 370 008d 5A020000 		.4byte	.LASF12
 371 0091 03       		.byte	0x3
 372 0092 2C       		.byte	0x2c
 373 0093 4C000000 		.4byte	0x4c
 374 0097 02       		.uleb128 0x2
 375 0098 04       		.byte	0x4
 376 0099 04       		.byte	0x4
 377 009a 95000000 		.4byte	.LASF13
 378 009e 02       		.uleb128 0x2
 379 009f 08       		.byte	0x8
 380 00a0 04       		.byte	0x4
 381 00a1 A2010000 		.4byte	.LASF14
 382 00a5 02       		.uleb128 0x2
 383 00a6 01       		.byte	0x1
 384 00a7 08       		.byte	0x8
ARM GAS  C:\Users\kaaen\AppData\Local\Temp\ccYZ18mA.s 			page 11


 385 00a8 8D020000 		.4byte	.LASF15
 386 00ac 02       		.uleb128 0x2
 387 00ad 08       		.byte	0x8
 388 00ae 04       		.byte	0x4
 389 00af A5020000 		.4byte	.LASF16
 390 00b3 02       		.uleb128 0x2
 391 00b4 04       		.byte	0x4
 392 00b5 07       		.byte	0x7
 393 00b6 62020000 		.4byte	.LASF17
 394 00ba 05       		.uleb128 0x5
 395 00bb A9010000 		.4byte	.LASF39
 396 00bf 01       		.byte	0x1
 397 00c0 06       		.byte	0x6
 398 00c1 73000000 		.4byte	0x73
 399 00c5 00000000 		.4byte	.LFB63
 400 00c9 DC000000 		.4byte	.LFE63-.LFB63
 401 00cd 01       		.uleb128 0x1
 402 00ce 9C       		.byte	0x9c
 403 00cf 59020000 		.4byte	0x259
 404 00d3 06       		.uleb128 0x6
 405 00d4 0A000000 		.4byte	.LVL0
 406 00d8 10030000 		.4byte	0x310
 407 00dc EA000000 		.4byte	0xea
 408 00e0 07       		.uleb128 0x7
 409 00e1 01       		.uleb128 0x1
 410 00e2 50       		.byte	0x50
 411 00e3 05       		.uleb128 0x5
 412 00e4 03       		.byte	0x3
 413 00e5 00000000 		.4byte	ISR_UART_rx_handler
 414 00e9 00       		.byte	0
 415 00ea 08       		.uleb128 0x8
 416 00eb 0E000000 		.4byte	.LVL1
 417 00ef 1B030000 		.4byte	0x31b
 418 00f3 06       		.uleb128 0x6
 419 00f4 14000000 		.4byte	.LVL2
 420 00f8 26030000 		.4byte	0x326
 421 00fc 0A010000 		.4byte	0x10a
 422 0100 07       		.uleb128 0x7
 423 0101 01       		.uleb128 0x1
 424 0102 50       		.byte	0x50
 425 0103 05       		.uleb128 0x5
 426 0104 03       		.byte	0x3
 427 0105 00000000 		.4byte	.LC0
 428 0109 00       		.byte	0
 429 010a 06       		.uleb128 0x6
 430 010b 1A000000 		.4byte	.LVL3
 431 010f 26030000 		.4byte	0x326
 432 0113 21010000 		.4byte	0x121
 433 0117 07       		.uleb128 0x7
 434 0118 01       		.uleb128 0x1
 435 0119 50       		.byte	0x50
 436 011a 05       		.uleb128 0x5
 437 011b 03       		.byte	0x3
 438 011c 24000000 		.4byte	.LC1
 439 0120 00       		.byte	0
 440 0121 06       		.uleb128 0x6
 441 0122 20000000 		.4byte	.LVL4
ARM GAS  C:\Users\kaaen\AppData\Local\Temp\ccYZ18mA.s 			page 12


 442 0126 26030000 		.4byte	0x326
 443 012a 38010000 		.4byte	0x138
 444 012e 07       		.uleb128 0x7
 445 012f 01       		.uleb128 0x1
 446 0130 50       		.byte	0x50
 447 0131 05       		.uleb128 0x5
 448 0132 03       		.byte	0x3
 449 0133 30000000 		.4byte	.LC2
 450 0137 00       		.byte	0
 451 0138 06       		.uleb128 0x6
 452 0139 26000000 		.4byte	.LVL5
 453 013d 26030000 		.4byte	0x326
 454 0141 4F010000 		.4byte	0x14f
 455 0145 07       		.uleb128 0x7
 456 0146 01       		.uleb128 0x1
 457 0147 50       		.byte	0x50
 458 0148 05       		.uleb128 0x5
 459 0149 03       		.byte	0x3
 460 014a 44000000 		.4byte	.LC3
 461 014e 00       		.byte	0
 462 014f 06       		.uleb128 0x6
 463 0150 2C000000 		.4byte	.LVL6
 464 0154 26030000 		.4byte	0x326
 465 0158 66010000 		.4byte	0x166
 466 015c 07       		.uleb128 0x7
 467 015d 01       		.uleb128 0x1
 468 015e 50       		.byte	0x50
 469 015f 05       		.uleb128 0x5
 470 0160 03       		.byte	0x3
 471 0161 5C000000 		.4byte	.LC4
 472 0165 00       		.byte	0
 473 0166 06       		.uleb128 0x6
 474 0167 32000000 		.4byte	.LVL7
 475 016b 26030000 		.4byte	0x326
 476 016f 7D010000 		.4byte	0x17d
 477 0173 07       		.uleb128 0x7
 478 0174 01       		.uleb128 0x1
 479 0175 50       		.byte	0x50
 480 0176 05       		.uleb128 0x5
 481 0177 03       		.byte	0x3
 482 0178 70000000 		.4byte	.LC5
 483 017c 00       		.byte	0
 484 017d 06       		.uleb128 0x6
 485 017e 38000000 		.4byte	.LVL8
 486 0182 26030000 		.4byte	0x326
 487 0186 94010000 		.4byte	0x194
 488 018a 07       		.uleb128 0x7
 489 018b 01       		.uleb128 0x1
 490 018c 50       		.byte	0x50
 491 018d 05       		.uleb128 0x5
 492 018e 03       		.byte	0x3
 493 018f 84000000 		.4byte	.LC6
 494 0193 00       		.byte	0
 495 0194 06       		.uleb128 0x6
 496 0195 3E000000 		.4byte	.LVL9
 497 0199 26030000 		.4byte	0x326
 498 019d AB010000 		.4byte	0x1ab
ARM GAS  C:\Users\kaaen\AppData\Local\Temp\ccYZ18mA.s 			page 13


 499 01a1 07       		.uleb128 0x7
 500 01a2 01       		.uleb128 0x1
 501 01a3 50       		.byte	0x50
 502 01a4 05       		.uleb128 0x5
 503 01a5 03       		.byte	0x3
 504 01a6 9C000000 		.4byte	.LC7
 505 01aa 00       		.byte	0
 506 01ab 06       		.uleb128 0x6
 507 01ac 44000000 		.4byte	.LVL10
 508 01b0 26030000 		.4byte	0x326
 509 01b4 C2010000 		.4byte	0x1c2
 510 01b8 07       		.uleb128 0x7
 511 01b9 01       		.uleb128 0x1
 512 01ba 50       		.byte	0x50
 513 01bb 05       		.uleb128 0x5
 514 01bc 03       		.byte	0x3
 515 01bd B4000000 		.4byte	.LC8
 516 01c1 00       		.byte	0
 517 01c2 06       		.uleb128 0x6
 518 01c3 4A000000 		.4byte	.LVL11
 519 01c7 26030000 		.4byte	0x326
 520 01cb D9010000 		.4byte	0x1d9
 521 01cf 07       		.uleb128 0x7
 522 01d0 01       		.uleb128 0x1
 523 01d1 50       		.byte	0x50
 524 01d2 05       		.uleb128 0x5
 525 01d3 03       		.byte	0x3
 526 01d4 C8000000 		.4byte	.LC9
 527 01d8 00       		.byte	0
 528 01d9 06       		.uleb128 0x6
 529 01da 50000000 		.4byte	.LVL12
 530 01de 26030000 		.4byte	0x326
 531 01e2 F0010000 		.4byte	0x1f0
 532 01e6 07       		.uleb128 0x7
 533 01e7 01       		.uleb128 0x1
 534 01e8 50       		.byte	0x50
 535 01e9 05       		.uleb128 0x5
 536 01ea 03       		.byte	0x3
 537 01eb D8000000 		.4byte	.LC10
 538 01ef 00       		.byte	0
 539 01f0 06       		.uleb128 0x6
 540 01f1 56000000 		.4byte	.LVL13
 541 01f5 26030000 		.4byte	0x326
 542 01f9 07020000 		.4byte	0x207
 543 01fd 07       		.uleb128 0x7
 544 01fe 01       		.uleb128 0x1
 545 01ff 50       		.byte	0x50
 546 0200 05       		.uleb128 0x5
 547 0201 03       		.byte	0x3
 548 0202 E8000000 		.4byte	.LC11
 549 0206 00       		.byte	0
 550 0207 08       		.uleb128 0x8
 551 0208 5A000000 		.4byte	.LVL14
 552 020c 31030000 		.4byte	0x331
 553 0210 08       		.uleb128 0x8
 554 0211 68000000 		.4byte	.LVL15
 555 0215 3C030000 		.4byte	0x33c
ARM GAS  C:\Users\kaaen\AppData\Local\Temp\ccYZ18mA.s 			page 14


 556 0219 08       		.uleb128 0x8
 557 021a 78000000 		.4byte	.LVL16
 558 021e 47030000 		.4byte	0x347
 559 0222 08       		.uleb128 0x8
 560 0223 7E000000 		.4byte	.LVL17
 561 0227 52030000 		.4byte	0x352
 562 022b 08       		.uleb128 0x8
 563 022c 84000000 		.4byte	.LVL18
 564 0230 5D030000 		.4byte	0x35d
 565 0234 08       		.uleb128 0x8
 566 0235 8A000000 		.4byte	.LVL19
 567 0239 3C030000 		.4byte	0x33c
 568 023d 08       		.uleb128 0x8
 569 023e 9A000000 		.4byte	.LVL20
 570 0242 68030000 		.4byte	0x368
 571 0246 08       		.uleb128 0x8
 572 0247 A0000000 		.4byte	.LVL21
 573 024b 73030000 		.4byte	0x373
 574 024f 08       		.uleb128 0x8
 575 0250 A6000000 		.4byte	.LVL22
 576 0254 7E030000 		.4byte	0x37e
 577 0258 00       		.byte	0
 578 0259 09       		.uleb128 0x9
 579 025a 6F010000 		.4byte	.LASF18
 580 025e 01       		.byte	0x1
 581 025f 84       		.byte	0x84
 582 0260 00000000 		.4byte	.LFB65
 583 0264 08000000 		.4byte	.LFE65-.LFB65
 584 0268 01       		.uleb128 0x1
 585 0269 9C       		.byte	0x9c
 586 026a 87020000 		.4byte	0x287
 587 026e 0A       		.uleb128 0xa
 588 026f E0020000 		.4byte	.LASF21
 589 0273 01       		.byte	0x1
 590 0274 84       		.byte	0x84
 591 0275 81000000 		.4byte	0x81
 592 0279 00000000 		.4byte	.LLST0
 593 027d 08       		.uleb128 0x8
 594 027e 06000000 		.4byte	.LVL24
 595 0282 89030000 		.4byte	0x389
 596 0286 00       		.byte	0
 597 0287 09       		.uleb128 0x9
 598 0288 37010000 		.4byte	.LASF19
 599 028c 01       		.byte	0x1
 600 028d 76       		.byte	0x76
 601 028e 00000000 		.4byte	.LFB64
 602 0292 24000000 		.4byte	.LFE64-.LFB64
 603 0296 01       		.uleb128 0x1
 604 0297 9C       		.byte	0x9c
 605 0298 FF020000 		.4byte	0x2ff
 606 029c 0B       		.uleb128 0xb
 607 029d 76000000 		.4byte	.LASF20
 608 02a1 01       		.byte	0x1
 609 02a2 78       		.byte	0x78
 610 02a3 81000000 		.4byte	0x81
 611 02a7 21000000 		.4byte	.LLST1
 612 02ab 0C       		.uleb128 0xc
ARM GAS  C:\Users\kaaen\AppData\Local\Temp\ccYZ18mA.s 			page 15


 613 02ac 0A000000 		.4byte	.LBB2
 614 02b0 14000000 		.4byte	.LBE2-.LBB2
 615 02b4 F5020000 		.4byte	0x2f5
 616 02b8 0B       		.uleb128 0xb
 617 02b9 E0020000 		.4byte	.LASF21
 618 02bd 01       		.byte	0x1
 619 02be 7B       		.byte	0x7b
 620 02bf 81000000 		.4byte	0x81
 621 02c3 3F000000 		.4byte	.LLST2
 622 02c7 08       		.uleb128 0x8
 623 02c8 0E000000 		.4byte	.LVL27
 624 02cc 94030000 		.4byte	0x394
 625 02d0 06       		.uleb128 0x6
 626 02d1 14000000 		.4byte	.LVL29
 627 02d5 9F030000 		.4byte	0x39f
 628 02d9 E4020000 		.4byte	0x2e4
 629 02dd 07       		.uleb128 0x7
 630 02de 01       		.uleb128 0x1
 631 02df 50       		.byte	0x50
 632 02e0 02       		.uleb128 0x2
 633 02e1 75       		.byte	0x75
 634 02e2 00       		.sleb128 0
 635 02e3 00       		.byte	0
 636 02e4 0D       		.uleb128 0xd
 637 02e5 1A000000 		.4byte	.LVL30
 638 02e9 59020000 		.4byte	0x259
 639 02ed 07       		.uleb128 0x7
 640 02ee 01       		.uleb128 0x1
 641 02ef 50       		.byte	0x50
 642 02f0 02       		.uleb128 0x2
 643 02f1 75       		.byte	0x75
 644 02f2 00       		.sleb128 0
 645 02f3 00       		.byte	0
 646 02f4 00       		.byte	0
 647 02f5 08       		.uleb128 0x8
 648 02f6 06000000 		.4byte	.LVL25
 649 02fa AA030000 		.4byte	0x3aa
 650 02fe 00       		.byte	0
 651 02ff 0E       		.uleb128 0xe
 652 0300 82010000 		.4byte	.LASF40
 653 0304 07       		.byte	0x7
 654 0305 9606     		.2byte	0x696
 655 0307 0B030000 		.4byte	0x30b
 656 030b 0F       		.uleb128 0xf
 657 030c 8C000000 		.4byte	0x8c
 658 0310 10       		.uleb128 0x10
 659 0311 00000000 		.4byte	.LASF22
 660 0315 00000000 		.4byte	.LASF22
 661 0319 04       		.byte	0x4
 662 031a 18       		.byte	0x18
 663 031b 10       		.uleb128 0x10
 664 031c 14000000 		.4byte	.LASF23
 665 0320 14000000 		.4byte	.LASF23
 666 0324 05       		.byte	0x5
 667 0325 54       		.byte	0x54
 668 0326 10       		.uleb128 0x10
 669 0327 BD020000 		.4byte	.LASF24
ARM GAS  C:\Users\kaaen\AppData\Local\Temp\ccYZ18mA.s 			page 16


 670 032b BD020000 		.4byte	.LASF24
 671 032f 05       		.byte	0x5
 672 0330 8B       		.byte	0x8b
 673 0331 10       		.uleb128 0x10
 674 0332 6B020000 		.4byte	.LASF25
 675 0336 6B020000 		.4byte	.LASF25
 676 033a 06       		.byte	0x6
 677 033b 05       		.byte	0x5
 678 033c 10       		.uleb128 0x10
 679 033d 6D000000 		.4byte	.LASF26
 680 0341 6D000000 		.4byte	.LASF26
 681 0345 06       		.byte	0x6
 682 0346 06       		.byte	0x6
 683 0347 10       		.uleb128 0x10
 684 0348 2B000000 		.4byte	.LASF27
 685 034c 2B000000 		.4byte	.LASF27
 686 0350 06       		.byte	0x6
 687 0351 13       		.byte	0x13
 688 0352 10       		.uleb128 0x10
 689 0353 AE010000 		.4byte	.LASF28
 690 0357 AE010000 		.4byte	.LASF28
 691 035b 06       		.byte	0x6
 692 035c 12       		.byte	0x12
 693 035d 10       		.uleb128 0x10
 694 035e CE020000 		.4byte	.LASF29
 695 0362 CE020000 		.4byte	.LASF29
 696 0366 06       		.byte	0x6
 697 0367 14       		.byte	0x14
 698 0368 10       		.uleb128 0x10
 699 0369 82000000 		.4byte	.LASF30
 700 036d 82000000 		.4byte	.LASF30
 701 0371 06       		.byte	0x6
 702 0372 17       		.byte	0x17
 703 0373 10       		.uleb128 0x10
 704 0374 47020000 		.4byte	.LASF31
 705 0378 47020000 		.4byte	.LASF31
 706 037c 06       		.byte	0x6
 707 037d 16       		.byte	0x16
 708 037e 10       		.uleb128 0x10
 709 037f 47000000 		.4byte	.LASF32
 710 0383 47000000 		.4byte	.LASF32
 711 0387 06       		.byte	0x6
 712 0388 18       		.byte	0x18
 713 0389 11       		.uleb128 0x11
 714 038a 72756E00 		.ascii	"run\000"
 715 038e 72756E00 		.ascii	"run\000"
 716 0392 06       		.byte	0x6
 717 0393 0A       		.byte	0xa
 718 0394 10       		.uleb128 0x10
 719 0395 5D010000 		.4byte	.LASF33
 720 0399 5D010000 		.4byte	.LASF33
 721 039d 05       		.byte	0x5
 722 039e 6F       		.byte	0x6f
 723 039f 10       		.uleb128 0x10
 724 03a0 8F010000 		.4byte	.LASF34
 725 03a4 8F010000 		.4byte	.LASF34
 726 03a8 05       		.byte	0x5
ARM GAS  C:\Users\kaaen\AppData\Local\Temp\ccYZ18mA.s 			page 17


 727 03a9 88       		.byte	0x88
 728 03aa 10       		.uleb128 0x10
 729 03ab 30020000 		.4byte	.LASF35
 730 03af 30020000 		.4byte	.LASF35
 731 03b3 05       		.byte	0x5
 732 03b4 73       		.byte	0x73
 733 03b5 00       		.byte	0
 734              		.section	.debug_abbrev,"",%progbits
 735              	.Ldebug_abbrev0:
 736 0000 01       		.uleb128 0x1
 737 0001 11       		.uleb128 0x11
 738 0002 01       		.byte	0x1
 739 0003 25       		.uleb128 0x25
 740 0004 0E       		.uleb128 0xe
 741 0005 13       		.uleb128 0x13
 742 0006 0B       		.uleb128 0xb
 743 0007 03       		.uleb128 0x3
 744 0008 0E       		.uleb128 0xe
 745 0009 1B       		.uleb128 0x1b
 746 000a 0E       		.uleb128 0xe
 747 000b 55       		.uleb128 0x55
 748 000c 17       		.uleb128 0x17
 749 000d 11       		.uleb128 0x11
 750 000e 01       		.uleb128 0x1
 751 000f 10       		.uleb128 0x10
 752 0010 17       		.uleb128 0x17
 753 0011 00       		.byte	0
 754 0012 00       		.byte	0
 755 0013 02       		.uleb128 0x2
 756 0014 24       		.uleb128 0x24
 757 0015 00       		.byte	0
 758 0016 0B       		.uleb128 0xb
 759 0017 0B       		.uleb128 0xb
 760 0018 3E       		.uleb128 0x3e
 761 0019 0B       		.uleb128 0xb
 762 001a 03       		.uleb128 0x3
 763 001b 0E       		.uleb128 0xe
 764 001c 00       		.byte	0
 765 001d 00       		.byte	0
 766 001e 03       		.uleb128 0x3
 767 001f 16       		.uleb128 0x16
 768 0020 00       		.byte	0
 769 0021 03       		.uleb128 0x3
 770 0022 0E       		.uleb128 0xe
 771 0023 3A       		.uleb128 0x3a
 772 0024 0B       		.uleb128 0xb
 773 0025 3B       		.uleb128 0x3b
 774 0026 0B       		.uleb128 0xb
 775 0027 49       		.uleb128 0x49
 776 0028 13       		.uleb128 0x13
 777 0029 00       		.byte	0
 778 002a 00       		.byte	0
 779 002b 04       		.uleb128 0x4
 780 002c 24       		.uleb128 0x24
 781 002d 00       		.byte	0
 782 002e 0B       		.uleb128 0xb
 783 002f 0B       		.uleb128 0xb
ARM GAS  C:\Users\kaaen\AppData\Local\Temp\ccYZ18mA.s 			page 18


 784 0030 3E       		.uleb128 0x3e
 785 0031 0B       		.uleb128 0xb
 786 0032 03       		.uleb128 0x3
 787 0033 08       		.uleb128 0x8
 788 0034 00       		.byte	0
 789 0035 00       		.byte	0
 790 0036 05       		.uleb128 0x5
 791 0037 2E       		.uleb128 0x2e
 792 0038 01       		.byte	0x1
 793 0039 3F       		.uleb128 0x3f
 794 003a 19       		.uleb128 0x19
 795 003b 03       		.uleb128 0x3
 796 003c 0E       		.uleb128 0xe
 797 003d 3A       		.uleb128 0x3a
 798 003e 0B       		.uleb128 0xb
 799 003f 3B       		.uleb128 0x3b
 800 0040 0B       		.uleb128 0xb
 801 0041 27       		.uleb128 0x27
 802 0042 19       		.uleb128 0x19
 803 0043 49       		.uleb128 0x49
 804 0044 13       		.uleb128 0x13
 805 0045 8701     		.uleb128 0x87
 806 0047 19       		.uleb128 0x19
 807 0048 11       		.uleb128 0x11
 808 0049 01       		.uleb128 0x1
 809 004a 12       		.uleb128 0x12
 810 004b 06       		.uleb128 0x6
 811 004c 40       		.uleb128 0x40
 812 004d 18       		.uleb128 0x18
 813 004e 9742     		.uleb128 0x2117
 814 0050 19       		.uleb128 0x19
 815 0051 01       		.uleb128 0x1
 816 0052 13       		.uleb128 0x13
 817 0053 00       		.byte	0
 818 0054 00       		.byte	0
 819 0055 06       		.uleb128 0x6
 820 0056 898201   		.uleb128 0x4109
 821 0059 01       		.byte	0x1
 822 005a 11       		.uleb128 0x11
 823 005b 01       		.uleb128 0x1
 824 005c 31       		.uleb128 0x31
 825 005d 13       		.uleb128 0x13
 826 005e 01       		.uleb128 0x1
 827 005f 13       		.uleb128 0x13
 828 0060 00       		.byte	0
 829 0061 00       		.byte	0
 830 0062 07       		.uleb128 0x7
 831 0063 8A8201   		.uleb128 0x410a
 832 0066 00       		.byte	0
 833 0067 02       		.uleb128 0x2
 834 0068 18       		.uleb128 0x18
 835 0069 9142     		.uleb128 0x2111
 836 006b 18       		.uleb128 0x18
 837 006c 00       		.byte	0
 838 006d 00       		.byte	0
 839 006e 08       		.uleb128 0x8
 840 006f 898201   		.uleb128 0x4109
ARM GAS  C:\Users\kaaen\AppData\Local\Temp\ccYZ18mA.s 			page 19


 841 0072 00       		.byte	0
 842 0073 11       		.uleb128 0x11
 843 0074 01       		.uleb128 0x1
 844 0075 31       		.uleb128 0x31
 845 0076 13       		.uleb128 0x13
 846 0077 00       		.byte	0
 847 0078 00       		.byte	0
 848 0079 09       		.uleb128 0x9
 849 007a 2E       		.uleb128 0x2e
 850 007b 01       		.byte	0x1
 851 007c 3F       		.uleb128 0x3f
 852 007d 19       		.uleb128 0x19
 853 007e 03       		.uleb128 0x3
 854 007f 0E       		.uleb128 0xe
 855 0080 3A       		.uleb128 0x3a
 856 0081 0B       		.uleb128 0xb
 857 0082 3B       		.uleb128 0x3b
 858 0083 0B       		.uleb128 0xb
 859 0084 27       		.uleb128 0x27
 860 0085 19       		.uleb128 0x19
 861 0086 11       		.uleb128 0x11
 862 0087 01       		.uleb128 0x1
 863 0088 12       		.uleb128 0x12
 864 0089 06       		.uleb128 0x6
 865 008a 40       		.uleb128 0x40
 866 008b 18       		.uleb128 0x18
 867 008c 9742     		.uleb128 0x2117
 868 008e 19       		.uleb128 0x19
 869 008f 01       		.uleb128 0x1
 870 0090 13       		.uleb128 0x13
 871 0091 00       		.byte	0
 872 0092 00       		.byte	0
 873 0093 0A       		.uleb128 0xa
 874 0094 05       		.uleb128 0x5
 875 0095 00       		.byte	0
 876 0096 03       		.uleb128 0x3
 877 0097 0E       		.uleb128 0xe
 878 0098 3A       		.uleb128 0x3a
 879 0099 0B       		.uleb128 0xb
 880 009a 3B       		.uleb128 0x3b
 881 009b 0B       		.uleb128 0xb
 882 009c 49       		.uleb128 0x49
 883 009d 13       		.uleb128 0x13
 884 009e 02       		.uleb128 0x2
 885 009f 17       		.uleb128 0x17
 886 00a0 00       		.byte	0
 887 00a1 00       		.byte	0
 888 00a2 0B       		.uleb128 0xb
 889 00a3 34       		.uleb128 0x34
 890 00a4 00       		.byte	0
 891 00a5 03       		.uleb128 0x3
 892 00a6 0E       		.uleb128 0xe
 893 00a7 3A       		.uleb128 0x3a
 894 00a8 0B       		.uleb128 0xb
 895 00a9 3B       		.uleb128 0x3b
 896 00aa 0B       		.uleb128 0xb
 897 00ab 49       		.uleb128 0x49
ARM GAS  C:\Users\kaaen\AppData\Local\Temp\ccYZ18mA.s 			page 20


 898 00ac 13       		.uleb128 0x13
 899 00ad 02       		.uleb128 0x2
 900 00ae 17       		.uleb128 0x17
 901 00af 00       		.byte	0
 902 00b0 00       		.byte	0
 903 00b1 0C       		.uleb128 0xc
 904 00b2 0B       		.uleb128 0xb
 905 00b3 01       		.byte	0x1
 906 00b4 11       		.uleb128 0x11
 907 00b5 01       		.uleb128 0x1
 908 00b6 12       		.uleb128 0x12
 909 00b7 06       		.uleb128 0x6
 910 00b8 01       		.uleb128 0x1
 911 00b9 13       		.uleb128 0x13
 912 00ba 00       		.byte	0
 913 00bb 00       		.byte	0
 914 00bc 0D       		.uleb128 0xd
 915 00bd 898201   		.uleb128 0x4109
 916 00c0 01       		.byte	0x1
 917 00c1 11       		.uleb128 0x11
 918 00c2 01       		.uleb128 0x1
 919 00c3 31       		.uleb128 0x31
 920 00c4 13       		.uleb128 0x13
 921 00c5 00       		.byte	0
 922 00c6 00       		.byte	0
 923 00c7 0E       		.uleb128 0xe
 924 00c8 34       		.uleb128 0x34
 925 00c9 00       		.byte	0
 926 00ca 03       		.uleb128 0x3
 927 00cb 0E       		.uleb128 0xe
 928 00cc 3A       		.uleb128 0x3a
 929 00cd 0B       		.uleb128 0xb
 930 00ce 3B       		.uleb128 0x3b
 931 00cf 05       		.uleb128 0x5
 932 00d0 49       		.uleb128 0x49
 933 00d1 13       		.uleb128 0x13
 934 00d2 3F       		.uleb128 0x3f
 935 00d3 19       		.uleb128 0x19
 936 00d4 3C       		.uleb128 0x3c
 937 00d5 19       		.uleb128 0x19
 938 00d6 00       		.byte	0
 939 00d7 00       		.byte	0
 940 00d8 0F       		.uleb128 0xf
 941 00d9 35       		.uleb128 0x35
 942 00da 00       		.byte	0
 943 00db 49       		.uleb128 0x49
 944 00dc 13       		.uleb128 0x13
 945 00dd 00       		.byte	0
 946 00de 00       		.byte	0
 947 00df 10       		.uleb128 0x10
 948 00e0 2E       		.uleb128 0x2e
 949 00e1 00       		.byte	0
 950 00e2 3F       		.uleb128 0x3f
 951 00e3 19       		.uleb128 0x19
 952 00e4 3C       		.uleb128 0x3c
 953 00e5 19       		.uleb128 0x19
 954 00e6 6E       		.uleb128 0x6e
ARM GAS  C:\Users\kaaen\AppData\Local\Temp\ccYZ18mA.s 			page 21


 955 00e7 0E       		.uleb128 0xe
 956 00e8 03       		.uleb128 0x3
 957 00e9 0E       		.uleb128 0xe
 958 00ea 3A       		.uleb128 0x3a
 959 00eb 0B       		.uleb128 0xb
 960 00ec 3B       		.uleb128 0x3b
 961 00ed 0B       		.uleb128 0xb
 962 00ee 00       		.byte	0
 963 00ef 00       		.byte	0
 964 00f0 11       		.uleb128 0x11
 965 00f1 2E       		.uleb128 0x2e
 966 00f2 00       		.byte	0
 967 00f3 3F       		.uleb128 0x3f
 968 00f4 19       		.uleb128 0x19
 969 00f5 3C       		.uleb128 0x3c
 970 00f6 19       		.uleb128 0x19
 971 00f7 6E       		.uleb128 0x6e
 972 00f8 08       		.uleb128 0x8
 973 00f9 03       		.uleb128 0x3
 974 00fa 08       		.uleb128 0x8
 975 00fb 3A       		.uleb128 0x3a
 976 00fc 0B       		.uleb128 0xb
 977 00fd 3B       		.uleb128 0x3b
 978 00fe 0B       		.uleb128 0xb
 979 00ff 00       		.byte	0
 980 0100 00       		.byte	0
 981 0101 00       		.byte	0
 982              		.section	.debug_loc,"",%progbits
 983              	.Ldebug_loc0:
 984              	.LLST0:
 985 0000 00000000 		.4byte	.LVL23
 986 0004 05000000 		.4byte	.LVL24-1
 987 0008 0100     		.2byte	0x1
 988 000a 50       		.byte	0x50
 989 000b 05000000 		.4byte	.LVL24-1
 990 000f 08000000 		.4byte	.LFE65
 991 0013 0400     		.2byte	0x4
 992 0015 F3       		.byte	0xf3
 993 0016 01       		.uleb128 0x1
 994 0017 50       		.byte	0x50
 995 0018 9F       		.byte	0x9f
 996 0019 00000000 		.4byte	0
 997 001d 00000000 		.4byte	0
 998              	.LLST1:
 999 0021 08000000 		.4byte	.LVL26
 1000 0025 1C000000 		.4byte	.LVL31
 1001 0029 0100     		.2byte	0x1
 1002 002b 54       		.byte	0x54
 1003 002c 1E000000 		.4byte	.LVL32
 1004 0030 24000000 		.4byte	.LFE64
 1005 0034 0100     		.2byte	0x1
 1006 0036 54       		.byte	0x54
 1007 0037 00000000 		.4byte	0
 1008 003b 00000000 		.4byte	0
 1009              	.LLST2:
 1010 003f 10000000 		.4byte	.LVL28
 1011 0043 1E000000 		.4byte	.LVL32
ARM GAS  C:\Users\kaaen\AppData\Local\Temp\ccYZ18mA.s 			page 22


 1012 0047 0100     		.2byte	0x1
 1013 0049 55       		.byte	0x55
 1014 004a 00000000 		.4byte	0
 1015 004e 00000000 		.4byte	0
 1016              		.section	.debug_aranges,"",%progbits
 1017 0000 2C000000 		.4byte	0x2c
 1018 0004 0200     		.2byte	0x2
 1019 0006 00000000 		.4byte	.Ldebug_info0
 1020 000a 04       		.byte	0x4
 1021 000b 00       		.byte	0
 1022 000c 0000     		.2byte	0
 1023 000e 0000     		.2byte	0
 1024 0010 00000000 		.4byte	.LFB63
 1025 0014 DC000000 		.4byte	.LFE63-.LFB63
 1026 0018 00000000 		.4byte	.LFB65
 1027 001c 08000000 		.4byte	.LFE65-.LFB65
 1028 0020 00000000 		.4byte	.LFB64
 1029 0024 24000000 		.4byte	.LFE64-.LFB64
 1030 0028 00000000 		.4byte	0
 1031 002c 00000000 		.4byte	0
 1032              		.section	.debug_ranges,"",%progbits
 1033              	.Ldebug_ranges0:
 1034 0000 00000000 		.4byte	.LFB63
 1035 0004 DC000000 		.4byte	.LFE63
 1036 0008 00000000 		.4byte	.LFB65
 1037 000c 08000000 		.4byte	.LFE65
 1038 0010 00000000 		.4byte	.LFB64
 1039 0014 24000000 		.4byte	.LFE64
 1040 0018 00000000 		.4byte	0
 1041 001c 00000000 		.4byte	0
 1042              		.section	.debug_line,"",%progbits
 1043              	.Ldebug_line0:
 1044 0000 CD010000 		.section	.debug_str,"MS",%progbits,1
 1044      02006B01 
 1044      00000201 
 1044      FB0E0D00 
 1044      01010101 
 1045              	.LASF22:
 1046 0000 6973725F 		.ascii	"isr_uart_rx_StartEx\000"
 1046      75617274 
 1046      5F72785F 
 1046      53746172 
 1046      74457800 
 1047              	.LASF23:
 1048 0014 55415254 		.ascii	"UART_1_Start\000"
 1048      5F315F53 
 1048      74617274 
 1048      00
 1049              	.LASF4:
 1050 0021 5F5F7569 		.ascii	"__uint8_t\000"
 1050      6E74385F 
 1050      7400
 1051              	.LASF27:
 1052 002b 64726976 		.ascii	"driveForwardsFull\000"
 1052      65466F72 
 1052      77617264 
 1052      7346756C 
ARM GAS  C:\Users\kaaen\AppData\Local\Temp\ccYZ18mA.s 			page 23


 1052      6C00
 1053              	.LASF5:
 1054 003d 5F5F696E 		.ascii	"__int32_t\000"
 1054      7433325F 
 1054      7400
 1055              	.LASF32:
 1056 0047 64726976 		.ascii	"driveBackwardsWave\000"
 1056      65426163 
 1056      6B776172 
 1056      64735761 
 1056      766500
 1057              	.LASF3:
 1058 005a 73686F72 		.ascii	"short unsigned int\000"
 1058      7420756E 
 1058      7369676E 
 1058      65642069 
 1058      6E7400
 1059              	.LASF26:
 1060 006d 67657453 		.ascii	"getState\000"
 1060      74617465 
 1060      00
 1061              	.LASF20:
 1062 0076 62797465 		.ascii	"bytesToRead\000"
 1062      73546F52 
 1062      65616400 
 1063              	.LASF30:
 1064 0082 64726976 		.ascii	"driveBackwardsFull\000"
 1064      65426163 
 1064      6B776172 
 1064      64734675 
 1064      6C6C00
 1065              	.LASF13:
 1066 0095 666C6F61 		.ascii	"float\000"
 1066      7400
 1067              	.LASF1:
 1068 009b 756E7369 		.ascii	"unsigned char\000"
 1068      676E6564 
 1068      20636861 
 1068      7200
 1069              	.LASF36:
 1070 00a9 474E5520 		.ascii	"GNU C11 5.4.1 20160609 (release) [ARM/embedded-5-br"
 1070      43313120 
 1070      352E342E 
 1070      31203230 
 1070      31363036 
 1071 00dc 616E6368 		.ascii	"anch revision 237715] -mcpu=cortex-m3 -mthumb -g -O"
 1071      20726576 
 1071      6973696F 
 1071      6E203233 
 1071      37373135 
 1072 010f 67202D66 		.ascii	"g -ffunction-sections -ffat-lto-objects\000"
 1072      66756E63 
 1072      74696F6E 
 1072      2D736563 
 1072      74696F6E 
 1073              	.LASF19:
 1074 0137 4953525F 		.ascii	"ISR_UART_rx_handler\000"
ARM GAS  C:\Users\kaaen\AppData\Local\Temp\ccYZ18mA.s 			page 24


 1074      55415254 
 1074      5F72785F 
 1074      68616E64 
 1074      6C657200 
 1075              	.LASF7:
 1076 014b 6C6F6E67 		.ascii	"long unsigned int\000"
 1076      20756E73 
 1076      69676E65 
 1076      6420696E 
 1076      7400
 1077              	.LASF33:
 1078 015d 55415254 		.ascii	"UART_1_ReadRxData\000"
 1078      5F315F52 
 1078      65616452 
 1078      78446174 
 1078      6100
 1079              	.LASF18:
 1080 016f 68616E64 		.ascii	"handleByteReceived\000"
 1080      6C654279 
 1080      74655265 
 1080      63656976 
 1080      656400
 1081              	.LASF40:
 1082 0182 49544D5F 		.ascii	"ITM_RxBuffer\000"
 1082      52784275 
 1082      66666572 
 1082      00
 1083              	.LASF34:
 1084 018f 55415254 		.ascii	"UART_1_WriteTxData\000"
 1084      5F315F57 
 1084      72697465 
 1084      54784461 
 1084      746100
 1085              	.LASF14:
 1086 01a2 646F7562 		.ascii	"double\000"
 1086      6C6500
 1087              	.LASF39:
 1088 01a9 6D61696E 		.ascii	"main\000"
 1088      00
 1089              	.LASF28:
 1090 01ae 64726976 		.ascii	"driveForwardsHalf\000"
 1090      65466F72 
 1090      77617264 
 1090      7348616C 
 1090      6600
 1091              	.LASF38:
 1092 01c0 433A5C55 		.ascii	"C:\\Users\\kaaen\\Documents\\GitHub\\GFV\\labmotorc"
 1092      73657273 
 1092      5C6B6161 
 1092      656E5C44 
 1092      6F63756D 
 1093 01ed 6F6E7472 		.ascii	"ontrol\\stepperny.cydsn\000"
 1093      6F6C5C73 
 1093      74657070 
 1093      65726E79 
 1093      2E637964 
 1094              	.LASF10:
ARM GAS  C:\Users\kaaen\AppData\Local\Temp\ccYZ18mA.s 			page 25


 1095 0204 756E7369 		.ascii	"unsigned int\000"
 1095      676E6564 
 1095      20696E74 
 1095      00
 1096              	.LASF9:
 1097 0211 6C6F6E67 		.ascii	"long long unsigned int\000"
 1097      206C6F6E 
 1097      6720756E 
 1097      7369676E 
 1097      65642069 
 1098              	.LASF11:
 1099 0228 75696E74 		.ascii	"uint8_t\000"
 1099      385F7400 
 1100              	.LASF35:
 1101 0230 55415254 		.ascii	"UART_1_GetRxBufferSize\000"
 1101      5F315F47 
 1101      65745278 
 1101      42756666 
 1101      65725369 
 1102              	.LASF31:
 1103 0247 64726976 		.ascii	"driveBackwardsHalf\000"
 1103      65426163 
 1103      6B776172 
 1103      64734861 
 1103      6C6600
 1104              	.LASF12:
 1105 025a 696E7433 		.ascii	"int32_t\000"
 1105      325F7400 
 1106              	.LASF17:
 1107 0262 73697A65 		.ascii	"sizetype\000"
 1107      74797065 
 1107      00
 1108              	.LASF25:
 1109 026b 67657444 		.ascii	"getDirection\000"
 1109      69726563 
 1109      74696F6E 
 1109      00
 1110              	.LASF8:
 1111 0278 6C6F6E67 		.ascii	"long long int\000"
 1111      206C6F6E 
 1111      6720696E 
 1111      7400
 1112              	.LASF37:
 1113 0286 6D61696E 		.ascii	"main.c\000"
 1113      2E6300
 1114              	.LASF15:
 1115 028d 63686172 		.ascii	"char\000"
 1115      00
 1116              	.LASF2:
 1117 0292 73686F72 		.ascii	"short int\000"
 1117      7420696E 
 1117      7400
 1118              	.LASF6:
 1119 029c 6C6F6E67 		.ascii	"long int\000"
 1119      20696E74 
 1119      00
 1120              	.LASF16:
ARM GAS  C:\Users\kaaen\AppData\Local\Temp\ccYZ18mA.s 			page 26


 1121 02a5 6C6F6E67 		.ascii	"long double\000"
 1121      20646F75 
 1121      626C6500 
 1122              	.LASF0:
 1123 02b1 7369676E 		.ascii	"signed char\000"
 1123      65642063 
 1123      68617200 
 1124              	.LASF24:
 1125 02bd 55415254 		.ascii	"UART_1_PutString\000"
 1125      5F315F50 
 1125      75745374 
 1125      72696E67 
 1125      00
 1126              	.LASF29:
 1127 02ce 64726976 		.ascii	"driveForwardsWave\000"
 1127      65466F72 
 1127      77617264 
 1127      73576176 
 1127      6500
 1128              	.LASF21:
 1129 02e0 62797465 		.ascii	"byteReceived\000"
 1129      52656365 
 1129      69766564 
 1129      00
 1130              		.ident	"GCC: (GNU Tools for ARM Embedded Processors) 5.4.1 20160609 (release) [ARM/embedded-5-bran
