ARM GAS  C:\Users\Thomas\AppData\Local\Temp\ccZ2HeML.s 			page 1


   1              		.syntax unified
   2              		.cpu cortex-m3
   3              		.fpu softvfp
   4              		.eabi_attribute 20, 1
   5              		.eabi_attribute 21, 1
   6              		.eabi_attribute 23, 3
   7              		.eabi_attribute 24, 1
   8              		.eabi_attribute 25, 1
   9              		.eabi_attribute 26, 1
  10              		.eabi_attribute 30, 1
  11              		.eabi_attribute 34, 1
  12              		.eabi_attribute 18, 4
  13              		.thumb
  14              		.syntax unified
  15              		.file	"cymetadata.c"
  16              		.text
  17              	.Ltext0:
  18              		.cfi_sections	.debug_frame
  19              		.global	cy_metadata
  20              		.global	cy_meta_flashprotect
  21              		.global	cy_meta_wonvl
  22              		.global	cy_meta_custnvl
  23              		.global	cy_meta_configecc
  24              		.section	.cyconfigecc,"a",%progbits
  25              		.align	2
  26              		.type	cy_meta_configecc, %object
  27              		.size	cy_meta_configecc, 448
  28              	cy_meta_configecc:
  29 0000 03       		.byte	3
  30 0001 64       		.byte	100
  31 0002 00       		.byte	0
  32 0003 40       		.byte	64
  33 0004 01       		.byte	1
  34 0005 05       		.byte	5
  35 0006 01       		.byte	1
  36 0007 40       		.byte	64
  37 0008 02       		.byte	2
  38 0009 09       		.byte	9
  39 000a 01       		.byte	1
  40 000b 40       		.byte	64
  41 000c 2A       		.byte	42
  42 000d 0A       		.byte	10
  43 000e 01       		.byte	1
  44 000f 40       		.byte	64
  45 0010 29       		.byte	41
  46 0011 0B       		.byte	11
  47 0012 01       		.byte	1
  48 0013 40       		.byte	64
  49 0014 29       		.byte	41
  50 0015 0C       		.byte	12
  51 0016 01       		.byte	1
  52 0017 40       		.byte	64
  53 0018 23       		.byte	35
  54 0019 0D       		.byte	13
  55 001a 01       		.byte	1
  56 001b 40       		.byte	64
  57 001c 02       		.byte	2
ARM GAS  C:\Users\Thomas\AppData\Local\Temp\ccZ2HeML.s 			page 2


  58 001d 40       		.byte	64
  59 001e 01       		.byte	1
  60 001f 40       		.byte	64
  61 0020 01       		.byte	1
  62 0021 41       		.byte	65
  63 0022 01       		.byte	1
  64 0023 40       		.byte	64
  65 0024 03       		.byte	3
  66 0025 42       		.byte	66
  67 0026 01       		.byte	1
  68 0027 40       		.byte	64
  69 0028 06       		.byte	6
  70 0029 45       		.byte	69
  71 002a 01       		.byte	1
  72 002b 40       		.byte	64
  73 002c 04       		.byte	4
  74 002d 46       		.byte	70
  75 002e 01       		.byte	1
  76 002f 40       		.byte	64
  77 0030 03       		.byte	3
  78 0031 50       		.byte	80
  79 0032 01       		.byte	1
  80 0033 40       		.byte	64
  81 0034 01       		.byte	1
  82 0035 51       		.byte	81
  83 0036 01       		.byte	1
  84 0037 40       		.byte	64
  85 0038 8A       		.byte	-118
  86 0039 07       		.byte	7
  87 003a 8B       		.byte	-117
  88 003b 78       		.byte	120
  89 003c 8D       		.byte	-115
  90 003d 47       		.byte	71
  91 003e E6       		.byte	-26
  92 003f 08       		.byte	8
  93 0040 A8       		.byte	-88
  94 0041 02       		.byte	2
  95 0042 A9       		.byte	-87
  96 0043 04       		.byte	4
  97 0044 02       		.byte	2
  98 0045 21       		.byte	33
  99 0046 04       		.byte	4
 100 0047 41       		.byte	65
 101 0048 06       		.byte	6
 102 0049 08       		.byte	8
 103 004a 07       		.byte	7
 104 004b 01       		.byte	1
 105 004c 0A       		.byte	10
 106 004d 1E       		.byte	30
 107 004e 11       		.byte	17
 108 004f 01       		.byte	1
 109 0050 15       		.byte	21
 110 0051 01       		.byte	1
 111 0052 19       		.byte	25
 112 0053 01       		.byte	1
 113 0054 1D       		.byte	29
 114 0055 01       		.byte	1
ARM GAS  C:\Users\Thomas\AppData\Local\Temp\ccZ2HeML.s 			page 3


 115 0056 20       		.byte	32
 116 0057 41       		.byte	65
 117 0058 22       		.byte	34
 118 0059 02       		.byte	2
 119 005a 24       		.byte	36
 120 005b 41       		.byte	65
 121 005c 26       		.byte	38
 122 005d 04       		.byte	4
 123 005e 2C       		.byte	44
 124 005f 41       		.byte	65
 125 0060 2E       		.byte	46
 126 0061 10       		.byte	16
 127 0062 32       		.byte	50
 128 0063 20       		.byte	32
 129 0064 33       		.byte	51
 130 0065 01       		.byte	1
 131 0066 34       		.byte	52
 132 0067 40       		.byte	64
 133 0068 36       		.byte	54
 134 0069 1F       		.byte	31
 135 006a 3E       		.byte	62
 136 006b 50       		.byte	80
 137 006c 3F       		.byte	63
 138 006d 04       		.byte	4
 139 006e 56       		.byte	86
 140 006f 02       		.byte	2
 141 0070 58       		.byte	88
 142 0071 24       		.byte	36
 143 0072 59       		.byte	89
 144 0073 04       		.byte	4
 145 0074 5B       		.byte	91
 146 0075 04       		.byte	4
 147 0076 5C       		.byte	92
 148 0077 08       		.byte	8
 149 0078 5D       		.byte	93
 150 0079 80       		.byte	-128
 151 007a 5F       		.byte	95
 152 007b 31       		.byte	49
 153 007c 8C       		.byte	-116
 154 007d 01       		.byte	1
 155 007e 92       		.byte	-110
 156 007f 02       		.byte	2
 157 0080 98       		.byte	-104
 158 0081 02       		.byte	2
 159 0082 9C       		.byte	-100
 160 0083 02       		.byte	2
 161 0084 A4       		.byte	-92
 162 0085 02       		.byte	2
 163 0086 B0       		.byte	-80
 164 0087 01       		.byte	1
 165 0088 B4       		.byte	-76
 166 0089 02       		.byte	2
 167 008a B8       		.byte	-72
 168 008b 80       		.byte	-128
 169 008c BE       		.byte	-66
 170 008d 51       		.byte	81
 171 008e D4       		.byte	-44
ARM GAS  C:\Users\Thomas\AppData\Local\Temp\ccZ2HeML.s 			page 4


 172 008f 20       		.byte	32
 173 0090 D6       		.byte	-42
 174 0091 04       		.byte	4
 175 0092 D8       		.byte	-40
 176 0093 04       		.byte	4
 177 0094 DB       		.byte	-37
 178 0095 04       		.byte	4
 179 0096 DF       		.byte	-33
 180 0097 01       		.byte	1
 181 0098 00       		.byte	0
 182 0099 18       		.byte	24
 183 009a 02       		.byte	2
 184 009b 40       		.byte	64
 185 009c 04       		.byte	4
 186 009d 80       		.byte	-128
 187 009e 07       		.byte	7
 188 009f 02       		.byte	2
 189 00a0 0C       		.byte	12
 190 00a1 A2       		.byte	-94
 191 00a2 10       		.byte	16
 192 00a3 A2       		.byte	-94
 193 00a4 17       		.byte	23
 194 00a5 04       		.byte	4
 195 00a6 18       		.byte	24
 196 00a7 15       		.byte	21
 197 00a8 1E       		.byte	30
 198 00a9 08       		.byte	8
 199 00aa 1F       		.byte	31
 200 00ab 41       		.byte	65
 201 00ac 23       		.byte	35
 202 00ad 10       		.byte	16
 203 00ae 30       		.byte	48
 204 00af A2       		.byte	-94
 205 00b0 33       		.byte	51
 206 00b1 04       		.byte	4
 207 00b2 39       		.byte	57
 208 00b3 08       		.byte	8
 209 00b4 5F       		.byte	95
 210 00b5 02       		.byte	2
 211 00b6 65       		.byte	101
 212 00b7 24       		.byte	36
 213 00b8 66       		.byte	102
 214 00b9 02       		.byte	2
 215 00ba 67       		.byte	103
 216 00bb 02       		.byte	2
 217 00bc 68       		.byte	104
 218 00bd A6       		.byte	-90
 219 00be 6B       		.byte	107
 220 00bf 04       		.byte	4
 221 00c0 78       		.byte	120
 222 00c1 01       		.byte	1
 223 00c2 86       		.byte	-122
 224 00c3 02       		.byte	2
 225 00c4 90       		.byte	-112
 226 00c5 80       		.byte	-128
 227 00c6 91       		.byte	-111
 228 00c7 08       		.byte	8
ARM GAS  C:\Users\Thomas\AppData\Local\Temp\ccZ2HeML.s 			page 5


 229 00c8 94       		.byte	-108
 230 00c9 05       		.byte	5
 231 00ca 97       		.byte	-105
 232 00cb 90       		.byte	-112
 233 00cc 98       		.byte	-104
 234 00cd 03       		.byte	3
 235 00ce 99       		.byte	-103
 236 00cf 20       		.byte	32
 237 00d0 9A       		.byte	-102
 238 00d1 40       		.byte	64
 239 00d2 A6       		.byte	-90
 240 00d3 04       		.byte	4
 241 00d4 AD       		.byte	-83
 242 00d5 84       		.byte	-124
 243 00d6 B0       		.byte	-80
 244 00d7 49       		.byte	73
 245 00d8 B2       		.byte	-78
 246 00d9 60       		.byte	96
 247 00da C0       		.byte	-64
 248 00db 8E       		.byte	-114
 249 00dc C2       		.byte	-62
 250 00dd D0       		.byte	-48
 251 00de C4       		.byte	-60
 252 00df 2D       		.byte	45
 253 00e0 CC       		.byte	-52
 254 00e1 0F       		.byte	15
 255 00e2 CE       		.byte	-50
 256 00e3 02       		.byte	2
 257 00e4 D6       		.byte	-42
 258 00e5 80       		.byte	-128
 259 00e6 D8       		.byte	-40
 260 00e7 F0       		.byte	-16
 261 00e8 DE       		.byte	-34
 262 00e9 01       		.byte	1
 263 00ea 56       		.byte	86
 264 00eb 08       		.byte	8
 265 00ec 5B       		.byte	91
 266 00ed 04       		.byte	4
 267 00ee 80       		.byte	-128
 268 00ef 05       		.byte	5
 269 00f0 86       		.byte	-122
 270 00f1 08       		.byte	8
 271 00f2 8B       		.byte	-117
 272 00f3 01       		.byte	1
 273 00f4 8C       		.byte	-116
 274 00f5 08       		.byte	8
 275 00f6 9E       		.byte	-98
 276 00f7 01       		.byte	1
 277 00f8 A6       		.byte	-90
 278 00f9 07       		.byte	7
 279 00fa B0       		.byte	-80
 280 00fb 02       		.byte	2
 281 00fc B1       		.byte	-79
 282 00fd 01       		.byte	1
 283 00fe B2       		.byte	-78
 284 00ff 04       		.byte	4
 285 0100 B4       		.byte	-76
ARM GAS  C:\Users\Thomas\AppData\Local\Temp\ccZ2HeML.s 			page 6


 286 0101 08       		.byte	8
 287 0102 B6       		.byte	-74
 288 0103 01       		.byte	1
 289 0104 BE       		.byte	-66
 290 0105 54       		.byte	84
 291 0106 C0       		.byte	-64
 292 0107 02       		.byte	2
 293 0108 C1       		.byte	-63
 294 0109 05       		.byte	5
 295 010a C2       		.byte	-62
 296 010b 20       		.byte	32
 297 010c C4       		.byte	-60
 298 010d 01       		.byte	1
 299 010e C5       		.byte	-59
 300 010f CB       		.byte	-53
 301 0110 C6       		.byte	-58
 302 0111 EF       		.byte	-17
 303 0112 C7       		.byte	-57
 304 0113 0D       		.byte	13
 305 0114 C8       		.byte	-56
 306 0115 1F       		.byte	31
 307 0116 C9       		.byte	-55
 308 0117 FF       		.byte	-1
 309 0118 CA       		.byte	-54
 310 0119 FF       		.byte	-1
 311 011a CB       		.byte	-53
 312 011b FF       		.byte	-1
 313 011c CC       		.byte	-52
 314 011d 22       		.byte	34
 315 011e CE       		.byte	-50
 316 011f F0       		.byte	-16
 317 0120 CF       		.byte	-49
 318 0121 0C       		.byte	12
 319 0122 D0       		.byte	-48
 320 0123 8C       		.byte	-116
 321 0124 D1       		.byte	-47
 322 0125 10       		.byte	16
 323 0126 D4       		.byte	-44
 324 0127 41       		.byte	65
 325 0128 D8       		.byte	-40
 326 0129 04       		.byte	4
 327 012a D9       		.byte	-39
 328 012b 04       		.byte	4
 329 012c DA       		.byte	-38
 330 012d 04       		.byte	4
 331 012e DB       		.byte	-37
 332 012f 04       		.byte	4
 333 0130 DD       		.byte	-35
 334 0131 08       		.byte	8
 335 0132 DF       		.byte	-33
 336 0133 31       		.byte	49
 337 0134 E8       		.byte	-24
 338 0135 40       		.byte	64
 339 0136 E9       		.byte	-23
 340 0137 01       		.byte	1
 341 0138 EA       		.byte	-22
 342 0139 C0       		.byte	-64
ARM GAS  C:\Users\Thomas\AppData\Local\Temp\ccZ2HeML.s 			page 7


 343 013a EB       		.byte	-21
 344 013b 01       		.byte	1
 345 013c 00       		.byte	0
 346 013d 40       		.byte	64
 347 013e 01       		.byte	1
 348 013f 02       		.byte	2
 349 0140 02       		.byte	2
 350 0141 10       		.byte	16
 351 0142 08       		.byte	8
 352 0143 40       		.byte	64
 353 0144 10       		.byte	16
 354 0145 10       		.byte	16
 355 0146 19       		.byte	25
 356 0147 66       		.byte	102
 357 0148 20       		.byte	32
 358 0149 40       		.byte	64
 359 014a 3A       		.byte	58
 360 014b 10       		.byte	16
 361 014c 40       		.byte	64
 362 014d 05       		.byte	5
 363 014e 4A       		.byte	74
 364 014f 20       		.byte	32
 365 0150 4B       		.byte	75
 366 0151 81       		.byte	-127
 367 0152 50       		.byte	80
 368 0153 40       		.byte	64
 369 0154 51       		.byte	81
 370 0155 04       		.byte	4
 371 0156 53       		.byte	83
 372 0157 10       		.byte	16
 373 0158 58       		.byte	88
 374 0159 08       		.byte	8
 375 015a 59       		.byte	89
 376 015b 40       		.byte	64
 377 015c 5A       		.byte	90
 378 015d 20       		.byte	32
 379 015e 5D       		.byte	93
 380 015f 80       		.byte	-128
 381 0160 5E       		.byte	94
 382 0161 08       		.byte	8
 383 0162 5F       		.byte	95
 384 0163 11       		.byte	17
 385 0164 61       		.byte	97
 386 0165 04       		.byte	4
 387 0166 64       		.byte	100
 388 0167 52       		.byte	82
 389 0168 66       		.byte	102
 390 0169 10       		.byte	16
 391 016a 78       		.byte	120
 392 016b 01       		.byte	1
 393 016c 7E       		.byte	126
 394 016d 10       		.byte	16
 395 016e 7F       		.byte	127
 396 016f 10       		.byte	16
 397 0170 C0       		.byte	-64
 398 0171 0D       		.byte	13
 399 0172 C2       		.byte	-62
ARM GAS  C:\Users\Thomas\AppData\Local\Temp\ccZ2HeML.s 			page 8


 400 0173 01       		.byte	1
 401 0174 C4       		.byte	-60
 402 0175 04       		.byte	4
 403 0176 CE       		.byte	-50
 404 0177 04       		.byte	4
 405 0178 D0       		.byte	-48
 406 0179 0C       		.byte	12
 407 017a D2       		.byte	-46
 408 017b 08       		.byte	8
 409 017c D6       		.byte	-42
 410 017d FE       		.byte	-2
 411 017e D8       		.byte	-40
 412 017f F2       		.byte	-14
 413 0180 DE       		.byte	-34
 414 0181 01       		.byte	1
 415 0182 33       		.byte	51
 416 0183 80       		.byte	-128
 417 0184 CC       		.byte	-52
 418 0185 10       		.byte	16
 419 0186 A7       		.byte	-89
 420 0187 80       		.byte	-128
 421 0188 87       		.byte	-121
 422 0189 80       		.byte	-128
 423 018a A7       		.byte	-89
 424 018b 80       		.byte	-128
 425 018c E6       		.byte	-26
 426 018d 10       		.byte	16
 427 018e 07       		.byte	7
 428 018f 08       		.byte	8
 429 0190 09       		.byte	9
 430 0191 02       		.byte	2
 431 0192 53       		.byte	83
 432 0193 10       		.byte	16
 433 0194 C0       		.byte	-64
 434 0195 01       		.byte	1
 435 0196 C2       		.byte	-62
 436 0197 08       		.byte	8
 437 0198 D4       		.byte	-44
 438 0199 04       		.byte	4
 439 019a B1       		.byte	-79
 440 019b 02       		.byte	2
 441 019c B3       		.byte	-77
 442 019d 18       		.byte	24
 443 019e E8       		.byte	-24
 444 019f 04       		.byte	4
 445 01a0 EE       		.byte	-18
 446 01a1 05       		.byte	5
 447 01a2 00       		.byte	0
 448 01a3 01       		.byte	1
 449 01a4 0C       		.byte	12
 450 01a5 01       		.byte	1
 451 01a6 0E       		.byte	14
 452 01a7 01       		.byte	1
 453 01a8 00       		.byte	0
 454 01a9 03       		.byte	3
 455 01aa 00       		.byte	0
 456 01ab 00       		.byte	0
ARM GAS  C:\Users\Thomas\AppData\Local\Temp\ccZ2HeML.s 			page 9


 457 01ac 00       		.byte	0
 458 01ad 0B       		.byte	11
 459 01ae 0B       		.byte	11
 460 01af 00       		.byte	0
 461 01b0 00       		.byte	0
 462 01b1 00       		.byte	0
 463 01b2 00       		.byte	0
 464 01b3 00       		.byte	0
 465 01b4 06       		.byte	6
 466 01b5 00       		.byte	0
 467 01b6 18       		.byte	24
 468 01b7 07       		.byte	7
 469 01b8 01       		.byte	1
 470 01b9 00       		.byte	0
 471 01ba 01       		.byte	1
 472 01bb 00       		.byte	0
 473 01bc 00       		.byte	0
 474 01bd 00       		.byte	0
 475 01be 00       		.byte	0
 476 01bf 00       		.byte	0
 477              		.section	.cywolatch,"a",%progbits
 478              		.align	2
 479              		.type	cy_meta_wonvl, %object
 480              		.size	cy_meta_wonvl, 4
 481              	cy_meta_wonvl:
 482 0000 BC       		.byte	-68
 483 0001 90       		.byte	-112
 484 0002 AC       		.byte	-84
 485 0003 AF       		.byte	-81
 486              		.section	.cycustnvl,"a",%progbits
 487              		.align	2
 488              		.type	cy_meta_custnvl, %object
 489              		.size	cy_meta_custnvl, 4
 490              	cy_meta_custnvl:
 491 0000 00       		.byte	0
 492 0001 00       		.byte	0
 493 0002 40       		.byte	64
 494 0003 05       		.byte	5
 495              		.section	.cymeta,"a",%progbits
 496              		.align	2
 497              		.type	cy_metadata, %object
 498              		.size	cy_metadata, 12
 499              	cy_metadata:
 500 0000 00       		.byte	0
 501 0001 01       		.byte	1
 502 0002 2E       		.byte	46
 503 0003 16       		.byte	22
 504 0004 10       		.byte	16
 505 0005 69       		.byte	105
 506 0006 00       		.byte	0
 507 0007 01       		.byte	1
 508 0008 00       		.byte	0
 509 0009 00       		.byte	0
 510 000a 00       		.byte	0
 511 000b 00       		.byte	0
 512              		.section	.cyflashprotect,"a",%progbits
 513              		.align	2
ARM GAS  C:\Users\Thomas\AppData\Local\Temp\ccZ2HeML.s 			page 10


 514              		.type	cy_meta_flashprotect, %object
 515              		.size	cy_meta_flashprotect, 256
 516              	cy_meta_flashprotect:
 517 0000 00000000 		.space	256
 517      00000000 
 517      00000000 
 517      00000000 
 517      00000000 
 518              		.text
 519              	.Letext0:
 520              		.file 1 "c:\\program files (x86)\\cypress\\psoc creator\\4.4\\psoc creator\\import\\gnu\\arm\\5.4.
 521              		.file 2 "c:\\program files (x86)\\cypress\\psoc creator\\4.4\\psoc creator\\import\\gnu\\arm\\5.4.
 522              		.file 3 "Generated_Source\\PSoC5\\cymetadata.c"
 523              		.section	.debug_info,"",%progbits
 524              	.Ldebug_info0:
 525 0000 31010000 		.4byte	0x131
 526 0004 0400     		.2byte	0x4
 527 0006 00000000 		.4byte	.Ldebug_abbrev0
 528 000a 04       		.byte	0x4
 529 000b 01       		.uleb128 0x1
 530 000c 24000000 		.4byte	.LASF17
 531 0010 0C       		.byte	0xc
 532 0011 B3010000 		.4byte	.LASF18
 533 0015 D7000000 		.4byte	.LASF19
 534 0019 00000000 		.4byte	.Ldebug_line0
 535 001d 02       		.uleb128 0x2
 536 001e 01       		.byte	0x1
 537 001f 06       		.byte	0x6
 538 0020 A7010000 		.4byte	.LASF0
 539 0024 03       		.uleb128 0x3
 540 0025 00000000 		.4byte	.LASF9
 541 0029 01       		.byte	0x1
 542 002a 1D       		.byte	0x1d
 543 002b 2F000000 		.4byte	0x2f
 544 002f 02       		.uleb128 0x2
 545 0030 01       		.byte	0x1
 546 0031 08       		.byte	0x8
 547 0032 16000000 		.4byte	.LASF1
 548 0036 02       		.uleb128 0x2
 549 0037 02       		.byte	0x2
 550 0038 05       		.byte	0x5
 551 0039 94010000 		.4byte	.LASF2
 552 003d 02       		.uleb128 0x2
 553 003e 02       		.byte	0x2
 554 003f 07       		.byte	0x7
 555 0040 C4000000 		.4byte	.LASF3
 556 0044 02       		.uleb128 0x2
 557 0045 04       		.byte	0x4
 558 0046 05       		.byte	0x5
 559 0047 9E010000 		.4byte	.LASF4
 560 004b 02       		.uleb128 0x2
 561 004c 04       		.byte	0x4
 562 004d 07       		.byte	0x7
 563 004e B2000000 		.4byte	.LASF5
 564 0052 02       		.uleb128 0x2
 565 0053 08       		.byte	0x8
 566 0054 05       		.byte	0x5
ARM GAS  C:\Users\Thomas\AppData\Local\Temp\ccZ2HeML.s 			page 11


 567 0055 86010000 		.4byte	.LASF6
 568 0059 02       		.uleb128 0x2
 569 005a 08       		.byte	0x8
 570 005b 07       		.byte	0x7
 571 005c 3B010000 		.4byte	.LASF7
 572 0060 04       		.uleb128 0x4
 573 0061 04       		.byte	0x4
 574 0062 05       		.byte	0x5
 575 0063 696E7400 		.ascii	"int\000"
 576 0067 02       		.uleb128 0x2
 577 0068 04       		.byte	0x4
 578 0069 07       		.byte	0x7
 579 006a 2E010000 		.4byte	.LASF8
 580 006e 03       		.uleb128 0x3
 581 006f 52010000 		.4byte	.LASF10
 582 0073 02       		.byte	0x2
 583 0074 18       		.byte	0x18
 584 0075 24000000 		.4byte	0x24
 585 0079 05       		.uleb128 0x5
 586 007a 91000000 		.4byte	0x91
 587 007e 8A000000 		.4byte	0x8a
 588 0082 06       		.uleb128 0x6
 589 0083 8A000000 		.4byte	0x8a
 590 0087 BF01     		.2byte	0x1bf
 591 0089 00       		.byte	0
 592 008a 02       		.uleb128 0x2
 593 008b 04       		.byte	0x4
 594 008c 07       		.byte	0x7
 595 008d 7D010000 		.4byte	.LASF11
 596 0091 07       		.uleb128 0x7
 597 0092 6E000000 		.4byte	0x6e
 598 0096 08       		.uleb128 0x8
 599 0097 1C010000 		.4byte	.LASF12
 600 009b 03       		.byte	0x3
 601 009c 1F       		.byte	0x1f
 602 009d A7000000 		.4byte	0xa7
 603 00a1 05       		.uleb128 0x5
 604 00a2 03       		.byte	0x3
 605 00a3 00000000 		.4byte	cy_meta_configecc
 606 00a7 07       		.uleb128 0x7
 607 00a8 79000000 		.4byte	0x79
 608 00ac 05       		.uleb128 0x5
 609 00ad 91000000 		.4byte	0x91
 610 00b1 BC000000 		.4byte	0xbc
 611 00b5 09       		.uleb128 0x9
 612 00b6 8A000000 		.4byte	0x8a
 613 00ba 03       		.byte	0x3
 614 00bb 00       		.byte	0
 615 00bc 08       		.uleb128 0x8
 616 00bd 0C010000 		.4byte	.LASF13
 617 00c1 03       		.byte	0x3
 618 00c2 64       		.byte	0x64
 619 00c3 CD000000 		.4byte	0xcd
 620 00c7 05       		.uleb128 0x5
 621 00c8 03       		.byte	0x3
 622 00c9 00000000 		.4byte	cy_meta_custnvl
 623 00cd 07       		.uleb128 0x7
ARM GAS  C:\Users\Thomas\AppData\Local\Temp\ccZ2HeML.s 			page 12


 624 00ce AC000000 		.4byte	0xac
 625 00d2 08       		.uleb128 0x8
 626 00d3 6F010000 		.4byte	.LASF14
 627 00d7 03       		.byte	0x3
 628 00d8 72       		.byte	0x72
 629 00d9 E3000000 		.4byte	0xe3
 630 00dd 05       		.uleb128 0x5
 631 00de 03       		.byte	0x3
 632 00df 00000000 		.4byte	cy_meta_wonvl
 633 00e3 07       		.uleb128 0x7
 634 00e4 AC000000 		.4byte	0xac
 635 00e8 05       		.uleb128 0x5
 636 00e9 91000000 		.4byte	0x91
 637 00ed F8000000 		.4byte	0xf8
 638 00f1 09       		.uleb128 0x9
 639 00f2 8A000000 		.4byte	0x8a
 640 00f6 FF       		.byte	0xff
 641 00f7 00       		.byte	0
 642 00f8 08       		.uleb128 0x8
 643 00f9 5A010000 		.4byte	.LASF15
 644 00fd 03       		.byte	0x3
 645 00fe 80       		.byte	0x80
 646 00ff 09010000 		.4byte	0x109
 647 0103 05       		.uleb128 0x5
 648 0104 03       		.byte	0x3
 649 0105 00000000 		.4byte	cy_meta_flashprotect
 650 0109 07       		.uleb128 0x7
 651 010a E8000000 		.4byte	0xe8
 652 010e 05       		.uleb128 0x5
 653 010f 91000000 		.4byte	0x91
 654 0113 1E010000 		.4byte	0x11e
 655 0117 09       		.uleb128 0x9
 656 0118 8A000000 		.4byte	0x8a
 657 011c 0B       		.byte	0xb
 658 011d 00       		.byte	0
 659 011e 08       		.uleb128 0x8
 660 011f 0A000000 		.4byte	.LASF16
 661 0123 03       		.byte	0x3
 662 0124 AD       		.byte	0xad
 663 0125 2F010000 		.4byte	0x12f
 664 0129 05       		.uleb128 0x5
 665 012a 03       		.byte	0x3
 666 012b 00000000 		.4byte	cy_metadata
 667 012f 07       		.uleb128 0x7
 668 0130 0E010000 		.4byte	0x10e
 669 0134 00       		.byte	0
 670              		.section	.debug_abbrev,"",%progbits
 671              	.Ldebug_abbrev0:
 672 0000 01       		.uleb128 0x1
 673 0001 11       		.uleb128 0x11
 674 0002 01       		.byte	0x1
 675 0003 25       		.uleb128 0x25
 676 0004 0E       		.uleb128 0xe
 677 0005 13       		.uleb128 0x13
 678 0006 0B       		.uleb128 0xb
 679 0007 03       		.uleb128 0x3
 680 0008 0E       		.uleb128 0xe
ARM GAS  C:\Users\Thomas\AppData\Local\Temp\ccZ2HeML.s 			page 13


 681 0009 1B       		.uleb128 0x1b
 682 000a 0E       		.uleb128 0xe
 683 000b 10       		.uleb128 0x10
 684 000c 17       		.uleb128 0x17
 685 000d 00       		.byte	0
 686 000e 00       		.byte	0
 687 000f 02       		.uleb128 0x2
 688 0010 24       		.uleb128 0x24
 689 0011 00       		.byte	0
 690 0012 0B       		.uleb128 0xb
 691 0013 0B       		.uleb128 0xb
 692 0014 3E       		.uleb128 0x3e
 693 0015 0B       		.uleb128 0xb
 694 0016 03       		.uleb128 0x3
 695 0017 0E       		.uleb128 0xe
 696 0018 00       		.byte	0
 697 0019 00       		.byte	0
 698 001a 03       		.uleb128 0x3
 699 001b 16       		.uleb128 0x16
 700 001c 00       		.byte	0
 701 001d 03       		.uleb128 0x3
 702 001e 0E       		.uleb128 0xe
 703 001f 3A       		.uleb128 0x3a
 704 0020 0B       		.uleb128 0xb
 705 0021 3B       		.uleb128 0x3b
 706 0022 0B       		.uleb128 0xb
 707 0023 49       		.uleb128 0x49
 708 0024 13       		.uleb128 0x13
 709 0025 00       		.byte	0
 710 0026 00       		.byte	0
 711 0027 04       		.uleb128 0x4
 712 0028 24       		.uleb128 0x24
 713 0029 00       		.byte	0
 714 002a 0B       		.uleb128 0xb
 715 002b 0B       		.uleb128 0xb
 716 002c 3E       		.uleb128 0x3e
 717 002d 0B       		.uleb128 0xb
 718 002e 03       		.uleb128 0x3
 719 002f 08       		.uleb128 0x8
 720 0030 00       		.byte	0
 721 0031 00       		.byte	0
 722 0032 05       		.uleb128 0x5
 723 0033 01       		.uleb128 0x1
 724 0034 01       		.byte	0x1
 725 0035 49       		.uleb128 0x49
 726 0036 13       		.uleb128 0x13
 727 0037 01       		.uleb128 0x1
 728 0038 13       		.uleb128 0x13
 729 0039 00       		.byte	0
 730 003a 00       		.byte	0
 731 003b 06       		.uleb128 0x6
 732 003c 21       		.uleb128 0x21
 733 003d 00       		.byte	0
 734 003e 49       		.uleb128 0x49
 735 003f 13       		.uleb128 0x13
 736 0040 2F       		.uleb128 0x2f
 737 0041 05       		.uleb128 0x5
ARM GAS  C:\Users\Thomas\AppData\Local\Temp\ccZ2HeML.s 			page 14


 738 0042 00       		.byte	0
 739 0043 00       		.byte	0
 740 0044 07       		.uleb128 0x7
 741 0045 26       		.uleb128 0x26
 742 0046 00       		.byte	0
 743 0047 49       		.uleb128 0x49
 744 0048 13       		.uleb128 0x13
 745 0049 00       		.byte	0
 746 004a 00       		.byte	0
 747 004b 08       		.uleb128 0x8
 748 004c 34       		.uleb128 0x34
 749 004d 00       		.byte	0
 750 004e 03       		.uleb128 0x3
 751 004f 0E       		.uleb128 0xe
 752 0050 3A       		.uleb128 0x3a
 753 0051 0B       		.uleb128 0xb
 754 0052 3B       		.uleb128 0x3b
 755 0053 0B       		.uleb128 0xb
 756 0054 49       		.uleb128 0x49
 757 0055 13       		.uleb128 0x13
 758 0056 3F       		.uleb128 0x3f
 759 0057 19       		.uleb128 0x19
 760 0058 02       		.uleb128 0x2
 761 0059 18       		.uleb128 0x18
 762 005a 00       		.byte	0
 763 005b 00       		.byte	0
 764 005c 09       		.uleb128 0x9
 765 005d 21       		.uleb128 0x21
 766 005e 00       		.byte	0
 767 005f 49       		.uleb128 0x49
 768 0060 13       		.uleb128 0x13
 769 0061 2F       		.uleb128 0x2f
 770 0062 0B       		.uleb128 0xb
 771 0063 00       		.byte	0
 772 0064 00       		.byte	0
 773 0065 00       		.byte	0
 774              		.section	.debug_aranges,"",%progbits
 775 0000 14000000 		.4byte	0x14
 776 0004 0200     		.2byte	0x2
 777 0006 00000000 		.4byte	.Ldebug_info0
 778 000a 04       		.byte	0x4
 779 000b 00       		.byte	0
 780 000c 0000     		.2byte	0
 781 000e 0000     		.2byte	0
 782 0010 00000000 		.4byte	0
 783 0014 00000000 		.4byte	0
 784              		.section	.debug_line,"",%progbits
 785              	.Ldebug_line0:
 786 0000 3D010000 		.section	.debug_str,"MS",%progbits,1
 786      02003701 
 786      00000201 
 786      FB0E0D00 
 786      01010101 
 787              	.LASF9:
 788 0000 5F5F7569 		.ascii	"__uint8_t\000"
 788      6E74385F 
 788      7400
ARM GAS  C:\Users\Thomas\AppData\Local\Temp\ccZ2HeML.s 			page 15


 789              	.LASF16:
 790 000a 63795F6D 		.ascii	"cy_metadata\000"
 790      65746164 
 790      61746100 
 791              	.LASF1:
 792 0016 756E7369 		.ascii	"unsigned char\000"
 792      676E6564 
 792      20636861 
 792      7200
 793              	.LASF17:
 794 0024 474E5520 		.ascii	"GNU C11 5.4.1 20160609 (release) [ARM/embedded-5-br"
 794      43313120 
 794      352E342E 
 794      31203230 
 794      31363036 
 795 0057 616E6368 		.ascii	"anch revision 237715] -mcpu=cortex-m3 -mthumb -g -O"
 795      20726576 
 795      6973696F 
 795      6E203233 
 795      37373135 
 796 008a 67202D66 		.ascii	"g -ffunction-sections -ffat-lto-objects\000"
 796      66756E63 
 796      74696F6E 
 796      2D736563 
 796      74696F6E 
 797              	.LASF5:
 798 00b2 6C6F6E67 		.ascii	"long unsigned int\000"
 798      20756E73 
 798      69676E65 
 798      6420696E 
 798      7400
 799              	.LASF3:
 800 00c4 73686F72 		.ascii	"short unsigned int\000"
 800      7420756E 
 800      7369676E 
 800      65642069 
 800      6E7400
 801              	.LASF19:
 802 00d7 433A5C55 		.ascii	"C:\\Users\\Thomas\\Documents\\GitHub\\GFV\\ISP SLAV"
 802      73657273 
 802      5C54686F 
 802      6D61735C 
 802      446F6375 
 803 0104 452E6379 		.ascii	"E.cydsn\000"
 803      64736E00 
 804              	.LASF13:
 805 010c 63795F6D 		.ascii	"cy_meta_custnvl\000"
 805      6574615F 
 805      63757374 
 805      6E766C00 
 806              	.LASF12:
 807 011c 63795F6D 		.ascii	"cy_meta_configecc\000"
 807      6574615F 
 807      636F6E66 
 807      69676563 
 807      6300
 808              	.LASF8:
ARM GAS  C:\Users\Thomas\AppData\Local\Temp\ccZ2HeML.s 			page 16


 809 012e 756E7369 		.ascii	"unsigned int\000"
 809      676E6564 
 809      20696E74 
 809      00
 810              	.LASF7:
 811 013b 6C6F6E67 		.ascii	"long long unsigned int\000"
 811      206C6F6E 
 811      6720756E 
 811      7369676E 
 811      65642069 
 812              	.LASF10:
 813 0152 75696E74 		.ascii	"uint8_t\000"
 813      385F7400 
 814              	.LASF15:
 815 015a 63795F6D 		.ascii	"cy_meta_flashprotect\000"
 815      6574615F 
 815      666C6173 
 815      6870726F 
 815      74656374 
 816              	.LASF14:
 817 016f 63795F6D 		.ascii	"cy_meta_wonvl\000"
 817      6574615F 
 817      776F6E76 
 817      6C00
 818              	.LASF11:
 819 017d 73697A65 		.ascii	"sizetype\000"
 819      74797065 
 819      00
 820              	.LASF6:
 821 0186 6C6F6E67 		.ascii	"long long int\000"
 821      206C6F6E 
 821      6720696E 
 821      7400
 822              	.LASF2:
 823 0194 73686F72 		.ascii	"short int\000"
 823      7420696E 
 823      7400
 824              	.LASF4:
 825 019e 6C6F6E67 		.ascii	"long int\000"
 825      20696E74 
 825      00
 826              	.LASF0:
 827 01a7 7369676E 		.ascii	"signed char\000"
 827      65642063 
 827      68617200 
 828              	.LASF18:
 829 01b3 47656E65 		.ascii	"Generated_Source\\PSoC5\\cymetadata.c\000"
 829      72617465 
 829      645F536F 
 829      75726365 
 829      5C50536F 
 830              		.ident	"GCC: (GNU Tools for ARM Embedded Processors) 5.4.1 20160609 (release) [ARM/embedded-5-bran
