ARM GAS  C:\Users\Thomas\AppData\Local\Temp\ccJ2XDds.s 			page 1


   1              		.syntax unified
   2              		.cpu cortex-m3
   3              		.fpu softvfp
   4              		.eabi_attribute 20, 1
   5              		.eabi_attribute 21, 1
   6              		.eabi_attribute 23, 3
   7              		.eabi_attribute 24, 1
   8              		.eabi_attribute 25, 1
   9              		.eabi_attribute 26, 1
  10              		.eabi_attribute 30, 1
  11              		.eabi_attribute 34, 1
  12              		.eabi_attribute 18, 4
  13              		.thumb
  14              		.syntax unified
  15              		.file	"main.c"
  16              		.text
  17              	.Ltext0:
  18              		.cfi_sections	.debug_frame
  19              		.section	.text.main,"ax",%progbits
  20              		.align	2
  21              		.global	main
  22              		.thumb
  23              		.thumb_func
  24              		.type	main, %function
  25              	main:
  26              	.LFB63:
  27              		.file 1 "main.c"
   1:main.c        **** #include "project.h"
   2:main.c        **** 
   3:main.c        **** uint8_t ByteRecieved; // Gemmer modtaget byte
   4:main.c        **** uint8_t emptyData = 0x00; // Send ingenting
   5:main.c        **** uint8_t onData = 0x45; // Nu skal LED tænde
   6:main.c        **** uint8_t offData = 0x12; // Nu skal LED slukke
   7:main.c        **** uint8_t buttonData = 0x02;  // Send tryk registrering
   8:main.c        **** 
   9:main.c        **** int main(void)
  10:main.c        **** {
  28              		.loc 1 10 0
  29              		.cfi_startproc
  30              		@ Volatile: function does not return.
  31              		@ args = 0, pretend = 0, frame = 0
  32              		@ frame_needed = 0, uses_anonymous_args = 0
  33 0000 08B5     		push	{r3, lr}
  34              		.cfi_def_cfa_offset 8
  35              		.cfi_offset 3, -8
  36              		.cfi_offset 14, -4
  11:main.c        ****     SPIS_1_Start(); // Start SPI
  37              		.loc 1 11 0
  38 0002 FFF7FEFF 		bl	SPIS_1_Start
  39              	.LVL0:
  40              	.L4:
  12:main.c        ****     
  13:main.c        ****     for(;;)
  14:main.c        ****     {
  15:main.c        ****         ByteRecieved = SPIS_1_ReadRxData(); // Læs modtaget data
  41              		.loc 1 15 0
  42 0006 FFF7FEFF 		bl	SPIS_1_ReadRxData
ARM GAS  C:\Users\Thomas\AppData\Local\Temp\ccJ2XDds.s 			page 2


  43              	.LVL1:
  44 000a 104C     		ldr	r4, .L7
  45 000c 2070     		strb	r0, [r4]
  16:main.c        ****         SPIS_1_WriteTxData(emptyData); // Skriv ingenting tilbage (Nødvendigt)
  46              		.loc 1 16 0
  47 000e 104B     		ldr	r3, .L7+4
  48 0010 1878     		ldrb	r0, [r3]	@ zero_extendqisi2
  49 0012 FFF7FEFF 		bl	SPIS_1_WriteTxData
  50              	.LVL2:
  17:main.c        ****         
  18:main.c        ****         if (ByteRecieved == onData) // Tænd LED
  51              		.loc 1 18 0
  52 0016 2378     		ldrb	r3, [r4]	@ zero_extendqisi2
  53 0018 0E4A     		ldr	r2, .L7+8
  54 001a 1278     		ldrb	r2, [r2]	@ zero_extendqisi2
  55 001c 9342     		cmp	r3, r2
  56 001e 03D1     		bne	.L2
  19:main.c        ****         {
  20:main.c        ****             Pin_1_LED_Write(1);    
  57              		.loc 1 20 0
  58 0020 0120     		movs	r0, #1
  59 0022 FFF7FEFF 		bl	Pin_1_LED_Write
  60              	.LVL3:
  61 0026 06E0     		b	.L3
  62              	.L2:
  21:main.c        ****         }
  22:main.c        ****         
  23:main.c        ****         else if (ByteRecieved == offData) // Sluk LED
  63              		.loc 1 23 0
  64 0028 0A4A     		ldr	r2, .L7+8
  65 002a 5278     		ldrb	r2, [r2, #1]	@ zero_extendqisi2
  66 002c 9342     		cmp	r3, r2
  67 002e 02D1     		bne	.L3
  24:main.c        ****         {
  25:main.c        ****             Pin_1_LED_Write(0);
  68              		.loc 1 25 0
  69 0030 0020     		movs	r0, #0
  70 0032 FFF7FEFF 		bl	Pin_1_LED_Write
  71              	.LVL4:
  72              	.L3:
  26:main.c        ****         }
  27:main.c        ****         
  28:main.c        ****         if (Pin_2_Button_Read() == 0) // Knappen er blevet trykket på
  73              		.loc 1 28 0
  74 0036 FFF7FEFF 		bl	Pin_2_Button_Read
  75              	.LVL5:
  76 003a 0028     		cmp	r0, #0
  77 003c E3D1     		bne	.L4
  29:main.c        ****         {
  30:main.c        ****             SPIS_1_ReadRxData(); // Vi er nødt til at læse for at kunne sende
  78              		.loc 1 30 0
  79 003e FFF7FEFF 		bl	SPIS_1_ReadRxData
  80              	.LVL6:
  31:main.c        ****             SPIS_1_WriteTxData(buttonData);  // Send signal afsted om den tryk
  81              		.loc 1 31 0
  82 0042 044B     		ldr	r3, .L7+8
  83 0044 9878     		ldrb	r0, [r3, #2]	@ zero_extendqisi2
ARM GAS  C:\Users\Thomas\AppData\Local\Temp\ccJ2XDds.s 			page 3


  84 0046 FFF7FEFF 		bl	SPIS_1_WriteTxData
  85              	.LVL7:
  86 004a DCE7     		b	.L4
  87              	.L8:
  88              		.align	2
  89              	.L7:
  90 004c 00000000 		.word	ByteRecieved
  91 0050 00000000 		.word	.LANCHOR0
  92 0054 00000000 		.word	.LANCHOR1
  93              		.cfi_endproc
  94              	.LFE63:
  95              		.size	main, .-main
  96              		.global	buttonData
  97              		.global	offData
  98              		.global	onData
  99              		.global	emptyData
 100              		.comm	ByteRecieved,1,1
 101              		.data
 102              		.set	.LANCHOR1,. + 0
 103              		.type	onData, %object
 104              		.size	onData, 1
 105              	onData:
 106 0000 45       		.byte	69
 107              		.type	offData, %object
 108              		.size	offData, 1
 109              	offData:
 110 0001 12       		.byte	18
 111              		.type	buttonData, %object
 112              		.size	buttonData, 1
 113              	buttonData:
 114 0002 02       		.byte	2
 115              		.bss
 116              		.set	.LANCHOR0,. + 0
 117              		.type	emptyData, %object
 118              		.size	emptyData, 1
 119              	emptyData:
 120 0000 00       		.space	1
 121              		.text
 122              	.Letext0:
 123              		.file 2 "c:\\program files (x86)\\cypress\\psoc creator\\4.4\\psoc creator\\import\\gnu\\arm\\5.4.
 124              		.file 3 "c:\\program files (x86)\\cypress\\psoc creator\\4.4\\psoc creator\\import\\gnu\\arm\\5.4.
 125              		.file 4 "Generated_Source\\PSoC5/core_cm3.h"
 126              		.file 5 "Generated_Source\\PSoC5/SPIS_1.h"
 127              		.file 6 "Generated_Source\\PSoC5/Pin_1_LED.h"
 128              		.file 7 "Generated_Source\\PSoC5/Pin_2_Button.h"
 129              		.section	.debug_info,"",%progbits
 130              	.Ldebug_info0:
 131 0000 CA010000 		.4byte	0x1ca
 132 0004 0400     		.2byte	0x4
 133 0006 00000000 		.4byte	.Ldebug_abbrev0
 134 000a 04       		.byte	0x4
 135 000b 01       		.uleb128 0x1
 136 000c 30000000 		.4byte	.LASF29
 137 0010 0C       		.byte	0xc
 138 0011 A5010000 		.4byte	.LASF30
 139 0015 0E010000 		.4byte	.LASF31
 140 0019 00000000 		.4byte	.Ldebug_ranges0+0
ARM GAS  C:\Users\Thomas\AppData\Local\Temp\ccJ2XDds.s 			page 4


 141 001d 00000000 		.4byte	0
 142 0021 00000000 		.4byte	.Ldebug_line0
 143 0025 02       		.uleb128 0x2
 144 0026 01       		.byte	0x1
 145 0027 06       		.byte	0x6
 146 0028 EB010000 		.4byte	.LASF0
 147 002c 03       		.uleb128 0x3
 148 002d 00000000 		.4byte	.LASF4
 149 0031 02       		.byte	0x2
 150 0032 1D       		.byte	0x1d
 151 0033 37000000 		.4byte	0x37
 152 0037 02       		.uleb128 0x2
 153 0038 01       		.byte	0x1
 154 0039 08       		.byte	0x8
 155 003a 22000000 		.4byte	.LASF1
 156 003e 02       		.uleb128 0x2
 157 003f 02       		.byte	0x2
 158 0040 05       		.byte	0x5
 159 0041 B1010000 		.4byte	.LASF2
 160 0045 02       		.uleb128 0x2
 161 0046 02       		.byte	0x2
 162 0047 07       		.byte	0x7
 163 0048 DA000000 		.4byte	.LASF3
 164 004c 03       		.uleb128 0x3
 165 004d 12000000 		.4byte	.LASF5
 166 0051 02       		.byte	0x2
 167 0052 3F       		.byte	0x3f
 168 0053 57000000 		.4byte	0x57
 169 0057 02       		.uleb128 0x2
 170 0058 04       		.byte	0x4
 171 0059 05       		.byte	0x5
 172 005a D6010000 		.4byte	.LASF6
 173 005e 02       		.uleb128 0x2
 174 005f 04       		.byte	0x4
 175 0060 07       		.byte	0x7
 176 0061 C8000000 		.4byte	.LASF7
 177 0065 02       		.uleb128 0x2
 178 0066 08       		.byte	0x8
 179 0067 05       		.byte	0x5
 180 0068 97010000 		.4byte	.LASF8
 181 006c 02       		.uleb128 0x2
 182 006d 08       		.byte	0x8
 183 006e 07       		.byte	0x7
 184 006f 67010000 		.4byte	.LASF9
 185 0073 04       		.uleb128 0x4
 186 0074 04       		.byte	0x4
 187 0075 05       		.byte	0x5
 188 0076 696E7400 		.ascii	"int\000"
 189 007a 02       		.uleb128 0x2
 190 007b 04       		.byte	0x4
 191 007c 07       		.byte	0x7
 192 007d 48010000 		.4byte	.LASF10
 193 0081 03       		.uleb128 0x3
 194 0082 7E010000 		.4byte	.LASF11
 195 0086 03       		.byte	0x3
 196 0087 18       		.byte	0x18
 197 0088 2C000000 		.4byte	0x2c
ARM GAS  C:\Users\Thomas\AppData\Local\Temp\ccJ2XDds.s 			page 5


 198 008c 03       		.uleb128 0x3
 199 008d 86010000 		.4byte	.LASF12
 200 0091 03       		.byte	0x3
 201 0092 2C       		.byte	0x2c
 202 0093 4C000000 		.4byte	0x4c
 203 0097 02       		.uleb128 0x2
 204 0098 04       		.byte	0x4
 205 0099 04       		.byte	0x4
 206 009a 1C000000 		.4byte	.LASF13
 207 009e 02       		.uleb128 0x2
 208 009f 08       		.byte	0x8
 209 00a0 04       		.byte	0x4
 210 00a1 07010000 		.4byte	.LASF14
 211 00a5 02       		.uleb128 0x2
 212 00a6 01       		.byte	0x1
 213 00a7 08       		.byte	0x8
 214 00a8 AC010000 		.4byte	.LASF15
 215 00ac 02       		.uleb128 0x2
 216 00ad 08       		.byte	0x8
 217 00ae 04       		.byte	0x4
 218 00af DF010000 		.4byte	.LASF16
 219 00b3 02       		.uleb128 0x2
 220 00b4 04       		.byte	0x4
 221 00b5 07       		.byte	0x7
 222 00b6 8E010000 		.4byte	.LASF17
 223 00ba 05       		.uleb128 0x5
 224 00bb 43010000 		.4byte	.LASF32
 225 00bf 01       		.byte	0x1
 226 00c0 09       		.byte	0x9
 227 00c1 73000000 		.4byte	0x73
 228 00c5 00000000 		.4byte	.LFB63
 229 00c9 58000000 		.4byte	.LFE63-.LFB63
 230 00cd 01       		.uleb128 0x1
 231 00ce 9C       		.byte	0x9c
 232 00cf 30010000 		.4byte	0x130
 233 00d3 06       		.uleb128 0x6
 234 00d4 06000000 		.4byte	.LVL0
 235 00d8 96010000 		.4byte	0x196
 236 00dc 06       		.uleb128 0x6
 237 00dd 0A000000 		.4byte	.LVL1
 238 00e1 A1010000 		.4byte	0x1a1
 239 00e5 06       		.uleb128 0x6
 240 00e6 16000000 		.4byte	.LVL2
 241 00ea AC010000 		.4byte	0x1ac
 242 00ee 07       		.uleb128 0x7
 243 00ef 26000000 		.4byte	.LVL3
 244 00f3 B7010000 		.4byte	0x1b7
 245 00f7 01010000 		.4byte	0x101
 246 00fb 08       		.uleb128 0x8
 247 00fc 01       		.uleb128 0x1
 248 00fd 50       		.byte	0x50
 249 00fe 01       		.uleb128 0x1
 250 00ff 31       		.byte	0x31
 251 0100 00       		.byte	0
 252 0101 07       		.uleb128 0x7
 253 0102 36000000 		.4byte	.LVL4
 254 0106 B7010000 		.4byte	0x1b7
ARM GAS  C:\Users\Thomas\AppData\Local\Temp\ccJ2XDds.s 			page 6


 255 010a 14010000 		.4byte	0x114
 256 010e 08       		.uleb128 0x8
 257 010f 01       		.uleb128 0x1
 258 0110 50       		.byte	0x50
 259 0111 01       		.uleb128 0x1
 260 0112 30       		.byte	0x30
 261 0113 00       		.byte	0
 262 0114 06       		.uleb128 0x6
 263 0115 3A000000 		.4byte	.LVL5
 264 0119 C2010000 		.4byte	0x1c2
 265 011d 06       		.uleb128 0x6
 266 011e 42000000 		.4byte	.LVL6
 267 0122 A1010000 		.4byte	0x1a1
 268 0126 06       		.uleb128 0x6
 269 0127 4A000000 		.4byte	.LVL7
 270 012b AC010000 		.4byte	0x1ac
 271 012f 00       		.byte	0
 272 0130 09       		.uleb128 0x9
 273 0131 FA000000 		.4byte	.LASF18
 274 0135 04       		.byte	0x4
 275 0136 1207     		.2byte	0x712
 276 0138 3C010000 		.4byte	0x13c
 277 013c 0A       		.uleb128 0xa
 278 013d 8C000000 		.4byte	0x8c
 279 0141 0B       		.uleb128 0xb
 280 0142 11020000 		.4byte	.LASF19
 281 0146 01       		.byte	0x1
 282 0147 03       		.byte	0x3
 283 0148 81000000 		.4byte	0x81
 284 014c 05       		.uleb128 0x5
 285 014d 03       		.byte	0x3
 286 014e 00000000 		.4byte	ByteRecieved
 287 0152 0B       		.uleb128 0xb
 288 0153 BE000000 		.4byte	.LASF20
 289 0157 01       		.byte	0x1
 290 0158 04       		.byte	0x4
 291 0159 81000000 		.4byte	0x81
 292 015d 05       		.uleb128 0x5
 293 015e 03       		.byte	0x3
 294 015f 00000000 		.4byte	emptyData
 295 0163 0B       		.uleb128 0xb
 296 0164 F7010000 		.4byte	.LASF21
 297 0168 01       		.byte	0x1
 298 0169 05       		.byte	0x5
 299 016a 81000000 		.4byte	0x81
 300 016e 05       		.uleb128 0x5
 301 016f 03       		.byte	0x3
 302 0170 00000000 		.4byte	onData
 303 0174 0B       		.uleb128 0xb
 304 0175 0A000000 		.4byte	.LASF22
 305 0179 01       		.byte	0x1
 306 017a 06       		.byte	0x6
 307 017b 81000000 		.4byte	0x81
 308 017f 05       		.uleb128 0x5
 309 0180 03       		.byte	0x3
 310 0181 00000000 		.4byte	offData
 311 0185 0B       		.uleb128 0xb
ARM GAS  C:\Users\Thomas\AppData\Local\Temp\ccJ2XDds.s 			page 7


 312 0186 CB010000 		.4byte	.LASF23
 313 018a 01       		.byte	0x1
 314 018b 07       		.byte	0x7
 315 018c 81000000 		.4byte	0x81
 316 0190 05       		.uleb128 0x5
 317 0191 03       		.byte	0x3
 318 0192 00000000 		.4byte	buttonData
 319 0196 0C       		.uleb128 0xc
 320 0197 ED000000 		.4byte	.LASF24
 321 019b ED000000 		.4byte	.LASF24
 322 019f 05       		.byte	0x5
 323 01a0 46       		.byte	0x46
 324 01a1 0C       		.uleb128 0xc
 325 01a2 1E020000 		.4byte	.LASF25
 326 01a6 1E020000 		.4byte	.LASF25
 327 01aa 05       		.byte	0x5
 328 01ab 57       		.byte	0x57
 329 01ac 0C       		.uleb128 0xc
 330 01ad FE010000 		.4byte	.LASF26
 331 01b1 FE010000 		.4byte	.LASF26
 332 01b5 05       		.byte	0x5
 333 01b6 50       		.byte	0x50
 334 01b7 0C       		.uleb128 0xc
 335 01b8 BB010000 		.4byte	.LASF27
 336 01bc BB010000 		.4byte	.LASF27
 337 01c0 06       		.byte	0x6
 338 01c1 26       		.byte	0x26
 339 01c2 0C       		.uleb128 0xc
 340 01c3 55010000 		.4byte	.LASF28
 341 01c7 55010000 		.4byte	.LASF28
 342 01cb 07       		.byte	0x7
 343 01cc 29       		.byte	0x29
 344 01cd 00       		.byte	0
 345              		.section	.debug_abbrev,"",%progbits
 346              	.Ldebug_abbrev0:
 347 0000 01       		.uleb128 0x1
 348 0001 11       		.uleb128 0x11
 349 0002 01       		.byte	0x1
 350 0003 25       		.uleb128 0x25
 351 0004 0E       		.uleb128 0xe
 352 0005 13       		.uleb128 0x13
 353 0006 0B       		.uleb128 0xb
 354 0007 03       		.uleb128 0x3
 355 0008 0E       		.uleb128 0xe
 356 0009 1B       		.uleb128 0x1b
 357 000a 0E       		.uleb128 0xe
 358 000b 55       		.uleb128 0x55
 359 000c 17       		.uleb128 0x17
 360 000d 11       		.uleb128 0x11
 361 000e 01       		.uleb128 0x1
 362 000f 10       		.uleb128 0x10
 363 0010 17       		.uleb128 0x17
 364 0011 00       		.byte	0
 365 0012 00       		.byte	0
 366 0013 02       		.uleb128 0x2
 367 0014 24       		.uleb128 0x24
 368 0015 00       		.byte	0
ARM GAS  C:\Users\Thomas\AppData\Local\Temp\ccJ2XDds.s 			page 8


 369 0016 0B       		.uleb128 0xb
 370 0017 0B       		.uleb128 0xb
 371 0018 3E       		.uleb128 0x3e
 372 0019 0B       		.uleb128 0xb
 373 001a 03       		.uleb128 0x3
 374 001b 0E       		.uleb128 0xe
 375 001c 00       		.byte	0
 376 001d 00       		.byte	0
 377 001e 03       		.uleb128 0x3
 378 001f 16       		.uleb128 0x16
 379 0020 00       		.byte	0
 380 0021 03       		.uleb128 0x3
 381 0022 0E       		.uleb128 0xe
 382 0023 3A       		.uleb128 0x3a
 383 0024 0B       		.uleb128 0xb
 384 0025 3B       		.uleb128 0x3b
 385 0026 0B       		.uleb128 0xb
 386 0027 49       		.uleb128 0x49
 387 0028 13       		.uleb128 0x13
 388 0029 00       		.byte	0
 389 002a 00       		.byte	0
 390 002b 04       		.uleb128 0x4
 391 002c 24       		.uleb128 0x24
 392 002d 00       		.byte	0
 393 002e 0B       		.uleb128 0xb
 394 002f 0B       		.uleb128 0xb
 395 0030 3E       		.uleb128 0x3e
 396 0031 0B       		.uleb128 0xb
 397 0032 03       		.uleb128 0x3
 398 0033 08       		.uleb128 0x8
 399 0034 00       		.byte	0
 400 0035 00       		.byte	0
 401 0036 05       		.uleb128 0x5
 402 0037 2E       		.uleb128 0x2e
 403 0038 01       		.byte	0x1
 404 0039 3F       		.uleb128 0x3f
 405 003a 19       		.uleb128 0x19
 406 003b 03       		.uleb128 0x3
 407 003c 0E       		.uleb128 0xe
 408 003d 3A       		.uleb128 0x3a
 409 003e 0B       		.uleb128 0xb
 410 003f 3B       		.uleb128 0x3b
 411 0040 0B       		.uleb128 0xb
 412 0041 27       		.uleb128 0x27
 413 0042 19       		.uleb128 0x19
 414 0043 49       		.uleb128 0x49
 415 0044 13       		.uleb128 0x13
 416 0045 8701     		.uleb128 0x87
 417 0047 19       		.uleb128 0x19
 418 0048 11       		.uleb128 0x11
 419 0049 01       		.uleb128 0x1
 420 004a 12       		.uleb128 0x12
 421 004b 06       		.uleb128 0x6
 422 004c 40       		.uleb128 0x40
 423 004d 18       		.uleb128 0x18
 424 004e 9742     		.uleb128 0x2117
 425 0050 19       		.uleb128 0x19
ARM GAS  C:\Users\Thomas\AppData\Local\Temp\ccJ2XDds.s 			page 9


 426 0051 01       		.uleb128 0x1
 427 0052 13       		.uleb128 0x13
 428 0053 00       		.byte	0
 429 0054 00       		.byte	0
 430 0055 06       		.uleb128 0x6
 431 0056 898201   		.uleb128 0x4109
 432 0059 00       		.byte	0
 433 005a 11       		.uleb128 0x11
 434 005b 01       		.uleb128 0x1
 435 005c 31       		.uleb128 0x31
 436 005d 13       		.uleb128 0x13
 437 005e 00       		.byte	0
 438 005f 00       		.byte	0
 439 0060 07       		.uleb128 0x7
 440 0061 898201   		.uleb128 0x4109
 441 0064 01       		.byte	0x1
 442 0065 11       		.uleb128 0x11
 443 0066 01       		.uleb128 0x1
 444 0067 31       		.uleb128 0x31
 445 0068 13       		.uleb128 0x13
 446 0069 01       		.uleb128 0x1
 447 006a 13       		.uleb128 0x13
 448 006b 00       		.byte	0
 449 006c 00       		.byte	0
 450 006d 08       		.uleb128 0x8
 451 006e 8A8201   		.uleb128 0x410a
 452 0071 00       		.byte	0
 453 0072 02       		.uleb128 0x2
 454 0073 18       		.uleb128 0x18
 455 0074 9142     		.uleb128 0x2111
 456 0076 18       		.uleb128 0x18
 457 0077 00       		.byte	0
 458 0078 00       		.byte	0
 459 0079 09       		.uleb128 0x9
 460 007a 34       		.uleb128 0x34
 461 007b 00       		.byte	0
 462 007c 03       		.uleb128 0x3
 463 007d 0E       		.uleb128 0xe
 464 007e 3A       		.uleb128 0x3a
 465 007f 0B       		.uleb128 0xb
 466 0080 3B       		.uleb128 0x3b
 467 0081 05       		.uleb128 0x5
 468 0082 49       		.uleb128 0x49
 469 0083 13       		.uleb128 0x13
 470 0084 3F       		.uleb128 0x3f
 471 0085 19       		.uleb128 0x19
 472 0086 3C       		.uleb128 0x3c
 473 0087 19       		.uleb128 0x19
 474 0088 00       		.byte	0
 475 0089 00       		.byte	0
 476 008a 0A       		.uleb128 0xa
 477 008b 35       		.uleb128 0x35
 478 008c 00       		.byte	0
 479 008d 49       		.uleb128 0x49
 480 008e 13       		.uleb128 0x13
 481 008f 00       		.byte	0
 482 0090 00       		.byte	0
ARM GAS  C:\Users\Thomas\AppData\Local\Temp\ccJ2XDds.s 			page 10


 483 0091 0B       		.uleb128 0xb
 484 0092 34       		.uleb128 0x34
 485 0093 00       		.byte	0
 486 0094 03       		.uleb128 0x3
 487 0095 0E       		.uleb128 0xe
 488 0096 3A       		.uleb128 0x3a
 489 0097 0B       		.uleb128 0xb
 490 0098 3B       		.uleb128 0x3b
 491 0099 0B       		.uleb128 0xb
 492 009a 49       		.uleb128 0x49
 493 009b 13       		.uleb128 0x13
 494 009c 3F       		.uleb128 0x3f
 495 009d 19       		.uleb128 0x19
 496 009e 02       		.uleb128 0x2
 497 009f 18       		.uleb128 0x18
 498 00a0 00       		.byte	0
 499 00a1 00       		.byte	0
 500 00a2 0C       		.uleb128 0xc
 501 00a3 2E       		.uleb128 0x2e
 502 00a4 00       		.byte	0
 503 00a5 3F       		.uleb128 0x3f
 504 00a6 19       		.uleb128 0x19
 505 00a7 3C       		.uleb128 0x3c
 506 00a8 19       		.uleb128 0x19
 507 00a9 6E       		.uleb128 0x6e
 508 00aa 0E       		.uleb128 0xe
 509 00ab 03       		.uleb128 0x3
 510 00ac 0E       		.uleb128 0xe
 511 00ad 3A       		.uleb128 0x3a
 512 00ae 0B       		.uleb128 0xb
 513 00af 3B       		.uleb128 0x3b
 514 00b0 0B       		.uleb128 0xb
 515 00b1 00       		.byte	0
 516 00b2 00       		.byte	0
 517 00b3 00       		.byte	0
 518              		.section	.debug_aranges,"",%progbits
 519 0000 1C000000 		.4byte	0x1c
 520 0004 0200     		.2byte	0x2
 521 0006 00000000 		.4byte	.Ldebug_info0
 522 000a 04       		.byte	0x4
 523 000b 00       		.byte	0
 524 000c 0000     		.2byte	0
 525 000e 0000     		.2byte	0
 526 0010 00000000 		.4byte	.LFB63
 527 0014 58000000 		.4byte	.LFE63-.LFB63
 528 0018 00000000 		.4byte	0
 529 001c 00000000 		.4byte	0
 530              		.section	.debug_ranges,"",%progbits
 531              	.Ldebug_ranges0:
 532 0000 00000000 		.4byte	.LFB63
 533 0004 58000000 		.4byte	.LFE63
 534 0008 00000000 		.4byte	0
 535 000c 00000000 		.4byte	0
 536              		.section	.debug_line,"",%progbits
 537              	.Ldebug_line0:
 538 0000 8B010000 		.section	.debug_str,"MS",%progbits,1
 538      02006C01 
ARM GAS  C:\Users\Thomas\AppData\Local\Temp\ccJ2XDds.s 			page 11


 538      00000201 
 538      FB0E0D00 
 538      01010101 
 539              	.LASF4:
 540 0000 5F5F7569 		.ascii	"__uint8_t\000"
 540      6E74385F 
 540      7400
 541              	.LASF22:
 542 000a 6F666644 		.ascii	"offData\000"
 542      61746100 
 543              	.LASF5:
 544 0012 5F5F696E 		.ascii	"__int32_t\000"
 544      7433325F 
 544      7400
 545              	.LASF13:
 546 001c 666C6F61 		.ascii	"float\000"
 546      7400
 547              	.LASF1:
 548 0022 756E7369 		.ascii	"unsigned char\000"
 548      676E6564 
 548      20636861 
 548      7200
 549              	.LASF29:
 550 0030 474E5520 		.ascii	"GNU C11 5.4.1 20160609 (release) [ARM/embedded-5-br"
 550      43313120 
 550      352E342E 
 550      31203230 
 550      31363036 
 551 0063 616E6368 		.ascii	"anch revision 237715] -mcpu=cortex-m3 -mthumb -g -O"
 551      20726576 
 551      6973696F 
 551      6E203233 
 551      37373135 
 552 0096 67202D66 		.ascii	"g -ffunction-sections -ffat-lto-objects\000"
 552      66756E63 
 552      74696F6E 
 552      2D736563 
 552      74696F6E 
 553              	.LASF20:
 554 00be 656D7074 		.ascii	"emptyData\000"
 554      79446174 
 554      6100
 555              	.LASF7:
 556 00c8 6C6F6E67 		.ascii	"long unsigned int\000"
 556      20756E73 
 556      69676E65 
 556      6420696E 
 556      7400
 557              	.LASF3:
 558 00da 73686F72 		.ascii	"short unsigned int\000"
 558      7420756E 
 558      7369676E 
 558      65642069 
 558      6E7400
 559              	.LASF24:
 560 00ed 53504953 		.ascii	"SPIS_1_Start\000"
 560      5F315F53 
ARM GAS  C:\Users\Thomas\AppData\Local\Temp\ccJ2XDds.s 			page 12


 560      74617274 
 560      00
 561              	.LASF18:
 562 00fa 49544D5F 		.ascii	"ITM_RxBuffer\000"
 562      52784275 
 562      66666572 
 562      00
 563              	.LASF14:
 564 0107 646F7562 		.ascii	"double\000"
 564      6C6500
 565              	.LASF31:
 566 010e 433A5C55 		.ascii	"C:\\Users\\Thomas\\Documents\\GitHub\\GFV\\ISP SLAV"
 566      73657273 
 566      5C54686F 
 566      6D61735C 
 566      446F6375 
 567 013b 452E6379 		.ascii	"E.cydsn\000"
 567      64736E00 
 568              	.LASF32:
 569 0143 6D61696E 		.ascii	"main\000"
 569      00
 570              	.LASF10:
 571 0148 756E7369 		.ascii	"unsigned int\000"
 571      676E6564 
 571      20696E74 
 571      00
 572              	.LASF28:
 573 0155 50696E5F 		.ascii	"Pin_2_Button_Read\000"
 573      325F4275 
 573      74746F6E 
 573      5F526561 
 573      6400
 574              	.LASF9:
 575 0167 6C6F6E67 		.ascii	"long long unsigned int\000"
 575      206C6F6E 
 575      6720756E 
 575      7369676E 
 575      65642069 
 576              	.LASF11:
 577 017e 75696E74 		.ascii	"uint8_t\000"
 577      385F7400 
 578              	.LASF12:
 579 0186 696E7433 		.ascii	"int32_t\000"
 579      325F7400 
 580              	.LASF17:
 581 018e 73697A65 		.ascii	"sizetype\000"
 581      74797065 
 581      00
 582              	.LASF8:
 583 0197 6C6F6E67 		.ascii	"long long int\000"
 583      206C6F6E 
 583      6720696E 
 583      7400
 584              	.LASF30:
 585 01a5 6D61696E 		.ascii	"main.c\000"
 585      2E6300
 586              	.LASF15:
ARM GAS  C:\Users\Thomas\AppData\Local\Temp\ccJ2XDds.s 			page 13


 587 01ac 63686172 		.ascii	"char\000"
 587      00
 588              	.LASF2:
 589 01b1 73686F72 		.ascii	"short int\000"
 589      7420696E 
 589      7400
 590              	.LASF27:
 591 01bb 50696E5F 		.ascii	"Pin_1_LED_Write\000"
 591      315F4C45 
 591      445F5772 
 591      69746500 
 592              	.LASF23:
 593 01cb 62757474 		.ascii	"buttonData\000"
 593      6F6E4461 
 593      746100
 594              	.LASF6:
 595 01d6 6C6F6E67 		.ascii	"long int\000"
 595      20696E74 
 595      00
 596              	.LASF16:
 597 01df 6C6F6E67 		.ascii	"long double\000"
 597      20646F75 
 597      626C6500 
 598              	.LASF0:
 599 01eb 7369676E 		.ascii	"signed char\000"
 599      65642063 
 599      68617200 
 600              	.LASF21:
 601 01f7 6F6E4461 		.ascii	"onData\000"
 601      746100
 602              	.LASF26:
 603 01fe 53504953 		.ascii	"SPIS_1_WriteTxData\000"
 603      5F315F57 
 603      72697465 
 603      54784461 
 603      746100
 604              	.LASF19:
 605 0211 42797465 		.ascii	"ByteRecieved\000"
 605      52656369 
 605      65766564 
 605      00
 606              	.LASF25:
 607 021e 53504953 		.ascii	"SPIS_1_ReadRxData\000"
 607      5F315F52 
 607      65616452 
 607      78446174 
 607      6100
 608              		.ident	"GCC: (GNU Tools for ARM Embedded Processors) 5.4.1 20160609 (release) [ARM/embedded-5-bran
