ARM GAS  C:\Users\Thomas\AppData\Local\Temp\ccoBYyPJ.s 			page 1


   1              		.syntax unified
   2              		.cpu cortex-m3
   3              		.fpu softvfp
   4              		.eabi_attribute 20, 1
   5              		.eabi_attribute 21, 1
   6              		.eabi_attribute 23, 3
   7              		.eabi_attribute 24, 1
   8              		.eabi_attribute 25, 1
   9              		.eabi_attribute 26, 1
  10              		.eabi_attribute 30, 1
  11              		.eabi_attribute 34, 1
  12              		.eabi_attribute 18, 4
  13              		.thumb
  14              		.syntax unified
  15              		.file	"functions.c"
  16              		.text
  17              	.Ltext0:
  18              		.cfi_sections	.debug_frame
  19              		.section	.text.handleByteReceived,"ax",%progbits
  20              		.align	2
  21              		.global	handleByteReceived
  22              		.thumb
  23              		.thumb_func
  24              		.type	handleByteReceived, %function
  25              	handleByteReceived:
  26              	.LFB63:
  27              		.file 1 "functions.c"
   1:functions.c   **** #include "functions.h"
   2:functions.c   **** 
   3:functions.c   **** uint8_t emptyData = 0x00; // Send ingenting
   4:functions.c   **** uint8_t onData = 0x45; // Nu skal LED tænde
   5:functions.c   **** uint8_t offData = 0x12; // Nu skal LED slukke
   6:functions.c   **** uint8_t buttonData = 0x02; // Nu er der registreret et tryk på knap
   7:functions.c   **** uint8_t recievedData; // Gemmer modtaget værdi fra slaven
   8:functions.c   **** 
   9:functions.c   **** void handleByteReceived(uint8_t byteReceived) // Håndterer hvert tryk på tastatur igennem UART
  10:functions.c   **** {
  28              		.loc 1 10 0
  29              		.cfi_startproc
  30              		@ args = 0, pretend = 0, frame = 0
  31              		@ frame_needed = 0, uses_anonymous_args = 0
  32              	.LVL0:
  33 0000 08B5     		push	{r3, lr}
  34              		.cfi_def_cfa_offset 8
  35              		.cfi_offset 3, -8
  36              		.cfi_offset 14, -4
  11:functions.c   ****     switch(byteReceived)
  37              		.loc 1 11 0
  38 0002 3128     		cmp	r0, #49
  39 0004 02D0     		beq	.L3
  40 0006 3228     		cmp	r0, #50
  41 0008 0AD0     		beq	.L4
  42 000a 08BD     		pop	{r3, pc}
  43              	.L3:
  12:functions.c   ****     {
  13:functions.c   ****         case '1' : // Tænd LED
  14:functions.c   ****         {
ARM GAS  C:\Users\Thomas\AppData\Local\Temp\ccoBYyPJ.s 			page 2


  15:functions.c   ****             UART_1_PutString("Turning LED on\r\n");
  44              		.loc 1 15 0
  45 000c 0948     		ldr	r0, .L6
  46              	.LVL1:
  47 000e FFF7FEFF 		bl	UART_1_PutString
  48              	.LVL2:
  16:functions.c   ****             SPIM_1_WriteTxData(onData); // Send onData til Slaven
  49              		.loc 1 16 0
  50 0012 094B     		ldr	r3, .L6+4
  51 0014 1878     		ldrb	r0, [r3]	@ zero_extendqisi2
  52 0016 FFF7FEFF 		bl	SPIM_1_WriteTxData
  53              	.LVL3:
  17:functions.c   ****             SPIM_1_ReadRxData();
  54              		.loc 1 17 0
  55 001a FFF7FEFF 		bl	SPIM_1_ReadRxData
  56              	.LVL4:
  18:functions.c   ****         }
  19:functions.c   ****         break;
  57              		.loc 1 19 0
  58 001e 08BD     		pop	{r3, pc}
  59              	.LVL5:
  60              	.L4:
  20:functions.c   ****         case '2' : // Sluk LED
  21:functions.c   ****         {
  22:functions.c   ****             UART_1_PutString("Turning LED off\r\n");
  61              		.loc 1 22 0
  62 0020 0648     		ldr	r0, .L6+8
  63              	.LVL6:
  64 0022 FFF7FEFF 		bl	UART_1_PutString
  65              	.LVL7:
  23:functions.c   ****             SPIM_1_WriteTxData(offData); // Send offData til Slaven
  66              		.loc 1 23 0
  67 0026 044B     		ldr	r3, .L6+4
  68 0028 5878     		ldrb	r0, [r3, #1]	@ zero_extendqisi2
  69 002a FFF7FEFF 		bl	SPIM_1_WriteTxData
  70              	.LVL8:
  24:functions.c   ****             SPIM_1_ReadRxData();
  71              		.loc 1 24 0
  72 002e FFF7FEFF 		bl	SPIM_1_ReadRxData
  73              	.LVL9:
  74 0032 08BD     		pop	{r3, pc}
  75              	.L7:
  76              		.align	2
  77              	.L6:
  78 0034 00000000 		.word	.LC0
  79 0038 00000000 		.word	.LANCHOR0
  80 003c 14000000 		.word	.LC1
  81              		.cfi_endproc
  82              	.LFE63:
  83              		.size	handleByteReceived, .-handleByteReceived
  84              		.comm	recievedData,1,1
  85              		.global	buttonData
  86              		.global	offData
  87              		.global	onData
  88              		.global	emptyData
  89              		.data
  90              		.set	.LANCHOR0,. + 0
ARM GAS  C:\Users\Thomas\AppData\Local\Temp\ccoBYyPJ.s 			page 3


  91              		.type	onData, %object
  92              		.size	onData, 1
  93              	onData:
  94 0000 45       		.byte	69
  95              		.type	offData, %object
  96              		.size	offData, 1
  97              	offData:
  98 0001 12       		.byte	18
  99              		.type	buttonData, %object
 100              		.size	buttonData, 1
 101              	buttonData:
 102 0002 02       		.byte	2
 103              		.section	.rodata.str1.4,"aMS",%progbits,1
 104              		.align	2
 105              	.LC0:
 106 0000 5475726E 		.ascii	"Turning LED on\015\012\000"
 106      696E6720 
 106      4C454420 
 106      6F6E0D0A 
 106      00
 107 0011 000000   		.space	3
 108              	.LC1:
 109 0014 5475726E 		.ascii	"Turning LED off\015\012\000"
 109      696E6720 
 109      4C454420 
 109      6F66660D 
 109      0A00
 110              		.bss
 111              		.type	emptyData, %object
 112              		.size	emptyData, 1
 113              	emptyData:
 114 0000 00       		.space	1
 115              		.text
 116              	.Letext0:
 117              		.file 2 "c:\\program files (x86)\\cypress\\psoc creator\\4.4\\psoc creator\\import\\gnu\\arm\\5.4.
 118              		.file 3 "c:\\program files (x86)\\cypress\\psoc creator\\4.4\\psoc creator\\import\\gnu\\arm\\5.4.
 119              		.file 4 "Generated_Source\\PSoC5/core_cm3.h"
 120              		.file 5 "Generated_Source\\PSoC5/UART_1.h"
 121              		.file 6 "Generated_Source\\PSoC5/SPIM_1.h"
 122              		.section	.debug_info,"",%progbits
 123              	.Ldebug_info0:
 124 0000 B5010000 		.4byte	0x1b5
 125 0004 0400     		.2byte	0x4
 126 0006 00000000 		.4byte	.Ldebug_abbrev0
 127 000a 04       		.byte	0x4
 128 000b 01       		.uleb128 0x1
 129 000c 63000000 		.4byte	.LASF27
 130 0010 0C       		.byte	0xc
 131 0011 3C000000 		.4byte	.LASF28
 132 0015 FB000000 		.4byte	.LASF29
 133 0019 00000000 		.4byte	.Ldebug_ranges0+0
 134 001d 00000000 		.4byte	0
 135 0021 00000000 		.4byte	.Ldebug_line0
 136 0025 02       		.uleb128 0x2
 137 0026 01       		.byte	0x1
 138 0027 06       		.byte	0x6
 139 0028 F4010000 		.4byte	.LASF0
ARM GAS  C:\Users\Thomas\AppData\Local\Temp\ccoBYyPJ.s 			page 4


 140 002c 03       		.uleb128 0x3
 141 002d 00000000 		.4byte	.LASF4
 142 0031 02       		.byte	0x2
 143 0032 1D       		.byte	0x1d
 144 0033 37000000 		.4byte	0x37
 145 0037 02       		.uleb128 0x2
 146 0038 01       		.byte	0x1
 147 0039 08       		.byte	0x8
 148 003a 55000000 		.4byte	.LASF1
 149 003e 02       		.uleb128 0x2
 150 003f 02       		.byte	0x2
 151 0040 05       		.byte	0x5
 152 0041 CA010000 		.4byte	.LASF2
 153 0045 02       		.uleb128 0x2
 154 0046 02       		.byte	0x2
 155 0047 07       		.byte	0x7
 156 0048 29000000 		.4byte	.LASF3
 157 004c 03       		.uleb128 0x3
 158 004d 12000000 		.4byte	.LASF5
 159 0051 02       		.byte	0x2
 160 0052 3F       		.byte	0x3f
 161 0053 57000000 		.4byte	0x57
 162 0057 02       		.uleb128 0x2
 163 0058 04       		.byte	0x4
 164 0059 05       		.byte	0x5
 165 005a DF010000 		.4byte	.LASF6
 166 005e 02       		.uleb128 0x2
 167 005f 04       		.byte	0x4
 168 0060 07       		.byte	0x7
 169 0061 56010000 		.4byte	.LASF7
 170 0065 02       		.uleb128 0x2
 171 0066 08       		.byte	0x8
 172 0067 05       		.byte	0x5
 173 0068 A5010000 		.4byte	.LASF8
 174 006c 02       		.uleb128 0x2
 175 006d 08       		.byte	0x8
 176 006e 07       		.byte	0x7
 177 006f 75010000 		.4byte	.LASF9
 178 0073 04       		.uleb128 0x4
 179 0074 04       		.byte	0x4
 180 0075 05       		.byte	0x5
 181 0076 696E7400 		.ascii	"int\000"
 182 007a 02       		.uleb128 0x2
 183 007b 04       		.byte	0x4
 184 007c 07       		.byte	0x7
 185 007d 68010000 		.4byte	.LASF10
 186 0081 03       		.uleb128 0x3
 187 0082 8C010000 		.4byte	.LASF11
 188 0086 03       		.byte	0x3
 189 0087 18       		.byte	0x18
 190 0088 2C000000 		.4byte	0x2c
 191 008c 03       		.uleb128 0x3
 192 008d 94010000 		.4byte	.LASF12
 193 0091 03       		.byte	0x3
 194 0092 2C       		.byte	0x2c
 195 0093 4C000000 		.4byte	0x4c
 196 0097 02       		.uleb128 0x2
ARM GAS  C:\Users\Thomas\AppData\Local\Temp\ccoBYyPJ.s 			page 5


 197 0098 04       		.byte	0x4
 198 0099 04       		.byte	0x4
 199 009a 4F000000 		.4byte	.LASF13
 200 009e 02       		.uleb128 0x2
 201 009f 08       		.byte	0x8
 202 00a0 04       		.byte	0x4
 203 00a1 48000000 		.4byte	.LASF14
 204 00a5 02       		.uleb128 0x2
 205 00a6 01       		.byte	0x1
 206 00a7 08       		.byte	0x8
 207 00a8 B3010000 		.4byte	.LASF15
 208 00ac 02       		.uleb128 0x2
 209 00ad 08       		.byte	0x8
 210 00ae 04       		.byte	0x4
 211 00af E8010000 		.4byte	.LASF16
 212 00b3 02       		.uleb128 0x2
 213 00b4 04       		.byte	0x4
 214 00b5 07       		.byte	0x7
 215 00b6 9C010000 		.4byte	.LASF17
 216 00ba 05       		.uleb128 0x5
 217 00bb 36010000 		.4byte	.LASF30
 218 00bf 01       		.byte	0x1
 219 00c0 09       		.byte	0x9
 220 00c1 00000000 		.4byte	.LFB63
 221 00c5 40000000 		.4byte	.LFE63-.LFB63
 222 00c9 01       		.uleb128 0x1
 223 00ca 9C       		.byte	0x9c
 224 00cb 31010000 		.4byte	0x131
 225 00cf 06       		.uleb128 0x6
 226 00d0 24020000 		.4byte	.LASF31
 227 00d4 01       		.byte	0x1
 228 00d5 09       		.byte	0x9
 229 00d6 81000000 		.4byte	0x81
 230 00da 00000000 		.4byte	.LLST0
 231 00de 07       		.uleb128 0x7
 232 00df 12000000 		.4byte	.LVL2
 233 00e3 97010000 		.4byte	0x197
 234 00e7 F5000000 		.4byte	0xf5
 235 00eb 08       		.uleb128 0x8
 236 00ec 01       		.uleb128 0x1
 237 00ed 50       		.byte	0x50
 238 00ee 05       		.uleb128 0x5
 239 00ef 03       		.byte	0x3
 240 00f0 00000000 		.4byte	.LC0
 241 00f4 00       		.byte	0
 242 00f5 09       		.uleb128 0x9
 243 00f6 1A000000 		.4byte	.LVL3
 244 00fa A2010000 		.4byte	0x1a2
 245 00fe 09       		.uleb128 0x9
 246 00ff 1E000000 		.4byte	.LVL4
 247 0103 AD010000 		.4byte	0x1ad
 248 0107 07       		.uleb128 0x7
 249 0108 26000000 		.4byte	.LVL7
 250 010c 97010000 		.4byte	0x197
 251 0110 1E010000 		.4byte	0x11e
 252 0114 08       		.uleb128 0x8
 253 0115 01       		.uleb128 0x1
ARM GAS  C:\Users\Thomas\AppData\Local\Temp\ccoBYyPJ.s 			page 6


 254 0116 50       		.byte	0x50
 255 0117 05       		.uleb128 0x5
 256 0118 03       		.byte	0x3
 257 0119 14000000 		.4byte	.LC1
 258 011d 00       		.byte	0
 259 011e 09       		.uleb128 0x9
 260 011f 2E000000 		.4byte	.LVL8
 261 0123 A2010000 		.4byte	0x1a2
 262 0127 09       		.uleb128 0x9
 263 0128 32000000 		.4byte	.LVL9
 264 012c AD010000 		.4byte	0x1ad
 265 0130 00       		.byte	0
 266 0131 0A       		.uleb128 0xa
 267 0132 49010000 		.4byte	.LASF18
 268 0136 04       		.byte	0x4
 269 0137 1207     		.2byte	0x712
 270 0139 3D010000 		.4byte	0x13d
 271 013d 0B       		.uleb128 0xb
 272 013e 8C000000 		.4byte	0x8c
 273 0142 0C       		.uleb128 0xc
 274 0143 F1000000 		.4byte	.LASF19
 275 0147 01       		.byte	0x1
 276 0148 03       		.byte	0x3
 277 0149 81000000 		.4byte	0x81
 278 014d 05       		.uleb128 0x5
 279 014e 03       		.byte	0x3
 280 014f 00000000 		.4byte	emptyData
 281 0153 0C       		.uleb128 0xc
 282 0154 31020000 		.4byte	.LASF20
 283 0158 01       		.byte	0x1
 284 0159 04       		.byte	0x4
 285 015a 81000000 		.4byte	0x81
 286 015e 05       		.uleb128 0x5
 287 015f 03       		.byte	0x3
 288 0160 00000000 		.4byte	onData
 289 0164 0C       		.uleb128 0xc
 290 0165 0A000000 		.4byte	.LASF21
 291 0169 01       		.byte	0x1
 292 016a 05       		.byte	0x5
 293 016b 81000000 		.4byte	0x81
 294 016f 05       		.uleb128 0x5
 295 0170 03       		.byte	0x3
 296 0171 00000000 		.4byte	offData
 297 0175 0C       		.uleb128 0xc
 298 0176 D4010000 		.4byte	.LASF22
 299 017a 01       		.byte	0x1
 300 017b 06       		.byte	0x6
 301 017c 81000000 		.4byte	0x81
 302 0180 05       		.uleb128 0x5
 303 0181 03       		.byte	0x3
 304 0182 00000000 		.4byte	buttonData
 305 0186 0C       		.uleb128 0xc
 306 0187 1C000000 		.4byte	.LASF23
 307 018b 01       		.byte	0x1
 308 018c 07       		.byte	0x7
 309 018d 81000000 		.4byte	0x81
 310 0191 05       		.uleb128 0x5
ARM GAS  C:\Users\Thomas\AppData\Local\Temp\ccoBYyPJ.s 			page 7


 311 0192 03       		.byte	0x3
 312 0193 00000000 		.4byte	recievedData
 313 0197 0D       		.uleb128 0xd
 314 0198 13020000 		.4byte	.LASF24
 315 019c 13020000 		.4byte	.LASF24
 316 01a0 05       		.byte	0x5
 317 01a1 8B       		.byte	0x8b
 318 01a2 0D       		.uleb128 0xd
 319 01a3 00020000 		.4byte	.LASF25
 320 01a7 00020000 		.4byte	.LASF25
 321 01ab 06       		.byte	0x6
 322 01ac 5E       		.byte	0x5e
 323 01ad 0D       		.uleb128 0xd
 324 01ae B8010000 		.4byte	.LASF26
 325 01b2 B8010000 		.4byte	.LASF26
 326 01b6 06       		.byte	0x6
 327 01b7 60       		.byte	0x60
 328 01b8 00       		.byte	0
 329              		.section	.debug_abbrev,"",%progbits
 330              	.Ldebug_abbrev0:
 331 0000 01       		.uleb128 0x1
 332 0001 11       		.uleb128 0x11
 333 0002 01       		.byte	0x1
 334 0003 25       		.uleb128 0x25
 335 0004 0E       		.uleb128 0xe
 336 0005 13       		.uleb128 0x13
 337 0006 0B       		.uleb128 0xb
 338 0007 03       		.uleb128 0x3
 339 0008 0E       		.uleb128 0xe
 340 0009 1B       		.uleb128 0x1b
 341 000a 0E       		.uleb128 0xe
 342 000b 55       		.uleb128 0x55
 343 000c 17       		.uleb128 0x17
 344 000d 11       		.uleb128 0x11
 345 000e 01       		.uleb128 0x1
 346 000f 10       		.uleb128 0x10
 347 0010 17       		.uleb128 0x17
 348 0011 00       		.byte	0
 349 0012 00       		.byte	0
 350 0013 02       		.uleb128 0x2
 351 0014 24       		.uleb128 0x24
 352 0015 00       		.byte	0
 353 0016 0B       		.uleb128 0xb
 354 0017 0B       		.uleb128 0xb
 355 0018 3E       		.uleb128 0x3e
 356 0019 0B       		.uleb128 0xb
 357 001a 03       		.uleb128 0x3
 358 001b 0E       		.uleb128 0xe
 359 001c 00       		.byte	0
 360 001d 00       		.byte	0
 361 001e 03       		.uleb128 0x3
 362 001f 16       		.uleb128 0x16
 363 0020 00       		.byte	0
 364 0021 03       		.uleb128 0x3
 365 0022 0E       		.uleb128 0xe
 366 0023 3A       		.uleb128 0x3a
 367 0024 0B       		.uleb128 0xb
ARM GAS  C:\Users\Thomas\AppData\Local\Temp\ccoBYyPJ.s 			page 8


 368 0025 3B       		.uleb128 0x3b
 369 0026 0B       		.uleb128 0xb
 370 0027 49       		.uleb128 0x49
 371 0028 13       		.uleb128 0x13
 372 0029 00       		.byte	0
 373 002a 00       		.byte	0
 374 002b 04       		.uleb128 0x4
 375 002c 24       		.uleb128 0x24
 376 002d 00       		.byte	0
 377 002e 0B       		.uleb128 0xb
 378 002f 0B       		.uleb128 0xb
 379 0030 3E       		.uleb128 0x3e
 380 0031 0B       		.uleb128 0xb
 381 0032 03       		.uleb128 0x3
 382 0033 08       		.uleb128 0x8
 383 0034 00       		.byte	0
 384 0035 00       		.byte	0
 385 0036 05       		.uleb128 0x5
 386 0037 2E       		.uleb128 0x2e
 387 0038 01       		.byte	0x1
 388 0039 3F       		.uleb128 0x3f
 389 003a 19       		.uleb128 0x19
 390 003b 03       		.uleb128 0x3
 391 003c 0E       		.uleb128 0xe
 392 003d 3A       		.uleb128 0x3a
 393 003e 0B       		.uleb128 0xb
 394 003f 3B       		.uleb128 0x3b
 395 0040 0B       		.uleb128 0xb
 396 0041 27       		.uleb128 0x27
 397 0042 19       		.uleb128 0x19
 398 0043 11       		.uleb128 0x11
 399 0044 01       		.uleb128 0x1
 400 0045 12       		.uleb128 0x12
 401 0046 06       		.uleb128 0x6
 402 0047 40       		.uleb128 0x40
 403 0048 18       		.uleb128 0x18
 404 0049 9742     		.uleb128 0x2117
 405 004b 19       		.uleb128 0x19
 406 004c 01       		.uleb128 0x1
 407 004d 13       		.uleb128 0x13
 408 004e 00       		.byte	0
 409 004f 00       		.byte	0
 410 0050 06       		.uleb128 0x6
 411 0051 05       		.uleb128 0x5
 412 0052 00       		.byte	0
 413 0053 03       		.uleb128 0x3
 414 0054 0E       		.uleb128 0xe
 415 0055 3A       		.uleb128 0x3a
 416 0056 0B       		.uleb128 0xb
 417 0057 3B       		.uleb128 0x3b
 418 0058 0B       		.uleb128 0xb
 419 0059 49       		.uleb128 0x49
 420 005a 13       		.uleb128 0x13
 421 005b 02       		.uleb128 0x2
 422 005c 17       		.uleb128 0x17
 423 005d 00       		.byte	0
 424 005e 00       		.byte	0
ARM GAS  C:\Users\Thomas\AppData\Local\Temp\ccoBYyPJ.s 			page 9


 425 005f 07       		.uleb128 0x7
 426 0060 898201   		.uleb128 0x4109
 427 0063 01       		.byte	0x1
 428 0064 11       		.uleb128 0x11
 429 0065 01       		.uleb128 0x1
 430 0066 31       		.uleb128 0x31
 431 0067 13       		.uleb128 0x13
 432 0068 01       		.uleb128 0x1
 433 0069 13       		.uleb128 0x13
 434 006a 00       		.byte	0
 435 006b 00       		.byte	0
 436 006c 08       		.uleb128 0x8
 437 006d 8A8201   		.uleb128 0x410a
 438 0070 00       		.byte	0
 439 0071 02       		.uleb128 0x2
 440 0072 18       		.uleb128 0x18
 441 0073 9142     		.uleb128 0x2111
 442 0075 18       		.uleb128 0x18
 443 0076 00       		.byte	0
 444 0077 00       		.byte	0
 445 0078 09       		.uleb128 0x9
 446 0079 898201   		.uleb128 0x4109
 447 007c 00       		.byte	0
 448 007d 11       		.uleb128 0x11
 449 007e 01       		.uleb128 0x1
 450 007f 31       		.uleb128 0x31
 451 0080 13       		.uleb128 0x13
 452 0081 00       		.byte	0
 453 0082 00       		.byte	0
 454 0083 0A       		.uleb128 0xa
 455 0084 34       		.uleb128 0x34
 456 0085 00       		.byte	0
 457 0086 03       		.uleb128 0x3
 458 0087 0E       		.uleb128 0xe
 459 0088 3A       		.uleb128 0x3a
 460 0089 0B       		.uleb128 0xb
 461 008a 3B       		.uleb128 0x3b
 462 008b 05       		.uleb128 0x5
 463 008c 49       		.uleb128 0x49
 464 008d 13       		.uleb128 0x13
 465 008e 3F       		.uleb128 0x3f
 466 008f 19       		.uleb128 0x19
 467 0090 3C       		.uleb128 0x3c
 468 0091 19       		.uleb128 0x19
 469 0092 00       		.byte	0
 470 0093 00       		.byte	0
 471 0094 0B       		.uleb128 0xb
 472 0095 35       		.uleb128 0x35
 473 0096 00       		.byte	0
 474 0097 49       		.uleb128 0x49
 475 0098 13       		.uleb128 0x13
 476 0099 00       		.byte	0
 477 009a 00       		.byte	0
 478 009b 0C       		.uleb128 0xc
 479 009c 34       		.uleb128 0x34
 480 009d 00       		.byte	0
 481 009e 03       		.uleb128 0x3
ARM GAS  C:\Users\Thomas\AppData\Local\Temp\ccoBYyPJ.s 			page 10


 482 009f 0E       		.uleb128 0xe
 483 00a0 3A       		.uleb128 0x3a
 484 00a1 0B       		.uleb128 0xb
 485 00a2 3B       		.uleb128 0x3b
 486 00a3 0B       		.uleb128 0xb
 487 00a4 49       		.uleb128 0x49
 488 00a5 13       		.uleb128 0x13
 489 00a6 3F       		.uleb128 0x3f
 490 00a7 19       		.uleb128 0x19
 491 00a8 02       		.uleb128 0x2
 492 00a9 18       		.uleb128 0x18
 493 00aa 00       		.byte	0
 494 00ab 00       		.byte	0
 495 00ac 0D       		.uleb128 0xd
 496 00ad 2E       		.uleb128 0x2e
 497 00ae 00       		.byte	0
 498 00af 3F       		.uleb128 0x3f
 499 00b0 19       		.uleb128 0x19
 500 00b1 3C       		.uleb128 0x3c
 501 00b2 19       		.uleb128 0x19
 502 00b3 6E       		.uleb128 0x6e
 503 00b4 0E       		.uleb128 0xe
 504 00b5 03       		.uleb128 0x3
 505 00b6 0E       		.uleb128 0xe
 506 00b7 3A       		.uleb128 0x3a
 507 00b8 0B       		.uleb128 0xb
 508 00b9 3B       		.uleb128 0x3b
 509 00ba 0B       		.uleb128 0xb
 510 00bb 00       		.byte	0
 511 00bc 00       		.byte	0
 512 00bd 00       		.byte	0
 513              		.section	.debug_loc,"",%progbits
 514              	.Ldebug_loc0:
 515              	.LLST0:
 516 0000 00000000 		.4byte	.LVL0
 517 0004 0E000000 		.4byte	.LVL1
 518 0008 0100     		.2byte	0x1
 519 000a 50       		.byte	0x50
 520 000b 0E000000 		.4byte	.LVL1
 521 000f 20000000 		.4byte	.LVL5
 522 0013 0400     		.2byte	0x4
 523 0015 F3       		.byte	0xf3
 524 0016 01       		.uleb128 0x1
 525 0017 50       		.byte	0x50
 526 0018 9F       		.byte	0x9f
 527 0019 20000000 		.4byte	.LVL5
 528 001d 22000000 		.4byte	.LVL6
 529 0021 0100     		.2byte	0x1
 530 0023 50       		.byte	0x50
 531 0024 22000000 		.4byte	.LVL6
 532 0028 40000000 		.4byte	.LFE63
 533 002c 0400     		.2byte	0x4
 534 002e F3       		.byte	0xf3
 535 002f 01       		.uleb128 0x1
 536 0030 50       		.byte	0x50
 537 0031 9F       		.byte	0x9f
 538 0032 00000000 		.4byte	0
ARM GAS  C:\Users\Thomas\AppData\Local\Temp\ccoBYyPJ.s 			page 11


 539 0036 00000000 		.4byte	0
 540              		.section	.debug_aranges,"",%progbits
 541 0000 1C000000 		.4byte	0x1c
 542 0004 0200     		.2byte	0x2
 543 0006 00000000 		.4byte	.Ldebug_info0
 544 000a 04       		.byte	0x4
 545 000b 00       		.byte	0
 546 000c 0000     		.2byte	0
 547 000e 0000     		.2byte	0
 548 0010 00000000 		.4byte	.LFB63
 549 0014 40000000 		.4byte	.LFE63-.LFB63
 550 0018 00000000 		.4byte	0
 551 001c 00000000 		.4byte	0
 552              		.section	.debug_ranges,"",%progbits
 553              	.Ldebug_ranges0:
 554 0000 00000000 		.4byte	.LFB63
 555 0004 40000000 		.4byte	.LFE63
 556 0008 00000000 		.4byte	0
 557 000c 00000000 		.4byte	0
 558              		.section	.debug_line,"",%progbits
 559              	.Ldebug_line0:
 560 0000 79010000 		.section	.debug_str,"MS",%progbits,1
 560      02005C01 
 560      00000201 
 560      FB0E0D00 
 560      01010101 
 561              	.LASF4:
 562 0000 5F5F7569 		.ascii	"__uint8_t\000"
 562      6E74385F 
 562      7400
 563              	.LASF21:
 564 000a 6F666644 		.ascii	"offData\000"
 564      61746100 
 565              	.LASF5:
 566 0012 5F5F696E 		.ascii	"__int32_t\000"
 566      7433325F 
 566      7400
 567              	.LASF23:
 568 001c 72656369 		.ascii	"recievedData\000"
 568      65766564 
 568      44617461 
 568      00
 569              	.LASF3:
 570 0029 73686F72 		.ascii	"short unsigned int\000"
 570      7420756E 
 570      7369676E 
 570      65642069 
 570      6E7400
 571              	.LASF28:
 572 003c 66756E63 		.ascii	"functions.c\000"
 572      74696F6E 
 572      732E6300 
 573              	.LASF14:
 574 0048 646F7562 		.ascii	"double\000"
 574      6C6500
 575              	.LASF13:
 576 004f 666C6F61 		.ascii	"float\000"
ARM GAS  C:\Users\Thomas\AppData\Local\Temp\ccoBYyPJ.s 			page 12


 576      7400
 577              	.LASF1:
 578 0055 756E7369 		.ascii	"unsigned char\000"
 578      676E6564 
 578      20636861 
 578      7200
 579              	.LASF27:
 580 0063 474E5520 		.ascii	"GNU C11 5.4.1 20160609 (release) [ARM/embedded-5-br"
 580      43313120 
 580      352E342E 
 580      31203230 
 580      31363036 
 581 0096 616E6368 		.ascii	"anch revision 237715] -mcpu=cortex-m3 -mthumb -g -O"
 581      20726576 
 581      6973696F 
 581      6E203233 
 581      37373135 
 582 00c9 67202D66 		.ascii	"g -ffunction-sections -ffat-lto-objects\000"
 582      66756E63 
 582      74696F6E 
 582      2D736563 
 582      74696F6E 
 583              	.LASF19:
 584 00f1 656D7074 		.ascii	"emptyData\000"
 584      79446174 
 584      6100
 585              	.LASF29:
 586 00fb 433A5C55 		.ascii	"C:\\Users\\Thomas\\Documents\\GitHub\\GFV\\Journal2"
 586      73657273 
 586      5C54686F 
 586      6D61735C 
 586      446F6375 
 587 0128 5C627574 		.ascii	"\\button.cydsn\000"
 587      746F6E2E 
 587      63796473 
 587      6E00
 588              	.LASF30:
 589 0136 68616E64 		.ascii	"handleByteReceived\000"
 589      6C654279 
 589      74655265 
 589      63656976 
 589      656400
 590              	.LASF18:
 591 0149 49544D5F 		.ascii	"ITM_RxBuffer\000"
 591      52784275 
 591      66666572 
 591      00
 592              	.LASF7:
 593 0156 6C6F6E67 		.ascii	"long unsigned int\000"
 593      20756E73 
 593      69676E65 
 593      6420696E 
 593      7400
 594              	.LASF10:
 595 0168 756E7369 		.ascii	"unsigned int\000"
 595      676E6564 
 595      20696E74 
ARM GAS  C:\Users\Thomas\AppData\Local\Temp\ccoBYyPJ.s 			page 13


 595      00
 596              	.LASF9:
 597 0175 6C6F6E67 		.ascii	"long long unsigned int\000"
 597      206C6F6E 
 597      6720756E 
 597      7369676E 
 597      65642069 
 598              	.LASF11:
 599 018c 75696E74 		.ascii	"uint8_t\000"
 599      385F7400 
 600              	.LASF12:
 601 0194 696E7433 		.ascii	"int32_t\000"
 601      325F7400 
 602              	.LASF17:
 603 019c 73697A65 		.ascii	"sizetype\000"
 603      74797065 
 603      00
 604              	.LASF8:
 605 01a5 6C6F6E67 		.ascii	"long long int\000"
 605      206C6F6E 
 605      6720696E 
 605      7400
 606              	.LASF15:
 607 01b3 63686172 		.ascii	"char\000"
 607      00
 608              	.LASF26:
 609 01b8 5350494D 		.ascii	"SPIM_1_ReadRxData\000"
 609      5F315F52 
 609      65616452 
 609      78446174 
 609      6100
 610              	.LASF2:
 611 01ca 73686F72 		.ascii	"short int\000"
 611      7420696E 
 611      7400
 612              	.LASF22:
 613 01d4 62757474 		.ascii	"buttonData\000"
 613      6F6E4461 
 613      746100
 614              	.LASF6:
 615 01df 6C6F6E67 		.ascii	"long int\000"
 615      20696E74 
 615      00
 616              	.LASF16:
 617 01e8 6C6F6E67 		.ascii	"long double\000"
 617      20646F75 
 617      626C6500 
 618              	.LASF0:
 619 01f4 7369676E 		.ascii	"signed char\000"
 619      65642063 
 619      68617200 
 620              	.LASF25:
 621 0200 5350494D 		.ascii	"SPIM_1_WriteTxData\000"
 621      5F315F57 
 621      72697465 
 621      54784461 
 621      746100
ARM GAS  C:\Users\Thomas\AppData\Local\Temp\ccoBYyPJ.s 			page 14


 622              	.LASF24:
 623 0213 55415254 		.ascii	"UART_1_PutString\000"
 623      5F315F50 
 623      75745374 
 623      72696E67 
 623      00
 624              	.LASF31:
 625 0224 62797465 		.ascii	"byteReceived\000"
 625      52656365 
 625      69766564 
 625      00
 626              	.LASF20:
 627 0231 6F6E4461 		.ascii	"onData\000"
 627      746100
 628              		.ident	"GCC: (GNU Tools for ARM Embedded Processors) 5.4.1 20160609 (release) [ARM/embedded-5-bran
