ARM GAS  C:\Users\jakob\AppData\Local\Temp\ccGt15HU.s 			page 1


   1              		.syntax unified
   2              		.cpu cortex-m3
   3              		.fpu softvfp
   4              		.eabi_attribute 20, 1
   5              		.eabi_attribute 21, 1
   6              		.eabi_attribute 23, 3
   7              		.eabi_attribute 24, 1
   8              		.eabi_attribute 25, 1
   9              		.eabi_attribute 26, 1
  10              		.eabi_attribute 30, 1
  11              		.eabi_attribute 34, 1
  12              		.eabi_attribute 18, 4
  13              		.thumb
  14              		.syntax unified
  15              		.file	"cymetadata.c"
  16              		.text
  17              	.Ltext0:
  18              		.cfi_sections	.debug_frame
  19              		.global	cy_metadata
  20              		.global	cy_meta_flashprotect
  21              		.global	cy_meta_wonvl
  22              		.global	cy_meta_custnvl
  23              		.global	cy_meta_configecc
  24              		.section	.cyconfigecc,"a",%progbits
  25              		.align	2
  26              		.type	cy_meta_configecc, %object
  27              		.size	cy_meta_configecc, 908
  28              	cy_meta_configecc:
  29 0000 03       		.byte	3
  30 0001 65       		.byte	101
  31 0002 00       		.byte	0
  32 0003 40       		.byte	64
  33 0004 01       		.byte	1
  34 0005 09       		.byte	9
  35 0006 01       		.byte	1
  36 0007 40       		.byte	64
  37 0008 01       		.byte	1
  38 0009 0B       		.byte	11
  39 000a 01       		.byte	1
  40 000b 40       		.byte	64
  41 000c 01       		.byte	1
  42 000d 15       		.byte	21
  43 000e 01       		.byte	1
  44 000f 40       		.byte	64
  45 0010 01       		.byte	1
  46 0011 17       		.byte	23
  47 0012 01       		.byte	1
  48 0013 40       		.byte	64
  49 0014 14       		.byte	20
  50 0015 18       		.byte	24
  51 0016 01       		.byte	1
  52 0017 40       		.byte	64
  53 0018 3D       		.byte	61
  54 0019 19       		.byte	25
  55 001a 01       		.byte	1
  56 001b 40       		.byte	64
  57 001c 70       		.byte	112
ARM GAS  C:\Users\jakob\AppData\Local\Temp\ccGt15HU.s 			page 2


  58 001d 1A       		.byte	26
  59 001e 01       		.byte	1
  60 001f 40       		.byte	64
  61 0020 54       		.byte	84
  62 0021 1B       		.byte	27
  63 0022 01       		.byte	1
  64 0023 40       		.byte	64
  65 0024 02       		.byte	2
  66 0025 40       		.byte	64
  67 0026 01       		.byte	1
  68 0027 40       		.byte	64
  69 0028 01       		.byte	1
  70 0029 41       		.byte	65
  71 002a 01       		.byte	1
  72 002b 40       		.byte	64
  73 002c 03       		.byte	3
  74 002d 42       		.byte	66
  75 002e 01       		.byte	1
  76 002f 40       		.byte	64
  77 0030 01       		.byte	1
  78 0031 43       		.byte	67
  79 0032 01       		.byte	1
  80 0033 40       		.byte	64
  81 0034 05       		.byte	5
  82 0035 44       		.byte	68
  83 0036 01       		.byte	1
  84 0037 40       		.byte	64
  85 0038 02       		.byte	2
  86 0039 45       		.byte	69
  87 003a 01       		.byte	1
  88 003b 40       		.byte	64
  89 003c 04       		.byte	4
  90 003d 46       		.byte	70
  91 003e 01       		.byte	1
  92 003f 40       		.byte	64
  93 0040 01       		.byte	1
  94 0041 47       		.byte	71
  95 0042 01       		.byte	1
  96 0043 40       		.byte	64
  97 0044 03       		.byte	3
  98 0045 48       		.byte	72
  99 0046 01       		.byte	1
 100 0047 40       		.byte	64
 101 0048 02       		.byte	2
 102 0049 49       		.byte	73
 103 004a 01       		.byte	1
 104 004b 40       		.byte	64
 105 004c 08       		.byte	8
 106 004d 4C       		.byte	76
 107 004e 01       		.byte	1
 108 004f 40       		.byte	64
 109 0050 0A       		.byte	10
 110 0051 4D       		.byte	77
 111 0052 01       		.byte	1
 112 0053 40       		.byte	64
 113 0054 02       		.byte	2
 114 0055 50       		.byte	80
ARM GAS  C:\Users\jakob\AppData\Local\Temp\ccGt15HU.s 			page 3


 115 0056 01       		.byte	1
 116 0057 40       		.byte	64
 117 0058 02       		.byte	2
 118 0059 51       		.byte	81
 119 005a 01       		.byte	1
 120 005b 40       		.byte	64
 121 005c 88       		.byte	-120
 122 005d 72       		.byte	114
 123 005e 89       		.byte	-119
 124 005f 38       		.byte	56
 125 0060 8B       		.byte	-117
 126 0061 0F       		.byte	15
 127 0062 96       		.byte	-106
 128 0063 02       		.byte	2
 129 0064 8A       		.byte	-118
 130 0065 01       		.byte	1
 131 0066 EA       		.byte	-22
 132 0067 01       		.byte	1
 133 0068 E6       		.byte	-26
 134 0069 01       		.byte	1
 135 006a 84       		.byte	-124
 136 006b 08       		.byte	8
 137 006c 94       		.byte	-108
 138 006d 04       		.byte	4
 139 006e 9A       		.byte	-102
 140 006f 02       		.byte	2
 141 0070 9C       		.byte	-100
 142 0071 01       		.byte	1
 143 0072 A2       		.byte	-94
 144 0073 02       		.byte	2
 145 0074 A4       		.byte	-92
 146 0075 01       		.byte	1
 147 0076 A8       		.byte	-88
 148 0077 01       		.byte	1
 149 0078 AF       		.byte	-81
 150 0079 01       		.byte	1
 151 007a B0       		.byte	-80
 152 007b 02       		.byte	2
 153 007c B2       		.byte	-78
 154 007d 04       		.byte	4
 155 007e B4       		.byte	-76
 156 007f 01       		.byte	1
 157 0080 B5       		.byte	-75
 158 0081 01       		.byte	1
 159 0082 B6       		.byte	-74
 160 0083 08       		.byte	8
 161 0084 BE       		.byte	-66
 162 0085 45       		.byte	69
 163 0086 D4       		.byte	-44
 164 0087 18       		.byte	24
 165 0088 D6       		.byte	-42
 166 0089 04       		.byte	4
 167 008a D8       		.byte	-40
 168 008b 04       		.byte	4
 169 008c D9       		.byte	-39
 170 008d 04       		.byte	4
 171 008e DB       		.byte	-37
ARM GAS  C:\Users\jakob\AppData\Local\Temp\ccGt15HU.s 			page 4


 172 008f 04       		.byte	4
 173 0090 DF       		.byte	-33
 174 0091 01       		.byte	1
 175 0092 03       		.byte	3
 176 0093 20       		.byte	32
 177 0094 04       		.byte	4
 178 0095 10       		.byte	16
 179 0096 05       		.byte	5
 180 0097 41       		.byte	65
 181 0098 07       		.byte	7
 182 0099 10       		.byte	16
 183 009a 09       		.byte	9
 184 009b 54       		.byte	84
 185 009c 0C       		.byte	12
 186 009d 10       		.byte	16
 187 009e 0E       		.byte	14
 188 009f 0A       		.byte	10
 189 00a0 0F       		.byte	15
 190 00a1 20       		.byte	32
 191 00a2 10       		.byte	16
 192 00a3 A0       		.byte	-96
 193 00a4 11       		.byte	17
 194 00a5 10       		.byte	16
 195 00a6 16       		.byte	22
 196 00a7 01       		.byte	1
 197 00a8 17       		.byte	23
 198 00a9 25       		.byte	37
 199 00aa 19       		.byte	25
 200 00ab 08       		.byte	8
 201 00ac 1A       		.byte	26
 202 00ad 02       		.byte	2
 203 00ae 1B       		.byte	27
 204 00af 11       		.byte	17
 205 00b0 1D       		.byte	29
 206 00b1 01       		.byte	1
 207 00b2 1E       		.byte	30
 208 00b3 2A       		.byte	42
 209 00b4 1F       		.byte	31
 210 00b5 02       		.byte	2
 211 00b6 23       		.byte	35
 212 00b7 04       		.byte	4
 213 00b8 25       		.byte	37
 214 00b9 10       		.byte	16
 215 00ba 27       		.byte	39
 216 00bb 12       		.byte	18
 217 00bc 29       		.byte	41
 218 00bd 40       		.byte	64
 219 00be 2C       		.byte	44
 220 00bf 10       		.byte	16
 221 00c0 2E       		.byte	46
 222 00c1 40       		.byte	64
 223 00c2 2F       		.byte	47
 224 00c3 84       		.byte	-124
 225 00c4 35       		.byte	53
 226 00c5 01       		.byte	1
 227 00c6 36       		.byte	54
 228 00c7 80       		.byte	-128
ARM GAS  C:\Users\jakob\AppData\Local\Temp\ccGt15HU.s 			page 5


 229 00c8 37       		.byte	55
 230 00c9 24       		.byte	36
 231 00ca 3E       		.byte	62
 232 00cb 02       		.byte	2
 233 00cc 3F       		.byte	63
 234 00cd 64       		.byte	100
 235 00ce 44       		.byte	68
 236 00cf 10       		.byte	16
 237 00d0 45       		.byte	69
 238 00d1 10       		.byte	16
 239 00d2 47       		.byte	71
 240 00d3 40       		.byte	64
 241 00d4 4A       		.byte	74
 242 00d5 01       		.byte	1
 243 00d6 4B       		.byte	75
 244 00d7 40       		.byte	64
 245 00d8 4C       		.byte	76
 246 00d9 80       		.byte	-128
 247 00da 4F       		.byte	79
 248 00db 60       		.byte	96
 249 00dc 57       		.byte	87
 250 00dd 40       		.byte	64
 251 00de 5B       		.byte	91
 252 00df 02       		.byte	2
 253 00e0 5E       		.byte	94
 254 00e1 20       		.byte	32
 255 00e2 60       		.byte	96
 256 00e3 84       		.byte	-124
 257 00e4 63       		.byte	99
 258 00e5 02       		.byte	2
 259 00e6 6C       		.byte	108
 260 00e7 20       		.byte	32
 261 00e8 6D       		.byte	109
 262 00e9 90       		.byte	-112
 263 00ea 6E       		.byte	110
 264 00eb 04       		.byte	4
 265 00ec 76       		.byte	118
 266 00ed 03       		.byte	3
 267 00ee 77       		.byte	119
 268 00ef 24       		.byte	36
 269 00f0 80       		.byte	-128
 270 00f1 80       		.byte	-128
 271 00f2 8E       		.byte	-114
 272 00f3 40       		.byte	64
 273 00f4 8F       		.byte	-113
 274 00f5 10       		.byte	16
 275 00f6 96       		.byte	-106
 276 00f7 02       		.byte	2
 277 00f8 C0       		.byte	-64
 278 00f9 F4       		.byte	-12
 279 00fa C2       		.byte	-62
 280 00fb E7       		.byte	-25
 281 00fc C4       		.byte	-60
 282 00fd FE       		.byte	-2
 283 00fe CA       		.byte	-54
 284 00ff F8       		.byte	-8
 285 0100 CC       		.byte	-52
ARM GAS  C:\Users\jakob\AppData\Local\Temp\ccGt15HU.s 			page 6


 286 0101 F0       		.byte	-16
 287 0102 CE       		.byte	-50
 288 0103 F0       		.byte	-16
 289 0104 D0       		.byte	-48
 290 0105 70       		.byte	112
 291 0106 D2       		.byte	-46
 292 0107 30       		.byte	48
 293 0108 D6       		.byte	-42
 294 0109 21       		.byte	33
 295 010a D8       		.byte	-40
 296 010b 0D       		.byte	13
 297 010c 00       		.byte	0
 298 010d 0C       		.byte	12
 299 010e 02       		.byte	2
 300 010f 71       		.byte	113
 301 0110 04       		.byte	4
 302 0111 10       		.byte	16
 303 0112 05       		.byte	5
 304 0113 80       		.byte	-128
 305 0114 06       		.byte	6
 306 0115 AC       		.byte	-84
 307 0116 07       		.byte	7
 308 0117 13       		.byte	19
 309 0118 0F       		.byte	15
 310 0119 0C       		.byte	12
 311 011a 10       		.byte	16
 312 011b 09       		.byte	9
 313 011c 12       		.byte	18
 314 011d D0       		.byte	-48
 315 011e 14       		.byte	20
 316 011f 14       		.byte	20
 317 0120 15       		.byte	21
 318 0121 2C       		.byte	44
 319 0122 17       		.byte	23
 320 0123 43       		.byte	67
 321 0124 19       		.byte	25
 322 0125 71       		.byte	113
 323 0126 1A       		.byte	26
 324 0127 03       		.byte	3
 325 0128 1B       		.byte	27
 326 0129 06       		.byte	6
 327 012a 1F       		.byte	31
 328 012b 08       		.byte	8
 329 012c 20       		.byte	32
 330 012d 10       		.byte	16
 331 012e 21       		.byte	33
 332 012f 71       		.byte	113
 333 0130 22       		.byte	34
 334 0131 40       		.byte	64
 335 0132 23       		.byte	35
 336 0133 0E       		.byte	14
 337 0134 26       		.byte	38
 338 0135 20       		.byte	32
 339 0136 28       		.byte	40
 340 0137 DC       		.byte	-36
 341 0138 2A       		.byte	42
 342 0139 22       		.byte	34
ARM GAS  C:\Users\jakob\AppData\Local\Temp\ccGt15HU.s 			page 7


 343 013a 30       		.byte	48
 344 013b E0       		.byte	-32
 345 013c 31       		.byte	49
 346 013d C0       		.byte	-64
 347 013e 33       		.byte	51
 348 013f 0F       		.byte	15
 349 0140 34       		.byte	52
 350 0141 1F       		.byte	31
 351 0142 35       		.byte	53
 352 0143 30       		.byte	48
 353 0144 39       		.byte	57
 354 0145 22       		.byte	34
 355 0146 3A       		.byte	58
 356 0147 02       		.byte	2
 357 0148 3B       		.byte	59
 358 0149 08       		.byte	8
 359 014a 3F       		.byte	63
 360 014b 10       		.byte	16
 361 014c 40       		.byte	64
 362 014d 02       		.byte	2
 363 014e 45       		.byte	69
 364 014f 40       		.byte	64
 365 0150 49       		.byte	73
 366 0151 FF       		.byte	-1
 367 0152 4A       		.byte	74
 368 0153 07       		.byte	7
 369 0154 4B       		.byte	75
 370 0155 FF       		.byte	-1
 371 0156 4C       		.byte	76
 372 0157 40       		.byte	64
 373 0158 4D       		.byte	77
 374 0159 20       		.byte	32
 375 015a 4E       		.byte	78
 376 015b F0       		.byte	-16
 377 015c 4F       		.byte	79
 378 015d 05       		.byte	5
 379 015e 50       		.byte	80
 380 015f 08       		.byte	8
 381 0160 58       		.byte	88
 382 0161 04       		.byte	4
 383 0162 59       		.byte	89
 384 0163 04       		.byte	4
 385 0164 5A       		.byte	90
 386 0165 04       		.byte	4
 387 0166 5F       		.byte	95
 388 0167 01       		.byte	1
 389 0168 60       		.byte	96
 390 0169 40       		.byte	64
 391 016a 61       		.byte	97
 392 016b A8       		.byte	-88
 393 016c 62       		.byte	98
 394 016d 40       		.byte	64
 395 016e 63       		.byte	99
 396 016f 20       		.byte	32
 397 0170 80       		.byte	-128
 398 0171 13       		.byte	19
 399 0172 81       		.byte	-127
ARM GAS  C:\Users\jakob\AppData\Local\Temp\ccGt15HU.s 			page 8


 400 0173 08       		.byte	8
 401 0174 82       		.byte	-126
 402 0175 04       		.byte	4
 403 0176 83       		.byte	-125
 404 0177 14       		.byte	20
 405 0178 84       		.byte	-124
 406 0179 0A       		.byte	10
 407 017a 85       		.byte	-123
 408 017b 18       		.byte	24
 409 017c 86       		.byte	-122
 410 017d 14       		.byte	20
 411 017e 88       		.byte	-120
 412 017f 20       		.byte	32
 413 0180 89       		.byte	-119
 414 0181 18       		.byte	24
 415 0182 8A       		.byte	-118
 416 0183 C0       		.byte	-64
 417 0184 8C       		.byte	-116
 418 0185 80       		.byte	-128
 419 0186 8E       		.byte	-114
 420 0187 20       		.byte	32
 421 0188 8F       		.byte	-113
 422 0189 20       		.byte	32
 423 018a 91       		.byte	-111
 424 018b 01       		.byte	1
 425 018c 92       		.byte	-110
 426 018d 08       		.byte	8
 427 018e 94       		.byte	-108
 428 018f 13       		.byte	19
 429 0190 96       		.byte	-106
 430 0191 0C       		.byte	12
 431 0192 97       		.byte	-105
 432 0193 20       		.byte	32
 433 0194 98       		.byte	-104
 434 0195 E0       		.byte	-32
 435 0196 9B       		.byte	-101
 436 0197 01       		.byte	1
 437 0198 9C       		.byte	-100
 438 0199 03       		.byte	3
 439 019a 9D       		.byte	-99
 440 019b 10       		.byte	16
 441 019c 9E       		.byte	-98
 442 019d 14       		.byte	20
 443 019e 9F       		.byte	-97
 444 019f 0C       		.byte	12
 445 01a0 A5       		.byte	-91
 446 01a1 01       		.byte	1
 447 01a2 A6       		.byte	-90
 448 01a3 15       		.byte	21
 449 01a4 A8       		.byte	-88
 450 01a5 E0       		.byte	-32
 451 01a6 AB       		.byte	-85
 452 01a7 02       		.byte	2
 453 01a8 AC       		.byte	-84
 454 01a9 40       		.byte	64
 455 01aa AE       		.byte	-82
 456 01ab 20       		.byte	32
ARM GAS  C:\Users\jakob\AppData\Local\Temp\ccGt15HU.s 			page 9


 457 01ac AF       		.byte	-81
 458 01ad 01       		.byte	1
 459 01ae B0       		.byte	-80
 460 01af 10       		.byte	16
 461 01b0 B1       		.byte	-79
 462 01b1 06       		.byte	6
 463 01b2 B2       		.byte	-78
 464 01b3 E0       		.byte	-32
 465 01b4 B3       		.byte	-77
 466 01b5 01       		.byte	1
 467 01b6 B4       		.byte	-76
 468 01b7 0F       		.byte	15
 469 01b8 B5       		.byte	-75
 470 01b9 20       		.byte	32
 471 01ba B7       		.byte	-73
 472 01bb 18       		.byte	24
 473 01bc B9       		.byte	-71
 474 01bd 08       		.byte	8
 475 01be BA       		.byte	-70
 476 01bf 20       		.byte	32
 477 01c0 BE       		.byte	-66
 478 01c1 01       		.byte	1
 479 01c2 BF       		.byte	-65
 480 01c3 11       		.byte	17
 481 01c4 C0       		.byte	-64
 482 01c5 26       		.byte	38
 483 01c6 C1       		.byte	-63
 484 01c7 04       		.byte	4
 485 01c8 C5       		.byte	-59
 486 01c9 0B       		.byte	11
 487 01ca C7       		.byte	-57
 488 01cb CE       		.byte	-50
 489 01cc C8       		.byte	-56
 490 01cd 31       		.byte	49
 491 01ce C9       		.byte	-55
 492 01cf FF       		.byte	-1
 493 01d0 CA       		.byte	-54
 494 01d1 FF       		.byte	-1
 495 01d2 CB       		.byte	-53
 496 01d3 FF       		.byte	-1
 497 01d4 CE       		.byte	-50
 498 01d5 F0       		.byte	-16
 499 01d6 CF       		.byte	-49
 500 01d7 44       		.byte	68
 501 01d8 D0       		.byte	-48
 502 01d9 0C       		.byte	12
 503 01da D4       		.byte	-44
 504 01db 01       		.byte	1
 505 01dc D8       		.byte	-40
 506 01dd 04       		.byte	4
 507 01de D9       		.byte	-39
 508 01df 04       		.byte	4
 509 01e0 DA       		.byte	-38
 510 01e1 04       		.byte	4
 511 01e2 DB       		.byte	-37
 512 01e3 04       		.byte	4
 513 01e4 DF       		.byte	-33
ARM GAS  C:\Users\jakob\AppData\Local\Temp\ccGt15HU.s 			page 10


 514 01e5 01       		.byte	1
 515 01e6 E6       		.byte	-26
 516 01e7 C0       		.byte	-64
 517 01e8 EA       		.byte	-22
 518 01e9 40       		.byte	64
 519 01ea EB       		.byte	-21
 520 01eb 02       		.byte	2
 521 01ec 00       		.byte	0
 522 01ed 08       		.byte	8
 523 01ee 01       		.byte	1
 524 01ef 02       		.byte	2
 525 01f0 04       		.byte	4
 526 01f1 10       		.byte	16
 527 01f2 05       		.byte	5
 528 01f3 02       		.byte	2
 529 01f4 07       		.byte	7
 530 01f5 21       		.byte	33
 531 01f6 0A       		.byte	10
 532 01f7 28       		.byte	40
 533 01f8 0B       		.byte	11
 534 01f9 40       		.byte	64
 535 01fa 0C       		.byte	12
 536 01fb 04       		.byte	4
 537 01fc 0E       		.byte	14
 538 01fd 04       		.byte	4
 539 01fe 0F       		.byte	15
 540 01ff 42       		.byte	66
 541 0200 10       		.byte	16
 542 0201 80       		.byte	-128
 543 0202 11       		.byte	17
 544 0203 04       		.byte	4
 545 0204 13       		.byte	19
 546 0205 20       		.byte	32
 547 0206 15       		.byte	21
 548 0207 14       		.byte	20
 549 0208 16       		.byte	22
 550 0209 02       		.byte	2
 551 020a 19       		.byte	25
 552 020b 02       		.byte	2
 553 020c 1A       		.byte	26
 554 020d 08       		.byte	8
 555 020e 1B       		.byte	27
 556 020f 20       		.byte	32
 557 0210 1C       		.byte	28
 558 0211 18       		.byte	24
 559 0212 1D       		.byte	29
 560 0213 30       		.byte	48
 561 0214 1E       		.byte	30
 562 0215 40       		.byte	64
 563 0216 1F       		.byte	31
 564 0217 04       		.byte	4
 565 0218 21       		.byte	33
 566 0219 18       		.byte	24
 567 021a 23       		.byte	35
 568 021b 60       		.byte	96
 569 021c 24       		.byte	36
 570 021d 04       		.byte	4
ARM GAS  C:\Users\jakob\AppData\Local\Temp\ccGt15HU.s 			page 11


 571 021e 26       		.byte	38
 572 021f 84       		.byte	-124
 573 0220 27       		.byte	39
 574 0221 41       		.byte	65
 575 0222 28       		.byte	40
 576 0223 80       		.byte	-128
 577 0224 29       		.byte	41
 578 0225 02       		.byte	2
 579 0226 2C       		.byte	44
 580 0227 10       		.byte	16
 581 0228 2F       		.byte	47
 582 0229 06       		.byte	6
 583 022a 30       		.byte	48
 584 022b 80       		.byte	-128
 585 022c 31       		.byte	49
 586 022d 18       		.byte	24
 587 022e 36       		.byte	54
 588 022f 85       		.byte	-123
 589 0230 37       		.byte	55
 590 0231 10       		.byte	16
 591 0232 38       		.byte	56
 592 0233 08       		.byte	8
 593 0234 39       		.byte	57
 594 0235 04       		.byte	4
 595 0236 3B       		.byte	59
 596 0237 40       		.byte	64
 597 0238 3D       		.byte	61
 598 0239 10       		.byte	16
 599 023a 3E       		.byte	62
 600 023b 06       		.byte	6
 601 023c 3F       		.byte	63
 602 023d 80       		.byte	-128
 603 023e 41       		.byte	65
 604 023f 10       		.byte	16
 605 0240 44       		.byte	68
 606 0241 84       		.byte	-124
 607 0242 45       		.byte	69
 608 0243 20       		.byte	32
 609 0244 48       		.byte	72
 610 0245 80       		.byte	-128
 611 0246 4C       		.byte	76
 612 0247 04       		.byte	4
 613 0248 4E       		.byte	78
 614 0249 10       		.byte	16
 615 024a 50       		.byte	80
 616 024b 04       		.byte	4
 617 024c 54       		.byte	84
 618 024d 08       		.byte	8
 619 024e 55       		.byte	85
 620 024f 05       		.byte	5
 621 0250 57       		.byte	87
 622 0251 01       		.byte	1
 623 0252 5D       		.byte	93
 624 0253 28       		.byte	40
 625 0254 5E       		.byte	94
 626 0255 40       		.byte	64
 627 0256 5F       		.byte	95
ARM GAS  C:\Users\jakob\AppData\Local\Temp\ccGt15HU.s 			page 12


 628 0257 01       		.byte	1
 629 0258 89       		.byte	-119
 630 0259 40       		.byte	64
 631 025a 8A       		.byte	-118
 632 025b 02       		.byte	2
 633 025c 8B       		.byte	-117
 634 025d 80       		.byte	-128
 635 025e 8C       		.byte	-116
 636 025f 08       		.byte	8
 637 0260 8D       		.byte	-115
 638 0261 21       		.byte	33
 639 0262 8F       		.byte	-113
 640 0263 01       		.byte	1
 641 0264 91       		.byte	-111
 642 0265 10       		.byte	16
 643 0266 92       		.byte	-110
 644 0267 04       		.byte	4
 645 0268 94       		.byte	-108
 646 0269 14       		.byte	20
 647 026a 97       		.byte	-105
 648 026b 08       		.byte	8
 649 026c 98       		.byte	-104
 650 026d 10       		.byte	16
 651 026e 99       		.byte	-103
 652 026f 08       		.byte	8
 653 0270 9B       		.byte	-101
 654 0271 10       		.byte	16
 655 0272 9D       		.byte	-99
 656 0273 40       		.byte	64
 657 0274 9F       		.byte	-97
 658 0275 41       		.byte	65
 659 0276 A2       		.byte	-94
 660 0277 01       		.byte	1
 661 0278 A3       		.byte	-93
 662 0279 42       		.byte	66
 663 027a A5       		.byte	-91
 664 027b 04       		.byte	4
 665 027c A6       		.byte	-90
 666 027d 80       		.byte	-128
 667 027e A7       		.byte	-89
 668 027f A0       		.byte	-96
 669 0280 C0       		.byte	-64
 670 0281 FC       		.byte	-4
 671 0282 C2       		.byte	-62
 672 0283 FE       		.byte	-2
 673 0284 C4       		.byte	-60
 674 0285 EE       		.byte	-18
 675 0286 CA       		.byte	-54
 676 0287 71       		.byte	113
 677 0288 CC       		.byte	-52
 678 0289 FE       		.byte	-2
 679 028a CE       		.byte	-50
 680 028b FA       		.byte	-6
 681 028c D0       		.byte	-48
 682 028d A4       		.byte	-92
 683 028e D2       		.byte	-46
 684 028f 20       		.byte	32
ARM GAS  C:\Users\jakob\AppData\Local\Temp\ccGt15HU.s 			page 13


 685 0290 D6       		.byte	-42
 686 0291 F0       		.byte	-16
 687 0292 EA       		.byte	-22
 688 0293 01       		.byte	1
 689 0294 32       		.byte	50
 690 0295 40       		.byte	64
 691 0296 CC       		.byte	-52
 692 0297 10       		.byte	16
 693 0298 96       		.byte	-106
 694 0299 80       		.byte	-128
 695 029a 3E       		.byte	62
 696 029b 10       		.byte	16
 697 029c 96       		.byte	-106
 698 029d 80       		.byte	-128
 699 029e CE       		.byte	-50
 700 029f 20       		.byte	32
 701 02a0 96       		.byte	-106
 702 02a1 90       		.byte	-112
 703 02a2 10       		.byte	16
 704 02a3 10       		.byte	16
 705 02a4 14       		.byte	20
 706 02a5 20       		.byte	32
 707 02a6 74       		.byte	116
 708 02a7 04       		.byte	4
 709 02a8 C4       		.byte	-60
 710 02a9 0C       		.byte	12
 711 02aa DE       		.byte	-34
 712 02ab 04       		.byte	4
 713 02ac 98       		.byte	-104
 714 02ad 30       		.byte	48
 715 02ae A4       		.byte	-92
 716 02af 04       		.byte	4
 717 02b0 88       		.byte	-120
 718 02b1 04       		.byte	4
 719 02b2 98       		.byte	-104
 720 02b3 30       		.byte	48
 721 02b4 A4       		.byte	-92
 722 02b5 04       		.byte	4
 723 02b6 E0       		.byte	-32
 724 02b7 04       		.byte	4
 725 02b8 98       		.byte	-104
 726 02b9 30       		.byte	48
 727 02ba 82       		.byte	-126
 728 02bb 40       		.byte	64
 729 02bc 96       		.byte	-106
 730 02bd 90       		.byte	-112
 731 02be E6       		.byte	-26
 732 02bf 80       		.byte	-128
 733 02c0 AA       		.byte	-86
 734 02c1 10       		.byte	16
 735 02c2 EA       		.byte	-22
 736 02c3 80       		.byte	-128
 737 02c4 12       		.byte	18
 738 02c5 10       		.byte	16
 739 02c6 13       		.byte	19
 740 02c7 20       		.byte	32
 741 02c8 16       		.byte	22
ARM GAS  C:\Users\jakob\AppData\Local\Temp\ccGt15HU.s 			page 14


 742 02c9 20       		.byte	32
 743 02ca 78       		.byte	120
 744 02cb 10       		.byte	16
 745 02cc 7C       		.byte	124
 746 02cd 20       		.byte	32
 747 02ce 98       		.byte	-104
 748 02cf 30       		.byte	48
 749 02d0 C4       		.byte	-60
 750 02d1 0E       		.byte	14
 751 02d2 DE       		.byte	-34
 752 02d3 03       		.byte	3
 753 02d4 10       		.byte	16
 754 02d5 40       		.byte	64
 755 02d6 72       		.byte	114
 756 02d7 20       		.byte	32
 757 02d8 76       		.byte	118
 758 02d9 10       		.byte	16
 759 02da 88       		.byte	-120
 760 02db 40       		.byte	64
 761 02dc 9A       		.byte	-102
 762 02dd 30       		.byte	48
 763 02de AB       		.byte	-85
 764 02df 20       		.byte	32
 765 02e0 C4       		.byte	-60
 766 02e1 08       		.byte	8
 767 02e2 DC       		.byte	-36
 768 02e3 01       		.byte	1
 769 02e4 DE       		.byte	-34
 770 02e5 04       		.byte	4
 771 02e6 E2       		.byte	-30
 772 02e7 01       		.byte	1
 773 02e8 10       		.byte	16
 774 02e9 01       		.byte	1
 775 02ea 1C       		.byte	28
 776 02eb 01       		.byte	1
 777 02ec 00       		.byte	0
 778 02ed 03       		.byte	3
 779 02ee 03       		.byte	3
 780 02ef C0       		.byte	-64
 781 02f0 90       		.byte	-112
 782 02f1 30       		.byte	48
 783 02f2 00       		.byte	0
 784 02f3 00       		.byte	0
 785 02f4 70       		.byte	112
 786 02f5 00       		.byte	0
 787 02f6 00       		.byte	0
 788 02f7 00       		.byte	0
 789 02f8 1F       		.byte	31
 790 02f9 10       		.byte	16
 791 02fa 20       		.byte	32
 792 02fb 00       		.byte	0
 793 02fc 1C       		.byte	28
 794 02fd 00       		.byte	0
 795 02fe 23       		.byte	35
 796 02ff 04       		.byte	4
 797 0300 03       		.byte	3
 798 0301 00       		.byte	0
ARM GAS  C:\Users\jakob\AppData\Local\Temp\ccGt15HU.s 			page 15


 799 0302 00       		.byte	0
 800 0303 E3       		.byte	-29
 801 0304 01       		.byte	1
 802 0305 FF       		.byte	-1
 803 0306 00       		.byte	0
 804 0307 00       		.byte	0
 805 0308 00       		.byte	0
 806 0309 1C       		.byte	28
 807 030a 00       		.byte	0
 808 030b E1       		.byte	-31
 809 030c 00       		.byte	0
 810 030d 08       		.byte	8
 811 030e 23       		.byte	35
 812 030f 00       		.byte	0
 813 0310 33       		.byte	51
 814 0311 18       		.byte	24
 815 0312 0C       		.byte	12
 816 0313 00       		.byte	0
 817 0314 3F       		.byte	63
 818 0315 80       		.byte	-128
 819 0316 00       		.byte	0
 820 0317 00       		.byte	0
 821 0318 02       		.byte	2
 822 0319 44       		.byte	68
 823 031a 00       		.byte	0
 824 031b 00       		.byte	0
 825 031c 04       		.byte	4
 826 031d E7       		.byte	-25
 827 031e 00       		.byte	0
 828 031f 18       		.byte	24
 829 0320 0C       		.byte	12
 830 0321 C0       		.byte	-64
 831 0322 00       		.byte	0
 832 0323 00       		.byte	0
 833 0324 08       		.byte	8
 834 0325 3C       		.byte	60
 835 0326 00       		.byte	0
 836 0327 C2       		.byte	-62
 837 0328 2C       		.byte	44
 838 0329 00       		.byte	0
 839 032a 10       		.byte	16
 840 032b 1F       		.byte	31
 841 032c 0F       		.byte	15
 842 032d 38       		.byte	56
 843 032e 00       		.byte	0
 844 032f C0       		.byte	-64
 845 0330 00       		.byte	0
 846 0331 00       		.byte	0
 847 0332 A2       		.byte	-94
 848 0333 08       		.byte	8
 849 0334 00       		.byte	0
 850 0335 00       		.byte	0
 851 0336 04       		.byte	4
 852 0337 00       		.byte	0
 853 0338 36       		.byte	54
 854 0339 05       		.byte	5
 855 033a 02       		.byte	2
ARM GAS  C:\Users\jakob\AppData\Local\Temp\ccGt15HU.s 			page 16


 856 033b 00       		.byte	0
 857 033c 01       		.byte	1
 858 033d C0       		.byte	-64
 859 033e 0E       		.byte	14
 860 033f 00       		.byte	0
 861 0340 06       		.byte	6
 862 0341 FF       		.byte	-1
 863 0342 FF       		.byte	-1
 864 0343 FF       		.byte	-1
 865 0344 62       		.byte	98
 866 0345 A0       		.byte	-96
 867 0346 F0       		.byte	-16
 868 0347 41       		.byte	65
 869 0348 0C       		.byte	12
 870 0349 00       		.byte	0
 871 034a 00       		.byte	0
 872 034b 00       		.byte	0
 873 034c 00       		.byte	0
 874 034d 00       		.byte	0
 875 034e 02       		.byte	2
 876 034f 11       		.byte	17
 877 0350 04       		.byte	4
 878 0351 04       		.byte	4
 879 0352 04       		.byte	4
 880 0353 04       		.byte	4
 881 0354 00       		.byte	0
 882 0355 00       		.byte	0
 883 0356 00       		.byte	0
 884 0357 01       		.byte	1
 885 0358 00       		.byte	0
 886 0359 00       		.byte	0
 887 035a 00       		.byte	0
 888 035b 00       		.byte	0
 889 035c 00       		.byte	0
 890 035d 00       		.byte	0
 891 035e 40       		.byte	64
 892 035f 02       		.byte	2
 893 0360 00       		.byte	0
 894 0361 10       		.byte	16
 895 0362 30       		.byte	48
 896 0363 10       		.byte	16
 897 0364 00       		.byte	0
 898 0365 10       		.byte	16
 899 0366 10       		.byte	16
 900 0367 12       		.byte	18
 901 0368 00       		.byte	0
 902 0369 00       		.byte	0
 903 036a 00       		.byte	0
 904 036b 00       		.byte	0
 905 036c 00       		.byte	0
 906 036d 00       		.byte	0
 907 036e 00       		.byte	0
 908 036f 00       		.byte	0
 909 0370 00       		.byte	0
 910 0371 00       		.byte	0
 911 0372 00       		.byte	0
 912 0373 00       		.byte	0
ARM GAS  C:\Users\jakob\AppData\Local\Temp\ccGt15HU.s 			page 17


 913 0374 00       		.byte	0
 914 0375 00       		.byte	0
 915 0376 00       		.byte	0
 916 0377 00       		.byte	0
 917 0378 B0       		.byte	-80
 918 0379 00       		.byte	0
 919 037a 40       		.byte	64
 920 037b 80       		.byte	-128
 921 037c B0       		.byte	-80
 922 037d 00       		.byte	0
 923 037e B0       		.byte	-80
 924 037f 00       		.byte	0
 925 0380 00       		.byte	0
 926 0381 00       		.byte	0
 927 0382 00       		.byte	0
 928 0383 00       		.byte	0
 929 0384 00       		.byte	0
 930 0385 0B       		.byte	11
 931 0386 0B       		.byte	11
 932 0387 00       		.byte	0
 933 0388 00       		.byte	0
 934 0389 00       		.byte	0
 935 038a 00       		.byte	0
 936 038b 00       		.byte	0
 937              		.section	.cywolatch,"a",%progbits
 938              		.align	2
 939              		.type	cy_meta_wonvl, %object
 940              		.size	cy_meta_wonvl, 4
 941              	cy_meta_wonvl:
 942 0000 BC       		.byte	-68
 943 0001 90       		.byte	-112
 944 0002 AC       		.byte	-84
 945 0003 AF       		.byte	-81
 946              		.section	.cycustnvl,"a",%progbits
 947              		.align	2
 948              		.type	cy_meta_custnvl, %object
 949              		.size	cy_meta_custnvl, 4
 950              	cy_meta_custnvl:
 951 0000 00       		.byte	0
 952 0001 00       		.byte	0
 953 0002 40       		.byte	64
 954 0003 05       		.byte	5
 955              		.section	.cymeta,"a",%progbits
 956              		.align	2
 957              		.type	cy_metadata, %object
 958              		.size	cy_metadata, 12
 959              	cy_metadata:
 960 0000 00       		.byte	0
 961 0001 01       		.byte	1
 962 0002 2E       		.byte	46
 963 0003 16       		.byte	22
 964 0004 10       		.byte	16
 965 0005 69       		.byte	105
 966 0006 00       		.byte	0
 967 0007 01       		.byte	1
 968 0008 00       		.byte	0
 969 0009 00       		.byte	0
ARM GAS  C:\Users\jakob\AppData\Local\Temp\ccGt15HU.s 			page 18


 970 000a 00       		.byte	0
 971 000b 00       		.byte	0
 972              		.section	.cyflashprotect,"a",%progbits
 973              		.align	2
 974              		.type	cy_meta_flashprotect, %object
 975              		.size	cy_meta_flashprotect, 256
 976              	cy_meta_flashprotect:
 977 0000 00000000 		.space	256
 977      00000000 
 977      00000000 
 977      00000000 
 977      00000000 
 978              		.text
 979              	.Letext0:
 980              		.file 1 "c:\\program files (x86)\\cypress\\psoc creator\\4.4\\psoc creator\\import\\gnu\\arm\\5.4.
 981              		.file 2 "c:\\program files (x86)\\cypress\\psoc creator\\4.4\\psoc creator\\import\\gnu\\arm\\5.4.
 982              		.file 3 "Generated_Source\\PSoC5\\cymetadata.c"
 983              		.section	.debug_info,"",%progbits
 984              	.Ldebug_info0:
 985 0000 31010000 		.4byte	0x131
 986 0004 0400     		.2byte	0x4
 987 0006 00000000 		.4byte	.Ldebug_abbrev0
 988 000a 04       		.byte	0x4
 989 000b 01       		.uleb128 0x1
 990 000c 30000000 		.4byte	.LASF17
 991 0010 0C       		.byte	0xc
 992 0011 CA010000 		.4byte	.LASF18
 993 0015 7E010000 		.4byte	.LASF19
 994 0019 00000000 		.4byte	.Ldebug_line0
 995 001d 02       		.uleb128 0x2
 996 001e 01       		.byte	0x1
 997 001f 06       		.byte	0x6
 998 0020 16000000 		.4byte	.LASF0
 999 0024 03       		.uleb128 0x3
 1000 0025 00000000 		.4byte	.LASF9
 1001 0029 01       		.byte	0x1
 1002 002a 1D       		.byte	0x1d
 1003 002b 2F000000 		.4byte	0x2f
 1004 002f 02       		.uleb128 0x2
 1005 0030 01       		.byte	0x1
 1006 0031 08       		.byte	0x8
 1007 0032 22000000 		.4byte	.LASF1
 1008 0036 02       		.uleb128 0x2
 1009 0037 02       		.byte	0x2
 1010 0038 05       		.byte	0x5
 1011 0039 6B010000 		.4byte	.LASF2
 1012 003d 02       		.uleb128 0x2
 1013 003e 02       		.byte	0x2
 1014 003f 07       		.byte	0x7
 1015 0040 D0000000 		.4byte	.LASF3
 1016 0044 02       		.uleb128 0x2
 1017 0045 04       		.byte	0x4
 1018 0046 05       		.byte	0x5
 1019 0047 75010000 		.4byte	.LASF4
 1020 004b 02       		.uleb128 0x2
 1021 004c 04       		.byte	0x4
 1022 004d 07       		.byte	0x7
ARM GAS  C:\Users\jakob\AppData\Local\Temp\ccGt15HU.s 			page 19


 1023 004e BE000000 		.4byte	.LASF5
 1024 0052 02       		.uleb128 0x2
 1025 0053 08       		.byte	0x8
 1026 0054 05       		.byte	0x5
 1027 0055 5D010000 		.4byte	.LASF6
 1028 0059 02       		.uleb128 0x2
 1029 005a 08       		.byte	0x8
 1030 005b 07       		.byte	0x7
 1031 005c 12010000 		.4byte	.LASF7
 1032 0060 04       		.uleb128 0x4
 1033 0061 04       		.byte	0x4
 1034 0062 05       		.byte	0x5
 1035 0063 696E7400 		.ascii	"int\000"
 1036 0067 02       		.uleb128 0x2
 1037 0068 04       		.byte	0x4
 1038 0069 07       		.byte	0x7
 1039 006a 05010000 		.4byte	.LASF8
 1040 006e 03       		.uleb128 0x3
 1041 006f 29010000 		.4byte	.LASF10
 1042 0073 02       		.byte	0x2
 1043 0074 18       		.byte	0x18
 1044 0075 24000000 		.4byte	0x24
 1045 0079 05       		.uleb128 0x5
 1046 007a 91000000 		.4byte	0x91
 1047 007e 8A000000 		.4byte	0x8a
 1048 0082 06       		.uleb128 0x6
 1049 0083 8A000000 		.4byte	0x8a
 1050 0087 8B03     		.2byte	0x38b
 1051 0089 00       		.byte	0
 1052 008a 02       		.uleb128 0x2
 1053 008b 04       		.byte	0x4
 1054 008c 07       		.byte	0x7
 1055 008d 54010000 		.4byte	.LASF11
 1056 0091 07       		.uleb128 0x7
 1057 0092 6E000000 		.4byte	0x6e
 1058 0096 08       		.uleb128 0x8
 1059 0097 F3000000 		.4byte	.LASF12
 1060 009b 03       		.byte	0x3
 1061 009c 1F       		.byte	0x1f
 1062 009d A7000000 		.4byte	0xa7
 1063 00a1 05       		.uleb128 0x5
 1064 00a2 03       		.byte	0x3
 1065 00a3 00000000 		.4byte	cy_meta_configecc
 1066 00a7 07       		.uleb128 0x7
 1067 00a8 79000000 		.4byte	0x79
 1068 00ac 05       		.uleb128 0x5
 1069 00ad 91000000 		.4byte	0x91
 1070 00b1 BC000000 		.4byte	0xbc
 1071 00b5 09       		.uleb128 0x9
 1072 00b6 8A000000 		.4byte	0x8a
 1073 00ba 03       		.byte	0x3
 1074 00bb 00       		.byte	0
 1075 00bc 08       		.uleb128 0x8
 1076 00bd E3000000 		.4byte	.LASF13
 1077 00c1 03       		.byte	0x3
 1078 00c2 9E       		.byte	0x9e
 1079 00c3 CD000000 		.4byte	0xcd
ARM GAS  C:\Users\jakob\AppData\Local\Temp\ccGt15HU.s 			page 20


 1080 00c7 05       		.uleb128 0x5
 1081 00c8 03       		.byte	0x3
 1082 00c9 00000000 		.4byte	cy_meta_custnvl
 1083 00cd 07       		.uleb128 0x7
 1084 00ce AC000000 		.4byte	0xac
 1085 00d2 08       		.uleb128 0x8
 1086 00d3 46010000 		.4byte	.LASF14
 1087 00d7 03       		.byte	0x3
 1088 00d8 AC       		.byte	0xac
 1089 00d9 E3000000 		.4byte	0xe3
 1090 00dd 05       		.uleb128 0x5
 1091 00de 03       		.byte	0x3
 1092 00df 00000000 		.4byte	cy_meta_wonvl
 1093 00e3 07       		.uleb128 0x7
 1094 00e4 AC000000 		.4byte	0xac
 1095 00e8 05       		.uleb128 0x5
 1096 00e9 91000000 		.4byte	0x91
 1097 00ed F8000000 		.4byte	0xf8
 1098 00f1 09       		.uleb128 0x9
 1099 00f2 8A000000 		.4byte	0x8a
 1100 00f6 FF       		.byte	0xff
 1101 00f7 00       		.byte	0
 1102 00f8 08       		.uleb128 0x8
 1103 00f9 31010000 		.4byte	.LASF15
 1104 00fd 03       		.byte	0x3
 1105 00fe BA       		.byte	0xba
 1106 00ff 09010000 		.4byte	0x109
 1107 0103 05       		.uleb128 0x5
 1108 0104 03       		.byte	0x3
 1109 0105 00000000 		.4byte	cy_meta_flashprotect
 1110 0109 07       		.uleb128 0x7
 1111 010a E8000000 		.4byte	0xe8
 1112 010e 05       		.uleb128 0x5
 1113 010f 91000000 		.4byte	0x91
 1114 0113 1E010000 		.4byte	0x11e
 1115 0117 09       		.uleb128 0x9
 1116 0118 8A000000 		.4byte	0x8a
 1117 011c 0B       		.byte	0xb
 1118 011d 00       		.byte	0
 1119 011e 08       		.uleb128 0x8
 1120 011f 0A000000 		.4byte	.LASF16
 1121 0123 03       		.byte	0x3
 1122 0124 E7       		.byte	0xe7
 1123 0125 2F010000 		.4byte	0x12f
 1124 0129 05       		.uleb128 0x5
 1125 012a 03       		.byte	0x3
 1126 012b 00000000 		.4byte	cy_metadata
 1127 012f 07       		.uleb128 0x7
 1128 0130 0E010000 		.4byte	0x10e
 1129 0134 00       		.byte	0
 1130              		.section	.debug_abbrev,"",%progbits
 1131              	.Ldebug_abbrev0:
 1132 0000 01       		.uleb128 0x1
 1133 0001 11       		.uleb128 0x11
 1134 0002 01       		.byte	0x1
 1135 0003 25       		.uleb128 0x25
 1136 0004 0E       		.uleb128 0xe
ARM GAS  C:\Users\jakob\AppData\Local\Temp\ccGt15HU.s 			page 21


 1137 0005 13       		.uleb128 0x13
 1138 0006 0B       		.uleb128 0xb
 1139 0007 03       		.uleb128 0x3
 1140 0008 0E       		.uleb128 0xe
 1141 0009 1B       		.uleb128 0x1b
 1142 000a 0E       		.uleb128 0xe
 1143 000b 10       		.uleb128 0x10
 1144 000c 17       		.uleb128 0x17
 1145 000d 00       		.byte	0
 1146 000e 00       		.byte	0
 1147 000f 02       		.uleb128 0x2
 1148 0010 24       		.uleb128 0x24
 1149 0011 00       		.byte	0
 1150 0012 0B       		.uleb128 0xb
 1151 0013 0B       		.uleb128 0xb
 1152 0014 3E       		.uleb128 0x3e
 1153 0015 0B       		.uleb128 0xb
 1154 0016 03       		.uleb128 0x3
 1155 0017 0E       		.uleb128 0xe
 1156 0018 00       		.byte	0
 1157 0019 00       		.byte	0
 1158 001a 03       		.uleb128 0x3
 1159 001b 16       		.uleb128 0x16
 1160 001c 00       		.byte	0
 1161 001d 03       		.uleb128 0x3
 1162 001e 0E       		.uleb128 0xe
 1163 001f 3A       		.uleb128 0x3a
 1164 0020 0B       		.uleb128 0xb
 1165 0021 3B       		.uleb128 0x3b
 1166 0022 0B       		.uleb128 0xb
 1167 0023 49       		.uleb128 0x49
 1168 0024 13       		.uleb128 0x13
 1169 0025 00       		.byte	0
 1170 0026 00       		.byte	0
 1171 0027 04       		.uleb128 0x4
 1172 0028 24       		.uleb128 0x24
 1173 0029 00       		.byte	0
 1174 002a 0B       		.uleb128 0xb
 1175 002b 0B       		.uleb128 0xb
 1176 002c 3E       		.uleb128 0x3e
 1177 002d 0B       		.uleb128 0xb
 1178 002e 03       		.uleb128 0x3
 1179 002f 08       		.uleb128 0x8
 1180 0030 00       		.byte	0
 1181 0031 00       		.byte	0
 1182 0032 05       		.uleb128 0x5
 1183 0033 01       		.uleb128 0x1
 1184 0034 01       		.byte	0x1
 1185 0035 49       		.uleb128 0x49
 1186 0036 13       		.uleb128 0x13
 1187 0037 01       		.uleb128 0x1
 1188 0038 13       		.uleb128 0x13
 1189 0039 00       		.byte	0
 1190 003a 00       		.byte	0
 1191 003b 06       		.uleb128 0x6
 1192 003c 21       		.uleb128 0x21
 1193 003d 00       		.byte	0
ARM GAS  C:\Users\jakob\AppData\Local\Temp\ccGt15HU.s 			page 22


 1194 003e 49       		.uleb128 0x49
 1195 003f 13       		.uleb128 0x13
 1196 0040 2F       		.uleb128 0x2f
 1197 0041 05       		.uleb128 0x5
 1198 0042 00       		.byte	0
 1199 0043 00       		.byte	0
 1200 0044 07       		.uleb128 0x7
 1201 0045 26       		.uleb128 0x26
 1202 0046 00       		.byte	0
 1203 0047 49       		.uleb128 0x49
 1204 0048 13       		.uleb128 0x13
 1205 0049 00       		.byte	0
 1206 004a 00       		.byte	0
 1207 004b 08       		.uleb128 0x8
 1208 004c 34       		.uleb128 0x34
 1209 004d 00       		.byte	0
 1210 004e 03       		.uleb128 0x3
 1211 004f 0E       		.uleb128 0xe
 1212 0050 3A       		.uleb128 0x3a
 1213 0051 0B       		.uleb128 0xb
 1214 0052 3B       		.uleb128 0x3b
 1215 0053 0B       		.uleb128 0xb
 1216 0054 49       		.uleb128 0x49
 1217 0055 13       		.uleb128 0x13
 1218 0056 3F       		.uleb128 0x3f
 1219 0057 19       		.uleb128 0x19
 1220 0058 02       		.uleb128 0x2
 1221 0059 18       		.uleb128 0x18
 1222 005a 00       		.byte	0
 1223 005b 00       		.byte	0
 1224 005c 09       		.uleb128 0x9
 1225 005d 21       		.uleb128 0x21
 1226 005e 00       		.byte	0
 1227 005f 49       		.uleb128 0x49
 1228 0060 13       		.uleb128 0x13
 1229 0061 2F       		.uleb128 0x2f
 1230 0062 0B       		.uleb128 0xb
 1231 0063 00       		.byte	0
 1232 0064 00       		.byte	0
 1233 0065 00       		.byte	0
 1234              		.section	.debug_aranges,"",%progbits
 1235 0000 14000000 		.4byte	0x14
 1236 0004 0200     		.2byte	0x2
 1237 0006 00000000 		.4byte	.Ldebug_info0
 1238 000a 04       		.byte	0x4
 1239 000b 00       		.byte	0
 1240 000c 0000     		.2byte	0
 1241 000e 0000     		.2byte	0
 1242 0010 00000000 		.4byte	0
 1243 0014 00000000 		.4byte	0
 1244              		.section	.debug_line,"",%progbits
 1245              	.Ldebug_line0:
 1246 0000 3D010000 		.section	.debug_str,"MS",%progbits,1
 1246      02003701 
 1246      00000201 
 1246      FB0E0D00 
 1246      01010101 
ARM GAS  C:\Users\jakob\AppData\Local\Temp\ccGt15HU.s 			page 23


 1247              	.LASF9:
 1248 0000 5F5F7569 		.ascii	"__uint8_t\000"
 1248      6E74385F 
 1248      7400
 1249              	.LASF16:
 1250 000a 63795F6D 		.ascii	"cy_metadata\000"
 1250      65746164 
 1250      61746100 
 1251              	.LASF0:
 1252 0016 7369676E 		.ascii	"signed char\000"
 1252      65642063 
 1252      68617200 
 1253              	.LASF1:
 1254 0022 756E7369 		.ascii	"unsigned char\000"
 1254      676E6564 
 1254      20636861 
 1254      7200
 1255              	.LASF17:
 1256 0030 474E5520 		.ascii	"GNU C11 5.4.1 20160609 (release) [ARM/embedded-5-br"
 1256      43313120 
 1256      352E342E 
 1256      31203230 
 1256      31363036 
 1257 0063 616E6368 		.ascii	"anch revision 237715] -mcpu=cortex-m3 -mthumb -g -O"
 1257      20726576 
 1257      6973696F 
 1257      6E203233 
 1257      37373135 
 1258 0096 67202D66 		.ascii	"g -ffunction-sections -ffat-lto-objects\000"
 1258      66756E63 
 1258      74696F6E 
 1258      2D736563 
 1258      74696F6E 
 1259              	.LASF5:
 1260 00be 6C6F6E67 		.ascii	"long unsigned int\000"
 1260      20756E73 
 1260      69676E65 
 1260      6420696E 
 1260      7400
 1261              	.LASF3:
 1262 00d0 73686F72 		.ascii	"short unsigned int\000"
 1262      7420756E 
 1262      7369676E 
 1262      65642069 
 1262      6E7400
 1263              	.LASF13:
 1264 00e3 63795F6D 		.ascii	"cy_meta_custnvl\000"
 1264      6574615F 
 1264      63757374 
 1264      6E766C00 
 1265              	.LASF12:
 1266 00f3 63795F6D 		.ascii	"cy_meta_configecc\000"
 1266      6574615F 
 1266      636F6E66 
 1266      69676563 
 1266      6300
 1267              	.LASF8:
ARM GAS  C:\Users\jakob\AppData\Local\Temp\ccGt15HU.s 			page 24


 1268 0105 756E7369 		.ascii	"unsigned int\000"
 1268      676E6564 
 1268      20696E74 
 1268      00
 1269              	.LASF7:
 1270 0112 6C6F6E67 		.ascii	"long long unsigned int\000"
 1270      206C6F6E 
 1270      6720756E 
 1270      7369676E 
 1270      65642069 
 1271              	.LASF10:
 1272 0129 75696E74 		.ascii	"uint8_t\000"
 1272      385F7400 
 1273              	.LASF15:
 1274 0131 63795F6D 		.ascii	"cy_meta_flashprotect\000"
 1274      6574615F 
 1274      666C6173 
 1274      6870726F 
 1274      74656374 
 1275              	.LASF14:
 1276 0146 63795F6D 		.ascii	"cy_meta_wonvl\000"
 1276      6574615F 
 1276      776F6E76 
 1276      6C00
 1277              	.LASF11:
 1278 0154 73697A65 		.ascii	"sizetype\000"
 1278      74797065 
 1278      00
 1279              	.LASF6:
 1280 015d 6C6F6E67 		.ascii	"long long int\000"
 1280      206C6F6E 
 1280      6720696E 
 1280      7400
 1281              	.LASF2:
 1282 016b 73686F72 		.ascii	"short int\000"
 1282      7420696E 
 1282      7400
 1283              	.LASF4:
 1284 0175 6C6F6E67 		.ascii	"long int\000"
 1284      20696E74 
 1284      00
 1285              	.LASF19:
 1286 017e 433A5C55 		.ascii	"C:\\Users\\jakob\\Nextcloud3\\semester2\\GFV\\Journ"
 1286      73657273 
 1286      5C6A616B 
 1286      6F625C4E 
 1286      65787463 
 1287 01ab 616C325C 		.ascii	"al2\\Workspace01\\Journal2.cydsn\000"
 1287      576F726B 
 1287      73706163 
 1287      6530315C 
 1287      4A6F7572 
 1288              	.LASF18:
 1289 01ca 47656E65 		.ascii	"Generated_Source\\PSoC5\\cymetadata.c\000"
 1289      72617465 
 1289      645F536F 
 1289      75726365 
ARM GAS  C:\Users\jakob\AppData\Local\Temp\ccGt15HU.s 			page 25


 1289      5C50536F 
 1290              		.ident	"GCC: (GNU Tools for ARM Embedded Processors) 5.4.1 20160609 (release) [ARM/embedded-5-bran
