ARM GAS  C:\Users\Thomas\AppData\Local\Temp\ccGiDOwF.s 			page 1


   1              		.syntax unified
   2              		.cpu cortex-m3
   3              		.fpu softvfp
   4              		.eabi_attribute 20, 1
   5              		.eabi_attribute 21, 1
   6              		.eabi_attribute 23, 3
   7              		.eabi_attribute 24, 1
   8              		.eabi_attribute 25, 1
   9              		.eabi_attribute 26, 1
  10              		.eabi_attribute 30, 1
  11              		.eabi_attribute 34, 1
  12              		.eabi_attribute 18, 4
  13              		.thumb
  14              		.syntax unified
  15              		.file	"cymetadata.c"
  16              		.text
  17              	.Ltext0:
  18              		.cfi_sections	.debug_frame
  19              		.global	cy_metadata
  20              		.global	cy_meta_flashprotect
  21              		.global	cy_meta_wonvl
  22              		.global	cy_meta_custnvl
  23              		.global	cy_meta_configecc
  24              		.section	.cyconfigecc,"a",%progbits
  25              		.align	2
  26              		.type	cy_meta_configecc, %object
  27              		.size	cy_meta_configecc, 884
  28              	cy_meta_configecc:
  29 0000 02       		.byte	2
  30 0001 52       		.byte	82
  31 0002 00       		.byte	0
  32 0003 40       		.byte	64
  33 0004 03       		.byte	3
  34 0005 65       		.byte	101
  35 0006 00       		.byte	0
  36 0007 40       		.byte	64
  37 0008 01       		.byte	1
  38 0009 09       		.byte	9
  39 000a 01       		.byte	1
  40 000b 40       		.byte	64
  41 000c 01       		.byte	1
  42 000d 0B       		.byte	11
  43 000e 01       		.byte	1
  44 000f 40       		.byte	64
  45 0010 01       		.byte	1
  46 0011 15       		.byte	21
  47 0012 01       		.byte	1
  48 0013 40       		.byte	64
  49 0014 01       		.byte	1
  50 0015 17       		.byte	23
  51 0016 01       		.byte	1
  52 0017 40       		.byte	64
  53 0018 15       		.byte	21
  54 0019 18       		.byte	24
  55 001a 01       		.byte	1
  56 001b 40       		.byte	64
  57 001c 37       		.byte	55
ARM GAS  C:\Users\Thomas\AppData\Local\Temp\ccGiDOwF.s 			page 2


  58 001d 19       		.byte	25
  59 001e 01       		.byte	1
  60 001f 40       		.byte	64
  61 0020 71       		.byte	113
  62 0021 1A       		.byte	26
  63 0022 01       		.byte	1
  64 0023 40       		.byte	64
  65 0024 4C       		.byte	76
  66 0025 1B       		.byte	27
  67 0026 01       		.byte	1
  68 0027 40       		.byte	64
  69 0028 02       		.byte	2
  70 0029 40       		.byte	64
  71 002a 01       		.byte	1
  72 002b 40       		.byte	64
  73 002c 01       		.byte	1
  74 002d 41       		.byte	65
  75 002e 01       		.byte	1
  76 002f 40       		.byte	64
  77 0030 03       		.byte	3
  78 0031 42       		.byte	66
  79 0032 01       		.byte	1
  80 0033 40       		.byte	64
  81 0034 01       		.byte	1
  82 0035 43       		.byte	67
  83 0036 01       		.byte	1
  84 0037 40       		.byte	64
  85 0038 05       		.byte	5
  86 0039 44       		.byte	68
  87 003a 01       		.byte	1
  88 003b 40       		.byte	64
  89 003c 02       		.byte	2
  90 003d 45       		.byte	69
  91 003e 01       		.byte	1
  92 003f 40       		.byte	64
  93 0040 04       		.byte	4
  94 0041 46       		.byte	70
  95 0042 01       		.byte	1
  96 0043 40       		.byte	64
  97 0044 01       		.byte	1
  98 0045 47       		.byte	71
  99 0046 01       		.byte	1
 100 0047 40       		.byte	64
 101 0048 03       		.byte	3
 102 0049 48       		.byte	72
 103 004a 01       		.byte	1
 104 004b 40       		.byte	64
 105 004c 02       		.byte	2
 106 004d 49       		.byte	73
 107 004e 01       		.byte	1
 108 004f 40       		.byte	64
 109 0050 08       		.byte	8
 110 0051 4C       		.byte	76
 111 0052 01       		.byte	1
 112 0053 40       		.byte	64
 113 0054 0B       		.byte	11
 114 0055 4D       		.byte	77
ARM GAS  C:\Users\Thomas\AppData\Local\Temp\ccGiDOwF.s 			page 3


 115 0056 01       		.byte	1
 116 0057 40       		.byte	64
 117 0058 02       		.byte	2
 118 0059 50       		.byte	80
 119 005a 01       		.byte	1
 120 005b 40       		.byte	64
 121 005c 02       		.byte	2
 122 005d 51       		.byte	81
 123 005e 01       		.byte	1
 124 005f 40       		.byte	64
 125 0060 60       		.byte	96
 126 0061 A0       		.byte	-96
 127 0062 61       		.byte	97
 128 0063 30       		.byte	48
 129 0064 88       		.byte	-120
 130 0065 72       		.byte	114
 131 0066 89       		.byte	-119
 132 0067 38       		.byte	56
 133 0068 8B       		.byte	-117
 134 0069 0F       		.byte	15
 135 006a 96       		.byte	-106
 136 006b 02       		.byte	2
 137 006c 8A       		.byte	-118
 138 006d 01       		.byte	1
 139 006e EA       		.byte	-22
 140 006f 01       		.byte	1
 141 0070 E6       		.byte	-26
 142 0071 01       		.byte	1
 143 0072 88       		.byte	-120
 144 0073 08       		.byte	8
 145 0074 91       		.byte	-111
 146 0075 01       		.byte	1
 147 0076 96       		.byte	-106
 148 0077 02       		.byte	2
 149 0078 98       		.byte	-104
 150 0079 01       		.byte	1
 151 007a 9E       		.byte	-98
 152 007b 04       		.byte	4
 153 007c A2       		.byte	-94
 154 007d 02       		.byte	2
 155 007e A8       		.byte	-88
 156 007f 01       		.byte	1
 157 0080 AC       		.byte	-84
 158 0081 01       		.byte	1
 159 0082 B0       		.byte	-80
 160 0083 02       		.byte	2
 161 0084 B2       		.byte	-78
 162 0085 04       		.byte	4
 163 0086 B4       		.byte	-76
 164 0087 01       		.byte	1
 165 0088 B5       		.byte	-75
 166 0089 01       		.byte	1
 167 008a B6       		.byte	-74
 168 008b 08       		.byte	8
 169 008c BE       		.byte	-66
 170 008d 41       		.byte	65
 171 008e BF       		.byte	-65
ARM GAS  C:\Users\Thomas\AppData\Local\Temp\ccGiDOwF.s 			page 4


 172 008f 10       		.byte	16
 173 0090 D4       		.byte	-44
 174 0091 18       		.byte	24
 175 0092 D6       		.byte	-42
 176 0093 04       		.byte	4
 177 0094 D8       		.byte	-40
 178 0095 04       		.byte	4
 179 0096 D9       		.byte	-39
 180 0097 04       		.byte	4
 181 0098 DB       		.byte	-37
 182 0099 04       		.byte	4
 183 009a DF       		.byte	-33
 184 009b 01       		.byte	1
 185 009c 01       		.byte	1
 186 009d 20       		.byte	32
 187 009e 04       		.byte	4
 188 009f 20       		.byte	32
 189 00a0 05       		.byte	5
 190 00a1 45       		.byte	69
 191 00a2 09       		.byte	9
 192 00a3 04       		.byte	4
 193 00a4 0A       		.byte	10
 194 00a5 05       		.byte	5
 195 00a6 0E       		.byte	14
 196 00a7 09       		.byte	9
 197 00a8 0F       		.byte	15
 198 00a9 20       		.byte	32
 199 00aa 10       		.byte	16
 200 00ab 82       		.byte	-126
 201 00ac 11       		.byte	17
 202 00ad 10       		.byte	16
 203 00ae 17       		.byte	23
 204 00af 66       		.byte	102
 205 00b0 19       		.byte	25
 206 00b1 10       		.byte	16
 207 00b2 1A       		.byte	26
 208 00b3 02       		.byte	2
 209 00b4 1B       		.byte	27
 210 00b5 15       		.byte	21
 211 00b6 1C       		.byte	28
 212 00b7 10       		.byte	16
 213 00b8 1D       		.byte	29
 214 00b9 E1       		.byte	-31
 215 00ba 1E       		.byte	30
 216 00bb 08       		.byte	8
 217 00bc 1F       		.byte	31
 218 00bd 61       		.byte	97
 219 00be 23       		.byte	35
 220 00bf 04       		.byte	4
 221 00c0 24       		.byte	36
 222 00c1 40       		.byte	64
 223 00c2 25       		.byte	37
 224 00c3 04       		.byte	4
 225 00c4 26       		.byte	38
 226 00c5 02       		.byte	2
 227 00c6 27       		.byte	39
 228 00c7 41       		.byte	65
ARM GAS  C:\Users\Thomas\AppData\Local\Temp\ccGiDOwF.s 			page 5


 229 00c8 2E       		.byte	46
 230 00c9 81       		.byte	-127
 231 00ca 2F       		.byte	47
 232 00cb 28       		.byte	40
 233 00cc 33       		.byte	51
 234 00cd 02       		.byte	2
 235 00ce 35       		.byte	53
 236 00cf 51       		.byte	81
 237 00d0 37       		.byte	55
 238 00d1 04       		.byte	4
 239 00d2 3C       		.byte	60
 240 00d3 40       		.byte	64
 241 00d4 3E       		.byte	62
 242 00d5 22       		.byte	34
 243 00d6 3F       		.byte	63
 244 00d7 08       		.byte	8
 245 00d8 45       		.byte	69
 246 00d9 A4       		.byte	-92
 247 00da 4C       		.byte	76
 248 00db 81       		.byte	-127
 249 00dc 4F       		.byte	79
 250 00dd 20       		.byte	32
 251 00de 57       		.byte	87
 252 00df 40       		.byte	64
 253 00e0 5B       		.byte	91
 254 00e1 01       		.byte	1
 255 00e2 5C       		.byte	92
 256 00e3 10       		.byte	16
 257 00e4 60       		.byte	96
 258 00e5 84       		.byte	-124
 259 00e6 63       		.byte	99
 260 00e7 02       		.byte	2
 261 00e8 6C       		.byte	108
 262 00e9 02       		.byte	2
 263 00ea 6D       		.byte	109
 264 00eb 10       		.byte	16
 265 00ec 6E       		.byte	110
 266 00ed 04       		.byte	4
 267 00ee 76       		.byte	118
 268 00ef 22       		.byte	34
 269 00f0 77       		.byte	119
 270 00f1 26       		.byte	38
 271 00f2 80       		.byte	-128
 272 00f3 80       		.byte	-128
 273 00f4 96       		.byte	-106
 274 00f5 02       		.byte	2
 275 00f6 C0       		.byte	-64
 276 00f7 F2       		.byte	-14
 277 00f8 C2       		.byte	-62
 278 00f9 E7       		.byte	-25
 279 00fa C4       		.byte	-60
 280 00fb FB       		.byte	-5
 281 00fc CA       		.byte	-54
 282 00fd F0       		.byte	-16
 283 00fe CC       		.byte	-52
 284 00ff F1       		.byte	-15
 285 0100 CE       		.byte	-50
ARM GAS  C:\Users\Thomas\AppData\Local\Temp\ccGiDOwF.s 			page 6


 286 0101 F0       		.byte	-16
 287 0102 D0       		.byte	-48
 288 0103 70       		.byte	112
 289 0104 D2       		.byte	-46
 290 0105 30       		.byte	48
 291 0106 D6       		.byte	-42
 292 0107 21       		.byte	33
 293 0108 D8       		.byte	-40
 294 0109 0D       		.byte	13
 295 010a 04       		.byte	4
 296 010b 10       		.byte	16
 297 010c 05       		.byte	5
 298 010d 80       		.byte	-128
 299 010e 06       		.byte	6
 300 010f AC       		.byte	-84
 301 0110 07       		.byte	7
 302 0111 13       		.byte	19
 303 0112 09       		.byte	9
 304 0113 71       		.byte	113
 305 0114 0B       		.byte	11
 306 0115 06       		.byte	6
 307 0116 0C       		.byte	12
 308 0117 0C       		.byte	12
 309 0118 0E       		.byte	14
 310 0119 71       		.byte	113
 311 011a 0F       		.byte	15
 312 011b 0C       		.byte	12
 313 011c 10       		.byte	16
 314 011d 09       		.byte	9
 315 011e 12       		.byte	18
 316 011f D0       		.byte	-48
 317 0120 14       		.byte	20
 318 0121 DC       		.byte	-36
 319 0122 15       		.byte	21
 320 0123 2C       		.byte	44
 321 0124 16       		.byte	22
 322 0125 22       		.byte	34
 323 0126 17       		.byte	23
 324 0127 43       		.byte	67
 325 0128 1A       		.byte	26
 326 0129 03       		.byte	3
 327 012a 1F       		.byte	31
 328 012b 08       		.byte	8
 329 012c 20       		.byte	32
 330 012d 10       		.byte	16
 331 012e 21       		.byte	33
 332 012f 71       		.byte	113
 333 0130 22       		.byte	34
 334 0131 40       		.byte	64
 335 0132 23       		.byte	35
 336 0133 0E       		.byte	14
 337 0134 24       		.byte	36
 338 0135 14       		.byte	20
 339 0136 2A       		.byte	42
 340 0137 20       		.byte	32
 341 0138 30       		.byte	48
 342 0139 E0       		.byte	-32
ARM GAS  C:\Users\Thomas\AppData\Local\Temp\ccGiDOwF.s 			page 7


 343 013a 31       		.byte	49
 344 013b C0       		.byte	-64
 345 013c 33       		.byte	51
 346 013d 0F       		.byte	15
 347 013e 34       		.byte	52
 348 013f 1F       		.byte	31
 349 0140 36       		.byte	54
 350 0141 E0       		.byte	-32
 351 0142 37       		.byte	55
 352 0143 30       		.byte	48
 353 0144 39       		.byte	57
 354 0145 82       		.byte	-126
 355 0146 3A       		.byte	58
 356 0147 82       		.byte	-126
 357 0148 3B       		.byte	59
 358 0149 08       		.byte	8
 359 014a 3F       		.byte	63
 360 014b 40       		.byte	64
 361 014c 40       		.byte	64
 362 014d 01       		.byte	1
 363 014e 45       		.byte	69
 364 014f 40       		.byte	64
 365 0150 49       		.byte	73
 366 0151 FF       		.byte	-1
 367 0152 4A       		.byte	74
 368 0153 07       		.byte	7
 369 0154 4B       		.byte	75
 370 0155 FF       		.byte	-1
 371 0156 4C       		.byte	76
 372 0157 40       		.byte	64
 373 0158 4D       		.byte	77
 374 0159 20       		.byte	32
 375 015a 4E       		.byte	78
 376 015b F0       		.byte	-16
 377 015c 4F       		.byte	79
 378 015d 05       		.byte	5
 379 015e 50       		.byte	80
 380 015f 08       		.byte	8
 381 0160 58       		.byte	88
 382 0161 04       		.byte	4
 383 0162 59       		.byte	89
 384 0163 04       		.byte	4
 385 0164 5A       		.byte	90
 386 0165 04       		.byte	4
 387 0166 5F       		.byte	95
 388 0167 01       		.byte	1
 389 0168 60       		.byte	96
 390 0169 40       		.byte	64
 391 016a 61       		.byte	97
 392 016b A8       		.byte	-88
 393 016c 62       		.byte	98
 394 016d 40       		.byte	64
 395 016e 63       		.byte	99
 396 016f 20       		.byte	32
 397 0170 80       		.byte	-128
 398 0171 13       		.byte	19
 399 0172 81       		.byte	-127
ARM GAS  C:\Users\Thomas\AppData\Local\Temp\ccGiDOwF.s 			page 8


 400 0173 08       		.byte	8
 401 0174 82       		.byte	-126
 402 0175 04       		.byte	4
 403 0176 83       		.byte	-125
 404 0177 14       		.byte	20
 405 0178 84       		.byte	-124
 406 0179 20       		.byte	32
 407 017a 85       		.byte	-123
 408 017b 18       		.byte	24
 409 017c 86       		.byte	-122
 410 017d C0       		.byte	-64
 411 017e 88       		.byte	-120
 412 017f 80       		.byte	-128
 413 0180 89       		.byte	-119
 414 0181 18       		.byte	24
 415 0182 8A       		.byte	-118
 416 0183 20       		.byte	32
 417 0184 8E       		.byte	-114
 418 0185 15       		.byte	21
 419 0186 8F       		.byte	-113
 420 0187 20       		.byte	32
 421 0188 92       		.byte	-110
 422 0189 08       		.byte	8
 423 018a 93       		.byte	-109
 424 018b 01       		.byte	1
 425 018c 94       		.byte	-108
 426 018d 0A       		.byte	10
 427 018e 95       		.byte	-107
 428 018f 10       		.byte	16
 429 0190 96       		.byte	-106
 430 0191 14       		.byte	20
 431 0192 97       		.byte	-105
 432 0193 0C       		.byte	12
 433 0194 98       		.byte	-104
 434 0195 E0       		.byte	-32
 435 0196 9C       		.byte	-100
 436 0197 03       		.byte	3
 437 0198 9E       		.byte	-98
 438 0199 14       		.byte	20
 439 019a 9F       		.byte	-97
 440 019b 20       		.byte	32
 441 019c A1       		.byte	-95
 442 019d 01       		.byte	1
 443 019e A4       		.byte	-92
 444 019f 13       		.byte	19
 445 01a0 A5       		.byte	-91
 446 01a1 01       		.byte	1
 447 01a2 A6       		.byte	-90
 448 01a3 0C       		.byte	12
 449 01a4 A8       		.byte	-88
 450 01a5 E0       		.byte	-32
 451 01a6 AB       		.byte	-85
 452 01a7 02       		.byte	2
 453 01a8 AC       		.byte	-84
 454 01a9 40       		.byte	64
 455 01aa AE       		.byte	-82
 456 01ab 20       		.byte	32
ARM GAS  C:\Users\Thomas\AppData\Local\Temp\ccGiDOwF.s 			page 9


 457 01ac AF       		.byte	-81
 458 01ad 01       		.byte	1
 459 01ae B0       		.byte	-80
 460 01af 10       		.byte	16
 461 01b0 B1       		.byte	-79
 462 01b1 01       		.byte	1
 463 01b2 B2       		.byte	-78
 464 01b3 E0       		.byte	-32
 465 01b4 B3       		.byte	-77
 466 01b5 18       		.byte	24
 467 01b6 B4       		.byte	-76
 468 01b7 0F       		.byte	15
 469 01b8 B5       		.byte	-75
 470 01b9 20       		.byte	32
 471 01ba B7       		.byte	-73
 472 01bb 06       		.byte	6
 473 01bc B9       		.byte	-71
 474 01bd 02       		.byte	2
 475 01be BA       		.byte	-70
 476 01bf 20       		.byte	32
 477 01c0 BE       		.byte	-66
 478 01c1 01       		.byte	1
 479 01c2 BF       		.byte	-65
 480 01c3 50       		.byte	80
 481 01c4 C0       		.byte	-64
 482 01c5 26       		.byte	38
 483 01c6 C1       		.byte	-63
 484 01c7 05       		.byte	5
 485 01c8 C6       		.byte	-58
 486 01c9 0C       		.byte	12
 487 01ca C7       		.byte	-57
 488 01cb EB       		.byte	-21
 489 01cc C8       		.byte	-56
 490 01cd 34       		.byte	52
 491 01ce C9       		.byte	-55
 492 01cf FF       		.byte	-1
 493 01d0 CA       		.byte	-54
 494 01d1 FF       		.byte	-1
 495 01d2 CB       		.byte	-53
 496 01d3 FF       		.byte	-1
 497 01d4 CE       		.byte	-50
 498 01d5 F0       		.byte	-16
 499 01d6 CF       		.byte	-49
 500 01d7 44       		.byte	68
 501 01d8 D0       		.byte	-48
 502 01d9 0C       		.byte	12
 503 01da D4       		.byte	-44
 504 01db 01       		.byte	1
 505 01dc D8       		.byte	-40
 506 01dd 04       		.byte	4
 507 01de D9       		.byte	-39
 508 01df 04       		.byte	4
 509 01e0 DA       		.byte	-38
 510 01e1 04       		.byte	4
 511 01e2 DB       		.byte	-37
 512 01e3 04       		.byte	4
 513 01e4 DF       		.byte	-33
ARM GAS  C:\Users\Thomas\AppData\Local\Temp\ccGiDOwF.s 			page 10


 514 01e5 01       		.byte	1
 515 01e6 E6       		.byte	-26
 516 01e7 C0       		.byte	-64
 517 01e8 EA       		.byte	-22
 518 01e9 40       		.byte	64
 519 01ea EB       		.byte	-21
 520 01eb 02       		.byte	2
 521 01ec 00       		.byte	0
 522 01ed 48       		.byte	72
 523 01ee 04       		.byte	4
 524 01ef A0       		.byte	-96
 525 01f0 05       		.byte	5
 526 01f1 05       		.byte	5
 527 01f2 09       		.byte	9
 528 01f3 08       		.byte	8
 529 01f4 0A       		.byte	10
 530 01f5 08       		.byte	8
 531 01f6 0B       		.byte	11
 532 01f7 40       		.byte	64
 533 01f8 0D       		.byte	13
 534 01f9 88       		.byte	-120
 535 01fa 0E       		.byte	14
 536 01fb 04       		.byte	4
 537 01fc 0F       		.byte	15
 538 01fd 40       		.byte	64
 539 01fe 10       		.byte	16
 540 01ff 88       		.byte	-120
 541 0200 11       		.byte	17
 542 0201 08       		.byte	8
 543 0202 15       		.byte	21
 544 0203 10       		.byte	16
 545 0204 16       		.byte	22
 546 0205 22       		.byte	34
 547 0206 18       		.byte	24
 548 0207 40       		.byte	64
 549 0208 19       		.byte	25
 550 0209 21       		.byte	33
 551 020a 1A       		.byte	26
 552 020b 0A       		.byte	10
 553 020c 1C       		.byte	28
 554 020d 08       		.byte	8
 555 020e 1D       		.byte	29
 556 020f 24       		.byte	36
 557 0210 1E       		.byte	30
 558 0211 40       		.byte	64
 559 0212 1F       		.byte	31
 560 0213 18       		.byte	24
 561 0214 20       		.byte	32
 562 0215 01       		.byte	1
 563 0216 21       		.byte	33
 564 0217 08       		.byte	8
 565 0218 23       		.byte	35
 566 0219 40       		.byte	64
 567 021a 24       		.byte	36
 568 021b 26       		.byte	38
 569 021c 26       		.byte	38
 570 021d 08       		.byte	8
ARM GAS  C:\Users\Thomas\AppData\Local\Temp\ccGiDOwF.s 			page 11


 571 021e 27       		.byte	39
 572 021f 60       		.byte	96
 573 0220 29       		.byte	41
 574 0221 01       		.byte	1
 575 0222 2F       		.byte	47
 576 0223 69       		.byte	105
 577 0224 30       		.byte	48
 578 0225 80       		.byte	-128
 579 0226 31       		.byte	49
 580 0227 08       		.byte	8
 581 0228 36       		.byte	54
 582 0229 0A       		.byte	10
 583 022a 37       		.byte	55
 584 022b 40       		.byte	64
 585 022c 38       		.byte	56
 586 022d 08       		.byte	8
 587 022e 3A       		.byte	58
 588 022f 20       		.byte	32
 589 0230 3B       		.byte	59
 590 0231 60       		.byte	96
 591 0232 3D       		.byte	61
 592 0233 12       		.byte	18
 593 0234 3E       		.byte	62
 594 0235 07       		.byte	7
 595 0236 3F       		.byte	63
 596 0237 80       		.byte	-128
 597 0238 40       		.byte	64
 598 0239 01       		.byte	1
 599 023a 45       		.byte	69
 600 023b 20       		.byte	32
 601 023c 48       		.byte	72
 602 023d 80       		.byte	-128
 603 023e 4C       		.byte	76
 604 023f 04       		.byte	4
 605 0240 4E       		.byte	78
 606 0241 01       		.byte	1
 607 0242 50       		.byte	80
 608 0243 4C       		.byte	76
 609 0244 55       		.byte	85
 610 0245 84       		.byte	-124
 611 0246 57       		.byte	87
 612 0247 02       		.byte	2
 613 0248 5C       		.byte	92
 614 0249 10       		.byte	16
 615 024a 5E       		.byte	94
 616 024b 42       		.byte	66
 617 024c 5F       		.byte	95
 618 024d 04       		.byte	4
 619 024e 7A       		.byte	122
 620 024f 01       		.byte	1
 621 0250 7B       		.byte	123
 622 0251 02       		.byte	2
 623 0252 80       		.byte	-128
 624 0253 10       		.byte	16
 625 0254 81       		.byte	-127
 626 0255 80       		.byte	-128
 627 0256 8A       		.byte	-118
ARM GAS  C:\Users\Thomas\AppData\Local\Temp\ccGiDOwF.s 			page 12


 628 0257 80       		.byte	-128
 629 0258 8B       		.byte	-117
 630 0259 20       		.byte	32
 631 025a 8D       		.byte	-115
 632 025b 01       		.byte	1
 633 025c 91       		.byte	-111
 634 025d 10       		.byte	16
 635 025e 92       		.byte	-110
 636 025f 04       		.byte	4
 637 0260 93       		.byte	-109
 638 0261 86       		.byte	-122
 639 0262 94       		.byte	-108
 640 0263 26       		.byte	38
 641 0264 96       		.byte	-106
 642 0265 01       		.byte	1
 643 0266 9D       		.byte	-99
 644 0267 24       		.byte	36
 645 0268 9E       		.byte	-98
 646 0269 80       		.byte	-128
 647 026a A2       		.byte	-94
 648 026b 02       		.byte	2
 649 026c A3       		.byte	-93
 650 026d 60       		.byte	96
 651 026e A7       		.byte	-89
 652 026f 0A       		.byte	10
 653 0270 C0       		.byte	-64
 654 0271 F5       		.byte	-11
 655 0272 C2       		.byte	-62
 656 0273 FE       		.byte	-2
 657 0274 C4       		.byte	-60
 658 0275 EE       		.byte	-18
 659 0276 CA       		.byte	-54
 660 0277 F1       		.byte	-15
 661 0278 CC       		.byte	-52
 662 0279 DA       		.byte	-38
 663 027a CE       		.byte	-50
 664 027b FE       		.byte	-2
 665 027c D0       		.byte	-48
 666 027d 28       		.byte	40
 667 027e D2       		.byte	-46
 668 027f 30       		.byte	48
 669 0280 D6       		.byte	-42
 670 0281 F0       		.byte	-16
 671 0282 EA       		.byte	-22
 672 0283 01       		.byte	1
 673 0284 32       		.byte	50
 674 0285 40       		.byte	64
 675 0286 CC       		.byte	-52
 676 0287 10       		.byte	16
 677 0288 96       		.byte	-106
 678 0289 80       		.byte	-128
 679 028a 3E       		.byte	62
 680 028b 10       		.byte	16
 681 028c 96       		.byte	-106
 682 028d 80       		.byte	-128
 683 028e CE       		.byte	-50
 684 028f 20       		.byte	32
ARM GAS  C:\Users\Thomas\AppData\Local\Temp\ccGiDOwF.s 			page 13


 685 0290 96       		.byte	-106
 686 0291 90       		.byte	-112
 687 0292 10       		.byte	16
 688 0293 10       		.byte	16
 689 0294 14       		.byte	20
 690 0295 20       		.byte	32
 691 0296 74       		.byte	116
 692 0297 04       		.byte	4
 693 0298 C4       		.byte	-60
 694 0299 0C       		.byte	12
 695 029a DE       		.byte	-34
 696 029b 04       		.byte	4
 697 029c 98       		.byte	-104
 698 029d 30       		.byte	48
 699 029e A4       		.byte	-92
 700 029f 04       		.byte	4
 701 02a0 88       		.byte	-120
 702 02a1 04       		.byte	4
 703 02a2 98       		.byte	-104
 704 02a3 30       		.byte	48
 705 02a4 A4       		.byte	-92
 706 02a5 04       		.byte	4
 707 02a6 E0       		.byte	-32
 708 02a7 04       		.byte	4
 709 02a8 98       		.byte	-104
 710 02a9 30       		.byte	48
 711 02aa 82       		.byte	-126
 712 02ab 40       		.byte	64
 713 02ac 96       		.byte	-106
 714 02ad 90       		.byte	-112
 715 02ae E6       		.byte	-26
 716 02af 80       		.byte	-128
 717 02b0 AA       		.byte	-86
 718 02b1 10       		.byte	16
 719 02b2 EA       		.byte	-22
 720 02b3 80       		.byte	-128
 721 02b4 10       		.byte	16
 722 02b5 40       		.byte	64
 723 02b6 13       		.byte	19
 724 02b7 20       		.byte	32
 725 02b8 16       		.byte	22
 726 02b9 20       		.byte	32
 727 02ba 78       		.byte	120
 728 02bb 10       		.byte	16
 729 02bc 7C       		.byte	124
 730 02bd 20       		.byte	32
 731 02be 98       		.byte	-104
 732 02bf 30       		.byte	48
 733 02c0 C4       		.byte	-60
 734 02c1 0E       		.byte	14
 735 02c2 DE       		.byte	-34
 736 02c3 03       		.byte	3
 737 02c4 12       		.byte	18
 738 02c5 20       		.byte	32
 739 02c6 76       		.byte	118
 740 02c7 20       		.byte	32
 741 02c8 78       		.byte	120
ARM GAS  C:\Users\Thomas\AppData\Local\Temp\ccGiDOwF.s 			page 14


 742 02c9 40       		.byte	64
 743 02ca 8E       		.byte	-114
 744 02cb 20       		.byte	32
 745 02cc 98       		.byte	-104
 746 02cd 40       		.byte	64
 747 02ce 9A       		.byte	-102
 748 02cf 20       		.byte	32
 749 02d0 AB       		.byte	-85
 750 02d1 20       		.byte	32
 751 02d2 C4       		.byte	-60
 752 02d3 08       		.byte	8
 753 02d4 DC       		.byte	-36
 754 02d5 01       		.byte	1
 755 02d6 DE       		.byte	-34
 756 02d7 04       		.byte	4
 757 02d8 E2       		.byte	-30
 758 02d9 08       		.byte	8
 759 02da 10       		.byte	16
 760 02db 01       		.byte	1
 761 02dc 1C       		.byte	28
 762 02dd 01       		.byte	1
 763 02de 00       		.byte	0
 764 02df 03       		.byte	3
 765 02e0 03       		.byte	3
 766 02e1 C0       		.byte	-64
 767 02e2 00       		.byte	0
 768 02e3 00       		.byte	0
 769 02e4 1F       		.byte	31
 770 02e5 10       		.byte	16
 771 02e6 20       		.byte	32
 772 02e7 00       		.byte	0
 773 02e8 03       		.byte	3
 774 02e9 00       		.byte	0
 775 02ea 00       		.byte	0
 776 02eb 04       		.byte	4
 777 02ec 02       		.byte	2
 778 02ed 18       		.byte	24
 779 02ee 00       		.byte	0
 780 02ef 00       		.byte	0
 781 02f0 3F       		.byte	63
 782 02f1 3C       		.byte	60
 783 02f2 00       		.byte	0
 784 02f3 C2       		.byte	-62
 785 02f4 00       		.byte	0
 786 02f5 1C       		.byte	28
 787 02f6 00       		.byte	0
 788 02f7 E1       		.byte	-31
 789 02f8 00       		.byte	0
 790 02f9 08       		.byte	8
 791 02fa 23       		.byte	35
 792 02fb 00       		.byte	0
 793 02fc 33       		.byte	51
 794 02fd 00       		.byte	0
 795 02fe 0C       		.byte	12
 796 02ff E3       		.byte	-29
 797 0300 01       		.byte	1
 798 0301 FF       		.byte	-1
ARM GAS  C:\Users\Thomas\AppData\Local\Temp\ccGiDOwF.s 			page 15


 799 0302 00       		.byte	0
 800 0303 00       		.byte	0
 801 0304 08       		.byte	8
 802 0305 44       		.byte	68
 803 0306 00       		.byte	0
 804 0307 00       		.byte	0
 805 0308 04       		.byte	4
 806 0309 E7       		.byte	-25
 807 030a 00       		.byte	0
 808 030b 18       		.byte	24
 809 030c 0C       		.byte	12
 810 030d C0       		.byte	-64
 811 030e 00       		.byte	0
 812 030f 00       		.byte	0
 813 0310 1C       		.byte	28
 814 0311 80       		.byte	-128
 815 0312 23       		.byte	35
 816 0313 00       		.byte	0
 817 0314 2C       		.byte	44
 818 0315 1F       		.byte	31
 819 0316 10       		.byte	16
 820 0317 38       		.byte	56
 821 0318 0F       		.byte	15
 822 0319 00       		.byte	0
 823 031a 00       		.byte	0
 824 031b C0       		.byte	-64
 825 031c 00       		.byte	0
 826 031d 00       		.byte	0
 827 031e A2       		.byte	-94
 828 031f 02       		.byte	2
 829 0320 00       		.byte	0
 830 0321 00       		.byte	0
 831 0322 04       		.byte	4
 832 0323 00       		.byte	0
 833 0324 26       		.byte	38
 834 0325 01       		.byte	1
 835 0326 03       		.byte	3
 836 0327 00       		.byte	0
 837 0328 05       		.byte	5
 838 0329 C0       		.byte	-64
 839 032a 0E       		.byte	14
 840 032b 00       		.byte	0
 841 032c 06       		.byte	6
 842 032d FF       		.byte	-1
 843 032e FF       		.byte	-1
 844 032f FF       		.byte	-1
 845 0330 62       		.byte	98
 846 0331 A0       		.byte	-96
 847 0332 F0       		.byte	-16
 848 0333 41       		.byte	65
 849 0334 0C       		.byte	12
 850 0335 00       		.byte	0
 851 0336 00       		.byte	0
 852 0337 00       		.byte	0
 853 0338 00       		.byte	0
 854 0339 00       		.byte	0
 855 033a 02       		.byte	2
ARM GAS  C:\Users\Thomas\AppData\Local\Temp\ccGiDOwF.s 			page 16


 856 033b 11       		.byte	17
 857 033c 04       		.byte	4
 858 033d 04       		.byte	4
 859 033e 04       		.byte	4
 860 033f 04       		.byte	4
 861 0340 00       		.byte	0
 862 0341 00       		.byte	0
 863 0342 00       		.byte	0
 864 0343 01       		.byte	1
 865 0344 00       		.byte	0
 866 0345 00       		.byte	0
 867 0346 00       		.byte	0
 868 0347 00       		.byte	0
 869 0348 00       		.byte	0
 870 0349 00       		.byte	0
 871 034a 40       		.byte	64
 872 034b 02       		.byte	2
 873 034c 00       		.byte	0
 874 034d 10       		.byte	16
 875 034e 30       		.byte	48
 876 034f 10       		.byte	16
 877 0350 00       		.byte	0
 878 0351 10       		.byte	16
 879 0352 10       		.byte	16
 880 0353 12       		.byte	18
 881 0354 00       		.byte	0
 882 0355 00       		.byte	0
 883 0356 00       		.byte	0
 884 0357 00       		.byte	0
 885 0358 00       		.byte	0
 886 0359 00       		.byte	0
 887 035a 00       		.byte	0
 888 035b 00       		.byte	0
 889 035c 00       		.byte	0
 890 035d 00       		.byte	0
 891 035e 00       		.byte	0
 892 035f 00       		.byte	0
 893 0360 00       		.byte	0
 894 0361 00       		.byte	0
 895 0362 00       		.byte	0
 896 0363 00       		.byte	0
 897 0364 40       		.byte	64
 898 0365 80       		.byte	-128
 899 0366 B0       		.byte	-80
 900 0367 00       		.byte	0
 901 0368 B0       		.byte	-80
 902 0369 00       		.byte	0
 903 036a 00       		.byte	0
 904 036b 00       		.byte	0
 905 036c 00       		.byte	0
 906 036d 0B       		.byte	11
 907 036e 0B       		.byte	11
 908 036f 00       		.byte	0
 909 0370 00       		.byte	0
 910 0371 00       		.byte	0
 911 0372 00       		.byte	0
 912 0373 00       		.byte	0
ARM GAS  C:\Users\Thomas\AppData\Local\Temp\ccGiDOwF.s 			page 17


 913              		.section	.cywolatch,"a",%progbits
 914              		.align	2
 915              		.type	cy_meta_wonvl, %object
 916              		.size	cy_meta_wonvl, 4
 917              	cy_meta_wonvl:
 918 0000 BC       		.byte	-68
 919 0001 90       		.byte	-112
 920 0002 AC       		.byte	-84
 921 0003 AF       		.byte	-81
 922              		.section	.cycustnvl,"a",%progbits
 923              		.align	2
 924              		.type	cy_meta_custnvl, %object
 925              		.size	cy_meta_custnvl, 4
 926              	cy_meta_custnvl:
 927 0000 00       		.byte	0
 928 0001 00       		.byte	0
 929 0002 40       		.byte	64
 930 0003 05       		.byte	5
 931              		.section	.cymeta,"a",%progbits
 932              		.align	2
 933              		.type	cy_metadata, %object
 934              		.size	cy_metadata, 12
 935              	cy_metadata:
 936 0000 00       		.byte	0
 937 0001 01       		.byte	1
 938 0002 2E       		.byte	46
 939 0003 16       		.byte	22
 940 0004 10       		.byte	16
 941 0005 69       		.byte	105
 942 0006 00       		.byte	0
 943 0007 01       		.byte	1
 944 0008 00       		.byte	0
 945 0009 00       		.byte	0
 946 000a 00       		.byte	0
 947 000b 00       		.byte	0
 948              		.section	.cyflashprotect,"a",%progbits
 949              		.align	2
 950              		.type	cy_meta_flashprotect, %object
 951              		.size	cy_meta_flashprotect, 256
 952              	cy_meta_flashprotect:
 953 0000 00000000 		.space	256
 953      00000000 
 953      00000000 
 953      00000000 
 953      00000000 
 954              		.text
 955              	.Letext0:
 956              		.file 1 "c:\\program files (x86)\\cypress\\psoc creator\\4.4\\psoc creator\\import\\gnu\\arm\\5.4.
 957              		.file 2 "c:\\program files (x86)\\cypress\\psoc creator\\4.4\\psoc creator\\import\\gnu\\arm\\5.4.
 958              		.file 3 "Generated_Source\\PSoC5\\cymetadata.c"
 959              		.section	.debug_info,"",%progbits
 960              	.Ldebug_info0:
 961 0000 31010000 		.4byte	0x131
 962 0004 0400     		.2byte	0x4
 963 0006 00000000 		.4byte	.Ldebug_abbrev0
 964 000a 04       		.byte	0x4
 965 000b 01       		.uleb128 0x1
ARM GAS  C:\Users\Thomas\AppData\Local\Temp\ccGiDOwF.s 			page 18


 966 000c 24000000 		.4byte	.LASF17
 967 0010 0C       		.byte	0xc
 968 0011 CF010000 		.4byte	.LASF18
 969 0015 3A010000 		.4byte	.LASF19
 970 0019 00000000 		.4byte	.Ldebug_line0
 971 001d 02       		.uleb128 0x2
 972 001e 01       		.byte	0x1
 973 001f 06       		.byte	0x6
 974 0020 C3010000 		.4byte	.LASF0
 975 0024 03       		.uleb128 0x3
 976 0025 00000000 		.4byte	.LASF9
 977 0029 01       		.byte	0x1
 978 002a 1D       		.byte	0x1d
 979 002b 2F000000 		.4byte	0x2f
 980 002f 02       		.uleb128 0x2
 981 0030 01       		.byte	0x1
 982 0031 08       		.byte	0x8
 983 0032 16000000 		.4byte	.LASF1
 984 0036 02       		.uleb128 0x2
 985 0037 02       		.byte	0x2
 986 0038 05       		.byte	0x5
 987 0039 B0010000 		.4byte	.LASF2
 988 003d 02       		.uleb128 0x2
 989 003e 02       		.byte	0x2
 990 003f 07       		.byte	0x7
 991 0040 C4000000 		.4byte	.LASF3
 992 0044 02       		.uleb128 0x2
 993 0045 04       		.byte	0x4
 994 0046 05       		.byte	0x5
 995 0047 BA010000 		.4byte	.LASF4
 996 004b 02       		.uleb128 0x2
 997 004c 04       		.byte	0x4
 998 004d 07       		.byte	0x7
 999 004e B2000000 		.4byte	.LASF5
 1000 0052 02       		.uleb128 0x2
 1001 0053 08       		.byte	0x8
 1002 0054 05       		.byte	0x5
 1003 0055 94010000 		.4byte	.LASF6
 1004 0059 02       		.uleb128 0x2
 1005 005a 08       		.byte	0x8
 1006 005b 07       		.byte	0x7
 1007 005c 06010000 		.4byte	.LASF7
 1008 0060 04       		.uleb128 0x4
 1009 0061 04       		.byte	0x4
 1010 0062 05       		.byte	0x5
 1011 0063 696E7400 		.ascii	"int\000"
 1012 0067 02       		.uleb128 0x2
 1013 0068 04       		.byte	0x4
 1014 0069 07       		.byte	0x7
 1015 006a F9000000 		.4byte	.LASF8
 1016 006e 03       		.uleb128 0x3
 1017 006f 1D010000 		.4byte	.LASF10
 1018 0073 02       		.byte	0x2
 1019 0074 18       		.byte	0x18
 1020 0075 24000000 		.4byte	0x24
 1021 0079 05       		.uleb128 0x5
 1022 007a 91000000 		.4byte	0x91
ARM GAS  C:\Users\Thomas\AppData\Local\Temp\ccGiDOwF.s 			page 19


 1023 007e 8A000000 		.4byte	0x8a
 1024 0082 06       		.uleb128 0x6
 1025 0083 8A000000 		.4byte	0x8a
 1026 0087 7303     		.2byte	0x373
 1027 0089 00       		.byte	0
 1028 008a 02       		.uleb128 0x2
 1029 008b 04       		.byte	0x4
 1030 008c 07       		.byte	0x7
 1031 008d 8B010000 		.4byte	.LASF11
 1032 0091 07       		.uleb128 0x7
 1033 0092 6E000000 		.4byte	0x6e
 1034 0096 08       		.uleb128 0x8
 1035 0097 E7000000 		.4byte	.LASF12
 1036 009b 03       		.byte	0x3
 1037 009c 1F       		.byte	0x1f
 1038 009d A7000000 		.4byte	0xa7
 1039 00a1 05       		.uleb128 0x5
 1040 00a2 03       		.byte	0x3
 1041 00a3 00000000 		.4byte	cy_meta_configecc
 1042 00a7 07       		.uleb128 0x7
 1043 00a8 79000000 		.4byte	0x79
 1044 00ac 05       		.uleb128 0x5
 1045 00ad 91000000 		.4byte	0x91
 1046 00b1 BC000000 		.4byte	0xbc
 1047 00b5 09       		.uleb128 0x9
 1048 00b6 8A000000 		.4byte	0x8a
 1049 00ba 03       		.byte	0x3
 1050 00bb 00       		.byte	0
 1051 00bc 08       		.uleb128 0x8
 1052 00bd D7000000 		.4byte	.LASF13
 1053 00c1 03       		.byte	0x3
 1054 00c2 9B       		.byte	0x9b
 1055 00c3 CD000000 		.4byte	0xcd
 1056 00c7 05       		.uleb128 0x5
 1057 00c8 03       		.byte	0x3
 1058 00c9 00000000 		.4byte	cy_meta_custnvl
 1059 00cd 07       		.uleb128 0x7
 1060 00ce AC000000 		.4byte	0xac
 1061 00d2 08       		.uleb128 0x8
 1062 00d3 A2010000 		.4byte	.LASF14
 1063 00d7 03       		.byte	0x3
 1064 00d8 A9       		.byte	0xa9
 1065 00d9 E3000000 		.4byte	0xe3
 1066 00dd 05       		.uleb128 0x5
 1067 00de 03       		.byte	0x3
 1068 00df 00000000 		.4byte	cy_meta_wonvl
 1069 00e3 07       		.uleb128 0x7
 1070 00e4 AC000000 		.4byte	0xac
 1071 00e8 05       		.uleb128 0x5
 1072 00e9 91000000 		.4byte	0x91
 1073 00ed F8000000 		.4byte	0xf8
 1074 00f1 09       		.uleb128 0x9
 1075 00f2 8A000000 		.4byte	0x8a
 1076 00f6 FF       		.byte	0xff
 1077 00f7 00       		.byte	0
 1078 00f8 08       		.uleb128 0x8
 1079 00f9 25010000 		.4byte	.LASF15
ARM GAS  C:\Users\Thomas\AppData\Local\Temp\ccGiDOwF.s 			page 20


 1080 00fd 03       		.byte	0x3
 1081 00fe B7       		.byte	0xb7
 1082 00ff 09010000 		.4byte	0x109
 1083 0103 05       		.uleb128 0x5
 1084 0104 03       		.byte	0x3
 1085 0105 00000000 		.4byte	cy_meta_flashprotect
 1086 0109 07       		.uleb128 0x7
 1087 010a E8000000 		.4byte	0xe8
 1088 010e 05       		.uleb128 0x5
 1089 010f 91000000 		.4byte	0x91
 1090 0113 1E010000 		.4byte	0x11e
 1091 0117 09       		.uleb128 0x9
 1092 0118 8A000000 		.4byte	0x8a
 1093 011c 0B       		.byte	0xb
 1094 011d 00       		.byte	0
 1095 011e 08       		.uleb128 0x8
 1096 011f 0A000000 		.4byte	.LASF16
 1097 0123 03       		.byte	0x3
 1098 0124 E4       		.byte	0xe4
 1099 0125 2F010000 		.4byte	0x12f
 1100 0129 05       		.uleb128 0x5
 1101 012a 03       		.byte	0x3
 1102 012b 00000000 		.4byte	cy_metadata
 1103 012f 07       		.uleb128 0x7
 1104 0130 0E010000 		.4byte	0x10e
 1105 0134 00       		.byte	0
 1106              		.section	.debug_abbrev,"",%progbits
 1107              	.Ldebug_abbrev0:
 1108 0000 01       		.uleb128 0x1
 1109 0001 11       		.uleb128 0x11
 1110 0002 01       		.byte	0x1
 1111 0003 25       		.uleb128 0x25
 1112 0004 0E       		.uleb128 0xe
 1113 0005 13       		.uleb128 0x13
 1114 0006 0B       		.uleb128 0xb
 1115 0007 03       		.uleb128 0x3
 1116 0008 0E       		.uleb128 0xe
 1117 0009 1B       		.uleb128 0x1b
 1118 000a 0E       		.uleb128 0xe
 1119 000b 10       		.uleb128 0x10
 1120 000c 17       		.uleb128 0x17
 1121 000d 00       		.byte	0
 1122 000e 00       		.byte	0
 1123 000f 02       		.uleb128 0x2
 1124 0010 24       		.uleb128 0x24
 1125 0011 00       		.byte	0
 1126 0012 0B       		.uleb128 0xb
 1127 0013 0B       		.uleb128 0xb
 1128 0014 3E       		.uleb128 0x3e
 1129 0015 0B       		.uleb128 0xb
 1130 0016 03       		.uleb128 0x3
 1131 0017 0E       		.uleb128 0xe
 1132 0018 00       		.byte	0
 1133 0019 00       		.byte	0
 1134 001a 03       		.uleb128 0x3
 1135 001b 16       		.uleb128 0x16
 1136 001c 00       		.byte	0
ARM GAS  C:\Users\Thomas\AppData\Local\Temp\ccGiDOwF.s 			page 21


 1137 001d 03       		.uleb128 0x3
 1138 001e 0E       		.uleb128 0xe
 1139 001f 3A       		.uleb128 0x3a
 1140 0020 0B       		.uleb128 0xb
 1141 0021 3B       		.uleb128 0x3b
 1142 0022 0B       		.uleb128 0xb
 1143 0023 49       		.uleb128 0x49
 1144 0024 13       		.uleb128 0x13
 1145 0025 00       		.byte	0
 1146 0026 00       		.byte	0
 1147 0027 04       		.uleb128 0x4
 1148 0028 24       		.uleb128 0x24
 1149 0029 00       		.byte	0
 1150 002a 0B       		.uleb128 0xb
 1151 002b 0B       		.uleb128 0xb
 1152 002c 3E       		.uleb128 0x3e
 1153 002d 0B       		.uleb128 0xb
 1154 002e 03       		.uleb128 0x3
 1155 002f 08       		.uleb128 0x8
 1156 0030 00       		.byte	0
 1157 0031 00       		.byte	0
 1158 0032 05       		.uleb128 0x5
 1159 0033 01       		.uleb128 0x1
 1160 0034 01       		.byte	0x1
 1161 0035 49       		.uleb128 0x49
 1162 0036 13       		.uleb128 0x13
 1163 0037 01       		.uleb128 0x1
 1164 0038 13       		.uleb128 0x13
 1165 0039 00       		.byte	0
 1166 003a 00       		.byte	0
 1167 003b 06       		.uleb128 0x6
 1168 003c 21       		.uleb128 0x21
 1169 003d 00       		.byte	0
 1170 003e 49       		.uleb128 0x49
 1171 003f 13       		.uleb128 0x13
 1172 0040 2F       		.uleb128 0x2f
 1173 0041 05       		.uleb128 0x5
 1174 0042 00       		.byte	0
 1175 0043 00       		.byte	0
 1176 0044 07       		.uleb128 0x7
 1177 0045 26       		.uleb128 0x26
 1178 0046 00       		.byte	0
 1179 0047 49       		.uleb128 0x49
 1180 0048 13       		.uleb128 0x13
 1181 0049 00       		.byte	0
 1182 004a 00       		.byte	0
 1183 004b 08       		.uleb128 0x8
 1184 004c 34       		.uleb128 0x34
 1185 004d 00       		.byte	0
 1186 004e 03       		.uleb128 0x3
 1187 004f 0E       		.uleb128 0xe
 1188 0050 3A       		.uleb128 0x3a
 1189 0051 0B       		.uleb128 0xb
 1190 0052 3B       		.uleb128 0x3b
 1191 0053 0B       		.uleb128 0xb
 1192 0054 49       		.uleb128 0x49
 1193 0055 13       		.uleb128 0x13
ARM GAS  C:\Users\Thomas\AppData\Local\Temp\ccGiDOwF.s 			page 22


 1194 0056 3F       		.uleb128 0x3f
 1195 0057 19       		.uleb128 0x19
 1196 0058 02       		.uleb128 0x2
 1197 0059 18       		.uleb128 0x18
 1198 005a 00       		.byte	0
 1199 005b 00       		.byte	0
 1200 005c 09       		.uleb128 0x9
 1201 005d 21       		.uleb128 0x21
 1202 005e 00       		.byte	0
 1203 005f 49       		.uleb128 0x49
 1204 0060 13       		.uleb128 0x13
 1205 0061 2F       		.uleb128 0x2f
 1206 0062 0B       		.uleb128 0xb
 1207 0063 00       		.byte	0
 1208 0064 00       		.byte	0
 1209 0065 00       		.byte	0
 1210              		.section	.debug_aranges,"",%progbits
 1211 0000 14000000 		.4byte	0x14
 1212 0004 0200     		.2byte	0x2
 1213 0006 00000000 		.4byte	.Ldebug_info0
 1214 000a 04       		.byte	0x4
 1215 000b 00       		.byte	0
 1216 000c 0000     		.2byte	0
 1217 000e 0000     		.2byte	0
 1218 0010 00000000 		.4byte	0
 1219 0014 00000000 		.4byte	0
 1220              		.section	.debug_line,"",%progbits
 1221              	.Ldebug_line0:
 1222 0000 3D010000 		.section	.debug_str,"MS",%progbits,1
 1222      02003701 
 1222      00000201 
 1222      FB0E0D00 
 1222      01010101 
 1223              	.LASF9:
 1224 0000 5F5F7569 		.ascii	"__uint8_t\000"
 1224      6E74385F 
 1224      7400
 1225              	.LASF16:
 1226 000a 63795F6D 		.ascii	"cy_metadata\000"
 1226      65746164 
 1226      61746100 
 1227              	.LASF1:
 1228 0016 756E7369 		.ascii	"unsigned char\000"
 1228      676E6564 
 1228      20636861 
 1228      7200
 1229              	.LASF17:
 1230 0024 474E5520 		.ascii	"GNU C11 5.4.1 20160609 (release) [ARM/embedded-5-br"
 1230      43313120 
 1230      352E342E 
 1230      31203230 
 1230      31363036 
 1231 0057 616E6368 		.ascii	"anch revision 237715] -mcpu=cortex-m3 -mthumb -g -O"
 1231      20726576 
 1231      6973696F 
 1231      6E203233 
 1231      37373135 
ARM GAS  C:\Users\Thomas\AppData\Local\Temp\ccGiDOwF.s 			page 23


 1232 008a 67202D66 		.ascii	"g -ffunction-sections -ffat-lto-objects\000"
 1232      66756E63 
 1232      74696F6E 
 1232      2D736563 
 1232      74696F6E 
 1233              	.LASF5:
 1234 00b2 6C6F6E67 		.ascii	"long unsigned int\000"
 1234      20756E73 
 1234      69676E65 
 1234      6420696E 
 1234      7400
 1235              	.LASF3:
 1236 00c4 73686F72 		.ascii	"short unsigned int\000"
 1236      7420756E 
 1236      7369676E 
 1236      65642069 
 1236      6E7400
 1237              	.LASF13:
 1238 00d7 63795F6D 		.ascii	"cy_meta_custnvl\000"
 1238      6574615F 
 1238      63757374 
 1238      6E766C00 
 1239              	.LASF12:
 1240 00e7 63795F6D 		.ascii	"cy_meta_configecc\000"
 1240      6574615F 
 1240      636F6E66 
 1240      69676563 
 1240      6300
 1241              	.LASF8:
 1242 00f9 756E7369 		.ascii	"unsigned int\000"
 1242      676E6564 
 1242      20696E74 
 1242      00
 1243              	.LASF7:
 1244 0106 6C6F6E67 		.ascii	"long long unsigned int\000"
 1244      206C6F6E 
 1244      6720756E 
 1244      7369676E 
 1244      65642069 
 1245              	.LASF10:
 1246 011d 75696E74 		.ascii	"uint8_t\000"
 1246      385F7400 
 1247              	.LASF15:
 1248 0125 63795F6D 		.ascii	"cy_meta_flashprotect\000"
 1248      6574615F 
 1248      666C6173 
 1248      6870726F 
 1248      74656374 
 1249              	.LASF19:
 1250 013a 433A5C55 		.ascii	"C:\\Users\\Thomas\\Documents\\GitHub\\GFV\\journal_"
 1250      73657273 
 1250      5C54686F 
 1250      6D61735C 
 1250      446F6375 
 1251 0167 335F7465 		.ascii	"3_tempcon\\Temperature-Control.cydsn\000"
 1251      6D70636F 
 1251      6E5C5465 
ARM GAS  C:\Users\Thomas\AppData\Local\Temp\ccGiDOwF.s 			page 24


 1251      6D706572 
 1251      61747572 
 1252              	.LASF11:
 1253 018b 73697A65 		.ascii	"sizetype\000"
 1253      74797065 
 1253      00
 1254              	.LASF6:
 1255 0194 6C6F6E67 		.ascii	"long long int\000"
 1255      206C6F6E 
 1255      6720696E 
 1255      7400
 1256              	.LASF14:
 1257 01a2 63795F6D 		.ascii	"cy_meta_wonvl\000"
 1257      6574615F 
 1257      776F6E76 
 1257      6C00
 1258              	.LASF2:
 1259 01b0 73686F72 		.ascii	"short int\000"
 1259      7420696E 
 1259      7400
 1260              	.LASF4:
 1261 01ba 6C6F6E67 		.ascii	"long int\000"
 1261      20696E74 
 1261      00
 1262              	.LASF0:
 1263 01c3 7369676E 		.ascii	"signed char\000"
 1263      65642063 
 1263      68617200 
 1264              	.LASF18:
 1265 01cf 47656E65 		.ascii	"Generated_Source\\PSoC5\\cymetadata.c\000"
 1265      72617465 
 1265      645F536F 
 1265      75726365 
 1265      5C50536F 
 1266              		.ident	"GCC: (GNU Tools for ARM Embedded Processors) 5.4.1 20160609 (release) [ARM/embedded-5-bran
