ARM GAS  C:\Users\Bruger\AppData\Local\Temp\ccbKPyb3.s 			page 1


   1              		.syntax unified
   2              		.cpu cortex-m3
   3              		.fpu softvfp
   4              		.eabi_attribute 20, 1
   5              		.eabi_attribute 21, 1
   6              		.eabi_attribute 23, 3
   7              		.eabi_attribute 24, 1
   8              		.eabi_attribute 25, 1
   9              		.eabi_attribute 26, 1
  10              		.eabi_attribute 30, 1
  11              		.eabi_attribute 34, 1
  12              		.eabi_attribute 18, 4
  13              		.thumb
  14              		.syntax unified
  15              		.file	"PIDControl.c"
  16              		.text
  17              	.Ltext0:
  18              		.cfi_sections	.debug_frame
  19              		.section	.text.PIDControl_init,"ax",%progbits
  20              		.align	2
  21              		.global	PIDControl_init
  22              		.thumb
  23              		.thumb_func
  24              		.type	PIDControl_init, %function
  25              	PIDControl_init:
  26              	.LFB0:
  27              		.file 1 "PIDControl.c"
   1:PIDControl.c  **** /* ========================================
   2:PIDControl.c  ****  *
   3:PIDControl.c  ****  * Copyright YOUR COMPANY, THE YEAR
   4:PIDControl.c  ****  * All Rights Reserved
   5:PIDControl.c  ****  * UNPUBLISHED, LICENSED SOFTWARE.
   6:PIDControl.c  ****  *
   7:PIDControl.c  ****  * CONFIDENTIAL AND PROPRIETARY INFORMATION
   8:PIDControl.c  ****  * WHICH IS THE PROPERTY OF your company.
   9:PIDControl.c  ****  *
  10:PIDControl.c  ****  * ========================================
  11:PIDControl.c  **** */
  12:PIDControl.c  **** #include "PIDControl.h"
  13:PIDControl.c  **** 
  14:PIDControl.c  **** static float Kp = 0;
  15:PIDControl.c  **** static float Ki = 0;
  16:PIDControl.c  **** static float Kd = 0;
  17:PIDControl.c  **** static float dt = 0;
  18:PIDControl.c  **** static float integralMax = 0;
  19:PIDControl.c  **** static float integralMin = 0;
  20:PIDControl.c  **** static float setPoint = 0;
  21:PIDControl.c  **** static float integral = 0;
  22:PIDControl.c  **** static float previousError = 0;
  23:PIDControl.c  **** 
  24:PIDControl.c  **** void PIDControl_init(float _Kp, float _Ki, float _Kd, float _integralMax, float _integralMin, float
  25:PIDControl.c  **** {
  28              		.loc 1 25 0
  29              		.cfi_startproc
  30              		@ args = 8, pretend = 0, frame = 0
  31              		@ frame_needed = 0, uses_anonymous_args = 0
  32              		@ link register save eliminated.
ARM GAS  C:\Users\Bruger\AppData\Local\Temp\ccbKPyb3.s 			page 2


  33              	.LVL0:
  34 0000 10B4     		push	{r4}
  35              		.cfi_def_cfa_offset 4
  36              		.cfi_offset 4, -4
  26:PIDControl.c  ****     Kp = _Kp;
  37              		.loc 1 26 0
  38 0002 054C     		ldr	r4, .L3
  39 0004 2060     		str	r0, [r4]	@ float
  27:PIDControl.c  ****     Ki = _Ki;
  40              		.loc 1 27 0
  41 0006 6160     		str	r1, [r4, #4]	@ float
  28:PIDControl.c  ****     Kd = _Kd;
  42              		.loc 1 28 0
  43 0008 A260     		str	r2, [r4, #8]	@ float
  29:PIDControl.c  ****     integralMax = _integralMax;
  44              		.loc 1 29 0
  45 000a E360     		str	r3, [r4, #12]	@ float
  30:PIDControl.c  ****     integralMin = _integralMin;
  46              		.loc 1 30 0
  47 000c 019B     		ldr	r3, [sp, #4]	@ float
  48              	.LVL1:
  49 000e 2361     		str	r3, [r4, #16]	@ float
  31:PIDControl.c  ****     dt = _dt;
  50              		.loc 1 31 0
  51 0010 029B     		ldr	r3, [sp, #8]	@ float
  52 0012 6361     		str	r3, [r4, #20]	@ float
  32:PIDControl.c  **** }
  53              		.loc 1 32 0
  54 0014 10BC     		pop	{r4}
  55              		.cfi_restore 4
  56              		.cfi_def_cfa_offset 0
  57              	.LVL2:
  58 0016 7047     		bx	lr
  59              	.L4:
  60              		.align	2
  61              	.L3:
  62 0018 00000000 		.word	.LANCHOR0
  63              		.cfi_endproc
  64              	.LFE0:
  65              		.size	PIDControl_init, .-PIDControl_init
  66              		.section	.text.PIDControl_changeSetPoint,"ax",%progbits
  67              		.align	2
  68              		.global	PIDControl_changeSetPoint
  69              		.thumb
  70              		.thumb_func
  71              		.type	PIDControl_changeSetPoint, %function
  72              	PIDControl_changeSetPoint:
  73              	.LFB1:
  33:PIDControl.c  **** 
  34:PIDControl.c  **** void PIDControl_changeSetPoint(float _setPoint)
  35:PIDControl.c  **** {
  74              		.loc 1 35 0
  75              		.cfi_startproc
  76              		@ args = 0, pretend = 0, frame = 0
  77              		@ frame_needed = 0, uses_anonymous_args = 0
  78              		@ link register save eliminated.
  79              	.LVL3:
ARM GAS  C:\Users\Bruger\AppData\Local\Temp\ccbKPyb3.s 			page 3


  36:PIDControl.c  ****     setPoint = _setPoint;
  80              		.loc 1 36 0
  81 0000 014B     		ldr	r3, .L6
  82 0002 9861     		str	r0, [r3, #24]	@ float
  83 0004 7047     		bx	lr
  84              	.L7:
  85 0006 00BF     		.align	2
  86              	.L6:
  87 0008 00000000 		.word	.LANCHOR0
  88              		.cfi_endproc
  89              	.LFE1:
  90              		.size	PIDControl_changeSetPoint, .-PIDControl_changeSetPoint
  91              		.global	__aeabi_fsub
  92              		.global	__aeabi_fmul
  93              		.global	__aeabi_fadd
  94              		.global	__aeabi_fcmpgt
  95              		.global	__aeabi_fcmplt
  96              		.global	__aeabi_fdiv
  97              		.section	.text.PIDControl_doStep,"ax",%progbits
  98              		.align	2
  99              		.global	PIDControl_doStep
 100              		.thumb
 101              		.thumb_func
 102              		.type	PIDControl_doStep, %function
 103              	PIDControl_doStep:
 104              	.LFB2:
  37:PIDControl.c  **** }
  38:PIDControl.c  **** 
  39:PIDControl.c  **** float PIDControl_doStep(float systemOutput, float* proportionalPart, float* integralPart, float* de
  40:PIDControl.c  **** {
 105              		.loc 1 40 0
 106              		.cfi_startproc
 107              		@ args = 0, pretend = 0, frame = 8
 108              		@ frame_needed = 0, uses_anonymous_args = 0
 109              	.LVL4:
 110 0000 2DE9F04F 		push	{r4, r5, r6, r7, r8, r9, r10, fp, lr}
 111              		.cfi_def_cfa_offset 36
 112              		.cfi_offset 4, -36
 113              		.cfi_offset 5, -32
 114              		.cfi_offset 6, -28
 115              		.cfi_offset 7, -24
 116              		.cfi_offset 8, -20
 117              		.cfi_offset 9, -16
 118              		.cfi_offset 10, -12
 119              		.cfi_offset 11, -8
 120              		.cfi_offset 14, -4
 121 0004 83B0     		sub	sp, sp, #12
 122              		.cfi_def_cfa_offset 48
 123 0006 8B46     		mov	fp, r1
 124 0008 9246     		mov	r10, r2
 125 000a 9946     		mov	r9, r3
 126              	.LVL5:
  41:PIDControl.c  ****     float output = 0;
  42:PIDControl.c  ****     float proportional = 0;
  43:PIDControl.c  ****     float derivative = 0;
  44:PIDControl.c  ****     float currentError = 0;
  45:PIDControl.c  ****     
ARM GAS  C:\Users\Bruger\AppData\Local\Temp\ccbKPyb3.s 			page 4


  46:PIDControl.c  ****     // calculate current error
  47:PIDControl.c  ****     currentError = setPoint - systemOutput;
 127              		.loc 1 47 0
 128 000c 244C     		ldr	r4, .L16
 129 000e 0146     		mov	r1, r0
 130              	.LVL6:
 131 0010 A069     		ldr	r0, [r4, #24]	@ float
 132              	.LVL7:
 133 0012 FFF7FEFF 		bl	__aeabi_fsub
 134              	.LVL8:
 135 0016 0546     		mov	r5, r0
 136              	.LVL9:
  48:PIDControl.c  ****     
  49:PIDControl.c  ****     // calculate proportional part
  50:PIDControl.c  ****     proportional = currentError;
  51:PIDControl.c  ****     
  52:PIDControl.c  ****     // calculate integral part
  53:PIDControl.c  ****     integral = integral + (currentError * dt);
 137              		.loc 1 53 0
 138 0018 6669     		ldr	r6, [r4, #20]	@ float
 139 001a 3146     		mov	r1, r6
 140 001c FFF7FEFF 		bl	__aeabi_fmul
 141              	.LVL10:
 142 0020 E169     		ldr	r1, [r4, #28]	@ float
 143 0022 FFF7FEFF 		bl	__aeabi_fadd
 144              	.LVL11:
 145 0026 E061     		str	r0, [r4, #28]	@ float
  54:PIDControl.c  ****     
  55:PIDControl.c  ****     // limit the integral
  56:PIDControl.c  ****     if (integral > integralMax) integral = integralMax;
 146              		.loc 1 56 0
 147 0028 E468     		ldr	r4, [r4, #12]	@ float
 148 002a 2146     		mov	r1, r4
 149 002c FFF7FEFF 		bl	__aeabi_fcmpgt
 150              	.LVL12:
 151 0030 08B1     		cbz	r0, .L9
 152              		.loc 1 56 0 is_stmt 0 discriminator 1
 153 0032 1B4B     		ldr	r3, .L16
 154 0034 DC61     		str	r4, [r3, #28]	@ float
 155              	.L9:
  57:PIDControl.c  ****     if (integral < integralMin) integral = integralMin;
 156              		.loc 1 57 0 is_stmt 1
 157 0036 1A4B     		ldr	r3, .L16
 158 0038 1C69     		ldr	r4, [r3, #16]	@ float
 159 003a 2146     		mov	r1, r4
 160 003c D869     		ldr	r0, [r3, #28]	@ float
 161 003e FFF7FEFF 		bl	__aeabi_fcmplt
 162              	.LVL13:
 163 0042 08B1     		cbz	r0, .L11
 164              		.loc 1 57 0 is_stmt 0 discriminator 1
 165 0044 164B     		ldr	r3, .L16
 166 0046 DC61     		str	r4, [r3, #28]	@ float
 167              	.L11:
  58:PIDControl.c  ****     
  59:PIDControl.c  ****     // calculate derivative part
  60:PIDControl.c  ****     derivative = (currentError - previousError) / dt;
 168              		.loc 1 60 0 is_stmt 1
ARM GAS  C:\Users\Bruger\AppData\Local\Temp\ccbKPyb3.s 			page 5


 169 0048 154C     		ldr	r4, .L16
 170 004a 216A     		ldr	r1, [r4, #32]	@ float
 171 004c 2846     		mov	r0, r5
 172 004e FFF7FEFF 		bl	__aeabi_fsub
 173              	.LVL14:
 174 0052 3146     		mov	r1, r6
 175 0054 FFF7FEFF 		bl	__aeabi_fdiv
 176              	.LVL15:
 177 0058 0646     		mov	r6, r0
 178              	.LVL16:
  61:PIDControl.c  ****     
  62:PIDControl.c  ****     output = proportional * Kp + integral * Ki + derivative * Kd;
 179              		.loc 1 62 0
 180 005a 2168     		ldr	r1, [r4]	@ float
 181 005c 2846     		mov	r0, r5
 182              	.LVL17:
 183 005e FFF7FEFF 		bl	__aeabi_fmul
 184              	.LVL18:
 185 0062 8046     		mov	r8, r0
 186 0064 6168     		ldr	r1, [r4, #4]	@ float
 187 0066 E069     		ldr	r0, [r4, #28]	@ float
 188 0068 FFF7FEFF 		bl	__aeabi_fmul
 189              	.LVL19:
 190 006c 0746     		mov	r7, r0
 191 006e 0146     		mov	r1, r0
 192 0070 4046     		mov	r0, r8
 193 0072 FFF7FEFF 		bl	__aeabi_fadd
 194              	.LVL20:
 195 0076 0190     		str	r0, [sp, #4]	@ float
 196 0078 A168     		ldr	r1, [r4, #8]	@ float
 197 007a 3046     		mov	r0, r6
 198 007c FFF7FEFF 		bl	__aeabi_fmul
 199              	.LVL21:
 200 0080 0646     		mov	r6, r0
 201              	.LVL22:
 202 0082 0146     		mov	r1, r0
 203 0084 0198     		ldr	r0, [sp, #4]	@ float
 204 0086 FFF7FEFF 		bl	__aeabi_fadd
 205              	.LVL23:
  63:PIDControl.c  ****     *proportionalPart = proportional * Kp;
 206              		.loc 1 63 0
 207 008a CBF80080 		str	r8, [fp]	@ float
  64:PIDControl.c  ****     *integralPart = integral * Ki;
 208              		.loc 1 64 0
 209 008e CAF80070 		str	r7, [r10]	@ float
  65:PIDControl.c  ****     *derivativePart = derivative * Kd;
 210              		.loc 1 65 0
 211 0092 C9F80060 		str	r6, [r9]	@ float
  66:PIDControl.c  ****     
  67:PIDControl.c  ****     previousError = currentError;
 212              		.loc 1 67 0
 213 0096 2562     		str	r5, [r4, #32]	@ float
  68:PIDControl.c  ****     return output;
  69:PIDControl.c  **** }
 214              		.loc 1 69 0
 215 0098 03B0     		add	sp, sp, #12
 216              		.cfi_def_cfa_offset 36
ARM GAS  C:\Users\Bruger\AppData\Local\Temp\ccbKPyb3.s 			page 6


 217              		@ sp needed
 218 009a BDE8F08F 		pop	{r4, r5, r6, r7, r8, r9, r10, fp, pc}
 219              	.LVL24:
 220              	.L17:
 221 009e 00BF     		.align	2
 222              	.L16:
 223 00a0 00000000 		.word	.LANCHOR0
 224              		.cfi_endproc
 225              	.LFE2:
 226              		.size	PIDControl_doStep, .-PIDControl_doStep
 227              		.bss
 228              		.align	2
 229              		.set	.LANCHOR0,. + 0
 230              		.type	Kp, %object
 231              		.size	Kp, 4
 232              	Kp:
 233 0000 00000000 		.space	4
 234              		.type	Ki, %object
 235              		.size	Ki, 4
 236              	Ki:
 237 0004 00000000 		.space	4
 238              		.type	Kd, %object
 239              		.size	Kd, 4
 240              	Kd:
 241 0008 00000000 		.space	4
 242              		.type	integralMax, %object
 243              		.size	integralMax, 4
 244              	integralMax:
 245 000c 00000000 		.space	4
 246              		.type	integralMin, %object
 247              		.size	integralMin, 4
 248              	integralMin:
 249 0010 00000000 		.space	4
 250              		.type	dt, %object
 251              		.size	dt, 4
 252              	dt:
 253 0014 00000000 		.space	4
 254              		.type	setPoint, %object
 255              		.size	setPoint, 4
 256              	setPoint:
 257 0018 00000000 		.space	4
 258              		.type	integral, %object
 259              		.size	integral, 4
 260              	integral:
 261 001c 00000000 		.space	4
 262              		.type	previousError, %object
 263              		.size	previousError, 4
 264              	previousError:
 265 0020 00000000 		.space	4
 266              		.text
 267              	.Letext0:
 268              		.section	.debug_info,"",%progbits
 269              	.Ldebug_info0:
 270 0000 E3010000 		.4byte	0x1e3
 271 0004 0400     		.2byte	0x4
 272 0006 00000000 		.4byte	.Ldebug_abbrev0
 273 000a 04       		.byte	0x4
ARM GAS  C:\Users\Bruger\AppData\Local\Temp\ccbKPyb3.s 			page 7


 274 000b 01       		.uleb128 0x1
 275 000c A3000000 		.4byte	.LASF18
 276 0010 0C       		.byte	0xc
 277 0011 D6010000 		.4byte	.LASF19
 278 0015 52000000 		.4byte	.LASF20
 279 0019 00000000 		.4byte	.Ldebug_ranges0+0
 280 001d 00000000 		.4byte	0
 281 0021 00000000 		.4byte	.Ldebug_line0
 282 0025 02       		.uleb128 0x2
 283 0026 04       		.byte	0x4
 284 0027 04       		.byte	0x4
 285 0028 D0010000 		.4byte	.LASF21
 286 002c 03       		.uleb128 0x3
 287 002d 28000000 		.4byte	.LASF2
 288 0031 01       		.byte	0x1
 289 0032 18       		.byte	0x18
 290 0033 00000000 		.4byte	.LFB0
 291 0037 1C000000 		.4byte	.LFE0-.LFB0
 292 003b 01       		.uleb128 0x1
 293 003c 9C       		.byte	0x9c
 294 003d 96000000 		.4byte	0x96
 295 0041 04       		.uleb128 0x4
 296 0042 5F4B7000 		.ascii	"_Kp\000"
 297 0046 01       		.byte	0x1
 298 0047 18       		.byte	0x18
 299 0048 25000000 		.4byte	0x25
 300 004c 01       		.uleb128 0x1
 301 004d 50       		.byte	0x50
 302 004e 04       		.uleb128 0x4
 303 004f 5F4B6900 		.ascii	"_Ki\000"
 304 0053 01       		.byte	0x1
 305 0054 18       		.byte	0x18
 306 0055 25000000 		.4byte	0x25
 307 0059 01       		.uleb128 0x1
 308 005a 51       		.byte	0x51
 309 005b 04       		.uleb128 0x4
 310 005c 5F4B6400 		.ascii	"_Kd\000"
 311 0060 01       		.byte	0x1
 312 0061 18       		.byte	0x18
 313 0062 25000000 		.4byte	0x25
 314 0066 01       		.uleb128 0x1
 315 0067 52       		.byte	0x52
 316 0068 05       		.uleb128 0x5
 317 0069 47010000 		.4byte	.LASF0
 318 006d 01       		.byte	0x1
 319 006e 18       		.byte	0x18
 320 006f 25000000 		.4byte	0x25
 321 0073 00000000 		.4byte	.LLST0
 322 0077 05       		.uleb128 0x5
 323 0078 00000000 		.4byte	.LASF1
 324 007c 01       		.byte	0x1
 325 007d 18       		.byte	0x18
 326 007e 25000000 		.4byte	0x25
 327 0082 22000000 		.4byte	.LLST1
 328 0086 06       		.uleb128 0x6
 329 0087 5F647400 		.ascii	"_dt\000"
 330 008b 01       		.byte	0x1
ARM GAS  C:\Users\Bruger\AppData\Local\Temp\ccbKPyb3.s 			page 8


 331 008c 18       		.byte	0x18
 332 008d 25000000 		.4byte	0x25
 333 0091 42000000 		.4byte	.LLST2
 334 0095 00       		.byte	0
 335 0096 03       		.uleb128 0x3
 336 0097 38000000 		.4byte	.LASF3
 337 009b 01       		.byte	0x1
 338 009c 22       		.byte	0x22
 339 009d 00000000 		.4byte	.LFB1
 340 00a1 0C000000 		.4byte	.LFE1-.LFB1
 341 00a5 01       		.uleb128 0x1
 342 00a6 9C       		.byte	0x9c
 343 00a7 B9000000 		.4byte	0xb9
 344 00ab 07       		.uleb128 0x7
 345 00ac 31010000 		.4byte	.LASF4
 346 00b0 01       		.byte	0x1
 347 00b1 22       		.byte	0x22
 348 00b2 25000000 		.4byte	0x25
 349 00b6 01       		.uleb128 0x1
 350 00b7 50       		.byte	0x50
 351 00b8 00       		.byte	0
 352 00b9 08       		.uleb128 0x8
 353 00ba 8C010000 		.4byte	.LASF22
 354 00be 01       		.byte	0x1
 355 00bf 27       		.byte	0x27
 356 00c0 25000000 		.4byte	0x25
 357 00c4 00000000 		.4byte	.LFB2
 358 00c8 A4000000 		.4byte	.LFE2-.LFB2
 359 00cc 01       		.uleb128 0x1
 360 00cd 9C       		.byte	0x9c
 361 00ce 4B010000 		.4byte	0x14b
 362 00d2 05       		.uleb128 0x5
 363 00d3 E3010000 		.4byte	.LASF5
 364 00d7 01       		.byte	0x1
 365 00d8 27       		.byte	0x27
 366 00d9 25000000 		.4byte	0x25
 367 00dd 62000000 		.4byte	.LLST3
 368 00e1 05       		.uleb128 0x5
 369 00e2 7B010000 		.4byte	.LASF6
 370 00e6 01       		.byte	0x1
 371 00e7 27       		.byte	0x27
 372 00e8 4B010000 		.4byte	0x14b
 373 00ec 90000000 		.4byte	.LLST4
 374 00f0 05       		.uleb128 0x5
 375 00f1 6E010000 		.4byte	.LASF7
 376 00f5 01       		.byte	0x1
 377 00f6 27       		.byte	0x27
 378 00f7 4B010000 		.4byte	0x14b
 379 00fb BC000000 		.4byte	.LLST5
 380 00ff 05       		.uleb128 0x5
 381 0100 B8010000 		.4byte	.LASF8
 382 0104 01       		.byte	0x1
 383 0105 27       		.byte	0x27
 384 0106 4B010000 		.4byte	0x14b
 385 010a E8000000 		.4byte	.LLST6
 386 010e 09       		.uleb128 0x9
 387 010f 0D000000 		.4byte	.LASF9
ARM GAS  C:\Users\Bruger\AppData\Local\Temp\ccbKPyb3.s 			page 9


 388 0113 01       		.byte	0x1
 389 0114 29       		.byte	0x29
 390 0115 25000000 		.4byte	0x25
 391 0119 14010000 		.4byte	.LLST7
 392 011d 09       		.uleb128 0x9
 393 011e 54010000 		.4byte	.LASF10
 394 0122 01       		.byte	0x1
 395 0123 2A       		.byte	0x2a
 396 0124 25000000 		.4byte	0x25
 397 0128 37010000 		.4byte	.LLST8
 398 012c 09       		.uleb128 0x9
 399 012d 14000000 		.4byte	.LASF11
 400 0131 01       		.byte	0x1
 401 0132 2B       		.byte	0x2b
 402 0133 25000000 		.4byte	0x25
 403 0137 74010000 		.4byte	.LLST9
 404 013b 09       		.uleb128 0x9
 405 013c 61010000 		.4byte	.LASF12
 406 0140 01       		.byte	0x1
 407 0141 2C       		.byte	0x2c
 408 0142 25000000 		.4byte	0x25
 409 0146 37010000 		.4byte	.LLST8
 410 014a 00       		.byte	0
 411 014b 0A       		.uleb128 0xa
 412 014c 04       		.byte	0x4
 413 014d 25000000 		.4byte	0x25
 414 0151 0B       		.uleb128 0xb
 415 0152 4B7000   		.ascii	"Kp\000"
 416 0155 01       		.byte	0x1
 417 0156 0E       		.byte	0xe
 418 0157 25000000 		.4byte	0x25
 419 015b 05       		.uleb128 0x5
 420 015c 03       		.byte	0x3
 421 015d 00000000 		.4byte	Kp
 422 0161 0B       		.uleb128 0xb
 423 0162 4B6900   		.ascii	"Ki\000"
 424 0165 01       		.byte	0x1
 425 0166 0F       		.byte	0xf
 426 0167 25000000 		.4byte	0x25
 427 016b 05       		.uleb128 0x5
 428 016c 03       		.byte	0x3
 429 016d 04000000 		.4byte	Ki
 430 0171 0B       		.uleb128 0xb
 431 0172 4B6400   		.ascii	"Kd\000"
 432 0175 01       		.byte	0x1
 433 0176 10       		.byte	0x10
 434 0177 25000000 		.4byte	0x25
 435 017b 05       		.uleb128 0x5
 436 017c 03       		.byte	0x3
 437 017d 08000000 		.4byte	Kd
 438 0181 0B       		.uleb128 0xb
 439 0182 647400   		.ascii	"dt\000"
 440 0185 01       		.byte	0x1
 441 0186 11       		.byte	0x11
 442 0187 25000000 		.4byte	0x25
 443 018b 05       		.uleb128 0x5
 444 018c 03       		.byte	0x3
ARM GAS  C:\Users\Bruger\AppData\Local\Temp\ccbKPyb3.s 			page 10


 445 018d 14000000 		.4byte	dt
 446 0191 0C       		.uleb128 0xc
 447 0192 AC010000 		.4byte	.LASF13
 448 0196 01       		.byte	0x1
 449 0197 12       		.byte	0x12
 450 0198 25000000 		.4byte	0x25
 451 019c 05       		.uleb128 0x5
 452 019d 03       		.byte	0x3
 453 019e 0C000000 		.4byte	integralMax
 454 01a2 0C       		.uleb128 0xc
 455 01a3 3B010000 		.4byte	.LASF14
 456 01a7 01       		.byte	0x1
 457 01a8 13       		.byte	0x13
 458 01a9 25000000 		.4byte	0x25
 459 01ad 05       		.uleb128 0x5
 460 01ae 03       		.byte	0x3
 461 01af 10000000 		.4byte	integralMin
 462 01b3 0C       		.uleb128 0xc
 463 01b4 C7010000 		.4byte	.LASF15
 464 01b8 01       		.byte	0x1
 465 01b9 14       		.byte	0x14
 466 01ba 25000000 		.4byte	0x25
 467 01be 05       		.uleb128 0x5
 468 01bf 03       		.byte	0x3
 469 01c0 18000000 		.4byte	setPoint
 470 01c4 0C       		.uleb128 0xc
 471 01c5 1F000000 		.4byte	.LASF16
 472 01c9 01       		.byte	0x1
 473 01ca 15       		.byte	0x15
 474 01cb 25000000 		.4byte	0x25
 475 01cf 05       		.uleb128 0x5
 476 01d0 03       		.byte	0x3
 477 01d1 1C000000 		.4byte	integral
 478 01d5 0C       		.uleb128 0xc
 479 01d6 9E010000 		.4byte	.LASF17
 480 01da 01       		.byte	0x1
 481 01db 16       		.byte	0x16
 482 01dc 25000000 		.4byte	0x25
 483 01e0 05       		.uleb128 0x5
 484 01e1 03       		.byte	0x3
 485 01e2 20000000 		.4byte	previousError
 486 01e6 00       		.byte	0
 487              		.section	.debug_abbrev,"",%progbits
 488              	.Ldebug_abbrev0:
 489 0000 01       		.uleb128 0x1
 490 0001 11       		.uleb128 0x11
 491 0002 01       		.byte	0x1
 492 0003 25       		.uleb128 0x25
 493 0004 0E       		.uleb128 0xe
 494 0005 13       		.uleb128 0x13
 495 0006 0B       		.uleb128 0xb
 496 0007 03       		.uleb128 0x3
 497 0008 0E       		.uleb128 0xe
 498 0009 1B       		.uleb128 0x1b
 499 000a 0E       		.uleb128 0xe
 500 000b 55       		.uleb128 0x55
 501 000c 17       		.uleb128 0x17
ARM GAS  C:\Users\Bruger\AppData\Local\Temp\ccbKPyb3.s 			page 11


 502 000d 11       		.uleb128 0x11
 503 000e 01       		.uleb128 0x1
 504 000f 10       		.uleb128 0x10
 505 0010 17       		.uleb128 0x17
 506 0011 00       		.byte	0
 507 0012 00       		.byte	0
 508 0013 02       		.uleb128 0x2
 509 0014 24       		.uleb128 0x24
 510 0015 00       		.byte	0
 511 0016 0B       		.uleb128 0xb
 512 0017 0B       		.uleb128 0xb
 513 0018 3E       		.uleb128 0x3e
 514 0019 0B       		.uleb128 0xb
 515 001a 03       		.uleb128 0x3
 516 001b 0E       		.uleb128 0xe
 517 001c 00       		.byte	0
 518 001d 00       		.byte	0
 519 001e 03       		.uleb128 0x3
 520 001f 2E       		.uleb128 0x2e
 521 0020 01       		.byte	0x1
 522 0021 3F       		.uleb128 0x3f
 523 0022 19       		.uleb128 0x19
 524 0023 03       		.uleb128 0x3
 525 0024 0E       		.uleb128 0xe
 526 0025 3A       		.uleb128 0x3a
 527 0026 0B       		.uleb128 0xb
 528 0027 3B       		.uleb128 0x3b
 529 0028 0B       		.uleb128 0xb
 530 0029 27       		.uleb128 0x27
 531 002a 19       		.uleb128 0x19
 532 002b 11       		.uleb128 0x11
 533 002c 01       		.uleb128 0x1
 534 002d 12       		.uleb128 0x12
 535 002e 06       		.uleb128 0x6
 536 002f 40       		.uleb128 0x40
 537 0030 18       		.uleb128 0x18
 538 0031 9742     		.uleb128 0x2117
 539 0033 19       		.uleb128 0x19
 540 0034 01       		.uleb128 0x1
 541 0035 13       		.uleb128 0x13
 542 0036 00       		.byte	0
 543 0037 00       		.byte	0
 544 0038 04       		.uleb128 0x4
 545 0039 05       		.uleb128 0x5
 546 003a 00       		.byte	0
 547 003b 03       		.uleb128 0x3
 548 003c 08       		.uleb128 0x8
 549 003d 3A       		.uleb128 0x3a
 550 003e 0B       		.uleb128 0xb
 551 003f 3B       		.uleb128 0x3b
 552 0040 0B       		.uleb128 0xb
 553 0041 49       		.uleb128 0x49
 554 0042 13       		.uleb128 0x13
 555 0043 02       		.uleb128 0x2
 556 0044 18       		.uleb128 0x18
 557 0045 00       		.byte	0
 558 0046 00       		.byte	0
ARM GAS  C:\Users\Bruger\AppData\Local\Temp\ccbKPyb3.s 			page 12


 559 0047 05       		.uleb128 0x5
 560 0048 05       		.uleb128 0x5
 561 0049 00       		.byte	0
 562 004a 03       		.uleb128 0x3
 563 004b 0E       		.uleb128 0xe
 564 004c 3A       		.uleb128 0x3a
 565 004d 0B       		.uleb128 0xb
 566 004e 3B       		.uleb128 0x3b
 567 004f 0B       		.uleb128 0xb
 568 0050 49       		.uleb128 0x49
 569 0051 13       		.uleb128 0x13
 570 0052 02       		.uleb128 0x2
 571 0053 17       		.uleb128 0x17
 572 0054 00       		.byte	0
 573 0055 00       		.byte	0
 574 0056 06       		.uleb128 0x6
 575 0057 05       		.uleb128 0x5
 576 0058 00       		.byte	0
 577 0059 03       		.uleb128 0x3
 578 005a 08       		.uleb128 0x8
 579 005b 3A       		.uleb128 0x3a
 580 005c 0B       		.uleb128 0xb
 581 005d 3B       		.uleb128 0x3b
 582 005e 0B       		.uleb128 0xb
 583 005f 49       		.uleb128 0x49
 584 0060 13       		.uleb128 0x13
 585 0061 02       		.uleb128 0x2
 586 0062 17       		.uleb128 0x17
 587 0063 00       		.byte	0
 588 0064 00       		.byte	0
 589 0065 07       		.uleb128 0x7
 590 0066 05       		.uleb128 0x5
 591 0067 00       		.byte	0
 592 0068 03       		.uleb128 0x3
 593 0069 0E       		.uleb128 0xe
 594 006a 3A       		.uleb128 0x3a
 595 006b 0B       		.uleb128 0xb
 596 006c 3B       		.uleb128 0x3b
 597 006d 0B       		.uleb128 0xb
 598 006e 49       		.uleb128 0x49
 599 006f 13       		.uleb128 0x13
 600 0070 02       		.uleb128 0x2
 601 0071 18       		.uleb128 0x18
 602 0072 00       		.byte	0
 603 0073 00       		.byte	0
 604 0074 08       		.uleb128 0x8
 605 0075 2E       		.uleb128 0x2e
 606 0076 01       		.byte	0x1
 607 0077 3F       		.uleb128 0x3f
 608 0078 19       		.uleb128 0x19
 609 0079 03       		.uleb128 0x3
 610 007a 0E       		.uleb128 0xe
 611 007b 3A       		.uleb128 0x3a
 612 007c 0B       		.uleb128 0xb
 613 007d 3B       		.uleb128 0x3b
 614 007e 0B       		.uleb128 0xb
 615 007f 27       		.uleb128 0x27
ARM GAS  C:\Users\Bruger\AppData\Local\Temp\ccbKPyb3.s 			page 13


 616 0080 19       		.uleb128 0x19
 617 0081 49       		.uleb128 0x49
 618 0082 13       		.uleb128 0x13
 619 0083 11       		.uleb128 0x11
 620 0084 01       		.uleb128 0x1
 621 0085 12       		.uleb128 0x12
 622 0086 06       		.uleb128 0x6
 623 0087 40       		.uleb128 0x40
 624 0088 18       		.uleb128 0x18
 625 0089 9642     		.uleb128 0x2116
 626 008b 19       		.uleb128 0x19
 627 008c 01       		.uleb128 0x1
 628 008d 13       		.uleb128 0x13
 629 008e 00       		.byte	0
 630 008f 00       		.byte	0
 631 0090 09       		.uleb128 0x9
 632 0091 34       		.uleb128 0x34
 633 0092 00       		.byte	0
 634 0093 03       		.uleb128 0x3
 635 0094 0E       		.uleb128 0xe
 636 0095 3A       		.uleb128 0x3a
 637 0096 0B       		.uleb128 0xb
 638 0097 3B       		.uleb128 0x3b
 639 0098 0B       		.uleb128 0xb
 640 0099 49       		.uleb128 0x49
 641 009a 13       		.uleb128 0x13
 642 009b 02       		.uleb128 0x2
 643 009c 17       		.uleb128 0x17
 644 009d 00       		.byte	0
 645 009e 00       		.byte	0
 646 009f 0A       		.uleb128 0xa
 647 00a0 0F       		.uleb128 0xf
 648 00a1 00       		.byte	0
 649 00a2 0B       		.uleb128 0xb
 650 00a3 0B       		.uleb128 0xb
 651 00a4 49       		.uleb128 0x49
 652 00a5 13       		.uleb128 0x13
 653 00a6 00       		.byte	0
 654 00a7 00       		.byte	0
 655 00a8 0B       		.uleb128 0xb
 656 00a9 34       		.uleb128 0x34
 657 00aa 00       		.byte	0
 658 00ab 03       		.uleb128 0x3
 659 00ac 08       		.uleb128 0x8
 660 00ad 3A       		.uleb128 0x3a
 661 00ae 0B       		.uleb128 0xb
 662 00af 3B       		.uleb128 0x3b
 663 00b0 0B       		.uleb128 0xb
 664 00b1 49       		.uleb128 0x49
 665 00b2 13       		.uleb128 0x13
 666 00b3 02       		.uleb128 0x2
 667 00b4 18       		.uleb128 0x18
 668 00b5 00       		.byte	0
 669 00b6 00       		.byte	0
 670 00b7 0C       		.uleb128 0xc
 671 00b8 34       		.uleb128 0x34
 672 00b9 00       		.byte	0
ARM GAS  C:\Users\Bruger\AppData\Local\Temp\ccbKPyb3.s 			page 14


 673 00ba 03       		.uleb128 0x3
 674 00bb 0E       		.uleb128 0xe
 675 00bc 3A       		.uleb128 0x3a
 676 00bd 0B       		.uleb128 0xb
 677 00be 3B       		.uleb128 0x3b
 678 00bf 0B       		.uleb128 0xb
 679 00c0 49       		.uleb128 0x49
 680 00c1 13       		.uleb128 0x13
 681 00c2 02       		.uleb128 0x2
 682 00c3 18       		.uleb128 0x18
 683 00c4 00       		.byte	0
 684 00c5 00       		.byte	0
 685 00c6 00       		.byte	0
 686              		.section	.debug_loc,"",%progbits
 687              	.Ldebug_loc0:
 688              	.LLST0:
 689 0000 00000000 		.4byte	.LVL0
 690 0004 0E000000 		.4byte	.LVL1
 691 0008 0100     		.2byte	0x1
 692 000a 53       		.byte	0x53
 693 000b 0E000000 		.4byte	.LVL1
 694 000f 1C000000 		.4byte	.LFE0
 695 0013 0500     		.2byte	0x5
 696 0015 03       		.byte	0x3
 697 0016 0C000000 		.4byte	integralMax
 698 001a 00000000 		.4byte	0
 699 001e 00000000 		.4byte	0
 700              	.LLST1:
 701 0022 00000000 		.4byte	.LVL0
 702 0026 16000000 		.4byte	.LVL2
 703 002a 0200     		.2byte	0x2
 704 002c 91       		.byte	0x91
 705 002d 00       		.sleb128 0
 706 002e 16000000 		.4byte	.LVL2
 707 0032 1C000000 		.4byte	.LFE0
 708 0036 0200     		.2byte	0x2
 709 0038 7D       		.byte	0x7d
 710 0039 00       		.sleb128 0
 711 003a 00000000 		.4byte	0
 712 003e 00000000 		.4byte	0
 713              	.LLST2:
 714 0042 00000000 		.4byte	.LVL0
 715 0046 16000000 		.4byte	.LVL2
 716 004a 0200     		.2byte	0x2
 717 004c 91       		.byte	0x91
 718 004d 04       		.sleb128 4
 719 004e 16000000 		.4byte	.LVL2
 720 0052 1C000000 		.4byte	.LFE0
 721 0056 0200     		.2byte	0x2
 722 0058 7D       		.byte	0x7d
 723 0059 04       		.sleb128 4
 724 005a 00000000 		.4byte	0
 725 005e 00000000 		.4byte	0
 726              	.LLST3:
 727 0062 00000000 		.4byte	.LVL4
 728 0066 12000000 		.4byte	.LVL7
 729 006a 0100     		.2byte	0x1
ARM GAS  C:\Users\Bruger\AppData\Local\Temp\ccbKPyb3.s 			page 15


 730 006c 50       		.byte	0x50
 731 006d 12000000 		.4byte	.LVL7
 732 0071 15000000 		.4byte	.LVL8-1
 733 0075 0100     		.2byte	0x1
 734 0077 51       		.byte	0x51
 735 0078 15000000 		.4byte	.LVL8-1
 736 007c A4000000 		.4byte	.LFE2
 737 0080 0600     		.2byte	0x6
 738 0082 F3       		.byte	0xf3
 739 0083 03       		.uleb128 0x3
 740 0084 F5       		.byte	0xf5
 741 0085 00       		.uleb128 0
 742 0086 25       		.uleb128 0x25
 743 0087 9F       		.byte	0x9f
 744 0088 00000000 		.4byte	0
 745 008c 00000000 		.4byte	0
 746              	.LLST4:
 747 0090 00000000 		.4byte	.LVL4
 748 0094 10000000 		.4byte	.LVL6
 749 0098 0100     		.2byte	0x1
 750 009a 51       		.byte	0x51
 751 009b 10000000 		.4byte	.LVL6
 752 009f 9E000000 		.4byte	.LVL24
 753 00a3 0100     		.2byte	0x1
 754 00a5 5B       		.byte	0x5b
 755 00a6 9E000000 		.4byte	.LVL24
 756 00aa A4000000 		.4byte	.LFE2
 757 00ae 0400     		.2byte	0x4
 758 00b0 F3       		.byte	0xf3
 759 00b1 01       		.uleb128 0x1
 760 00b2 51       		.byte	0x51
 761 00b3 9F       		.byte	0x9f
 762 00b4 00000000 		.4byte	0
 763 00b8 00000000 		.4byte	0
 764              	.LLST5:
 765 00bc 00000000 		.4byte	.LVL4
 766 00c0 15000000 		.4byte	.LVL8-1
 767 00c4 0100     		.2byte	0x1
 768 00c6 52       		.byte	0x52
 769 00c7 15000000 		.4byte	.LVL8-1
 770 00cb 9E000000 		.4byte	.LVL24
 771 00cf 0100     		.2byte	0x1
 772 00d1 5A       		.byte	0x5a
 773 00d2 9E000000 		.4byte	.LVL24
 774 00d6 A4000000 		.4byte	.LFE2
 775 00da 0400     		.2byte	0x4
 776 00dc F3       		.byte	0xf3
 777 00dd 01       		.uleb128 0x1
 778 00de 52       		.byte	0x52
 779 00df 9F       		.byte	0x9f
 780 00e0 00000000 		.4byte	0
 781 00e4 00000000 		.4byte	0
 782              	.LLST6:
 783 00e8 00000000 		.4byte	.LVL4
 784 00ec 15000000 		.4byte	.LVL8-1
 785 00f0 0100     		.2byte	0x1
 786 00f2 53       		.byte	0x53
ARM GAS  C:\Users\Bruger\AppData\Local\Temp\ccbKPyb3.s 			page 16


 787 00f3 15000000 		.4byte	.LVL8-1
 788 00f7 9E000000 		.4byte	.LVL24
 789 00fb 0100     		.2byte	0x1
 790 00fd 59       		.byte	0x59
 791 00fe 9E000000 		.4byte	.LVL24
 792 0102 A4000000 		.4byte	.LFE2
 793 0106 0400     		.2byte	0x4
 794 0108 F3       		.byte	0xf3
 795 0109 01       		.uleb128 0x1
 796 010a 53       		.byte	0x53
 797 010b 9F       		.byte	0x9f
 798 010c 00000000 		.4byte	0
 799 0110 00000000 		.4byte	0
 800              	.LLST7:
 801 0114 0C000000 		.4byte	.LVL5
 802 0118 8A000000 		.4byte	.LVL23
 803 011c 0600     		.2byte	0x6
 804 011e 9E       		.byte	0x9e
 805 011f 04       		.uleb128 0x4
 806 0120 00000000 		.4byte	0
 807 0124 8A000000 		.4byte	.LVL23
 808 0128 A4000000 		.4byte	.LFE2
 809 012c 0100     		.2byte	0x1
 810 012e 50       		.byte	0x50
 811 012f 00000000 		.4byte	0
 812 0133 00000000 		.4byte	0
 813              	.LLST8:
 814 0137 0C000000 		.4byte	.LVL5
 815 013b 18000000 		.4byte	.LVL9
 816 013f 0600     		.2byte	0x6
 817 0141 9E       		.byte	0x9e
 818 0142 04       		.uleb128 0x4
 819 0143 00000000 		.4byte	0
 820 0147 18000000 		.4byte	.LVL9
 821 014b 1F000000 		.4byte	.LVL10-1
 822 014f 0100     		.2byte	0x1
 823 0151 50       		.byte	0x50
 824 0152 1F000000 		.4byte	.LVL10-1
 825 0156 9E000000 		.4byte	.LVL24
 826 015a 0100     		.2byte	0x1
 827 015c 55       		.byte	0x55
 828 015d 9E000000 		.4byte	.LVL24
 829 0161 A4000000 		.4byte	.LFE2
 830 0165 0500     		.2byte	0x5
 831 0167 03       		.byte	0x3
 832 0168 20000000 		.4byte	previousError
 833 016c 00000000 		.4byte	0
 834 0170 00000000 		.4byte	0
 835              	.LLST9:
 836 0174 0C000000 		.4byte	.LVL5
 837 0178 5A000000 		.4byte	.LVL16
 838 017c 0600     		.2byte	0x6
 839 017e 9E       		.byte	0x9e
 840 017f 04       		.uleb128 0x4
 841 0180 00000000 		.4byte	0
 842 0184 5A000000 		.4byte	.LVL16
 843 0188 5E000000 		.4byte	.LVL17
ARM GAS  C:\Users\Bruger\AppData\Local\Temp\ccbKPyb3.s 			page 17


 844 018c 0100     		.2byte	0x1
 845 018e 50       		.byte	0x50
 846 018f 5E000000 		.4byte	.LVL17
 847 0193 82000000 		.4byte	.LVL22
 848 0197 0100     		.2byte	0x1
 849 0199 56       		.byte	0x56
 850 019a 00000000 		.4byte	0
 851 019e 00000000 		.4byte	0
 852              		.section	.debug_aranges,"",%progbits
 853 0000 2C000000 		.4byte	0x2c
 854 0004 0200     		.2byte	0x2
 855 0006 00000000 		.4byte	.Ldebug_info0
 856 000a 04       		.byte	0x4
 857 000b 00       		.byte	0
 858 000c 0000     		.2byte	0
 859 000e 0000     		.2byte	0
 860 0010 00000000 		.4byte	.LFB0
 861 0014 1C000000 		.4byte	.LFE0-.LFB0
 862 0018 00000000 		.4byte	.LFB1
 863 001c 0C000000 		.4byte	.LFE1-.LFB1
 864 0020 00000000 		.4byte	.LFB2
 865 0024 A4000000 		.4byte	.LFE2-.LFB2
 866 0028 00000000 		.4byte	0
 867 002c 00000000 		.4byte	0
 868              		.section	.debug_ranges,"",%progbits
 869              	.Ldebug_ranges0:
 870 0000 00000000 		.4byte	.LFB0
 871 0004 1C000000 		.4byte	.LFE0
 872 0008 00000000 		.4byte	.LFB1
 873 000c 0C000000 		.4byte	.LFE1
 874 0010 00000000 		.4byte	.LFB2
 875 0014 A4000000 		.4byte	.LFE2
 876 0018 00000000 		.4byte	0
 877 001c 00000000 		.4byte	0
 878              		.section	.debug_line,"",%progbits
 879              	.Ldebug_line0:
 880 0000 78000000 		.section	.debug_str,"MS",%progbits,1
 880      02002300 
 880      00000201 
 880      FB0E0D00 
 880      01010101 
 881              	.LASF1:
 882 0000 5F696E74 		.ascii	"_integralMin\000"
 882      65677261 
 882      6C4D696E 
 882      00
 883              	.LASF9:
 884 000d 6F757470 		.ascii	"output\000"
 884      757400
 885              	.LASF11:
 886 0014 64657269 		.ascii	"derivative\000"
 886      76617469 
 886      766500
 887              	.LASF16:
 888 001f 696E7465 		.ascii	"integral\000"
 888      6772616C 
 888      00
ARM GAS  C:\Users\Bruger\AppData\Local\Temp\ccbKPyb3.s 			page 18


 889              	.LASF2:
 890 0028 50494443 		.ascii	"PIDControl_init\000"
 890      6F6E7472 
 890      6F6C5F69 
 890      6E697400 
 891              	.LASF3:
 892 0038 50494443 		.ascii	"PIDControl_changeSetPoint\000"
 892      6F6E7472 
 892      6F6C5F63 
 892      68616E67 
 892      65536574 
 893              	.LASF20:
 894 0052 433A5C55 		.ascii	"C:\\Users\\Bruger\\Documents\\GitHub\\GFV\\journal_"
 894      73657273 
 894      5C427275 
 894      6765725C 
 894      446F6375 
 895 007f 335F7465 		.ascii	"3_tempcon\\Temperature-Control.cydsn\000"
 895      6D70636F 
 895      6E5C5465 
 895      6D706572 
 895      61747572 
 896              	.LASF18:
 897 00a3 474E5520 		.ascii	"GNU C11 5.4.1 20160609 (release) [ARM/embedded-5-br"
 897      43313120 
 897      352E342E 
 897      31203230 
 897      31363036 
 898 00d6 616E6368 		.ascii	"anch revision 237715] -mcpu=cortex-m3 -mthumb -g -O"
 898      20726576 
 898      6973696F 
 898      6E203233 
 898      37373135 
 899 0109 67202D66 		.ascii	"g -ffunction-sections -ffat-lto-objects\000"
 899      66756E63 
 899      74696F6E 
 899      2D736563 
 899      74696F6E 
 900              	.LASF4:
 901 0131 5F736574 		.ascii	"_setPoint\000"
 901      506F696E 
 901      7400
 902              	.LASF14:
 903 013b 696E7465 		.ascii	"integralMin\000"
 903      6772616C 
 903      4D696E00 
 904              	.LASF0:
 905 0147 5F696E74 		.ascii	"_integralMax\000"
 905      65677261 
 905      6C4D6178 
 905      00
 906              	.LASF10:
 907 0154 70726F70 		.ascii	"proportional\000"
 907      6F727469 
 907      6F6E616C 
 907      00
 908              	.LASF12:
ARM GAS  C:\Users\Bruger\AppData\Local\Temp\ccbKPyb3.s 			page 19


 909 0161 63757272 		.ascii	"currentError\000"
 909      656E7445 
 909      72726F72 
 909      00
 910              	.LASF7:
 911 016e 696E7465 		.ascii	"integralPart\000"
 911      6772616C 
 911      50617274 
 911      00
 912              	.LASF6:
 913 017b 70726F70 		.ascii	"proportionalPart\000"
 913      6F727469 
 913      6F6E616C 
 913      50617274 
 913      00
 914              	.LASF22:
 915 018c 50494443 		.ascii	"PIDControl_doStep\000"
 915      6F6E7472 
 915      6F6C5F64 
 915      6F537465 
 915      7000
 916              	.LASF17:
 917 019e 70726576 		.ascii	"previousError\000"
 917      696F7573 
 917      4572726F 
 917      7200
 918              	.LASF13:
 919 01ac 696E7465 		.ascii	"integralMax\000"
 919      6772616C 
 919      4D617800 
 920              	.LASF8:
 921 01b8 64657269 		.ascii	"derivativePart\000"
 921      76617469 
 921      76655061 
 921      727400
 922              	.LASF15:
 923 01c7 73657450 		.ascii	"setPoint\000"
 923      6F696E74 
 923      00
 924              	.LASF21:
 925 01d0 666C6F61 		.ascii	"float\000"
 925      7400
 926              	.LASF19:
 927 01d6 50494443 		.ascii	"PIDControl.c\000"
 927      6F6E7472 
 927      6F6C2E63 
 927      00
 928              	.LASF5:
 929 01e3 73797374 		.ascii	"systemOutput\000"
 929      656D4F75 
 929      74707574 
 929      00
 930              		.ident	"GCC: (GNU Tools for ARM Embedded Processors) 5.4.1 20160609 (release) [ARM/embedded-5-bran
