ARM GAS  C:\Users\Thomas\AppData\Local\Temp\ccRQkv5m.s 			page 1


   1              		.syntax unified
   2              		.cpu cortex-m3
   3              		.fpu softvfp
   4              		.eabi_attribute 20, 1
   5              		.eabi_attribute 21, 1
   6              		.eabi_attribute 23, 3
   7              		.eabi_attribute 24, 1
   8              		.eabi_attribute 25, 1
   9              		.eabi_attribute 26, 1
  10              		.eabi_attribute 30, 1
  11              		.eabi_attribute 34, 1
  12              		.eabi_attribute 18, 4
  13              		.thumb
  14              		.syntax unified
  15              		.file	"cymetadata.c"
  16              		.text
  17              	.Ltext0:
  18              		.cfi_sections	.debug_frame
  19              		.global	cy_metadata
  20              		.global	cy_meta_flashprotect
  21              		.global	cy_meta_wonvl
  22              		.global	cy_meta_custnvl
  23              		.global	cy_meta_configecc
  24              		.section	.cyconfigecc,"a",%progbits
  25              		.align	2
  26              		.type	cy_meta_configecc, %object
  27              		.size	cy_meta_configecc, 1092
  28              	cy_meta_configecc:
  29 0000 04       		.byte	4
  30 0001 52       		.byte	82
  31 0002 00       		.byte	0
  32 0003 40       		.byte	64
  33 0004 02       		.byte	2
  34 0005 64       		.byte	100
  35 0006 00       		.byte	0
  36 0007 40       		.byte	64
  37 0008 02       		.byte	2
  38 0009 65       		.byte	101
  39 000a 00       		.byte	0
  40 000b 40       		.byte	64
  41 000c 01       		.byte	1
  42 000d 07       		.byte	7
  43 000e 01       		.byte	1
  44 000f 40       		.byte	64
  45 0010 4C       		.byte	76
  46 0011 08       		.byte	8
  47 0012 01       		.byte	1
  48 0013 40       		.byte	64
  49 0014 32       		.byte	50
  50 0015 09       		.byte	9
  51 0016 01       		.byte	1
  52 0017 40       		.byte	64
  53 0018 5D       		.byte	93
  54 0019 18       		.byte	24
  55 001a 01       		.byte	1
  56 001b 40       		.byte	64
  57 001c 48       		.byte	72
ARM GAS  C:\Users\Thomas\AppData\Local\Temp\ccRQkv5m.s 			page 2


  58 001d 19       		.byte	25
  59 001e 01       		.byte	1
  60 001f 40       		.byte	64
  61 0020 57       		.byte	87
  62 0021 1A       		.byte	26
  63 0022 01       		.byte	1
  64 0023 40       		.byte	64
  65 0024 48       		.byte	72
  66 0025 1B       		.byte	27
  67 0026 01       		.byte	1
  68 0027 40       		.byte	64
  69 0028 02       		.byte	2
  70 0029 40       		.byte	64
  71 002a 01       		.byte	1
  72 002b 40       		.byte	64
  73 002c 01       		.byte	1
  74 002d 41       		.byte	65
  75 002e 01       		.byte	1
  76 002f 40       		.byte	64
  77 0030 01       		.byte	1
  78 0031 42       		.byte	66
  79 0032 01       		.byte	1
  80 0033 40       		.byte	64
  81 0034 03       		.byte	3
  82 0035 43       		.byte	67
  83 0036 01       		.byte	1
  84 0037 40       		.byte	64
  85 0038 02       		.byte	2
  86 0039 45       		.byte	69
  87 003a 01       		.byte	1
  88 003b 40       		.byte	64
  89 003c 01       		.byte	1
  90 003d 46       		.byte	70
  91 003e 01       		.byte	1
  92 003f 40       		.byte	64
  93 0040 01       		.byte	1
  94 0041 47       		.byte	71
  95 0042 01       		.byte	1
  96 0043 40       		.byte	64
  97 0044 03       		.byte	3
  98 0045 4C       		.byte	76
  99 0046 01       		.byte	1
 100 0047 40       		.byte	64
 101 0048 0A       		.byte	10
 102 0049 4D       		.byte	77
 103 004a 01       		.byte	1
 104 004b 40       		.byte	64
 105 004c 04       		.byte	4
 106 004d 50       		.byte	80
 107 004e 01       		.byte	1
 108 004f 40       		.byte	64
 109 0050 01       		.byte	1
 110 0051 51       		.byte	81
 111 0052 01       		.byte	1
 112 0053 40       		.byte	64
 113 0054 10       		.byte	16
 114 0055 01       		.byte	1
ARM GAS  C:\Users\Thomas\AppData\Local\Temp\ccRQkv5m.s 			page 3


 115 0056 11       		.byte	17
 116 0057 01       		.byte	1
 117 0058 61       		.byte	97
 118 0059 80       		.byte	-128
 119 005a 64       		.byte	100
 120 005b 40       		.byte	64
 121 005c 88       		.byte	-120
 122 005d 38       		.byte	56
 123 005e 89       		.byte	-119
 124 005f 0D       		.byte	13
 125 0060 88       		.byte	-120
 126 0061 0F       		.byte	15
 127 0062 8A       		.byte	-118
 128 0063 72       		.byte	114
 129 0064 E6       		.byte	-26
 130 0065 02       		.byte	2
 131 0066 06       		.byte	6
 132 0067 01       		.byte	1
 133 0068 17       		.byte	23
 134 0069 02       		.byte	2
 135 006a 1F       		.byte	31
 136 006b 01       		.byte	1
 137 006c 28       		.byte	40
 138 006d 01       		.byte	1
 139 006e 2F       		.byte	47
 140 006f 01       		.byte	1
 141 0070 30       		.byte	48
 142 0071 01       		.byte	1
 143 0072 33       		.byte	51
 144 0073 02       		.byte	2
 145 0074 37       		.byte	55
 146 0075 01       		.byte	1
 147 0076 3F       		.byte	63
 148 0077 40       		.byte	64
 149 0078 54       		.byte	84
 150 0079 18       		.byte	24
 151 007a 56       		.byte	86
 152 007b 04       		.byte	4
 153 007c 58       		.byte	88
 154 007d 04       		.byte	4
 155 007e 59       		.byte	89
 156 007f 04       		.byte	4
 157 0080 5B       		.byte	91
 158 0081 04       		.byte	4
 159 0082 5C       		.byte	92
 160 0083 11       		.byte	17
 161 0084 5F       		.byte	95
 162 0085 01       		.byte	1
 163 0086 81       		.byte	-127
 164 0087 07       		.byte	7
 165 0088 83       		.byte	-125
 166 0089 08       		.byte	8
 167 008a 85       		.byte	-123
 168 008b 06       		.byte	6
 169 008c 86       		.byte	-122
 170 008d 08       		.byte	8
 171 008e 87       		.byte	-121
ARM GAS  C:\Users\Thomas\AppData\Local\Temp\ccRQkv5m.s 			page 4


 172 008f 09       		.byte	9
 173 0090 8A       		.byte	-118
 174 0091 04       		.byte	4
 175 0092 8C       		.byte	-116
 176 0093 01       		.byte	1
 177 0094 8D       		.byte	-115
 178 0095 0F       		.byte	15
 179 0096 90       		.byte	-112
 180 0097 02       		.byte	2
 181 0098 95       		.byte	-107
 182 0099 06       		.byte	6
 183 009a 96       		.byte	-106
 184 009b 08       		.byte	8
 185 009c 98       		.byte	-104
 186 009d 02       		.byte	2
 187 009e 99       		.byte	-103
 188 009f 02       		.byte	2
 189 00a0 9D       		.byte	-99
 190 00a1 04       		.byte	4
 191 00a2 9E       		.byte	-98
 192 00a3 04       		.byte	4
 193 00a4 A2       		.byte	-94
 194 00a5 01       		.byte	1
 195 00a6 A4       		.byte	-92
 196 00a7 02       		.byte	2
 197 00a8 A8       		.byte	-88
 198 00a9 01       		.byte	1
 199 00aa A9       		.byte	-87
 200 00ab 09       		.byte	9
 201 00ac AB       		.byte	-85
 202 00ad 06       		.byte	6
 203 00ae AE       		.byte	-82
 204 00af 01       		.byte	1
 205 00b0 AF       		.byte	-81
 206 00b1 09       		.byte	9
 207 00b2 B0       		.byte	-80
 208 00b3 08       		.byte	8
 209 00b4 B1       		.byte	-79
 210 00b5 07       		.byte	7
 211 00b6 B2       		.byte	-78
 212 00b7 01       		.byte	1
 213 00b8 B3       		.byte	-77
 214 00b9 0E       		.byte	14
 215 00ba B4       		.byte	-76
 216 00bb 04       		.byte	4
 217 00bc B6       		.byte	-74
 218 00bd 02       		.byte	2
 219 00be B8       		.byte	-72
 220 00bf 08       		.byte	8
 221 00c0 BB       		.byte	-69
 222 00c1 08       		.byte	8
 223 00c2 BE       		.byte	-66
 224 00c3 11       		.byte	17
 225 00c4 C0       		.byte	-64
 226 00c5 30       		.byte	48
 227 00c6 C1       		.byte	-63
 228 00c7 02       		.byte	2
ARM GAS  C:\Users\Thomas\AppData\Local\Temp\ccRQkv5m.s 			page 5


 229 00c8 C5       		.byte	-59
 230 00c9 D0       		.byte	-48
 231 00ca C6       		.byte	-58
 232 00cb 20       		.byte	32
 233 00cc C7       		.byte	-57
 234 00cd 01       		.byte	1
 235 00ce C8       		.byte	-56
 236 00cf 1A       		.byte	26
 237 00d0 C9       		.byte	-55
 238 00d1 FF       		.byte	-1
 239 00d2 CA       		.byte	-54
 240 00d3 FF       		.byte	-1
 241 00d4 CB       		.byte	-53
 242 00d5 FF       		.byte	-1
 243 00d6 CD       		.byte	-51
 244 00d7 A0       		.byte	-96
 245 00d8 CF       		.byte	-49
 246 00d9 04       		.byte	4
 247 00da D0       		.byte	-48
 248 00db 18       		.byte	24
 249 00dc D2       		.byte	-46
 250 00dd 80       		.byte	-128
 251 00de D4       		.byte	-44
 252 00df 05       		.byte	5
 253 00e0 D8       		.byte	-40
 254 00e1 04       		.byte	4
 255 00e2 D9       		.byte	-39
 256 00e3 04       		.byte	4
 257 00e4 DA       		.byte	-38
 258 00e5 04       		.byte	4
 259 00e6 DB       		.byte	-37
 260 00e7 04       		.byte	4
 261 00e8 DD       		.byte	-35
 262 00e9 11       		.byte	17
 263 00ea DF       		.byte	-33
 264 00eb 01       		.byte	1
 265 00ec E0       		.byte	-32
 266 00ed 40       		.byte	64
 267 00ee E2       		.byte	-30
 268 00ef C0       		.byte	-64
 269 00f0 E4       		.byte	-28
 270 00f1 40       		.byte	64
 271 00f2 E5       		.byte	-27
 272 00f3 40       		.byte	64
 273 00f4 E6       		.byte	-26
 274 00f5 C0       		.byte	-64
 275 00f6 E8       		.byte	-24
 276 00f7 C0       		.byte	-64
 277 00f8 EA       		.byte	-22
 278 00f9 C0       		.byte	-64
 279 00fa EC       		.byte	-20
 280 00fb C0       		.byte	-64
 281 00fc EE       		.byte	-18
 282 00fd C0       		.byte	-64
 283 00fe 00       		.byte	0
 284 00ff C0       		.byte	-64
 285 0100 03       		.byte	3
ARM GAS  C:\Users\Thomas\AppData\Local\Temp\ccRQkv5m.s 			page 6


 286 0101 28       		.byte	40
 287 0102 04       		.byte	4
 288 0103 08       		.byte	8
 289 0104 0A       		.byte	10
 290 0105 B4       		.byte	-76
 291 0106 0B       		.byte	11
 292 0107 02       		.byte	2
 293 0108 10       		.byte	16
 294 0109 05       		.byte	5
 295 010a 11       		.byte	17
 296 010b 01       		.byte	1
 297 010c 13       		.byte	19
 298 010d 08       		.byte	8
 299 010e 17       		.byte	23
 300 010f 20       		.byte	32
 301 0110 19       		.byte	25
 302 0111 A0       		.byte	-96
 303 0112 1B       		.byte	27
 304 0113 09       		.byte	9
 305 0114 1E       		.byte	30
 306 0115 40       		.byte	64
 307 0116 21       		.byte	33
 308 0117 0D       		.byte	13
 309 0118 23       		.byte	35
 310 0119 80       		.byte	-128
 311 011a 27       		.byte	39
 312 011b 21       		.byte	33
 313 011c 28       		.byte	40
 314 011d 0C       		.byte	12
 315 011e 29       		.byte	41
 316 011f 80       		.byte	-128
 317 0120 2F       		.byte	47
 318 0121 02       		.byte	2
 319 0122 30       		.byte	48
 320 0123 20       		.byte	32
 321 0124 31       		.byte	49
 322 0125 84       		.byte	-124
 323 0126 36       		.byte	54
 324 0127 08       		.byte	8
 325 0128 37       		.byte	55
 326 0129 80       		.byte	-128
 327 012a 38       		.byte	56
 328 012b 40       		.byte	64
 329 012c 39       		.byte	57
 330 012d 09       		.byte	9
 331 012e 3A       		.byte	58
 332 012f 01       		.byte	1
 333 0130 42       		.byte	66
 334 0131 10       		.byte	16
 335 0132 43       		.byte	67
 336 0133 20       		.byte	32
 337 0134 46       		.byte	70
 338 0135 80       		.byte	-128
 339 0136 47       		.byte	71
 340 0137 01       		.byte	1
 341 0138 49       		.byte	73
 342 0139 01       		.byte	1
ARM GAS  C:\Users\Thomas\AppData\Local\Temp\ccRQkv5m.s 			page 7


 343 013a 50       		.byte	80
 344 013b 04       		.byte	4
 345 013c 52       		.byte	82
 346 013d 08       		.byte	8
 347 013e 53       		.byte	83
 348 013f 20       		.byte	32
 349 0140 59       		.byte	89
 350 0141 01       		.byte	1
 351 0142 5A       		.byte	90
 352 0143 48       		.byte	72
 353 0144 5E       		.byte	94
 354 0145 02       		.byte	2
 355 0146 65       		.byte	101
 356 0147 20       		.byte	32
 357 0148 66       		.byte	102
 358 0149 80       		.byte	-128
 359 014a 67       		.byte	103
 360 014b 40       		.byte	64
 361 014c 71       		.byte	113
 362 014d 02       		.byte	2
 363 014e 87       		.byte	-121
 364 014f 40       		.byte	64
 365 0150 C0       		.byte	-64
 366 0151 27       		.byte	39
 367 0152 C2       		.byte	-62
 368 0153 0F       		.byte	15
 369 0154 C4       		.byte	-60
 370 0155 4F       		.byte	79
 371 0156 CA       		.byte	-54
 372 0157 1C       		.byte	28
 373 0158 CC       		.byte	-52
 374 0159 5E       		.byte	94
 375 015a CE       		.byte	-50
 376 015b 0B       		.byte	11
 377 015c D0       		.byte	-48
 378 015d 06       		.byte	6
 379 015e D6       		.byte	-42
 380 015f 8B       		.byte	-117
 381 0160 D8       		.byte	-40
 382 0161 B0       		.byte	-80
 383 0162 03       		.byte	3
 384 0163 05       		.byte	5
 385 0164 08       		.byte	8
 386 0165 05       		.byte	5
 387 0166 0B       		.byte	11
 388 0167 08       		.byte	8
 389 0168 0D       		.byte	13
 390 0169 03       		.byte	3
 391 016a 0F       		.byte	15
 392 016b 04       		.byte	4
 393 016c 11       		.byte	17
 394 016d 0A       		.byte	10
 395 016e 12       		.byte	18
 396 016f 01       		.byte	1
 397 0170 13       		.byte	19
 398 0171 04       		.byte	4
 399 0172 15       		.byte	21
ARM GAS  C:\Users\Thomas\AppData\Local\Temp\ccRQkv5m.s 			page 8


 400 0173 03       		.byte	3
 401 0174 17       		.byte	23
 402 0175 0C       		.byte	12
 403 0176 19       		.byte	25
 404 0177 03       		.byte	3
 405 0178 1B       		.byte	27
 406 0179 04       		.byte	4
 407 017a 1C       		.byte	28
 408 017b 08       		.byte	8
 409 017c 1E       		.byte	30
 410 017d 01       		.byte	1
 411 017e 22       		.byte	34
 412 017f 05       		.byte	5
 413 0180 24       		.byte	36
 414 0181 05       		.byte	5
 415 0182 2C       		.byte	44
 416 0183 02       		.byte	2
 417 0184 30       		.byte	48
 418 0185 01       		.byte	1
 419 0186 32       		.byte	50
 420 0187 0C       		.byte	12
 421 0188 34       		.byte	52
 422 0189 02       		.byte	2
 423 018a 35       		.byte	53
 424 018b 0F       		.byte	15
 425 018c 38       		.byte	56
 426 018d 08       		.byte	8
 427 018e 3B       		.byte	59
 428 018f 20       		.byte	32
 429 0190 3E       		.byte	62
 430 0191 11       		.byte	17
 431 0192 40       		.byte	64
 432 0193 24       		.byte	36
 433 0194 41       		.byte	65
 434 0195 06       		.byte	6
 435 0196 46       		.byte	70
 436 0197 0C       		.byte	12
 437 0198 47       		.byte	71
 438 0199 EB       		.byte	-21
 439 019a 48       		.byte	72
 440 019b 34       		.byte	52
 441 019c 49       		.byte	73
 442 019d FF       		.byte	-1
 443 019e 4A       		.byte	74
 444 019f FF       		.byte	-1
 445 01a0 4B       		.byte	75
 446 01a1 FF       		.byte	-1
 447 01a2 4E       		.byte	78
 448 01a3 F0       		.byte	-16
 449 01a4 4F       		.byte	79
 450 01a5 44       		.byte	68
 451 01a6 50       		.byte	80
 452 01a7 0C       		.byte	12
 453 01a8 54       		.byte	84
 454 01a9 01       		.byte	1
 455 01aa 58       		.byte	88
 456 01ab 04       		.byte	4
ARM GAS  C:\Users\Thomas\AppData\Local\Temp\ccRQkv5m.s 			page 9


 457 01ac 59       		.byte	89
 458 01ad 04       		.byte	4
 459 01ae 5A       		.byte	90
 460 01af 04       		.byte	4
 461 01b0 5B       		.byte	91
 462 01b1 04       		.byte	4
 463 01b2 5F       		.byte	95
 464 01b3 01       		.byte	1
 465 01b4 66       		.byte	102
 466 01b5 C0       		.byte	-64
 467 01b6 6A       		.byte	106
 468 01b7 40       		.byte	64
 469 01b8 6B       		.byte	107
 470 01b9 02       		.byte	2
 471 01ba 85       		.byte	-123
 472 01bb 10       		.byte	16
 473 01bc 87       		.byte	-121
 474 01bd 04       		.byte	4
 475 01be 89       		.byte	-119
 476 01bf 18       		.byte	24
 477 01c0 8B       		.byte	-117
 478 01c1 02       		.byte	2
 479 01c2 91       		.byte	-111
 480 01c3 18       		.byte	24
 481 01c4 92       		.byte	-110
 482 01c5 02       		.byte	2
 483 01c6 96       		.byte	-106
 484 01c7 01       		.byte	1
 485 01c8 97       		.byte	-105
 486 01c9 18       		.byte	24
 487 01ca 99       		.byte	-103
 488 01cb 18       		.byte	24
 489 01cc A3       		.byte	-93
 490 01cd 18       		.byte	24
 491 01ce A5       		.byte	-91
 492 01cf 08       		.byte	8
 493 01d0 A7       		.byte	-89
 494 01d1 05       		.byte	5
 495 01d2 AA       		.byte	-86
 496 01d3 01       		.byte	1
 497 01d4 AF       		.byte	-81
 498 01d5 18       		.byte	24
 499 01d6 B0       		.byte	-80
 500 01d7 01       		.byte	1
 501 01d8 B2       		.byte	-78
 502 01d9 02       		.byte	2
 503 01da B3       		.byte	-77
 504 01db 01       		.byte	1
 505 01dc B5       		.byte	-75
 506 01dd 18       		.byte	24
 507 01de B7       		.byte	-73
 508 01df 06       		.byte	6
 509 01e0 BB       		.byte	-69
 510 01e1 02       		.byte	2
 511 01e2 BF       		.byte	-65
 512 01e3 40       		.byte	64
 513 01e4 C0       		.byte	-64
ARM GAS  C:\Users\Thomas\AppData\Local\Temp\ccRQkv5m.s 			page 10


 514 01e5 25       		.byte	37
 515 01e6 C1       		.byte	-63
 516 01e7 06       		.byte	6
 517 01e8 C2       		.byte	-62
 518 01e9 04       		.byte	4
 519 01ea C4       		.byte	-60
 520 01eb 01       		.byte	1
 521 01ec C5       		.byte	-59
 522 01ed E0       		.byte	-32
 523 01ee C7       		.byte	-57
 524 01ef C0       		.byte	-64
 525 01f0 C8       		.byte	-56
 526 01f1 22       		.byte	34
 527 01f2 C9       		.byte	-55
 528 01f3 FF       		.byte	-1
 529 01f4 CA       		.byte	-54
 530 01f5 FF       		.byte	-1
 531 01f6 CB       		.byte	-53
 532 01f7 FF       		.byte	-1
 533 01f8 CC       		.byte	-52
 534 01f9 62       		.byte	98
 535 01fa CD       		.byte	-51
 536 01fb A0       		.byte	-96
 537 01fc CE       		.byte	-50
 538 01fd F0       		.byte	-16
 539 01fe CF       		.byte	-49
 540 01ff 41       		.byte	65
 541 0200 D0       		.byte	-48
 542 0201 0C       		.byte	12
 543 0202 D8       		.byte	-40
 544 0203 04       		.byte	4
 545 0204 D9       		.byte	-39
 546 0205 04       		.byte	4
 547 0206 DA       		.byte	-38
 548 0207 04       		.byte	4
 549 0208 DC       		.byte	-36
 550 0209 01       		.byte	1
 551 020a DF       		.byte	-33
 552 020b 01       		.byte	1
 553 020c E6       		.byte	-26
 554 020d 40       		.byte	64
 555 020e E7       		.byte	-25
 556 020f 02       		.byte	2
 557 0210 E9       		.byte	-23
 558 0211 10       		.byte	16
 559 0212 EA       		.byte	-22
 560 0213 30       		.byte	48
 561 0214 EB       		.byte	-21
 562 0215 10       		.byte	16
 563 0216 ED       		.byte	-19
 564 0217 10       		.byte	16
 565 0218 EE       		.byte	-18
 566 0219 10       		.byte	16
 567 021a EF       		.byte	-17
 568 021b 12       		.byte	18
 569 021c 05       		.byte	5
 570 021d 30       		.byte	48
ARM GAS  C:\Users\Thomas\AppData\Local\Temp\ccRQkv5m.s 			page 11


 571 021e 09       		.byte	9
 572 021f 02       		.byte	2
 573 0220 0A       		.byte	10
 574 0221 20       		.byte	32
 575 0222 0C       		.byte	12
 576 0223 40       		.byte	64
 577 0224 0F       		.byte	15
 578 0225 81       		.byte	-127
 579 0226 12       		.byte	18
 580 0227 08       		.byte	8
 581 0228 14       		.byte	20
 582 0229 02       		.byte	2
 583 022a 16       		.byte	22
 584 022b 02       		.byte	2
 585 022c 17       		.byte	23
 586 022d 05       		.byte	5
 587 022e 19       		.byte	25
 588 022f 01       		.byte	1
 589 0230 1A       		.byte	26
 590 0231 20       		.byte	32
 591 0232 1E       		.byte	30
 592 0233 58       		.byte	88
 593 0234 20       		.byte	32
 594 0235 A1       		.byte	-95
 595 0236 22       		.byte	34
 596 0237 21       		.byte	33
 597 0238 25       		.byte	37
 598 0239 10       		.byte	16
 599 023a 27       		.byte	39
 600 023b 04       		.byte	4
 601 023c 28       		.byte	40
 602 023d 20       		.byte	32
 603 023e 29       		.byte	41
 604 023f 80       		.byte	-128
 605 0240 2A       		.byte	42
 606 0241 01       		.byte	1
 607 0242 31       		.byte	49
 608 0243 08       		.byte	8
 609 0244 32       		.byte	50
 610 0245 01       		.byte	1
 611 0246 33       		.byte	51
 612 0247 20       		.byte	32
 613 0248 35       		.byte	53
 614 0249 10       		.byte	16
 615 024a 37       		.byte	55
 616 024b 05       		.byte	5
 617 024c 39       		.byte	57
 618 024d 28       		.byte	40
 619 024e 3E       		.byte	62
 620 024f 10       		.byte	16
 621 0250 3F       		.byte	63
 622 0251 81       		.byte	-127
 623 0252 40       		.byte	64
 624 0253 09       		.byte	9
 625 0254 41       		.byte	65
 626 0255 01       		.byte	1
 627 0256 43       		.byte	67
ARM GAS  C:\Users\Thomas\AppData\Local\Temp\ccRQkv5m.s 			page 12


 628 0257 20       		.byte	32
 629 0258 44       		.byte	68
 630 0259 40       		.byte	64
 631 025a 45       		.byte	69
 632 025b 10       		.byte	16
 633 025c 48       		.byte	72
 634 025d 09       		.byte	9
 635 025e 49       		.byte	73
 636 025f 80       		.byte	-128
 637 0260 4B       		.byte	75
 638 0261 02       		.byte	2
 639 0262 4D       		.byte	77
 640 0263 20       		.byte	32
 641 0264 53       		.byte	83
 642 0265 02       		.byte	2
 643 0266 54       		.byte	84
 644 0267 80       		.byte	-128
 645 0268 56       		.byte	86
 646 0269 06       		.byte	6
 647 026a 57       		.byte	87
 648 026b 40       		.byte	64
 649 026c 5C       		.byte	92
 650 026d 02       		.byte	2
 651 026e 5E       		.byte	94
 652 026f 48       		.byte	72
 653 0270 5F       		.byte	95
 654 0271 10       		.byte	16
 655 0272 8D       		.byte	-115
 656 0273 01       		.byte	1
 657 0274 8E       		.byte	-114
 658 0275 21       		.byte	33
 659 0276 91       		.byte	-111
 660 0277 02       		.byte	2
 661 0278 96       		.byte	-106
 662 0279 A4       		.byte	-92
 663 027a 97       		.byte	-105
 664 027b 02       		.byte	2
 665 027c 99       		.byte	-103
 666 027d 80       		.byte	-128
 667 027e 9C       		.byte	-100
 668 027f 08       		.byte	8
 669 0280 9D       		.byte	-99
 670 0281 04       		.byte	4
 671 0282 9E       		.byte	-98
 672 0283 01       		.byte	1
 673 0284 9F       		.byte	-97
 674 0285 08       		.byte	8
 675 0286 A1       		.byte	-95
 676 0287 0A       		.byte	10
 677 0288 A2       		.byte	-94
 678 0289 08       		.byte	8
 679 028a A4       		.byte	-92
 680 028b 60       		.byte	96
 681 028c A5       		.byte	-91
 682 028d 80       		.byte	-128
 683 028e A6       		.byte	-90
 684 028f 01       		.byte	1
ARM GAS  C:\Users\Thomas\AppData\Local\Temp\ccRQkv5m.s 			page 13


 685 0290 A7       		.byte	-89
 686 0291 02       		.byte	2
 687 0292 B0       		.byte	-80
 688 0293 01       		.byte	1
 689 0294 B1       		.byte	-79
 690 0295 08       		.byte	8
 691 0296 B2       		.byte	-78
 692 0297 04       		.byte	4
 693 0298 B3       		.byte	-77
 694 0299 01       		.byte	1
 695 029a C0       		.byte	-64
 696 029b 40       		.byte	64
 697 029c C2       		.byte	-62
 698 029d 9C       		.byte	-100
 699 029e C4       		.byte	-60
 700 029f B2       		.byte	-78
 701 02a0 CA       		.byte	-54
 702 02a1 0B       		.byte	11
 703 02a2 CC       		.byte	-52
 704 02a3 E7       		.byte	-25
 705 02a4 CE       		.byte	-50
 706 02a5 B6       		.byte	-74
 707 02a6 D0       		.byte	-48
 708 02a7 AD       		.byte	-83
 709 02a8 D2       		.byte	-46
 710 02a9 2C       		.byte	44
 711 02aa D6       		.byte	-42
 712 02ab F0       		.byte	-16
 713 02ac 01       		.byte	1
 714 02ad 11       		.byte	17
 715 02ae 02       		.byte	2
 716 02af 63       		.byte	99
 717 02b0 03       		.byte	3
 718 02b1 0A       		.byte	10
 719 02b2 04       		.byte	4
 720 02b3 F3       		.byte	-13
 721 02b4 05       		.byte	5
 722 02b5 3B       		.byte	59
 723 02b6 06       		.byte	6
 724 02b7 0C       		.byte	12
 725 02b8 09       		.byte	9
 726 02b9 3B       		.byte	59
 727 02ba 0A       		.byte	10
 728 02bb 80       		.byte	-128
 729 02bc 0C       		.byte	12
 730 02bd 9C       		.byte	-100
 731 02be 0D       		.byte	13
 732 02bf 04       		.byte	4
 733 02c0 0E       		.byte	14
 734 02c1 43       		.byte	67
 735 02c2 10       		.byte	16
 736 02c3 03       		.byte	3
 737 02c4 11       		.byte	17
 738 02c5 08       		.byte	8
 739 02c6 13       		.byte	19
 740 02c7 30       		.byte	48
 741 02c8 14       		.byte	20
ARM GAS  C:\Users\Thomas\AppData\Local\Temp\ccRQkv5m.s 			page 14


 742 02c9 9F       		.byte	-97
 743 02ca 15       		.byte	21
 744 02cb 22       		.byte	34
 745 02cc 16       		.byte	22
 746 02cd 20       		.byte	32
 747 02ce 17       		.byte	23
 748 02cf 09       		.byte	9
 749 02d0 18       		.byte	24
 750 02d1 02       		.byte	2
 751 02d2 1C       		.byte	28
 752 02d3 FF       		.byte	-1
 753 02d4 20       		.byte	32
 754 02d5 08       		.byte	8
 755 02d6 24       		.byte	36
 756 02d7 04       		.byte	4
 757 02d8 28       		.byte	40
 758 02d9 0C       		.byte	12
 759 02da 2C       		.byte	44
 760 02db 81       		.byte	-127
 761 02dc 30       		.byte	48
 762 02dd 10       		.byte	16
 763 02de 33       		.byte	51
 764 02df 03       		.byte	3
 765 02e0 34       		.byte	52
 766 02e1 0F       		.byte	15
 767 02e2 35       		.byte	53
 768 02e3 38       		.byte	56
 769 02e4 36       		.byte	54
 770 02e5 EC       		.byte	-20
 771 02e6 37       		.byte	55
 772 02e7 04       		.byte	4
 773 02e8 3A       		.byte	58
 774 02e9 A0       		.byte	-96
 775 02ea 3E       		.byte	62
 776 02eb 01       		.byte	1
 777 02ec 3F       		.byte	63
 778 02ed 40       		.byte	64
 779 02ee 56       		.byte	86
 780 02ef 02       		.byte	2
 781 02f0 57       		.byte	87
 782 02f1 13       		.byte	19
 783 02f2 58       		.byte	88
 784 02f3 04       		.byte	4
 785 02f4 59       		.byte	89
 786 02f5 04       		.byte	4
 787 02f6 5B       		.byte	91
 788 02f7 04       		.byte	4
 789 02f8 5F       		.byte	95
 790 02f9 01       		.byte	1
 791 02fa 83       		.byte	-125
 792 02fb 13       		.byte	19
 793 02fc 84       		.byte	-124
 794 02fd 0C       		.byte	12
 795 02fe 86       		.byte	-122
 796 02ff 71       		.byte	113
 797 0300 88       		.byte	-120
 798 0301 10       		.byte	16
ARM GAS  C:\Users\Thomas\AppData\Local\Temp\ccRQkv5m.s 			page 15


 799 0302 8A       		.byte	-118
 800 0303 AC       		.byte	-84
 801 0304 8B       		.byte	-117
 802 0305 08       		.byte	8
 803 0306 8E       		.byte	-114
 804 0307 03       		.byte	3
 805 0308 94       		.byte	-108
 806 0309 09       		.byte	9
 807 030a 95       		.byte	-107
 808 030b 31       		.byte	49
 809 030c 96       		.byte	-106
 810 030d D0       		.byte	-48
 811 030e 97       		.byte	-105
 812 030f 06       		.byte	6
 813 0310 9D       		.byte	-99
 814 0311 2C       		.byte	44
 815 0312 9E       		.byte	-98
 816 0313 20       		.byte	32
 817 0314 9F       		.byte	-97
 818 0315 03       		.byte	3
 819 0316 A0       		.byte	-96
 820 0317 DC       		.byte	-36
 821 0318 A2       		.byte	-94
 822 0319 22       		.byte	34
 823 031a A4       		.byte	-92
 824 031b 10       		.byte	16
 825 031c A5       		.byte	-91
 826 031d 31       		.byte	49
 827 031e A6       		.byte	-90
 828 031f 40       		.byte	64
 829 0320 A7       		.byte	-89
 830 0321 0E       		.byte	14
 831 0322 A8       		.byte	-88
 832 0323 14       		.byte	20
 833 0324 AB       		.byte	-85
 834 0325 0C       		.byte	12
 835 0326 B0       		.byte	-80
 836 0327 1F       		.byte	31
 837 0328 B3       		.byte	-77
 838 0329 30       		.byte	48
 839 032a B4       		.byte	-76
 840 032b E0       		.byte	-32
 841 032c B7       		.byte	-73
 842 032d 0F       		.byte	15
 843 032e B9       		.byte	-71
 844 032f 08       		.byte	8
 845 0330 BA       		.byte	-70
 846 0331 20       		.byte	32
 847 0332 BB       		.byte	-69
 848 0333 80       		.byte	-128
 849 0334 BF       		.byte	-65
 850 0335 04       		.byte	4
 851 0336 C0       		.byte	-64
 852 0337 02       		.byte	2
 853 0338 C6       		.byte	-58
 854 0339 40       		.byte	64
 855 033a C9       		.byte	-55
ARM GAS  C:\Users\Thomas\AppData\Local\Temp\ccRQkv5m.s 			page 16


 856 033b FF       		.byte	-1
 857 033c CA       		.byte	-54
 858 033d 07       		.byte	7
 859 033e CB       		.byte	-53
 860 033f FF       		.byte	-1
 861 0340 CC       		.byte	-52
 862 0341 40       		.byte	64
 863 0342 CD       		.byte	-51
 864 0343 20       		.byte	32
 865 0344 CE       		.byte	-50
 866 0345 F0       		.byte	-16
 867 0346 CF       		.byte	-49
 868 0347 05       		.byte	5
 869 0348 D0       		.byte	-48
 870 0349 08       		.byte	8
 871 034a D8       		.byte	-40
 872 034b 04       		.byte	4
 873 034c D9       		.byte	-39
 874 034d 04       		.byte	4
 875 034e DA       		.byte	-38
 876 034f 04       		.byte	4
 877 0350 DF       		.byte	-33
 878 0351 01       		.byte	1
 879 0352 E0       		.byte	-32
 880 0353 40       		.byte	64
 881 0354 E1       		.byte	-31
 882 0355 A8       		.byte	-88
 883 0356 E2       		.byte	-30
 884 0357 40       		.byte	64
 885 0358 E3       		.byte	-29
 886 0359 20       		.byte	32
 887 035a 00       		.byte	0
 888 035b 22       		.byte	34
 889 035c 01       		.byte	1
 890 035d 80       		.byte	-128
 891 035e 02       		.byte	2
 892 035f 01       		.byte	1
 893 0360 03       		.byte	3
 894 0361 20       		.byte	32
 895 0362 04       		.byte	4
 896 0363 44       		.byte	68
 897 0364 07       		.byte	7
 898 0365 04       		.byte	4
 899 0366 09       		.byte	9
 900 0367 0A       		.byte	10
 901 0368 0A       		.byte	10
 902 0369 0A       		.byte	10
 903 036a 0E       		.byte	14
 904 036b 10       		.byte	16
 905 036c 0F       		.byte	15
 906 036d 01       		.byte	1
 907 036e 10       		.byte	16
 908 036f AA       		.byte	-86
 909 0370 16       		.byte	22
 910 0371 14       		.byte	20
 911 0372 17       		.byte	23
 912 0373 01       		.byte	1
ARM GAS  C:\Users\Thomas\AppData\Local\Temp\ccRQkv5m.s 			page 17


 913 0374 19       		.byte	25
 914 0375 81       		.byte	-127
 915 0376 1B       		.byte	27
 916 0377 20       		.byte	32
 917 0378 1C       		.byte	28
 918 0379 44       		.byte	68
 919 037a 1D       		.byte	29
 920 037b 10       		.byte	16
 921 037c 1F       		.byte	31
 922 037d 10       		.byte	16
 923 037e 21       		.byte	33
 924 037f 54       		.byte	84
 925 0380 22       		.byte	34
 926 0381 04       		.byte	4
 927 0382 26       		.byte	38
 928 0383 80       		.byte	-128
 929 0384 27       		.byte	39
 930 0385 21       		.byte	33
 931 0386 2E       		.byte	46
 932 0387 10       		.byte	16
 933 0388 2F       		.byte	47
 934 0389 10       		.byte	16
 935 038a 31       		.byte	49
 936 038b 02       		.byte	2
 937 038c 32       		.byte	50
 938 038d 04       		.byte	4
 939 038e 36       		.byte	54
 940 038f 80       		.byte	-128
 941 0390 37       		.byte	55
 942 0391 04       		.byte	4
 943 0392 38       		.byte	56
 944 0393 42       		.byte	66
 945 0394 39       		.byte	57
 946 0395 14       		.byte	20
 947 0396 3F       		.byte	63
 948 0397 21       		.byte	33
 949 0398 47       		.byte	71
 950 0399 20       		.byte	32
 951 039a 4F       		.byte	79
 952 039b 01       		.byte	1
 953 039c 56       		.byte	86
 954 039d 10       		.byte	16
 955 039e 57       		.byte	87
 956 039f 10       		.byte	16
 957 03a0 59       		.byte	89
 958 03a1 01       		.byte	1
 959 03a2 69       		.byte	105
 960 03a3 14       		.byte	20
 961 03a4 6A       		.byte	106
 962 03a5 84       		.byte	-124
 963 03a6 6B       		.byte	107
 964 03a7 08       		.byte	8
 965 03a8 70       		.byte	112
 966 03a9 A8       		.byte	-88
 967 03aa 71       		.byte	113
 968 03ab 84       		.byte	-124
 969 03ac 81       		.byte	-127
ARM GAS  C:\Users\Thomas\AppData\Local\Temp\ccRQkv5m.s 			page 18


 970 03ad 40       		.byte	64
 971 03ae 88       		.byte	-120
 972 03af 02       		.byte	2
 973 03b0 89       		.byte	-119
 974 03b1 12       		.byte	18
 975 03b2 8C       		.byte	-116
 976 03b3 21       		.byte	33
 977 03b4 92       		.byte	-110
 978 03b5 12       		.byte	18
 979 03b6 95       		.byte	-107
 980 03b7 28       		.byte	40
 981 03b8 96       		.byte	-106
 982 03b9 84       		.byte	-124
 983 03ba 97       		.byte	-105
 984 03bb 01       		.byte	1
 985 03bc 9A       		.byte	-102
 986 03bd 04       		.byte	4
 987 03be 9B       		.byte	-101
 988 03bf 04       		.byte	4
 989 03c0 9C       		.byte	-100
 990 03c1 20       		.byte	32
 991 03c2 9D       		.byte	-99
 992 03c3 14       		.byte	20
 993 03c4 9E       		.byte	-98
 994 03c5 01       		.byte	1
 995 03c6 9F       		.byte	-97
 996 03c7 09       		.byte	9
 997 03c8 A0       		.byte	-96
 998 03c9 11       		.byte	17
 999 03ca A1       		.byte	-95
 1000 03cb 08       		.byte	8
 1001 03cc A4       		.byte	-92
 1002 03cd 20       		.byte	32
 1003 03ce A5       		.byte	-91
 1004 03cf 80       		.byte	-128
 1005 03d0 A7       		.byte	-89
 1006 03d1 20       		.byte	32
 1007 03d2 AC       		.byte	-84
 1008 03d3 80       		.byte	-128
 1009 03d4 AF       		.byte	-81
 1010 03d5 10       		.byte	16
 1011 03d6 B0       		.byte	-80
 1012 03d7 48       		.byte	72
 1013 03d8 C0       		.byte	-64
 1014 03d9 EF       		.byte	-17
 1015 03da C2       		.byte	-62
 1016 03db AF       		.byte	-81
 1017 03dc C4       		.byte	-60
 1018 03dd 7F       		.byte	127
 1019 03de CA       		.byte	-54
 1020 03df 60       		.byte	96
 1021 03e0 CC       		.byte	-52
 1022 03e1 53       		.byte	83
 1023 03e2 CE       		.byte	-50
 1024 03e3 AF       		.byte	-81
 1025 03e4 D0       		.byte	-48
 1026 03e5 20       		.byte	32
ARM GAS  C:\Users\Thomas\AppData\Local\Temp\ccRQkv5m.s 			page 19


 1027 03e6 D6       		.byte	-42
 1028 03e7 01       		.byte	1
 1029 03e8 E0       		.byte	-32
 1030 03e9 01       		.byte	1
 1031 03ea 32       		.byte	50
 1032 03eb 20       		.byte	32
 1033 03ec CC       		.byte	-52
 1034 03ed 10       		.byte	16
 1035 03ee A6       		.byte	-90
 1036 03ef 20       		.byte	32
 1037 03f0 A6       		.byte	-90
 1038 03f1 20       		.byte	32
 1039 03f2 86       		.byte	-122
 1040 03f3 20       		.byte	32
 1041 03f4 A6       		.byte	-90
 1042 03f5 20       		.byte	32
 1043 03f6 E6       		.byte	-26
 1044 03f7 40       		.byte	64
 1045 03f8 5D       		.byte	93
 1046 03f9 80       		.byte	-128
 1047 03fa D6       		.byte	-42
 1048 03fb 04       		.byte	4
 1049 03fc 9D       		.byte	-99
 1050 03fd 80       		.byte	-128
 1051 03fe 9D       		.byte	-99
 1052 03ff 80       		.byte	-128
 1053 0400 8D       		.byte	-115
 1054 0401 80       		.byte	-128
 1055 0402 9D       		.byte	-99
 1056 0403 80       		.byte	-128
 1057 0404 E4       		.byte	-28
 1058 0405 02       		.byte	2
 1059 0406 10       		.byte	16
 1060 0407 80       		.byte	-128
 1061 0408 12       		.byte	18
 1062 0409 80       		.byte	-128
 1063 040a 71       		.byte	113
 1064 040b 02       		.byte	2
 1065 040c 81       		.byte	-127
 1066 040d 02       		.byte	2
 1067 040e 88       		.byte	-120
 1068 040f 80       		.byte	-128
 1069 0410 8E       		.byte	-114
 1070 0411 80       		.byte	-128
 1071 0412 C4       		.byte	-60
 1072 0413 08       		.byte	8
 1073 0414 DC       		.byte	-36
 1074 0415 01       		.byte	1
 1075 0416 E2       		.byte	-30
 1076 0417 02       		.byte	2
 1077 0418 E6       		.byte	-26
 1078 0419 01       		.byte	1
 1079 041a 00       		.byte	0
 1080 041b 03       		.byte	3
 1081 041c 0C       		.byte	12
 1082 041d 03       		.byte	3
 1083 041e 10       		.byte	16
ARM GAS  C:\Users\Thomas\AppData\Local\Temp\ccRQkv5m.s 			page 20


 1084 041f 03       		.byte	3
 1085 0420 1C       		.byte	28
 1086 0421 03       		.byte	3
 1087 0422 00       		.byte	0
 1088 0423 03       		.byte	3
 1089 0424 80       		.byte	-128
 1090 0425 00       		.byte	0
 1091 0426 40       		.byte	64
 1092 0427 80       		.byte	-128
 1093 0428 80       		.byte	-128
 1094 0429 00       		.byte	0
 1095 042a 80       		.byte	-128
 1096 042b 00       		.byte	0
 1097 042c 00       		.byte	0
 1098 042d 00       		.byte	0
 1099 042e 00       		.byte	0
 1100 042f 00       		.byte	0
 1101 0430 00       		.byte	0
 1102 0431 0B       		.byte	11
 1103 0432 0B       		.byte	11
 1104 0433 00       		.byte	0
 1105 0434 00       		.byte	0
 1106 0435 00       		.byte	0
 1107 0436 00       		.byte	0
 1108 0437 00       		.byte	0
 1109 0438 04       		.byte	4
 1110 0439 00       		.byte	0
 1111 043a 00       		.byte	0
 1112 043b 07       		.byte	7
 1113 043c 07       		.byte	7
 1114 043d 00       		.byte	0
 1115 043e 01       		.byte	1
 1116 043f 00       		.byte	0
 1117 0440 00       		.byte	0
 1118 0441 00       		.byte	0
 1119 0442 00       		.byte	0
 1120 0443 00       		.byte	0
 1121              		.section	.cywolatch,"a",%progbits
 1122              		.align	2
 1123              		.type	cy_meta_wonvl, %object
 1124              		.size	cy_meta_wonvl, 4
 1125              	cy_meta_wonvl:
 1126 0000 BC       		.byte	-68
 1127 0001 90       		.byte	-112
 1128 0002 AC       		.byte	-84
 1129 0003 AF       		.byte	-81
 1130              		.section	.cycustnvl,"a",%progbits
 1131              		.align	2
 1132              		.type	cy_meta_custnvl, %object
 1133              		.size	cy_meta_custnvl, 4
 1134              	cy_meta_custnvl:
 1135 0000 00       		.byte	0
 1136 0001 00       		.byte	0
 1137 0002 40       		.byte	64
 1138 0003 05       		.byte	5
 1139              		.section	.cymeta,"a",%progbits
 1140              		.align	2
ARM GAS  C:\Users\Thomas\AppData\Local\Temp\ccRQkv5m.s 			page 21


 1141              		.type	cy_metadata, %object
 1142              		.size	cy_metadata, 12
 1143              	cy_metadata:
 1144 0000 00       		.byte	0
 1145 0001 01       		.byte	1
 1146 0002 2E       		.byte	46
 1147 0003 16       		.byte	22
 1148 0004 10       		.byte	16
 1149 0005 69       		.byte	105
 1150 0006 00       		.byte	0
 1151 0007 01       		.byte	1
 1152 0008 00       		.byte	0
 1153 0009 00       		.byte	0
 1154 000a 00       		.byte	0
 1155 000b 00       		.byte	0
 1156              		.section	.cyflashprotect,"a",%progbits
 1157              		.align	2
 1158              		.type	cy_meta_flashprotect, %object
 1159              		.size	cy_meta_flashprotect, 256
 1160              	cy_meta_flashprotect:
 1161 0000 00000000 		.space	256
 1161      00000000 
 1161      00000000 
 1161      00000000 
 1161      00000000 
 1162              		.text
 1163              	.Letext0:
 1164              		.file 1 "c:\\program files (x86)\\cypress\\psoc creator\\4.4\\psoc creator\\import\\gnu\\arm\\5.4.
 1165              		.file 2 "c:\\program files (x86)\\cypress\\psoc creator\\4.4\\psoc creator\\import\\gnu\\arm\\5.4.
 1166              		.file 3 "Generated_Source\\PSoC5\\cymetadata.c"
 1167              		.section	.debug_info,"",%progbits
 1168              	.Ldebug_info0:
 1169 0000 31010000 		.4byte	0x131
 1170 0004 0400     		.2byte	0x4
 1171 0006 00000000 		.4byte	.Ldebug_abbrev0
 1172 000a 04       		.byte	0x4
 1173 000b 01       		.uleb128 0x1
 1174 000c 6C000000 		.4byte	.LASF17
 1175 0010 0C       		.byte	0xc
 1176 0011 C6010000 		.4byte	.LASF18
 1177 0015 0A000000 		.4byte	.LASF19
 1178 0019 00000000 		.4byte	.Ldebug_line0
 1179 001d 02       		.uleb128 0x2
 1180 001e 01       		.byte	0x1
 1181 001f 06       		.byte	0x6
 1182 0020 BA010000 		.4byte	.LASF0
 1183 0024 03       		.uleb128 0x3
 1184 0025 00000000 		.4byte	.LASF9
 1185 0029 01       		.byte	0x1
 1186 002a 1D       		.byte	0x1d
 1187 002b 2F000000 		.4byte	0x2f
 1188 002f 02       		.uleb128 0x2
 1189 0030 01       		.byte	0x1
 1190 0031 08       		.byte	0x8
 1191 0032 5E000000 		.4byte	.LASF1
 1192 0036 02       		.uleb128 0x2
 1193 0037 02       		.byte	0x2
ARM GAS  C:\Users\Thomas\AppData\Local\Temp\ccRQkv5m.s 			page 22


 1194 0038 05       		.byte	0x5
 1195 0039 A7010000 		.4byte	.LASF2
 1196 003d 02       		.uleb128 0x2
 1197 003e 02       		.byte	0x2
 1198 003f 07       		.byte	0x7
 1199 0040 0C010000 		.4byte	.LASF3
 1200 0044 02       		.uleb128 0x2
 1201 0045 04       		.byte	0x4
 1202 0046 05       		.byte	0x5
 1203 0047 B1010000 		.4byte	.LASF4
 1204 004b 02       		.uleb128 0x2
 1205 004c 04       		.byte	0x4
 1206 004d 07       		.byte	0x7
 1207 004e FA000000 		.4byte	.LASF5
 1208 0052 02       		.uleb128 0x2
 1209 0053 08       		.byte	0x8
 1210 0054 05       		.byte	0x5
 1211 0055 99010000 		.4byte	.LASF6
 1212 0059 02       		.uleb128 0x2
 1213 005a 08       		.byte	0x8
 1214 005b 07       		.byte	0x7
 1215 005c 4E010000 		.4byte	.LASF7
 1216 0060 04       		.uleb128 0x4
 1217 0061 04       		.byte	0x4
 1218 0062 05       		.byte	0x5
 1219 0063 696E7400 		.ascii	"int\000"
 1220 0067 02       		.uleb128 0x2
 1221 0068 04       		.byte	0x4
 1222 0069 07       		.byte	0x7
 1223 006a 41010000 		.4byte	.LASF8
 1224 006e 03       		.uleb128 0x3
 1225 006f 65010000 		.4byte	.LASF10
 1226 0073 02       		.byte	0x2
 1227 0074 18       		.byte	0x18
 1228 0075 24000000 		.4byte	0x24
 1229 0079 05       		.uleb128 0x5
 1230 007a 91000000 		.4byte	0x91
 1231 007e 8A000000 		.4byte	0x8a
 1232 0082 06       		.uleb128 0x6
 1233 0083 8A000000 		.4byte	0x8a
 1234 0087 4304     		.2byte	0x443
 1235 0089 00       		.byte	0
 1236 008a 02       		.uleb128 0x2
 1237 008b 04       		.byte	0x4
 1238 008c 07       		.byte	0x7
 1239 008d 90010000 		.4byte	.LASF11
 1240 0091 07       		.uleb128 0x7
 1241 0092 6E000000 		.4byte	0x6e
 1242 0096 08       		.uleb128 0x8
 1243 0097 2F010000 		.4byte	.LASF12
 1244 009b 03       		.byte	0x3
 1245 009c 1F       		.byte	0x1f
 1246 009d A7000000 		.4byte	0xa7
 1247 00a1 05       		.uleb128 0x5
 1248 00a2 03       		.byte	0x3
 1249 00a3 00000000 		.4byte	cy_meta_configecc
 1250 00a7 07       		.uleb128 0x7
ARM GAS  C:\Users\Thomas\AppData\Local\Temp\ccRQkv5m.s 			page 23


 1251 00a8 79000000 		.4byte	0x79
 1252 00ac 05       		.uleb128 0x5
 1253 00ad 91000000 		.4byte	0x91
 1254 00b1 BC000000 		.4byte	0xbc
 1255 00b5 09       		.uleb128 0x9
 1256 00b6 8A000000 		.4byte	0x8a
 1257 00ba 03       		.byte	0x3
 1258 00bb 00       		.byte	0
 1259 00bc 08       		.uleb128 0x8
 1260 00bd 1F010000 		.4byte	.LASF13
 1261 00c1 03       		.byte	0x3
 1262 00c2 B5       		.byte	0xb5
 1263 00c3 CD000000 		.4byte	0xcd
 1264 00c7 05       		.uleb128 0x5
 1265 00c8 03       		.byte	0x3
 1266 00c9 00000000 		.4byte	cy_meta_custnvl
 1267 00cd 07       		.uleb128 0x7
 1268 00ce AC000000 		.4byte	0xac
 1269 00d2 08       		.uleb128 0x8
 1270 00d3 82010000 		.4byte	.LASF14
 1271 00d7 03       		.byte	0x3
 1272 00d8 C3       		.byte	0xc3
 1273 00d9 E3000000 		.4byte	0xe3
 1274 00dd 05       		.uleb128 0x5
 1275 00de 03       		.byte	0x3
 1276 00df 00000000 		.4byte	cy_meta_wonvl
 1277 00e3 07       		.uleb128 0x7
 1278 00e4 AC000000 		.4byte	0xac
 1279 00e8 05       		.uleb128 0x5
 1280 00e9 91000000 		.4byte	0x91
 1281 00ed F8000000 		.4byte	0xf8
 1282 00f1 09       		.uleb128 0x9
 1283 00f2 8A000000 		.4byte	0x8a
 1284 00f6 FF       		.byte	0xff
 1285 00f7 00       		.byte	0
 1286 00f8 08       		.uleb128 0x8
 1287 00f9 6D010000 		.4byte	.LASF15
 1288 00fd 03       		.byte	0x3
 1289 00fe D1       		.byte	0xd1
 1290 00ff 09010000 		.4byte	0x109
 1291 0103 05       		.uleb128 0x5
 1292 0104 03       		.byte	0x3
 1293 0105 00000000 		.4byte	cy_meta_flashprotect
 1294 0109 07       		.uleb128 0x7
 1295 010a E8000000 		.4byte	0xe8
 1296 010e 05       		.uleb128 0x5
 1297 010f 91000000 		.4byte	0x91
 1298 0113 1E010000 		.4byte	0x11e
 1299 0117 09       		.uleb128 0x9
 1300 0118 8A000000 		.4byte	0x8a
 1301 011c 0B       		.byte	0xb
 1302 011d 00       		.byte	0
 1303 011e 08       		.uleb128 0x8
 1304 011f 52000000 		.4byte	.LASF16
 1305 0123 03       		.byte	0x3
 1306 0124 FE       		.byte	0xfe
 1307 0125 2F010000 		.4byte	0x12f
ARM GAS  C:\Users\Thomas\AppData\Local\Temp\ccRQkv5m.s 			page 24


 1308 0129 05       		.uleb128 0x5
 1309 012a 03       		.byte	0x3
 1310 012b 00000000 		.4byte	cy_metadata
 1311 012f 07       		.uleb128 0x7
 1312 0130 0E010000 		.4byte	0x10e
 1313 0134 00       		.byte	0
 1314              		.section	.debug_abbrev,"",%progbits
 1315              	.Ldebug_abbrev0:
 1316 0000 01       		.uleb128 0x1
 1317 0001 11       		.uleb128 0x11
 1318 0002 01       		.byte	0x1
 1319 0003 25       		.uleb128 0x25
 1320 0004 0E       		.uleb128 0xe
 1321 0005 13       		.uleb128 0x13
 1322 0006 0B       		.uleb128 0xb
 1323 0007 03       		.uleb128 0x3
 1324 0008 0E       		.uleb128 0xe
 1325 0009 1B       		.uleb128 0x1b
 1326 000a 0E       		.uleb128 0xe
 1327 000b 10       		.uleb128 0x10
 1328 000c 17       		.uleb128 0x17
 1329 000d 00       		.byte	0
 1330 000e 00       		.byte	0
 1331 000f 02       		.uleb128 0x2
 1332 0010 24       		.uleb128 0x24
 1333 0011 00       		.byte	0
 1334 0012 0B       		.uleb128 0xb
 1335 0013 0B       		.uleb128 0xb
 1336 0014 3E       		.uleb128 0x3e
 1337 0015 0B       		.uleb128 0xb
 1338 0016 03       		.uleb128 0x3
 1339 0017 0E       		.uleb128 0xe
 1340 0018 00       		.byte	0
 1341 0019 00       		.byte	0
 1342 001a 03       		.uleb128 0x3
 1343 001b 16       		.uleb128 0x16
 1344 001c 00       		.byte	0
 1345 001d 03       		.uleb128 0x3
 1346 001e 0E       		.uleb128 0xe
 1347 001f 3A       		.uleb128 0x3a
 1348 0020 0B       		.uleb128 0xb
 1349 0021 3B       		.uleb128 0x3b
 1350 0022 0B       		.uleb128 0xb
 1351 0023 49       		.uleb128 0x49
 1352 0024 13       		.uleb128 0x13
 1353 0025 00       		.byte	0
 1354 0026 00       		.byte	0
 1355 0027 04       		.uleb128 0x4
 1356 0028 24       		.uleb128 0x24
 1357 0029 00       		.byte	0
 1358 002a 0B       		.uleb128 0xb
 1359 002b 0B       		.uleb128 0xb
 1360 002c 3E       		.uleb128 0x3e
 1361 002d 0B       		.uleb128 0xb
 1362 002e 03       		.uleb128 0x3
 1363 002f 08       		.uleb128 0x8
 1364 0030 00       		.byte	0
ARM GAS  C:\Users\Thomas\AppData\Local\Temp\ccRQkv5m.s 			page 25


 1365 0031 00       		.byte	0
 1366 0032 05       		.uleb128 0x5
 1367 0033 01       		.uleb128 0x1
 1368 0034 01       		.byte	0x1
 1369 0035 49       		.uleb128 0x49
 1370 0036 13       		.uleb128 0x13
 1371 0037 01       		.uleb128 0x1
 1372 0038 13       		.uleb128 0x13
 1373 0039 00       		.byte	0
 1374 003a 00       		.byte	0
 1375 003b 06       		.uleb128 0x6
 1376 003c 21       		.uleb128 0x21
 1377 003d 00       		.byte	0
 1378 003e 49       		.uleb128 0x49
 1379 003f 13       		.uleb128 0x13
 1380 0040 2F       		.uleb128 0x2f
 1381 0041 05       		.uleb128 0x5
 1382 0042 00       		.byte	0
 1383 0043 00       		.byte	0
 1384 0044 07       		.uleb128 0x7
 1385 0045 26       		.uleb128 0x26
 1386 0046 00       		.byte	0
 1387 0047 49       		.uleb128 0x49
 1388 0048 13       		.uleb128 0x13
 1389 0049 00       		.byte	0
 1390 004a 00       		.byte	0
 1391 004b 08       		.uleb128 0x8
 1392 004c 34       		.uleb128 0x34
 1393 004d 00       		.byte	0
 1394 004e 03       		.uleb128 0x3
 1395 004f 0E       		.uleb128 0xe
 1396 0050 3A       		.uleb128 0x3a
 1397 0051 0B       		.uleb128 0xb
 1398 0052 3B       		.uleb128 0x3b
 1399 0053 0B       		.uleb128 0xb
 1400 0054 49       		.uleb128 0x49
 1401 0055 13       		.uleb128 0x13
 1402 0056 3F       		.uleb128 0x3f
 1403 0057 19       		.uleb128 0x19
 1404 0058 02       		.uleb128 0x2
 1405 0059 18       		.uleb128 0x18
 1406 005a 00       		.byte	0
 1407 005b 00       		.byte	0
 1408 005c 09       		.uleb128 0x9
 1409 005d 21       		.uleb128 0x21
 1410 005e 00       		.byte	0
 1411 005f 49       		.uleb128 0x49
 1412 0060 13       		.uleb128 0x13
 1413 0061 2F       		.uleb128 0x2f
 1414 0062 0B       		.uleb128 0xb
 1415 0063 00       		.byte	0
 1416 0064 00       		.byte	0
 1417 0065 00       		.byte	0
 1418              		.section	.debug_aranges,"",%progbits
 1419 0000 14000000 		.4byte	0x14
 1420 0004 0200     		.2byte	0x2
 1421 0006 00000000 		.4byte	.Ldebug_info0
ARM GAS  C:\Users\Thomas\AppData\Local\Temp\ccRQkv5m.s 			page 26


 1422 000a 04       		.byte	0x4
 1423 000b 00       		.byte	0
 1424 000c 0000     		.2byte	0
 1425 000e 0000     		.2byte	0
 1426 0010 00000000 		.4byte	0
 1427 0014 00000000 		.4byte	0
 1428              		.section	.debug_line,"",%progbits
 1429              	.Ldebug_line0:
 1430 0000 3D010000 		.section	.debug_str,"MS",%progbits,1
 1430      02003701 
 1430      00000201 
 1430      FB0E0D00 
 1430      01010101 
 1431              	.LASF9:
 1432 0000 5F5F7569 		.ascii	"__uint8_t\000"
 1432      6E74385F 
 1432      7400
 1433              	.LASF19:
 1434 000a 433A5C55 		.ascii	"C:\\Users\\Thomas\\Documents\\GitHub\\GFV\\labmotor"
 1434      73657273 
 1434      5C54686F 
 1434      6D61735C 
 1434      446F6375 
 1435 0037 636F6E74 		.ascii	"control\\DC-Motor-PWM.cydsn\000"
 1435      726F6C5C 
 1435      44432D4D 
 1435      6F746F72 
 1435      2D50574D 
 1436              	.LASF16:
 1437 0052 63795F6D 		.ascii	"cy_metadata\000"
 1437      65746164 
 1437      61746100 
 1438              	.LASF1:
 1439 005e 756E7369 		.ascii	"unsigned char\000"
 1439      676E6564 
 1439      20636861 
 1439      7200
 1440              	.LASF17:
 1441 006c 474E5520 		.ascii	"GNU C11 5.4.1 20160609 (release) [ARM/embedded-5-br"
 1441      43313120 
 1441      352E342E 
 1441      31203230 
 1441      31363036 
 1442 009f 616E6368 		.ascii	"anch revision 237715] -mcpu=cortex-m3 -mthumb -g -O"
 1442      20726576 
 1442      6973696F 
 1442      6E203233 
 1442      37373135 
 1443 00d2 67202D66 		.ascii	"g -ffunction-sections -ffat-lto-objects\000"
 1443      66756E63 
 1443      74696F6E 
 1443      2D736563 
 1443      74696F6E 
 1444              	.LASF5:
 1445 00fa 6C6F6E67 		.ascii	"long unsigned int\000"
 1445      20756E73 
 1445      69676E65 
ARM GAS  C:\Users\Thomas\AppData\Local\Temp\ccRQkv5m.s 			page 27


 1445      6420696E 
 1445      7400
 1446              	.LASF3:
 1447 010c 73686F72 		.ascii	"short unsigned int\000"
 1447      7420756E 
 1447      7369676E 
 1447      65642069 
 1447      6E7400
 1448              	.LASF13:
 1449 011f 63795F6D 		.ascii	"cy_meta_custnvl\000"
 1449      6574615F 
 1449      63757374 
 1449      6E766C00 
 1450              	.LASF12:
 1451 012f 63795F6D 		.ascii	"cy_meta_configecc\000"
 1451      6574615F 
 1451      636F6E66 
 1451      69676563 
 1451      6300
 1452              	.LASF8:
 1453 0141 756E7369 		.ascii	"unsigned int\000"
 1453      676E6564 
 1453      20696E74 
 1453      00
 1454              	.LASF7:
 1455 014e 6C6F6E67 		.ascii	"long long unsigned int\000"
 1455      206C6F6E 
 1455      6720756E 
 1455      7369676E 
 1455      65642069 
 1456              	.LASF10:
 1457 0165 75696E74 		.ascii	"uint8_t\000"
 1457      385F7400 
 1458              	.LASF15:
 1459 016d 63795F6D 		.ascii	"cy_meta_flashprotect\000"
 1459      6574615F 
 1459      666C6173 
 1459      6870726F 
 1459      74656374 
 1460              	.LASF14:
 1461 0182 63795F6D 		.ascii	"cy_meta_wonvl\000"
 1461      6574615F 
 1461      776F6E76 
 1461      6C00
 1462              	.LASF11:
 1463 0190 73697A65 		.ascii	"sizetype\000"
 1463      74797065 
 1463      00
 1464              	.LASF6:
 1465 0199 6C6F6E67 		.ascii	"long long int\000"
 1465      206C6F6E 
 1465      6720696E 
 1465      7400
 1466              	.LASF2:
 1467 01a7 73686F72 		.ascii	"short int\000"
 1467      7420696E 
 1467      7400
ARM GAS  C:\Users\Thomas\AppData\Local\Temp\ccRQkv5m.s 			page 28


 1468              	.LASF4:
 1469 01b1 6C6F6E67 		.ascii	"long int\000"
 1469      20696E74 
 1469      00
 1470              	.LASF0:
 1471 01ba 7369676E 		.ascii	"signed char\000"
 1471      65642063 
 1471      68617200 
 1472              	.LASF18:
 1473 01c6 47656E65 		.ascii	"Generated_Source\\PSoC5\\cymetadata.c\000"
 1473      72617465 
 1473      645F536F 
 1473      75726365 
 1473      5C50536F 
 1474              		.ident	"GCC: (GNU Tools for ARM Embedded Processors) 5.4.1 20160609 (release) [ARM/embedded-5-bran
