ARM GAS  C:\Users\Thomas\AppData\Local\Temp\ccUiRshV.s 			page 1


   1              		.syntax unified
   2              		.cpu cortex-m3
   3              		.fpu softvfp
   4              		.eabi_attribute 20, 1
   5              		.eabi_attribute 21, 1
   6              		.eabi_attribute 23, 3
   7              		.eabi_attribute 24, 1
   8              		.eabi_attribute 25, 1
   9              		.eabi_attribute 26, 1
  10              		.eabi_attribute 30, 1
  11              		.eabi_attribute 34, 1
  12              		.eabi_attribute 18, 4
  13              		.thumb
  14              		.syntax unified
  15              		.file	"main.c"
  16              		.text
  17              	.Ltext0:
  18              		.cfi_sections	.debug_frame
  19              		.section	.text.main,"ax",%progbits
  20              		.align	2
  21              		.global	main
  22              		.thumb
  23              		.thumb_func
  24              		.type	main, %function
  25              	main:
  26              	.LFB63:
  27              		.file 1 "main.c"
   1:main.c        **** #include "project.h"
   2:main.c        **** #include "functions.h" 
   3:main.c        **** 
   4:main.c        **** CY_ISR_PROTO(ISR_UART_rx_handler);
   5:main.c        **** void handleByteReceived(uint8_t byteReceived); 
   6:main.c        **** 
   7:main.c        **** int main(void)
   8:main.c        **** {
  28              		.loc 1 8 0
  29              		.cfi_startproc
  30              		@ Volatile: function does not return.
  31              		@ args = 0, pretend = 0, frame = 0
  32              		@ frame_needed = 0, uses_anonymous_args = 0
  33 0000 08B5     		push	{r3, lr}
  34              		.cfi_def_cfa_offset 8
  35              		.cfi_offset 3, -8
  36              		.cfi_offset 14, -4
   9:main.c        ****     CyGlobalIntEnable; // Starter globale interrupts
  37              		.loc 1 9 0
  38              		.syntax unified
  39              	@ 9 "main.c" 1
  40 0002 62B6     		CPSIE   i
  41              	@ 0 "" 2
  10:main.c        ****      
  11:main.c        ****     isr_uart_rx_StartEx(ISR_UART_rx_handler);
  42              		.loc 1 11 0
  43              		.thumb
  44              		.syntax unified
  45 0004 0C48     		ldr	r0, .L4
  46 0006 FFF7FEFF 		bl	isr_uart_rx_StartEx
ARM GAS  C:\Users\Thomas\AppData\Local\Temp\ccUiRshV.s 			page 2


  47              	.LVL0:
  12:main.c        ****     UART_1_Start(); // Starter UARTen
  48              		.loc 1 12 0
  49 000a FFF7FEFF 		bl	UART_1_Start
  50              	.LVL1:
  13:main.c        ****     PWM_1_Start(); // Starter PWM-signalet
  51              		.loc 1 13 0
  52 000e FFF7FEFF 		bl	PWM_1_Start
  53              	.LVL2:
  14:main.c        ****     
  15:main.c        ****     
  16:main.c        ****     UART_1_PutString("DC-Motor-PWM application started\r\n");
  54              		.loc 1 16 0
  55 0012 0A48     		ldr	r0, .L4+4
  56 0014 FFF7FEFF 		bl	UART_1_PutString
  57              	.LVL3:
  17:main.c        ****     UART_1_PutString("0: Stop\r\n");
  58              		.loc 1 17 0
  59 0018 0948     		ldr	r0, .L4+8
  60 001a FFF7FEFF 		bl	UART_1_PutString
  61              	.LVL4:
  18:main.c        ****     UART_1_PutString("1: Drive forwards\r\n");
  62              		.loc 1 18 0
  63 001e 0948     		ldr	r0, .L4+12
  64 0020 FFF7FEFF 		bl	UART_1_PutString
  65              	.LVL5:
  19:main.c        ****     UART_1_PutString("2: Drive backwards\r\n");
  66              		.loc 1 19 0
  67 0024 0848     		ldr	r0, .L4+16
  68 0026 FFF7FEFF 		bl	UART_1_PutString
  69              	.LVL6:
  20:main.c        ****     UART_1_PutString("q: Decrease speed\r\n");
  70              		.loc 1 20 0
  71 002a 0848     		ldr	r0, .L4+20
  72 002c FFF7FEFF 		bl	UART_1_PutString
  73              	.LVL7:
  21:main.c        ****     UART_1_PutString("w: Increase speed\r\n");
  74              		.loc 1 21 0
  75 0030 0748     		ldr	r0, .L4+24
  76 0032 FFF7FEFF 		bl	UART_1_PutString
  77              	.LVL8:
  78              	.L2:
  79 0036 FEE7     		b	.L2
  80              	.L5:
  81              		.align	2
  82              	.L4:
  83 0038 00000000 		.word	ISR_UART_rx_handler
  84 003c 00000000 		.word	.LC0
  85 0040 24000000 		.word	.LC1
  86 0044 30000000 		.word	.LC2
  87 0048 44000000 		.word	.LC3
  88 004c 5C000000 		.word	.LC4
  89 0050 70000000 		.word	.LC5
  90              		.cfi_endproc
  91              	.LFE63:
  92              		.size	main, .-main
  93              		.section	.text.handleByteReceived,"ax",%progbits
ARM GAS  C:\Users\Thomas\AppData\Local\Temp\ccUiRshV.s 			page 3


  94              		.align	2
  95              		.global	handleByteReceived
  96              		.thumb
  97              		.thumb_func
  98              		.type	handleByteReceived, %function
  99              	handleByteReceived:
 100              	.LFB65:
  22:main.c        **** 
  23:main.c        ****     for(;;)
  24:main.c        ****     {
  25:main.c        ****         // Kører i et uendeligt loop
  26:main.c        ****     }
  27:main.c        **** }
  28:main.c        **** 
  29:main.c        **** CY_ISR(ISR_UART_rx_handler)
  30:main.c        **** {
  31:main.c        ****     uint8_t bytesToRead = UART_1_GetRxBufferSize();
  32:main.c        ****     while (bytesToRead > 0)
  33:main.c        ****     {
  34:main.c        ****         uint8_t byteReceived = UART_1_ReadRxData();
  35:main.c        ****         UART_1_WriteTxData(byteReceived);
  36:main.c        ****         
  37:main.c        ****         // Sender den modtaget værdi videre
  38:main.c        ****         handleByteReceived(byteReceived);
  39:main.c        ****         
  40:main.c        ****         bytesToRead--;
  41:main.c        ****     }
  42:main.c        **** }
  43:main.c        **** 
  44:main.c        **** // Modtager værdien sendt fra UARTen
  45:main.c        **** void handleByteReceived(uint8_t byteReceived)
  46:main.c        **** {
 101              		.loc 1 46 0
 102              		.cfi_startproc
 103              		@ args = 0, pretend = 0, frame = 0
 104              		@ frame_needed = 0, uses_anonymous_args = 0
 105              	.LVL9:
 106 0000 08B5     		push	{r3, lr}
 107              		.cfi_def_cfa_offset 8
 108              		.cfi_offset 3, -8
 109              		.cfi_offset 14, -4
  47:main.c        ****     switch(byteReceived)
 110              		.loc 1 47 0
 111 0002 3228     		cmp	r0, #50
 112 0004 13D0     		beq	.L8
 113 0006 04D8     		bhi	.L9
 114 0008 3028     		cmp	r0, #48
 115 000a 13D0     		beq	.L10
 116 000c 3128     		cmp	r0, #49
 117 000e 0BD0     		beq	.L11
 118 0010 08BD     		pop	{r3, pc}
 119              	.L9:
 120 0012 7128     		cmp	r0, #113
 121 0014 02D0     		beq	.L12
 122 0016 7728     		cmp	r0, #119
 123 0018 03D0     		beq	.L13
 124 001a 08BD     		pop	{r3, pc}
ARM GAS  C:\Users\Thomas\AppData\Local\Temp\ccUiRshV.s 			page 4


 125              	.L12:
  48:main.c        ****     {
  49:main.c        ****         case 'q' :
  50:main.c        ****         {
  51:main.c        ****             decreaseSpeed();
 126              		.loc 1 51 0
 127 001c FFF7FEFF 		bl	decreaseSpeed
 128              	.LVL10:
  52:main.c        ****         }
  53:main.c        ****         break;
 129              		.loc 1 53 0
 130 0020 08BD     		pop	{r3, pc}
 131              	.LVL11:
 132              	.L13:
  54:main.c        ****         case 'w' :
  55:main.c        ****         {
  56:main.c        ****             increaseSpeed();
 133              		.loc 1 56 0
 134 0022 FFF7FEFF 		bl	increaseSpeed
 135              	.LVL12:
  57:main.c        ****         }
  58:main.c        ****         break;
 136              		.loc 1 58 0
 137 0026 08BD     		pop	{r3, pc}
 138              	.LVL13:
 139              	.L11:
  59:main.c        ****         case '1' :
  60:main.c        ****         {
  61:main.c        ****             driveForwards();
 140              		.loc 1 61 0
 141 0028 FFF7FEFF 		bl	driveForwards
 142              	.LVL14:
  62:main.c        ****         }
  63:main.c        ****         break;
 143              		.loc 1 63 0
 144 002c 08BD     		pop	{r3, pc}
 145              	.LVL15:
 146              	.L8:
  64:main.c        ****         case '2' :
  65:main.c        ****         {
  66:main.c        ****             driveBackwards();
 147              		.loc 1 66 0
 148 002e FFF7FEFF 		bl	driveBackwards
 149              	.LVL16:
  67:main.c        ****         }
  68:main.c        ****         break;
 150              		.loc 1 68 0
 151 0032 08BD     		pop	{r3, pc}
 152              	.LVL17:
 153              	.L10:
  69:main.c        ****         case '0' :
  70:main.c        ****         {
  71:main.c        ****             stop();
 154              		.loc 1 71 0
 155 0034 FFF7FEFF 		bl	stop
 156              	.LVL18:
 157 0038 08BD     		pop	{r3, pc}
ARM GAS  C:\Users\Thomas\AppData\Local\Temp\ccUiRshV.s 			page 5


 158              		.cfi_endproc
 159              	.LFE65:
 160              		.size	handleByteReceived, .-handleByteReceived
 161 003a 00BF     		.section	.text.ISR_UART_rx_handler,"ax",%progbits
 162              		.align	2
 163              		.global	ISR_UART_rx_handler
 164              		.thumb
 165              		.thumb_func
 166              		.type	ISR_UART_rx_handler, %function
 167              	ISR_UART_rx_handler:
 168              	.LFB64:
  30:main.c        ****     uint8_t bytesToRead = UART_1_GetRxBufferSize();
 169              		.loc 1 30 0
 170              		.cfi_startproc
 171              		@ args = 0, pretend = 0, frame = 0
 172              		@ frame_needed = 0, uses_anonymous_args = 0
 173 0000 38B5     		push	{r3, r4, r5, lr}
 174              		.cfi_def_cfa_offset 16
 175              		.cfi_offset 3, -16
 176              		.cfi_offset 4, -12
 177              		.cfi_offset 5, -8
 178              		.cfi_offset 14, -4
  31:main.c        ****     while (bytesToRead > 0)
 179              		.loc 1 31 0
 180 0002 FFF7FEFF 		bl	UART_1_GetRxBufferSize
 181              	.LVL19:
 182 0006 0446     		mov	r4, r0
 183              	.LVL20:
  32:main.c        ****     {
 184              		.loc 1 32 0
 185 0008 09E0     		b	.L16
 186              	.L17:
 187              	.LBB2:
  34:main.c        ****         UART_1_WriteTxData(byteReceived);
 188              		.loc 1 34 0
 189 000a FFF7FEFF 		bl	UART_1_ReadRxData
 190              	.LVL21:
 191 000e 0546     		mov	r5, r0
 192              	.LVL22:
  35:main.c        ****         
 193              		.loc 1 35 0
 194 0010 FFF7FEFF 		bl	UART_1_WriteTxData
 195              	.LVL23:
  38:main.c        ****         
 196              		.loc 1 38 0
 197 0014 2846     		mov	r0, r5
 198 0016 FFF7FEFF 		bl	handleByteReceived
 199              	.LVL24:
  40:main.c        ****     }
 200              		.loc 1 40 0
 201 001a 013C     		subs	r4, r4, #1
 202              	.LVL25:
 203 001c E4B2     		uxtb	r4, r4
 204              	.LVL26:
 205              	.L16:
 206              	.LBE2:
  32:main.c        ****     {
ARM GAS  C:\Users\Thomas\AppData\Local\Temp\ccUiRshV.s 			page 6


 207              		.loc 1 32 0
 208 001e 002C     		cmp	r4, #0
 209 0020 F3D1     		bne	.L17
  42:main.c        **** 
 210              		.loc 1 42 0
 211 0022 38BD     		pop	{r3, r4, r5, pc}
 212              		.cfi_endproc
 213              	.LFE64:
 214              		.size	ISR_UART_rx_handler, .-ISR_UART_rx_handler
 215              		.section	.rodata.str1.4,"aMS",%progbits,1
 216              		.align	2
 217              	.LC0:
 218 0000 44432D4D 		.ascii	"DC-Motor-PWM application started\015\012\000"
 218      6F746F72 
 218      2D50574D 
 218      20617070 
 218      6C696361 
 219 0023 00       		.space	1
 220              	.LC1:
 221 0024 303A2053 		.ascii	"0: Stop\015\012\000"
 221      746F700D 
 221      0A00
 222 002e 0000     		.space	2
 223              	.LC2:
 224 0030 313A2044 		.ascii	"1: Drive forwards\015\012\000"
 224      72697665 
 224      20666F72 
 224      77617264 
 224      730D0A00 
 225              	.LC3:
 226 0044 323A2044 		.ascii	"2: Drive backwards\015\012\000"
 226      72697665 
 226      20626163 
 226      6B776172 
 226      64730D0A 
 227 0059 000000   		.space	3
 228              	.LC4:
 229 005c 713A2044 		.ascii	"q: Decrease speed\015\012\000"
 229      65637265 
 229      61736520 
 229      73706565 
 229      640D0A00 
 230              	.LC5:
 231 0070 773A2049 		.ascii	"w: Increase speed\015\012\000"
 231      6E637265 
 231      61736520 
 231      73706565 
 231      640D0A00 
 232              		.text
 233              	.Letext0:
 234              		.file 2 "c:\\program files (x86)\\cypress\\psoc creator\\4.4\\psoc creator\\import\\gnu\\arm\\5.4.
 235              		.file 3 "c:\\program files (x86)\\cypress\\psoc creator\\4.4\\psoc creator\\import\\gnu\\arm\\5.4.
 236              		.file 4 "Generated_Source\\PSoC5/isr_uart_rx.h"
 237              		.file 5 "Generated_Source\\PSoC5/UART_1.h"
 238              		.file 6 "Generated_Source\\PSoC5/PWM_1.h"
 239              		.file 7 "functions.h"
 240              		.file 8 "Generated_Source\\PSoC5/core_cm3.h"
ARM GAS  C:\Users\Thomas\AppData\Local\Temp\ccUiRshV.s 			page 7


 241              		.section	.debug_info,"",%progbits
 242              	.Ldebug_info0:
 243 0000 DF020000 		.4byte	0x2df
 244 0004 0400     		.2byte	0x4
 245 0006 00000000 		.4byte	.Ldebug_abbrev0
 246 000a 04       		.byte	0x4
 247 000b 01       		.uleb128 0x1
 248 000c BE000000 		.4byte	.LASF34
 249 0010 0C       		.byte	0xc
 250 0011 53020000 		.4byte	.LASF35
 251 0015 62000000 		.4byte	.LASF36
 252 0019 00000000 		.4byte	.Ldebug_ranges0+0
 253 001d 00000000 		.4byte	0
 254 0021 00000000 		.4byte	.Ldebug_line0
 255 0025 02       		.uleb128 0x2
 256 0026 01       		.byte	0x1
 257 0027 06       		.byte	0x6
 258 0028 8C020000 		.4byte	.LASF0
 259 002c 03       		.uleb128 0x3
 260 002d 21000000 		.4byte	.LASF4
 261 0031 02       		.byte	0x2
 262 0032 1D       		.byte	0x1d
 263 0033 37000000 		.4byte	0x37
 264 0037 02       		.uleb128 0x2
 265 0038 01       		.byte	0x1
 266 0039 08       		.byte	0x8
 267 003a B0000000 		.4byte	.LASF1
 268 003e 02       		.uleb128 0x2
 269 003f 02       		.byte	0x2
 270 0040 05       		.byte	0x5
 271 0041 6D020000 		.4byte	.LASF2
 272 0045 02       		.uleb128 0x2
 273 0046 02       		.byte	0x2
 274 0047 07       		.byte	0x7
 275 0048 43000000 		.4byte	.LASF3
 276 004c 03       		.uleb128 0x3
 277 004d 2B000000 		.4byte	.LASF5
 278 0051 02       		.byte	0x2
 279 0052 3F       		.byte	0x3f
 280 0053 57000000 		.4byte	0x57
 281 0057 02       		.uleb128 0x2
 282 0058 04       		.byte	0x4
 283 0059 05       		.byte	0x5
 284 005a 77020000 		.4byte	.LASF6
 285 005e 02       		.uleb128 0x2
 286 005f 04       		.byte	0x4
 287 0060 07       		.byte	0x7
 288 0061 60010000 		.4byte	.LASF7
 289 0065 02       		.uleb128 0x2
 290 0066 08       		.byte	0x8
 291 0067 05       		.byte	0x5
 292 0068 45020000 		.4byte	.LASF8
 293 006c 02       		.uleb128 0x2
 294 006d 08       		.byte	0x8
 295 006e 07       		.byte	0x7
 296 006f EF010000 		.4byte	.LASF9
 297 0073 04       		.uleb128 0x4
ARM GAS  C:\Users\Thomas\AppData\Local\Temp\ccUiRshV.s 			page 8


 298 0074 04       		.byte	0x4
 299 0075 05       		.byte	0x5
 300 0076 696E7400 		.ascii	"int\000"
 301 007a 02       		.uleb128 0x2
 302 007b 04       		.byte	0x4
 303 007c 07       		.byte	0x7
 304 007d D4010000 		.4byte	.LASF10
 305 0081 03       		.uleb128 0x3
 306 0082 06020000 		.4byte	.LASF11
 307 0086 03       		.byte	0x3
 308 0087 18       		.byte	0x18
 309 0088 2C000000 		.4byte	0x2c
 310 008c 03       		.uleb128 0x3
 311 008d 25020000 		.4byte	.LASF12
 312 0091 03       		.byte	0x3
 313 0092 2C       		.byte	0x2c
 314 0093 4C000000 		.4byte	0x4c
 315 0097 02       		.uleb128 0x2
 316 0098 04       		.byte	0x4
 317 0099 04       		.byte	0x4
 318 009a AA000000 		.4byte	.LASF13
 319 009e 02       		.uleb128 0x2
 320 009f 08       		.byte	0x8
 321 00a0 04       		.byte	0x4
 322 00a1 B5010000 		.4byte	.LASF14
 323 00a5 02       		.uleb128 0x2
 324 00a6 01       		.byte	0x1
 325 00a7 08       		.byte	0x8
 326 00a8 5A020000 		.4byte	.LASF15
 327 00ac 02       		.uleb128 0x2
 328 00ad 08       		.byte	0x8
 329 00ae 04       		.byte	0x4
 330 00af 80020000 		.4byte	.LASF16
 331 00b3 02       		.uleb128 0x2
 332 00b4 04       		.byte	0x4
 333 00b5 07       		.byte	0x7
 334 00b6 3C020000 		.4byte	.LASF17
 335 00ba 05       		.uleb128 0x5
 336 00bb BC010000 		.4byte	.LASF37
 337 00bf 01       		.byte	0x1
 338 00c0 07       		.byte	0x7
 339 00c1 73000000 		.4byte	0x73
 340 00c5 00000000 		.4byte	.LFB63
 341 00c9 54000000 		.4byte	.LFE63-.LFB63
 342 00cd 01       		.uleb128 0x1
 343 00ce 9C       		.byte	0x9c
 344 00cf 83010000 		.4byte	0x183
 345 00d3 06       		.uleb128 0x6
 346 00d4 0A000000 		.4byte	.LVL0
 347 00d8 5E020000 		.4byte	0x25e
 348 00dc EA000000 		.4byte	0xea
 349 00e0 07       		.uleb128 0x7
 350 00e1 01       		.uleb128 0x1
 351 00e2 50       		.byte	0x50
 352 00e3 05       		.uleb128 0x5
 353 00e4 03       		.byte	0x3
 354 00e5 00000000 		.4byte	ISR_UART_rx_handler
ARM GAS  C:\Users\Thomas\AppData\Local\Temp\ccUiRshV.s 			page 9


 355 00e9 00       		.byte	0
 356 00ea 08       		.uleb128 0x8
 357 00eb 0E000000 		.4byte	.LVL1
 358 00ef 69020000 		.4byte	0x269
 359 00f3 08       		.uleb128 0x8
 360 00f4 12000000 		.4byte	.LVL2
 361 00f8 74020000 		.4byte	0x274
 362 00fc 06       		.uleb128 0x6
 363 00fd 18000000 		.4byte	.LVL3
 364 0101 7F020000 		.4byte	0x27f
 365 0105 13010000 		.4byte	0x113
 366 0109 07       		.uleb128 0x7
 367 010a 01       		.uleb128 0x1
 368 010b 50       		.byte	0x50
 369 010c 05       		.uleb128 0x5
 370 010d 03       		.byte	0x3
 371 010e 00000000 		.4byte	.LC0
 372 0112 00       		.byte	0
 373 0113 06       		.uleb128 0x6
 374 0114 1E000000 		.4byte	.LVL4
 375 0118 7F020000 		.4byte	0x27f
 376 011c 2A010000 		.4byte	0x12a
 377 0120 07       		.uleb128 0x7
 378 0121 01       		.uleb128 0x1
 379 0122 50       		.byte	0x50
 380 0123 05       		.uleb128 0x5
 381 0124 03       		.byte	0x3
 382 0125 24000000 		.4byte	.LC1
 383 0129 00       		.byte	0
 384 012a 06       		.uleb128 0x6
 385 012b 24000000 		.4byte	.LVL5
 386 012f 7F020000 		.4byte	0x27f
 387 0133 41010000 		.4byte	0x141
 388 0137 07       		.uleb128 0x7
 389 0138 01       		.uleb128 0x1
 390 0139 50       		.byte	0x50
 391 013a 05       		.uleb128 0x5
 392 013b 03       		.byte	0x3
 393 013c 30000000 		.4byte	.LC2
 394 0140 00       		.byte	0
 395 0141 06       		.uleb128 0x6
 396 0142 2A000000 		.4byte	.LVL6
 397 0146 7F020000 		.4byte	0x27f
 398 014a 58010000 		.4byte	0x158
 399 014e 07       		.uleb128 0x7
 400 014f 01       		.uleb128 0x1
 401 0150 50       		.byte	0x50
 402 0151 05       		.uleb128 0x5
 403 0152 03       		.byte	0x3
 404 0153 44000000 		.4byte	.LC3
 405 0157 00       		.byte	0
 406 0158 06       		.uleb128 0x6
 407 0159 30000000 		.4byte	.LVL7
 408 015d 7F020000 		.4byte	0x27f
 409 0161 6F010000 		.4byte	0x16f
 410 0165 07       		.uleb128 0x7
 411 0166 01       		.uleb128 0x1
ARM GAS  C:\Users\Thomas\AppData\Local\Temp\ccUiRshV.s 			page 10


 412 0167 50       		.byte	0x50
 413 0168 05       		.uleb128 0x5
 414 0169 03       		.byte	0x3
 415 016a 5C000000 		.4byte	.LC4
 416 016e 00       		.byte	0
 417 016f 09       		.uleb128 0x9
 418 0170 36000000 		.4byte	.LVL8
 419 0174 7F020000 		.4byte	0x27f
 420 0178 07       		.uleb128 0x7
 421 0179 01       		.uleb128 0x1
 422 017a 50       		.byte	0x50
 423 017b 05       		.uleb128 0x5
 424 017c 03       		.byte	0x3
 425 017d 70000000 		.4byte	.LC5
 426 0181 00       		.byte	0
 427 0182 00       		.byte	0
 428 0183 0A       		.uleb128 0xa
 429 0184 C1010000 		.4byte	.LASF18
 430 0188 01       		.byte	0x1
 431 0189 2D       		.byte	0x2d
 432 018a 00000000 		.4byte	.LFB65
 433 018e 3A000000 		.4byte	.LFE65-.LFB65
 434 0192 01       		.uleb128 0x1
 435 0193 9C       		.byte	0x9c
 436 0194 D5010000 		.4byte	0x1d5
 437 0198 0B       		.uleb128 0xb
 438 0199 A9020000 		.4byte	.LASF21
 439 019d 01       		.byte	0x1
 440 019e 2D       		.byte	0x2d
 441 019f 81000000 		.4byte	0x81
 442 01a3 00000000 		.4byte	.LLST0
 443 01a7 08       		.uleb128 0x8
 444 01a8 20000000 		.4byte	.LVL10
 445 01ac 8A020000 		.4byte	0x28a
 446 01b0 08       		.uleb128 0x8
 447 01b1 26000000 		.4byte	.LVL12
 448 01b5 95020000 		.4byte	0x295
 449 01b9 08       		.uleb128 0x8
 450 01ba 2C000000 		.4byte	.LVL14
 451 01be A0020000 		.4byte	0x2a0
 452 01c2 08       		.uleb128 0x8
 453 01c3 32000000 		.4byte	.LVL16
 454 01c7 AB020000 		.4byte	0x2ab
 455 01cb 08       		.uleb128 0x8
 456 01cc 38000000 		.4byte	.LVL18
 457 01d0 B6020000 		.4byte	0x2b6
 458 01d4 00       		.byte	0
 459 01d5 0A       		.uleb128 0xa
 460 01d6 4C010000 		.4byte	.LASF19
 461 01da 01       		.byte	0x1
 462 01db 1D       		.byte	0x1d
 463 01dc 00000000 		.4byte	.LFB64
 464 01e0 24000000 		.4byte	.LFE64-.LFB64
 465 01e4 01       		.uleb128 0x1
 466 01e5 9C       		.byte	0x9c
 467 01e6 4D020000 		.4byte	0x24d
 468 01ea 0C       		.uleb128 0xc
ARM GAS  C:\Users\Thomas\AppData\Local\Temp\ccUiRshV.s 			page 11


 469 01eb 56000000 		.4byte	.LASF20
 470 01ef 01       		.byte	0x1
 471 01f0 1F       		.byte	0x1f
 472 01f1 81000000 		.4byte	0x81
 473 01f5 85000000 		.4byte	.LLST1
 474 01f9 0D       		.uleb128 0xd
 475 01fa 0A000000 		.4byte	.LBB2
 476 01fe 14000000 		.4byte	.LBE2-.LBB2
 477 0202 43020000 		.4byte	0x243
 478 0206 0C       		.uleb128 0xc
 479 0207 A9020000 		.4byte	.LASF21
 480 020b 01       		.byte	0x1
 481 020c 22       		.byte	0x22
 482 020d 81000000 		.4byte	0x81
 483 0211 A3000000 		.4byte	.LLST2
 484 0215 08       		.uleb128 0x8
 485 0216 0E000000 		.4byte	.LVL21
 486 021a C1020000 		.4byte	0x2c1
 487 021e 06       		.uleb128 0x6
 488 021f 14000000 		.4byte	.LVL23
 489 0223 CC020000 		.4byte	0x2cc
 490 0227 32020000 		.4byte	0x232
 491 022b 07       		.uleb128 0x7
 492 022c 01       		.uleb128 0x1
 493 022d 50       		.byte	0x50
 494 022e 02       		.uleb128 0x2
 495 022f 75       		.byte	0x75
 496 0230 00       		.sleb128 0
 497 0231 00       		.byte	0
 498 0232 09       		.uleb128 0x9
 499 0233 1A000000 		.4byte	.LVL24
 500 0237 83010000 		.4byte	0x183
 501 023b 07       		.uleb128 0x7
 502 023c 01       		.uleb128 0x1
 503 023d 50       		.byte	0x50
 504 023e 02       		.uleb128 0x2
 505 023f 75       		.byte	0x75
 506 0240 00       		.sleb128 0
 507 0241 00       		.byte	0
 508 0242 00       		.byte	0
 509 0243 08       		.uleb128 0x8
 510 0244 06000000 		.4byte	.LVL19
 511 0248 D7020000 		.4byte	0x2d7
 512 024c 00       		.byte	0
 513 024d 0E       		.uleb128 0xe
 514 024e 95010000 		.4byte	.LASF38
 515 0252 08       		.byte	0x8
 516 0253 9606     		.2byte	0x696
 517 0255 59020000 		.4byte	0x259
 518 0259 0F       		.uleb128 0xf
 519 025a 8C000000 		.4byte	0x8c
 520 025e 10       		.uleb128 0x10
 521 025f 00000000 		.4byte	.LASF22
 522 0263 00000000 		.4byte	.LASF22
 523 0267 04       		.byte	0x4
 524 0268 18       		.byte	0x18
 525 0269 10       		.uleb128 0x10
ARM GAS  C:\Users\Thomas\AppData\Local\Temp\ccUiRshV.s 			page 12


 526 026a 14000000 		.4byte	.LASF23
 527 026e 14000000 		.4byte	.LASF23
 528 0272 05       		.byte	0x5
 529 0273 54       		.byte	0x54
 530 0274 10       		.uleb128 0x10
 531 0275 84010000 		.4byte	.LASF24
 532 0279 84010000 		.4byte	.LASF24
 533 027d 06       		.byte	0x6
 534 027e 92       		.byte	0x92
 535 027f 10       		.uleb128 0x10
 536 0280 98020000 		.4byte	.LASF25
 537 0284 98020000 		.4byte	.LASF25
 538 0288 05       		.byte	0x5
 539 0289 8B       		.byte	0x8b
 540 028a 10       		.uleb128 0x10
 541 028b 5F020000 		.4byte	.LASF26
 542 028f 5F020000 		.4byte	.LASF26
 543 0293 07       		.byte	0x7
 544 0294 01       		.byte	0x1
 545 0295 10       		.uleb128 0x10
 546 0296 35000000 		.4byte	.LASF27
 547 029a 35000000 		.4byte	.LASF27
 548 029e 07       		.byte	0x7
 549 029f 02       		.byte	0x2
 550 02a0 10       		.uleb128 0x10
 551 02a1 E1010000 		.4byte	.LASF28
 552 02a5 E1010000 		.4byte	.LASF28
 553 02a9 07       		.byte	0x7
 554 02aa 03       		.byte	0x3
 555 02ab 10       		.uleb128 0x10
 556 02ac 2D020000 		.4byte	.LASF29
 557 02b0 2D020000 		.4byte	.LASF29
 558 02b4 07       		.byte	0x7
 559 02b5 04       		.byte	0x4
 560 02b6 10       		.uleb128 0x10
 561 02b7 90010000 		.4byte	.LASF30
 562 02bb 90010000 		.4byte	.LASF30
 563 02bf 07       		.byte	0x7
 564 02c0 05       		.byte	0x5
 565 02c1 10       		.uleb128 0x10
 566 02c2 72010000 		.4byte	.LASF31
 567 02c6 72010000 		.4byte	.LASF31
 568 02ca 05       		.byte	0x5
 569 02cb 6F       		.byte	0x6f
 570 02cc 10       		.uleb128 0x10
 571 02cd A2010000 		.4byte	.LASF32
 572 02d1 A2010000 		.4byte	.LASF32
 573 02d5 05       		.byte	0x5
 574 02d6 88       		.byte	0x88
 575 02d7 10       		.uleb128 0x10
 576 02d8 0E020000 		.4byte	.LASF33
 577 02dc 0E020000 		.4byte	.LASF33
 578 02e0 05       		.byte	0x5
 579 02e1 73       		.byte	0x73
 580 02e2 00       		.byte	0
 581              		.section	.debug_abbrev,"",%progbits
 582              	.Ldebug_abbrev0:
ARM GAS  C:\Users\Thomas\AppData\Local\Temp\ccUiRshV.s 			page 13


 583 0000 01       		.uleb128 0x1
 584 0001 11       		.uleb128 0x11
 585 0002 01       		.byte	0x1
 586 0003 25       		.uleb128 0x25
 587 0004 0E       		.uleb128 0xe
 588 0005 13       		.uleb128 0x13
 589 0006 0B       		.uleb128 0xb
 590 0007 03       		.uleb128 0x3
 591 0008 0E       		.uleb128 0xe
 592 0009 1B       		.uleb128 0x1b
 593 000a 0E       		.uleb128 0xe
 594 000b 55       		.uleb128 0x55
 595 000c 17       		.uleb128 0x17
 596 000d 11       		.uleb128 0x11
 597 000e 01       		.uleb128 0x1
 598 000f 10       		.uleb128 0x10
 599 0010 17       		.uleb128 0x17
 600 0011 00       		.byte	0
 601 0012 00       		.byte	0
 602 0013 02       		.uleb128 0x2
 603 0014 24       		.uleb128 0x24
 604 0015 00       		.byte	0
 605 0016 0B       		.uleb128 0xb
 606 0017 0B       		.uleb128 0xb
 607 0018 3E       		.uleb128 0x3e
 608 0019 0B       		.uleb128 0xb
 609 001a 03       		.uleb128 0x3
 610 001b 0E       		.uleb128 0xe
 611 001c 00       		.byte	0
 612 001d 00       		.byte	0
 613 001e 03       		.uleb128 0x3
 614 001f 16       		.uleb128 0x16
 615 0020 00       		.byte	0
 616 0021 03       		.uleb128 0x3
 617 0022 0E       		.uleb128 0xe
 618 0023 3A       		.uleb128 0x3a
 619 0024 0B       		.uleb128 0xb
 620 0025 3B       		.uleb128 0x3b
 621 0026 0B       		.uleb128 0xb
 622 0027 49       		.uleb128 0x49
 623 0028 13       		.uleb128 0x13
 624 0029 00       		.byte	0
 625 002a 00       		.byte	0
 626 002b 04       		.uleb128 0x4
 627 002c 24       		.uleb128 0x24
 628 002d 00       		.byte	0
 629 002e 0B       		.uleb128 0xb
 630 002f 0B       		.uleb128 0xb
 631 0030 3E       		.uleb128 0x3e
 632 0031 0B       		.uleb128 0xb
 633 0032 03       		.uleb128 0x3
 634 0033 08       		.uleb128 0x8
 635 0034 00       		.byte	0
 636 0035 00       		.byte	0
 637 0036 05       		.uleb128 0x5
 638 0037 2E       		.uleb128 0x2e
 639 0038 01       		.byte	0x1
ARM GAS  C:\Users\Thomas\AppData\Local\Temp\ccUiRshV.s 			page 14


 640 0039 3F       		.uleb128 0x3f
 641 003a 19       		.uleb128 0x19
 642 003b 03       		.uleb128 0x3
 643 003c 0E       		.uleb128 0xe
 644 003d 3A       		.uleb128 0x3a
 645 003e 0B       		.uleb128 0xb
 646 003f 3B       		.uleb128 0x3b
 647 0040 0B       		.uleb128 0xb
 648 0041 27       		.uleb128 0x27
 649 0042 19       		.uleb128 0x19
 650 0043 49       		.uleb128 0x49
 651 0044 13       		.uleb128 0x13
 652 0045 8701     		.uleb128 0x87
 653 0047 19       		.uleb128 0x19
 654 0048 11       		.uleb128 0x11
 655 0049 01       		.uleb128 0x1
 656 004a 12       		.uleb128 0x12
 657 004b 06       		.uleb128 0x6
 658 004c 40       		.uleb128 0x40
 659 004d 18       		.uleb128 0x18
 660 004e 9742     		.uleb128 0x2117
 661 0050 19       		.uleb128 0x19
 662 0051 01       		.uleb128 0x1
 663 0052 13       		.uleb128 0x13
 664 0053 00       		.byte	0
 665 0054 00       		.byte	0
 666 0055 06       		.uleb128 0x6
 667 0056 898201   		.uleb128 0x4109
 668 0059 01       		.byte	0x1
 669 005a 11       		.uleb128 0x11
 670 005b 01       		.uleb128 0x1
 671 005c 31       		.uleb128 0x31
 672 005d 13       		.uleb128 0x13
 673 005e 01       		.uleb128 0x1
 674 005f 13       		.uleb128 0x13
 675 0060 00       		.byte	0
 676 0061 00       		.byte	0
 677 0062 07       		.uleb128 0x7
 678 0063 8A8201   		.uleb128 0x410a
 679 0066 00       		.byte	0
 680 0067 02       		.uleb128 0x2
 681 0068 18       		.uleb128 0x18
 682 0069 9142     		.uleb128 0x2111
 683 006b 18       		.uleb128 0x18
 684 006c 00       		.byte	0
 685 006d 00       		.byte	0
 686 006e 08       		.uleb128 0x8
 687 006f 898201   		.uleb128 0x4109
 688 0072 00       		.byte	0
 689 0073 11       		.uleb128 0x11
 690 0074 01       		.uleb128 0x1
 691 0075 31       		.uleb128 0x31
 692 0076 13       		.uleb128 0x13
 693 0077 00       		.byte	0
 694 0078 00       		.byte	0
 695 0079 09       		.uleb128 0x9
 696 007a 898201   		.uleb128 0x4109
ARM GAS  C:\Users\Thomas\AppData\Local\Temp\ccUiRshV.s 			page 15


 697 007d 01       		.byte	0x1
 698 007e 11       		.uleb128 0x11
 699 007f 01       		.uleb128 0x1
 700 0080 31       		.uleb128 0x31
 701 0081 13       		.uleb128 0x13
 702 0082 00       		.byte	0
 703 0083 00       		.byte	0
 704 0084 0A       		.uleb128 0xa
 705 0085 2E       		.uleb128 0x2e
 706 0086 01       		.byte	0x1
 707 0087 3F       		.uleb128 0x3f
 708 0088 19       		.uleb128 0x19
 709 0089 03       		.uleb128 0x3
 710 008a 0E       		.uleb128 0xe
 711 008b 3A       		.uleb128 0x3a
 712 008c 0B       		.uleb128 0xb
 713 008d 3B       		.uleb128 0x3b
 714 008e 0B       		.uleb128 0xb
 715 008f 27       		.uleb128 0x27
 716 0090 19       		.uleb128 0x19
 717 0091 11       		.uleb128 0x11
 718 0092 01       		.uleb128 0x1
 719 0093 12       		.uleb128 0x12
 720 0094 06       		.uleb128 0x6
 721 0095 40       		.uleb128 0x40
 722 0096 18       		.uleb128 0x18
 723 0097 9742     		.uleb128 0x2117
 724 0099 19       		.uleb128 0x19
 725 009a 01       		.uleb128 0x1
 726 009b 13       		.uleb128 0x13
 727 009c 00       		.byte	0
 728 009d 00       		.byte	0
 729 009e 0B       		.uleb128 0xb
 730 009f 05       		.uleb128 0x5
 731 00a0 00       		.byte	0
 732 00a1 03       		.uleb128 0x3
 733 00a2 0E       		.uleb128 0xe
 734 00a3 3A       		.uleb128 0x3a
 735 00a4 0B       		.uleb128 0xb
 736 00a5 3B       		.uleb128 0x3b
 737 00a6 0B       		.uleb128 0xb
 738 00a7 49       		.uleb128 0x49
 739 00a8 13       		.uleb128 0x13
 740 00a9 02       		.uleb128 0x2
 741 00aa 17       		.uleb128 0x17
 742 00ab 00       		.byte	0
 743 00ac 00       		.byte	0
 744 00ad 0C       		.uleb128 0xc
 745 00ae 34       		.uleb128 0x34
 746 00af 00       		.byte	0
 747 00b0 03       		.uleb128 0x3
 748 00b1 0E       		.uleb128 0xe
 749 00b2 3A       		.uleb128 0x3a
 750 00b3 0B       		.uleb128 0xb
 751 00b4 3B       		.uleb128 0x3b
 752 00b5 0B       		.uleb128 0xb
 753 00b6 49       		.uleb128 0x49
ARM GAS  C:\Users\Thomas\AppData\Local\Temp\ccUiRshV.s 			page 16


 754 00b7 13       		.uleb128 0x13
 755 00b8 02       		.uleb128 0x2
 756 00b9 17       		.uleb128 0x17
 757 00ba 00       		.byte	0
 758 00bb 00       		.byte	0
 759 00bc 0D       		.uleb128 0xd
 760 00bd 0B       		.uleb128 0xb
 761 00be 01       		.byte	0x1
 762 00bf 11       		.uleb128 0x11
 763 00c0 01       		.uleb128 0x1
 764 00c1 12       		.uleb128 0x12
 765 00c2 06       		.uleb128 0x6
 766 00c3 01       		.uleb128 0x1
 767 00c4 13       		.uleb128 0x13
 768 00c5 00       		.byte	0
 769 00c6 00       		.byte	0
 770 00c7 0E       		.uleb128 0xe
 771 00c8 34       		.uleb128 0x34
 772 00c9 00       		.byte	0
 773 00ca 03       		.uleb128 0x3
 774 00cb 0E       		.uleb128 0xe
 775 00cc 3A       		.uleb128 0x3a
 776 00cd 0B       		.uleb128 0xb
 777 00ce 3B       		.uleb128 0x3b
 778 00cf 05       		.uleb128 0x5
 779 00d0 49       		.uleb128 0x49
 780 00d1 13       		.uleb128 0x13
 781 00d2 3F       		.uleb128 0x3f
 782 00d3 19       		.uleb128 0x19
 783 00d4 3C       		.uleb128 0x3c
 784 00d5 19       		.uleb128 0x19
 785 00d6 00       		.byte	0
 786 00d7 00       		.byte	0
 787 00d8 0F       		.uleb128 0xf
 788 00d9 35       		.uleb128 0x35
 789 00da 00       		.byte	0
 790 00db 49       		.uleb128 0x49
 791 00dc 13       		.uleb128 0x13
 792 00dd 00       		.byte	0
 793 00de 00       		.byte	0
 794 00df 10       		.uleb128 0x10
 795 00e0 2E       		.uleb128 0x2e
 796 00e1 00       		.byte	0
 797 00e2 3F       		.uleb128 0x3f
 798 00e3 19       		.uleb128 0x19
 799 00e4 3C       		.uleb128 0x3c
 800 00e5 19       		.uleb128 0x19
 801 00e6 6E       		.uleb128 0x6e
 802 00e7 0E       		.uleb128 0xe
 803 00e8 03       		.uleb128 0x3
 804 00e9 0E       		.uleb128 0xe
 805 00ea 3A       		.uleb128 0x3a
 806 00eb 0B       		.uleb128 0xb
 807 00ec 3B       		.uleb128 0x3b
 808 00ed 0B       		.uleb128 0xb
 809 00ee 00       		.byte	0
 810 00ef 00       		.byte	0
ARM GAS  C:\Users\Thomas\AppData\Local\Temp\ccUiRshV.s 			page 17


 811 00f0 00       		.byte	0
 812              		.section	.debug_loc,"",%progbits
 813              	.Ldebug_loc0:
 814              	.LLST0:
 815 0000 00000000 		.4byte	.LVL9
 816 0004 1F000000 		.4byte	.LVL10-1
 817 0008 0100     		.2byte	0x1
 818 000a 50       		.byte	0x50
 819 000b 1F000000 		.4byte	.LVL10-1
 820 000f 22000000 		.4byte	.LVL11
 821 0013 0400     		.2byte	0x4
 822 0015 F3       		.byte	0xf3
 823 0016 01       		.uleb128 0x1
 824 0017 50       		.byte	0x50
 825 0018 9F       		.byte	0x9f
 826 0019 22000000 		.4byte	.LVL11
 827 001d 25000000 		.4byte	.LVL12-1
 828 0021 0100     		.2byte	0x1
 829 0023 50       		.byte	0x50
 830 0024 25000000 		.4byte	.LVL12-1
 831 0028 28000000 		.4byte	.LVL13
 832 002c 0400     		.2byte	0x4
 833 002e F3       		.byte	0xf3
 834 002f 01       		.uleb128 0x1
 835 0030 50       		.byte	0x50
 836 0031 9F       		.byte	0x9f
 837 0032 28000000 		.4byte	.LVL13
 838 0036 2B000000 		.4byte	.LVL14-1
 839 003a 0100     		.2byte	0x1
 840 003c 50       		.byte	0x50
 841 003d 2B000000 		.4byte	.LVL14-1
 842 0041 2E000000 		.4byte	.LVL15
 843 0045 0400     		.2byte	0x4
 844 0047 F3       		.byte	0xf3
 845 0048 01       		.uleb128 0x1
 846 0049 50       		.byte	0x50
 847 004a 9F       		.byte	0x9f
 848 004b 2E000000 		.4byte	.LVL15
 849 004f 31000000 		.4byte	.LVL16-1
 850 0053 0100     		.2byte	0x1
 851 0055 50       		.byte	0x50
 852 0056 31000000 		.4byte	.LVL16-1
 853 005a 34000000 		.4byte	.LVL17
 854 005e 0400     		.2byte	0x4
 855 0060 F3       		.byte	0xf3
 856 0061 01       		.uleb128 0x1
 857 0062 50       		.byte	0x50
 858 0063 9F       		.byte	0x9f
 859 0064 34000000 		.4byte	.LVL17
 860 0068 37000000 		.4byte	.LVL18-1
 861 006c 0100     		.2byte	0x1
 862 006e 50       		.byte	0x50
 863 006f 37000000 		.4byte	.LVL18-1
 864 0073 3A000000 		.4byte	.LFE65
 865 0077 0400     		.2byte	0x4
 866 0079 F3       		.byte	0xf3
 867 007a 01       		.uleb128 0x1
ARM GAS  C:\Users\Thomas\AppData\Local\Temp\ccUiRshV.s 			page 18


 868 007b 50       		.byte	0x50
 869 007c 9F       		.byte	0x9f
 870 007d 00000000 		.4byte	0
 871 0081 00000000 		.4byte	0
 872              	.LLST1:
 873 0085 08000000 		.4byte	.LVL20
 874 0089 1C000000 		.4byte	.LVL25
 875 008d 0100     		.2byte	0x1
 876 008f 54       		.byte	0x54
 877 0090 1E000000 		.4byte	.LVL26
 878 0094 24000000 		.4byte	.LFE64
 879 0098 0100     		.2byte	0x1
 880 009a 54       		.byte	0x54
 881 009b 00000000 		.4byte	0
 882 009f 00000000 		.4byte	0
 883              	.LLST2:
 884 00a3 10000000 		.4byte	.LVL22
 885 00a7 1E000000 		.4byte	.LVL26
 886 00ab 0100     		.2byte	0x1
 887 00ad 55       		.byte	0x55
 888 00ae 00000000 		.4byte	0
 889 00b2 00000000 		.4byte	0
 890              		.section	.debug_aranges,"",%progbits
 891 0000 2C000000 		.4byte	0x2c
 892 0004 0200     		.2byte	0x2
 893 0006 00000000 		.4byte	.Ldebug_info0
 894 000a 04       		.byte	0x4
 895 000b 00       		.byte	0
 896 000c 0000     		.2byte	0
 897 000e 0000     		.2byte	0
 898 0010 00000000 		.4byte	.LFB63
 899 0014 54000000 		.4byte	.LFE63-.LFB63
 900 0018 00000000 		.4byte	.LFB65
 901 001c 3A000000 		.4byte	.LFE65-.LFB65
 902 0020 00000000 		.4byte	.LFB64
 903 0024 24000000 		.4byte	.LFE64-.LFB64
 904 0028 00000000 		.4byte	0
 905 002c 00000000 		.4byte	0
 906              		.section	.debug_ranges,"",%progbits
 907              	.Ldebug_ranges0:
 908 0000 00000000 		.4byte	.LFB63
 909 0004 54000000 		.4byte	.LFE63
 910 0008 00000000 		.4byte	.LFB65
 911 000c 3A000000 		.4byte	.LFE65
 912 0010 00000000 		.4byte	.LFB64
 913 0014 24000000 		.4byte	.LFE64
 914 0018 00000000 		.4byte	0
 915 001c 00000000 		.4byte	0
 916              		.section	.debug_line,"",%progbits
 917              	.Ldebug_line0:
 918 0000 C7010000 		.section	.debug_str,"MS",%progbits,1
 918      02007601 
 918      00000201 
 918      FB0E0D00 
 918      01010101 
 919              	.LASF22:
 920 0000 6973725F 		.ascii	"isr_uart_rx_StartEx\000"
ARM GAS  C:\Users\Thomas\AppData\Local\Temp\ccUiRshV.s 			page 19


 920      75617274 
 920      5F72785F 
 920      53746172 
 920      74457800 
 921              	.LASF23:
 922 0014 55415254 		.ascii	"UART_1_Start\000"
 922      5F315F53 
 922      74617274 
 922      00
 923              	.LASF4:
 924 0021 5F5F7569 		.ascii	"__uint8_t\000"
 924      6E74385F 
 924      7400
 925              	.LASF5:
 926 002b 5F5F696E 		.ascii	"__int32_t\000"
 926      7433325F 
 926      7400
 927              	.LASF27:
 928 0035 696E6372 		.ascii	"increaseSpeed\000"
 928      65617365 
 928      53706565 
 928      6400
 929              	.LASF3:
 930 0043 73686F72 		.ascii	"short unsigned int\000"
 930      7420756E 
 930      7369676E 
 930      65642069 
 930      6E7400
 931              	.LASF20:
 932 0056 62797465 		.ascii	"bytesToRead\000"
 932      73546F52 
 932      65616400 
 933              	.LASF36:
 934 0062 433A5C55 		.ascii	"C:\\Users\\Thomas\\Documents\\GitHub\\GFV\\labmotor"
 934      73657273 
 934      5C54686F 
 934      6D61735C 
 934      446F6375 
 935 008f 636F6E74 		.ascii	"control\\DC-Motor-PWM.cydsn\000"
 935      726F6C5C 
 935      44432D4D 
 935      6F746F72 
 935      2D50574D 
 936              	.LASF13:
 937 00aa 666C6F61 		.ascii	"float\000"
 937      7400
 938              	.LASF1:
 939 00b0 756E7369 		.ascii	"unsigned char\000"
 939      676E6564 
 939      20636861 
 939      7200
 940              	.LASF34:
 941 00be 474E5520 		.ascii	"GNU C11 5.4.1 20160609 (release) [ARM/embedded-5-br"
 941      43313120 
 941      352E342E 
 941      31203230 
 941      31363036 
ARM GAS  C:\Users\Thomas\AppData\Local\Temp\ccUiRshV.s 			page 20


 942 00f1 616E6368 		.ascii	"anch revision 237715] -mcpu=cortex-m3 -mthumb -g -O"
 942      20726576 
 942      6973696F 
 942      6E203233 
 942      37373135 
 943 0124 67202D66 		.ascii	"g -ffunction-sections -ffat-lto-objects\000"
 943      66756E63 
 943      74696F6E 
 943      2D736563 
 943      74696F6E 
 944              	.LASF19:
 945 014c 4953525F 		.ascii	"ISR_UART_rx_handler\000"
 945      55415254 
 945      5F72785F 
 945      68616E64 
 945      6C657200 
 946              	.LASF7:
 947 0160 6C6F6E67 		.ascii	"long unsigned int\000"
 947      20756E73 
 947      69676E65 
 947      6420696E 
 947      7400
 948              	.LASF31:
 949 0172 55415254 		.ascii	"UART_1_ReadRxData\000"
 949      5F315F52 
 949      65616452 
 949      78446174 
 949      6100
 950              	.LASF24:
 951 0184 50574D5F 		.ascii	"PWM_1_Start\000"
 951      315F5374 
 951      61727400 
 952              	.LASF30:
 953 0190 73746F70 		.ascii	"stop\000"
 953      00
 954              	.LASF38:
 955 0195 49544D5F 		.ascii	"ITM_RxBuffer\000"
 955      52784275 
 955      66666572 
 955      00
 956              	.LASF32:
 957 01a2 55415254 		.ascii	"UART_1_WriteTxData\000"
 957      5F315F57 
 957      72697465 
 957      54784461 
 957      746100
 958              	.LASF14:
 959 01b5 646F7562 		.ascii	"double\000"
 959      6C6500
 960              	.LASF37:
 961 01bc 6D61696E 		.ascii	"main\000"
 961      00
 962              	.LASF18:
 963 01c1 68616E64 		.ascii	"handleByteReceived\000"
 963      6C654279 
 963      74655265 
 963      63656976 
ARM GAS  C:\Users\Thomas\AppData\Local\Temp\ccUiRshV.s 			page 21


 963      656400
 964              	.LASF10:
 965 01d4 756E7369 		.ascii	"unsigned int\000"
 965      676E6564 
 965      20696E74 
 965      00
 966              	.LASF28:
 967 01e1 64726976 		.ascii	"driveForwards\000"
 967      65466F72 
 967      77617264 
 967      7300
 968              	.LASF9:
 969 01ef 6C6F6E67 		.ascii	"long long unsigned int\000"
 969      206C6F6E 
 969      6720756E 
 969      7369676E 
 969      65642069 
 970              	.LASF11:
 971 0206 75696E74 		.ascii	"uint8_t\000"
 971      385F7400 
 972              	.LASF33:
 973 020e 55415254 		.ascii	"UART_1_GetRxBufferSize\000"
 973      5F315F47 
 973      65745278 
 973      42756666 
 973      65725369 
 974              	.LASF12:
 975 0225 696E7433 		.ascii	"int32_t\000"
 975      325F7400 
 976              	.LASF29:
 977 022d 64726976 		.ascii	"driveBackwards\000"
 977      65426163 
 977      6B776172 
 977      647300
 978              	.LASF17:
 979 023c 73697A65 		.ascii	"sizetype\000"
 979      74797065 
 979      00
 980              	.LASF8:
 981 0245 6C6F6E67 		.ascii	"long long int\000"
 981      206C6F6E 
 981      6720696E 
 981      7400
 982              	.LASF35:
 983 0253 6D61696E 		.ascii	"main.c\000"
 983      2E6300
 984              	.LASF15:
 985 025a 63686172 		.ascii	"char\000"
 985      00
 986              	.LASF26:
 987 025f 64656372 		.ascii	"decreaseSpeed\000"
 987      65617365 
 987      53706565 
 987      6400
 988              	.LASF2:
 989 026d 73686F72 		.ascii	"short int\000"
 989      7420696E 
ARM GAS  C:\Users\Thomas\AppData\Local\Temp\ccUiRshV.s 			page 22


 989      7400
 990              	.LASF6:
 991 0277 6C6F6E67 		.ascii	"long int\000"
 991      20696E74 
 991      00
 992              	.LASF16:
 993 0280 6C6F6E67 		.ascii	"long double\000"
 993      20646F75 
 993      626C6500 
 994              	.LASF0:
 995 028c 7369676E 		.ascii	"signed char\000"
 995      65642063 
 995      68617200 
 996              	.LASF25:
 997 0298 55415254 		.ascii	"UART_1_PutString\000"
 997      5F315F50 
 997      75745374 
 997      72696E67 
 997      00
 998              	.LASF21:
 999 02a9 62797465 		.ascii	"byteReceived\000"
 999      52656365 
 999      69766564 
 999      00
 1000              		.ident	"GCC: (GNU Tools for ARM Embedded Processors) 5.4.1 20160609 (release) [ARM/embedded-5-bran
