ARM GAS  C:\Users\mariu\AppData\Local\Temp\ccpd9ZNX.s 			page 1


   1              		.syntax unified
   2              		.cpu cortex-m3
   3              		.fpu softvfp
   4              		.eabi_attribute 20, 1
   5              		.eabi_attribute 21, 1
   6              		.eabi_attribute 23, 3
   7              		.eabi_attribute 24, 1
   8              		.eabi_attribute 25, 1
   9              		.eabi_attribute 26, 1
  10              		.eabi_attribute 30, 1
  11              		.eabi_attribute 34, 1
  12              		.eabi_attribute 18, 4
  13              		.thumb
  14              		.syntax unified
  15              		.file	"main.c"
  16              		.text
  17              	.Ltext0:
  18              		.cfi_sections	.debug_frame
  19              		.section	.text.ISR_1_handler,"ax",%progbits
  20              		.align	2
  21              		.global	ISR_1_handler
  22              		.thumb
  23              		.thumb_func
  24              		.type	ISR_1_handler, %function
  25              	ISR_1_handler:
  26              	.LFB66:
  27              		.file 1 "main.c"
   1:main.c        **** /* ========================================
   2:main.c        ****  *
   3:main.c        ****  * Copyright YOUR COMPANY, THE YEAR
   4:main.c        ****  * All Rights Reserved
   5:main.c        ****  * UNPUBLISHED, LICENSED SOFTWARE.
   6:main.c        ****  *
   7:main.c        ****  * CONFIDENTIAL AND PROPRIETARY INFORMATION
   8:main.c        ****  * WHICH IS THE PROPERTY OF your company.
   9:main.c        ****  *
  10:main.c        ****  * ========================================
  11:main.c        **** */
  12:main.c        **** #include "project.h"
  13:main.c        **** 
  14:main.c        **** void handleByteReceived(uint8_t byteReceived);
  15:main.c        **** CY_ISR_PROTO(ISR_2_handler);
  16:main.c        **** CY_ISR_PROTO(ISR_1_handler);
  17:main.c        **** uint8_t onData = 0x45;
  18:main.c        **** uint8_t emptyData = 0xFF;
  19:main.c        **** uint8_t offData = 0x12;
  20:main.c        **** uint8_t byteRecieved1 = 0x00;
  21:main.c        **** 
  22:main.c        **** int main(void)
  23:main.c        **** {
  24:main.c        ****     CyGlobalIntEnable; /* Enable global interrupts. */
  25:main.c        ****     UART_1_Start();
  26:main.c        ****     SPIM_1_Start();
  27:main.c        ****     isr_2_StartEx(ISR_2_handler);
  28:main.c        ****     isr_1_StartEx(ISR_1_handler);
  29:main.c        ****     
  30:main.c        ****     
ARM GAS  C:\Users\mariu\AppData\Local\Temp\ccpd9ZNX.s 			page 2


  31:main.c        ****     for(;;)
  32:main.c        ****     {
  33:main.c        ****             SPIM_1_WriteTxData(emptyData);
  34:main.c        ****             byteRecieved1 = SPIM_1_ReadRxData();
  35:main.c        ****     }
  36:main.c        **** }
  37:main.c        **** 
  38:main.c        **** void handleByteReceived(uint8_t byteReceived)
  39:main.c        **** {
  40:main.c        ****     switch(byteReceived)
  41:main.c        ****     {
  42:main.c        ****         case '1' :
  43:main.c        ****         {
  44:main.c        ****             UART_1_PutString("Turning LED on    \r\n");
  45:main.c        ****             SPIM_1_WriteTxData(onData);
  46:main.c        ****             SPIM_1_ReadRxData();
  47:main.c        ****         }
  48:main.c        ****         break;
  49:main.c        ****         case '2' :
  50:main.c        ****         {
  51:main.c        ****             UART_1_PutString("Turning LED off   \r\n");
  52:main.c        ****             SPIM_1_WriteTxData(offData);
  53:main.c        ****             SPIM_1_ReadRxData();
  54:main.c        ****         }
  55:main.c        ****         break;
  56:main.c        ****         
  57:main.c        ****         default :
  58:main.c        ****         {
  59:main.c        ****             // nothing
  60:main.c        ****         }
  61:main.c        ****         break;
  62:main.c        ****     }
  63:main.c        **** }
  64:main.c        **** 
  65:main.c        **** CY_ISR(ISR_2_handler)
  66:main.c        **** {
  67:main.c        ****     uint8_t bytesToRead = UART_1_GetRxBufferSize();
  68:main.c        ****     while (bytesToRead > 0)
  69:main.c        ****     {
  70:main.c        ****        
  71:main.c        ****         
  72:main.c        ****         uint8_t byteReceived = UART_1_ReadRxData();
  73:main.c        ****         UART_1_WriteTxData(byteReceived); // echo back
  74:main.c        ****         
  75:main.c        ****         
  76:main.c        ****         
  77:main.c        ****         handleByteReceived(byteReceived);
  78:main.c        ****         
  79:main.c        ****         bytesToRead--;
  80:main.c        ****         
  81:main.c        ****         
  82:main.c        ****     }
  83:main.c        **** }
  84:main.c        **** 
  85:main.c        **** CY_ISR(ISR_1_handler)
  86:main.c        **** {
  28              		.loc 1 86 0
ARM GAS  C:\Users\mariu\AppData\Local\Temp\ccpd9ZNX.s 			page 3


  29              		.cfi_startproc
  30              		@ args = 0, pretend = 0, frame = 0
  31              		@ frame_needed = 0, uses_anonymous_args = 0
  32 0000 08B5     		push	{r3, lr}
  33              		.cfi_def_cfa_offset 8
  34              		.cfi_offset 3, -8
  35              		.cfi_offset 14, -4
  87:main.c        ****     if (byteRecieved1 == 0x02)
  36              		.loc 1 87 0
  37 0002 044B     		ldr	r3, .L4
  38 0004 1B78     		ldrb	r3, [r3]	@ zero_extendqisi2
  39 0006 022B     		cmp	r3, #2
  40 0008 02D1     		bne	.L1
  88:main.c        ****             {
  89:main.c        ****                 UART_1_PutString("The button has been pushed\r\n");
  41              		.loc 1 89 0
  42 000a 0348     		ldr	r0, .L4+4
  43 000c FFF7FEFF 		bl	UART_1_PutString
  44              	.LVL0:
  45              	.L1:
  46 0010 08BD     		pop	{r3, pc}
  47              	.L5:
  48 0012 00BF     		.align	2
  49              	.L4:
  50 0014 00000000 		.word	.LANCHOR0
  51 0018 00000000 		.word	.LC0
  52              		.cfi_endproc
  53              	.LFE66:
  54              		.size	ISR_1_handler, .-ISR_1_handler
  55              		.section	.text.main,"ax",%progbits
  56              		.align	2
  57              		.global	main
  58              		.thumb
  59              		.thumb_func
  60              		.type	main, %function
  61              	main:
  62              	.LFB63:
  23:main.c        ****     CyGlobalIntEnable; /* Enable global interrupts. */
  63              		.loc 1 23 0
  64              		.cfi_startproc
  65              		@ Volatile: function does not return.
  66              		@ args = 0, pretend = 0, frame = 0
  67              		@ frame_needed = 0, uses_anonymous_args = 0
  68 0000 08B5     		push	{r3, lr}
  69              		.cfi_def_cfa_offset 8
  70              		.cfi_offset 3, -8
  71              		.cfi_offset 14, -4
  24:main.c        ****     UART_1_Start();
  72              		.loc 1 24 0
  73              		.syntax unified
  74              	@ 24 "main.c" 1
  75 0002 62B6     		CPSIE   i
  76              	@ 0 "" 2
  25:main.c        ****     SPIM_1_Start();
  77              		.loc 1 25 0
  78              		.thumb
  79              		.syntax unified
ARM GAS  C:\Users\mariu\AppData\Local\Temp\ccpd9ZNX.s 			page 4


  80 0004 FFF7FEFF 		bl	UART_1_Start
  81              	.LVL1:
  26:main.c        ****     isr_2_StartEx(ISR_2_handler);
  82              		.loc 1 26 0
  83 0008 FFF7FEFF 		bl	SPIM_1_Start
  84              	.LVL2:
  27:main.c        ****     isr_1_StartEx(ISR_1_handler);
  85              		.loc 1 27 0
  86 000c 0748     		ldr	r0, .L9
  87 000e FFF7FEFF 		bl	isr_2_StartEx
  88              	.LVL3:
  28:main.c        ****     
  89              		.loc 1 28 0
  90 0012 0748     		ldr	r0, .L9+4
  91 0014 FFF7FEFF 		bl	isr_1_StartEx
  92              	.LVL4:
  93              	.L7:
  33:main.c        ****             byteRecieved1 = SPIM_1_ReadRxData();
  94              		.loc 1 33 0 discriminator 1
  95 0018 064B     		ldr	r3, .L9+8
  96 001a 1878     		ldrb	r0, [r3]	@ zero_extendqisi2
  97 001c FFF7FEFF 		bl	SPIM_1_WriteTxData
  98              	.LVL5:
  34:main.c        ****     }
  99              		.loc 1 34 0 discriminator 1
 100 0020 FFF7FEFF 		bl	SPIM_1_ReadRxData
 101              	.LVL6:
 102 0024 044B     		ldr	r3, .L9+12
 103 0026 1870     		strb	r0, [r3]
 104 0028 F6E7     		b	.L7
 105              	.L10:
 106 002a 00BF     		.align	2
 107              	.L9:
 108 002c 00000000 		.word	ISR_2_handler
 109 0030 00000000 		.word	ISR_1_handler
 110 0034 00000000 		.word	.LANCHOR1
 111 0038 00000000 		.word	.LANCHOR0
 112              		.cfi_endproc
 113              	.LFE63:
 114              		.size	main, .-main
 115              		.section	.text.handleByteReceived,"ax",%progbits
 116              		.align	2
 117              		.global	handleByteReceived
 118              		.thumb
 119              		.thumb_func
 120              		.type	handleByteReceived, %function
 121              	handleByteReceived:
 122              	.LFB64:
  39:main.c        ****     switch(byteReceived)
 123              		.loc 1 39 0
 124              		.cfi_startproc
 125              		@ args = 0, pretend = 0, frame = 0
 126              		@ frame_needed = 0, uses_anonymous_args = 0
 127              	.LVL7:
 128 0000 08B5     		push	{r3, lr}
 129              		.cfi_def_cfa_offset 8
 130              		.cfi_offset 3, -8
ARM GAS  C:\Users\mariu\AppData\Local\Temp\ccpd9ZNX.s 			page 5


 131              		.cfi_offset 14, -4
  40:main.c        ****     {
 132              		.loc 1 40 0
 133 0002 3128     		cmp	r0, #49
 134 0004 02D0     		beq	.L13
 135 0006 3228     		cmp	r0, #50
 136 0008 0AD0     		beq	.L14
 137 000a 08BD     		pop	{r3, pc}
 138              	.L13:
  44:main.c        ****             SPIM_1_WriteTxData(onData);
 139              		.loc 1 44 0
 140 000c 0948     		ldr	r0, .L16
 141              	.LVL8:
 142 000e FFF7FEFF 		bl	UART_1_PutString
 143              	.LVL9:
  45:main.c        ****             SPIM_1_ReadRxData();
 144              		.loc 1 45 0
 145 0012 094B     		ldr	r3, .L16+4
 146 0014 5878     		ldrb	r0, [r3, #1]	@ zero_extendqisi2
 147 0016 FFF7FEFF 		bl	SPIM_1_WriteTxData
 148              	.LVL10:
  46:main.c        ****         }
 149              		.loc 1 46 0
 150 001a FFF7FEFF 		bl	SPIM_1_ReadRxData
 151              	.LVL11:
  48:main.c        ****         case '2' :
 152              		.loc 1 48 0
 153 001e 08BD     		pop	{r3, pc}
 154              	.LVL12:
 155              	.L14:
  51:main.c        ****             SPIM_1_WriteTxData(offData);
 156              		.loc 1 51 0
 157 0020 0648     		ldr	r0, .L16+8
 158              	.LVL13:
 159 0022 FFF7FEFF 		bl	UART_1_PutString
 160              	.LVL14:
  52:main.c        ****             SPIM_1_ReadRxData();
 161              		.loc 1 52 0
 162 0026 044B     		ldr	r3, .L16+4
 163 0028 9878     		ldrb	r0, [r3, #2]	@ zero_extendqisi2
 164 002a FFF7FEFF 		bl	SPIM_1_WriteTxData
 165              	.LVL15:
  53:main.c        ****         }
 166              		.loc 1 53 0
 167 002e FFF7FEFF 		bl	SPIM_1_ReadRxData
 168              	.LVL16:
 169 0032 08BD     		pop	{r3, pc}
 170              	.L17:
 171              		.align	2
 172              	.L16:
 173 0034 20000000 		.word	.LC1
 174 0038 00000000 		.word	.LANCHOR1
 175 003c 38000000 		.word	.LC2
 176              		.cfi_endproc
 177              	.LFE64:
 178              		.size	handleByteReceived, .-handleByteReceived
 179              		.section	.text.ISR_2_handler,"ax",%progbits
ARM GAS  C:\Users\mariu\AppData\Local\Temp\ccpd9ZNX.s 			page 6


 180              		.align	2
 181              		.global	ISR_2_handler
 182              		.thumb
 183              		.thumb_func
 184              		.type	ISR_2_handler, %function
 185              	ISR_2_handler:
 186              	.LFB65:
  66:main.c        ****     uint8_t bytesToRead = UART_1_GetRxBufferSize();
 187              		.loc 1 66 0
 188              		.cfi_startproc
 189              		@ args = 0, pretend = 0, frame = 0
 190              		@ frame_needed = 0, uses_anonymous_args = 0
 191 0000 38B5     		push	{r3, r4, r5, lr}
 192              		.cfi_def_cfa_offset 16
 193              		.cfi_offset 3, -16
 194              		.cfi_offset 4, -12
 195              		.cfi_offset 5, -8
 196              		.cfi_offset 14, -4
  67:main.c        ****     while (bytesToRead > 0)
 197              		.loc 1 67 0
 198 0002 FFF7FEFF 		bl	UART_1_GetRxBufferSize
 199              	.LVL17:
 200 0006 0446     		mov	r4, r0
 201              	.LVL18:
  68:main.c        ****     {
 202              		.loc 1 68 0
 203 0008 09E0     		b	.L19
 204              	.L20:
 205              	.LBB2:
  72:main.c        ****         UART_1_WriteTxData(byteReceived); // echo back
 206              		.loc 1 72 0
 207 000a FFF7FEFF 		bl	UART_1_ReadRxData
 208              	.LVL19:
 209 000e 0546     		mov	r5, r0
 210              	.LVL20:
  73:main.c        ****         
 211              		.loc 1 73 0
 212 0010 FFF7FEFF 		bl	UART_1_WriteTxData
 213              	.LVL21:
  77:main.c        ****         
 214              		.loc 1 77 0
 215 0014 2846     		mov	r0, r5
 216 0016 FFF7FEFF 		bl	handleByteReceived
 217              	.LVL22:
  79:main.c        ****         
 218              		.loc 1 79 0
 219 001a 013C     		subs	r4, r4, #1
 220              	.LVL23:
 221 001c E4B2     		uxtb	r4, r4
 222              	.LVL24:
 223              	.L19:
 224              	.LBE2:
  68:main.c        ****     {
 225              		.loc 1 68 0
 226 001e 002C     		cmp	r4, #0
 227 0020 F3D1     		bne	.L20
  83:main.c        **** 
ARM GAS  C:\Users\mariu\AppData\Local\Temp\ccpd9ZNX.s 			page 7


 228              		.loc 1 83 0
 229 0022 38BD     		pop	{r3, r4, r5, pc}
 230              		.cfi_endproc
 231              	.LFE65:
 232              		.size	ISR_2_handler, .-ISR_2_handler
 233              		.global	byteRecieved1
 234              		.global	offData
 235              		.global	emptyData
 236              		.global	onData
 237              		.data
 238              		.set	.LANCHOR1,. + 0
 239              		.type	emptyData, %object
 240              		.size	emptyData, 1
 241              	emptyData:
 242 0000 FF       		.byte	-1
 243              		.type	onData, %object
 244              		.size	onData, 1
 245              	onData:
 246 0001 45       		.byte	69
 247              		.type	offData, %object
 248              		.size	offData, 1
 249              	offData:
 250 0002 12       		.byte	18
 251              		.section	.rodata.str1.4,"aMS",%progbits,1
 252              		.align	2
 253              	.LC0:
 254 0000 54686520 		.ascii	"The button has been pushed\015\012\000"
 254      62757474 
 254      6F6E2068 
 254      61732062 
 254      65656E20 
 255 001d 000000   		.space	3
 256              	.LC1:
 257 0020 5475726E 		.ascii	"Turning LED on    \015\012\000"
 257      696E6720 
 257      4C454420 
 257      6F6E2020 
 257      20200D0A 
 258 0035 000000   		.space	3
 259              	.LC2:
 260 0038 5475726E 		.ascii	"Turning LED off   \015\012\000"
 260      696E6720 
 260      4C454420 
 260      6F666620 
 260      20200D0A 
 261              		.bss
 262              		.set	.LANCHOR0,. + 0
 263              		.type	byteRecieved1, %object
 264              		.size	byteRecieved1, 1
 265              	byteRecieved1:
 266 0000 00       		.space	1
 267              		.text
 268              	.Letext0:
 269              		.file 2 "c:\\program files (x86)\\cypress\\psoc creator\\4.4\\psoc creator\\import\\gnu\\arm\\5.4.
 270              		.file 3 "c:\\program files (x86)\\cypress\\psoc creator\\4.4\\psoc creator\\import\\gnu\\arm\\5.4.
 271              		.file 4 "Generated_Source\\PSoC5/core_cm3.h"
 272              		.file 5 "Generated_Source\\PSoC5/UART_1.h"
ARM GAS  C:\Users\mariu\AppData\Local\Temp\ccpd9ZNX.s 			page 8


 273              		.file 6 "Generated_Source\\PSoC5/SPIM_1.h"
 274              		.file 7 "Generated_Source\\PSoC5/isr_2.h"
 275              		.file 8 "Generated_Source\\PSoC5/isr_1.h"
 276              		.section	.debug_info,"",%progbits
 277              	.Ldebug_info0:
 278 0000 FE020000 		.4byte	0x2fe
 279 0004 0400     		.2byte	0x4
 280 0006 00000000 		.4byte	.Ldebug_abbrev0
 281 000a 04       		.byte	0x4
 282 000b 01       		.uleb128 0x1
 283 000c 9F000000 		.4byte	.LASF38
 284 0010 0C       		.byte	0xc
 285 0011 60020000 		.4byte	.LASF39
 286 0015 45010000 		.4byte	.LASF40
 287 0019 00000000 		.4byte	.Ldebug_ranges0+0
 288 001d 00000000 		.4byte	0
 289 0021 00000000 		.4byte	.Ldebug_line0
 290 0025 02       		.uleb128 0x2
 291 0026 01       		.byte	0x1
 292 0027 06       		.byte	0x6
 293 0028 A2020000 		.4byte	.LASF0
 294 002c 03       		.uleb128 0x3
 295 002d 0D000000 		.4byte	.LASF4
 296 0031 02       		.byte	0x2
 297 0032 1D       		.byte	0x1d
 298 0033 37000000 		.4byte	0x37
 299 0037 02       		.uleb128 0x2
 300 0038 01       		.byte	0x1
 301 0039 08       		.byte	0x8
 302 003a 91000000 		.4byte	.LASF1
 303 003e 02       		.uleb128 0x2
 304 003f 02       		.byte	0x2
 305 0040 05       		.byte	0x5
 306 0041 7E020000 		.4byte	.LASF2
 307 0045 02       		.uleb128 0x2
 308 0046 02       		.byte	0x2
 309 0047 07       		.byte	0x7
 310 0048 50000000 		.4byte	.LASF3
 311 004c 03       		.uleb128 0x3
 312 004d 3D000000 		.4byte	.LASF5
 313 0051 02       		.byte	0x2
 314 0052 3F       		.byte	0x3f
 315 0053 57000000 		.4byte	0x57
 316 0057 02       		.uleb128 0x2
 317 0058 04       		.byte	0x4
 318 0059 05       		.byte	0x5
 319 005a 47000000 		.4byte	.LASF6
 320 005e 02       		.uleb128 0x2
 321 005f 04       		.byte	0x4
 322 0060 07       		.byte	0x7
 323 0061 9B010000 		.4byte	.LASF7
 324 0065 02       		.uleb128 0x2
 325 0066 08       		.byte	0x8
 326 0067 05       		.byte	0x5
 327 0068 52020000 		.4byte	.LASF8
 328 006c 02       		.uleb128 0x2
 329 006d 08       		.byte	0x8
ARM GAS  C:\Users\mariu\AppData\Local\Temp\ccpd9ZNX.s 			page 9


 330 006e 07       		.byte	0x7
 331 006f 0B020000 		.4byte	.LASF9
 332 0073 04       		.uleb128 0x4
 333 0074 04       		.byte	0x4
 334 0075 05       		.byte	0x5
 335 0076 696E7400 		.ascii	"int\000"
 336 007a 02       		.uleb128 0x2
 337 007b 04       		.byte	0x4
 338 007c 07       		.byte	0x7
 339 007d FE010000 		.4byte	.LASF10
 340 0081 03       		.uleb128 0x3
 341 0082 22020000 		.4byte	.LASF11
 342 0086 03       		.byte	0x3
 343 0087 18       		.byte	0x18
 344 0088 2C000000 		.4byte	0x2c
 345 008c 03       		.uleb128 0x3
 346 008d 41020000 		.4byte	.LASF12
 347 0091 03       		.byte	0x3
 348 0092 2C       		.byte	0x2c
 349 0093 4C000000 		.4byte	0x4c
 350 0097 02       		.uleb128 0x2
 351 0098 04       		.byte	0x4
 352 0099 04       		.byte	0x4
 353 009a 7D000000 		.4byte	.LASF13
 354 009e 02       		.uleb128 0x2
 355 009f 08       		.byte	0x8
 356 00a0 04       		.byte	0x4
 357 00a1 F2010000 		.4byte	.LASF14
 358 00a5 02       		.uleb128 0x2
 359 00a6 01       		.byte	0x1
 360 00a7 08       		.byte	0x8
 361 00a8 67020000 		.4byte	.LASF15
 362 00ac 02       		.uleb128 0x2
 363 00ad 08       		.byte	0x8
 364 00ae 04       		.byte	0x4
 365 00af 96020000 		.4byte	.LASF16
 366 00b3 02       		.uleb128 0x2
 367 00b4 04       		.byte	0x4
 368 00b5 07       		.byte	0x7
 369 00b6 49020000 		.4byte	.LASF17
 370 00ba 05       		.uleb128 0x5
 371 00bb 88020000 		.4byte	.LASF18
 372 00bf 01       		.byte	0x1
 373 00c0 55       		.byte	0x55
 374 00c1 00000000 		.4byte	.LFB66
 375 00c5 1C000000 		.4byte	.LFE66-.LFB66
 376 00c9 01       		.uleb128 0x1
 377 00ca 9C       		.byte	0x9c
 378 00cb E3000000 		.4byte	0xe3
 379 00cf 06       		.uleb128 0x6
 380 00d0 10000000 		.4byte	.LVL0
 381 00d4 93020000 		.4byte	0x293
 382 00d8 07       		.uleb128 0x7
 383 00d9 01       		.uleb128 0x1
 384 00da 50       		.byte	0x50
 385 00db 05       		.uleb128 0x5
 386 00dc 03       		.byte	0x3
ARM GAS  C:\Users\mariu\AppData\Local\Temp\ccpd9ZNX.s 			page 10


 387 00dd 00000000 		.4byte	.LC0
 388 00e1 00       		.byte	0
 389 00e2 00       		.byte	0
 390 00e3 08       		.uleb128 0x8
 391 00e4 F9010000 		.4byte	.LASF41
 392 00e8 01       		.byte	0x1
 393 00e9 16       		.byte	0x16
 394 00ea 73000000 		.4byte	0x73
 395 00ee 00000000 		.4byte	.LFB63
 396 00f2 3C000000 		.4byte	.LFE63-.LFB63
 397 00f6 01       		.uleb128 0x1
 398 00f7 9C       		.byte	0x9c
 399 00f8 4F010000 		.4byte	0x14f
 400 00fc 09       		.uleb128 0x9
 401 00fd 08000000 		.4byte	.LVL1
 402 0101 9E020000 		.4byte	0x29e
 403 0105 09       		.uleb128 0x9
 404 0106 0C000000 		.4byte	.LVL2
 405 010a A9020000 		.4byte	0x2a9
 406 010e 0A       		.uleb128 0xa
 407 010f 12000000 		.4byte	.LVL3
 408 0113 B4020000 		.4byte	0x2b4
 409 0117 25010000 		.4byte	0x125
 410 011b 07       		.uleb128 0x7
 411 011c 01       		.uleb128 0x1
 412 011d 50       		.byte	0x50
 413 011e 05       		.uleb128 0x5
 414 011f 03       		.byte	0x3
 415 0120 00000000 		.4byte	ISR_2_handler
 416 0124 00       		.byte	0
 417 0125 0A       		.uleb128 0xa
 418 0126 18000000 		.4byte	.LVL4
 419 012a BF020000 		.4byte	0x2bf
 420 012e 3C010000 		.4byte	0x13c
 421 0132 07       		.uleb128 0x7
 422 0133 01       		.uleb128 0x1
 423 0134 50       		.byte	0x50
 424 0135 05       		.uleb128 0x5
 425 0136 03       		.byte	0x3
 426 0137 00000000 		.4byte	ISR_1_handler
 427 013b 00       		.byte	0
 428 013c 09       		.uleb128 0x9
 429 013d 20000000 		.4byte	.LVL5
 430 0141 CA020000 		.4byte	0x2ca
 431 0145 09       		.uleb128 0x9
 432 0146 24000000 		.4byte	.LVL6
 433 014a D5020000 		.4byte	0x2d5
 434 014e 00       		.byte	0
 435 014f 05       		.uleb128 0x5
 436 0150 BF010000 		.4byte	.LASF19
 437 0154 01       		.byte	0x1
 438 0155 26       		.byte	0x26
 439 0156 00000000 		.4byte	.LFB64
 440 015a 40000000 		.4byte	.LFE64-.LFB64
 441 015e 01       		.uleb128 0x1
 442 015f 9C       		.byte	0x9c
 443 0160 C6010000 		.4byte	0x1c6
ARM GAS  C:\Users\mariu\AppData\Local\Temp\ccpd9ZNX.s 			page 11


 444 0164 0B       		.uleb128 0xb
 445 0165 CF020000 		.4byte	.LASF22
 446 0169 01       		.byte	0x1
 447 016a 26       		.byte	0x26
 448 016b 81000000 		.4byte	0x81
 449 016f 00000000 		.4byte	.LLST0
 450 0173 0A       		.uleb128 0xa
 451 0174 12000000 		.4byte	.LVL9
 452 0178 93020000 		.4byte	0x293
 453 017c 8A010000 		.4byte	0x18a
 454 0180 07       		.uleb128 0x7
 455 0181 01       		.uleb128 0x1
 456 0182 50       		.byte	0x50
 457 0183 05       		.uleb128 0x5
 458 0184 03       		.byte	0x3
 459 0185 20000000 		.4byte	.LC1
 460 0189 00       		.byte	0
 461 018a 09       		.uleb128 0x9
 462 018b 1A000000 		.4byte	.LVL10
 463 018f CA020000 		.4byte	0x2ca
 464 0193 09       		.uleb128 0x9
 465 0194 1E000000 		.4byte	.LVL11
 466 0198 D5020000 		.4byte	0x2d5
 467 019c 0A       		.uleb128 0xa
 468 019d 26000000 		.4byte	.LVL14
 469 01a1 93020000 		.4byte	0x293
 470 01a5 B3010000 		.4byte	0x1b3
 471 01a9 07       		.uleb128 0x7
 472 01aa 01       		.uleb128 0x1
 473 01ab 50       		.byte	0x50
 474 01ac 05       		.uleb128 0x5
 475 01ad 03       		.byte	0x3
 476 01ae 38000000 		.4byte	.LC2
 477 01b2 00       		.byte	0
 478 01b3 09       		.uleb128 0x9
 479 01b4 2E000000 		.4byte	.LVL15
 480 01b8 CA020000 		.4byte	0x2ca
 481 01bc 09       		.uleb128 0x9
 482 01bd 32000000 		.4byte	.LVL16
 483 01c1 D5020000 		.4byte	0x2d5
 484 01c5 00       		.byte	0
 485 01c6 05       		.uleb128 0x5
 486 01c7 6F000000 		.4byte	.LASF20
 487 01cb 01       		.byte	0x1
 488 01cc 41       		.byte	0x41
 489 01cd 00000000 		.4byte	.LFB65
 490 01d1 24000000 		.4byte	.LFE65-.LFB65
 491 01d5 01       		.uleb128 0x1
 492 01d6 9C       		.byte	0x9c
 493 01d7 3E020000 		.4byte	0x23e
 494 01db 0C       		.uleb128 0xc
 495 01dc 63000000 		.4byte	.LASF21
 496 01e0 01       		.byte	0x1
 497 01e1 43       		.byte	0x43
 498 01e2 81000000 		.4byte	0x81
 499 01e6 3A000000 		.4byte	.LLST1
 500 01ea 0D       		.uleb128 0xd
ARM GAS  C:\Users\mariu\AppData\Local\Temp\ccpd9ZNX.s 			page 12


 501 01eb 0A000000 		.4byte	.LBB2
 502 01ef 14000000 		.4byte	.LBE2-.LBB2
 503 01f3 34020000 		.4byte	0x234
 504 01f7 0C       		.uleb128 0xc
 505 01f8 CF020000 		.4byte	.LASF22
 506 01fc 01       		.byte	0x1
 507 01fd 48       		.byte	0x48
 508 01fe 81000000 		.4byte	0x81
 509 0202 58000000 		.4byte	.LLST2
 510 0206 09       		.uleb128 0x9
 511 0207 0E000000 		.4byte	.LVL19
 512 020b E0020000 		.4byte	0x2e0
 513 020f 0A       		.uleb128 0xa
 514 0210 14000000 		.4byte	.LVL21
 515 0214 EB020000 		.4byte	0x2eb
 516 0218 23020000 		.4byte	0x223
 517 021c 07       		.uleb128 0x7
 518 021d 01       		.uleb128 0x1
 519 021e 50       		.byte	0x50
 520 021f 02       		.uleb128 0x2
 521 0220 75       		.byte	0x75
 522 0221 00       		.sleb128 0
 523 0222 00       		.byte	0
 524 0223 06       		.uleb128 0x6
 525 0224 1A000000 		.4byte	.LVL22
 526 0228 4F010000 		.4byte	0x14f
 527 022c 07       		.uleb128 0x7
 528 022d 01       		.uleb128 0x1
 529 022e 50       		.byte	0x50
 530 022f 02       		.uleb128 0x2
 531 0230 75       		.byte	0x75
 532 0231 00       		.sleb128 0
 533 0232 00       		.byte	0
 534 0233 00       		.byte	0
 535 0234 09       		.uleb128 0x9
 536 0235 06000000 		.4byte	.LVL17
 537 0239 F6020000 		.4byte	0x2f6
 538 023d 00       		.byte	0
 539 023e 0E       		.uleb128 0xe
 540 023f D2010000 		.4byte	.LASF23
 541 0243 04       		.byte	0x4
 542 0244 1207     		.2byte	0x712
 543 0246 4A020000 		.4byte	0x24a
 544 024a 0F       		.uleb128 0xf
 545 024b 8C000000 		.4byte	0x8c
 546 024f 10       		.uleb128 0x10
 547 0250 DC020000 		.4byte	.LASF24
 548 0254 01       		.byte	0x1
 549 0255 11       		.byte	0x11
 550 0256 81000000 		.4byte	0x81
 551 025a 05       		.uleb128 0x5
 552 025b 03       		.byte	0x3
 553 025c 00000000 		.4byte	onData
 554 0260 10       		.uleb128 0x10
 555 0261 3B010000 		.4byte	.LASF25
 556 0265 01       		.byte	0x1
 557 0266 12       		.byte	0x12
ARM GAS  C:\Users\mariu\AppData\Local\Temp\ccpd9ZNX.s 			page 13


 558 0267 81000000 		.4byte	0x81
 559 026b 05       		.uleb128 0x5
 560 026c 03       		.byte	0x3
 561 026d 00000000 		.4byte	emptyData
 562 0271 10       		.uleb128 0x10
 563 0272 35000000 		.4byte	.LASF26
 564 0276 01       		.byte	0x1
 565 0277 13       		.byte	0x13
 566 0278 81000000 		.4byte	0x81
 567 027c 05       		.uleb128 0x5
 568 027d 03       		.byte	0x3
 569 027e 00000000 		.4byte	offData
 570 0282 10       		.uleb128 0x10
 571 0283 83000000 		.4byte	.LASF27
 572 0287 01       		.byte	0x1
 573 0288 14       		.byte	0x14
 574 0289 81000000 		.4byte	0x81
 575 028d 05       		.uleb128 0x5
 576 028e 03       		.byte	0x3
 577 028f 00000000 		.4byte	byteRecieved1
 578 0293 11       		.uleb128 0x11
 579 0294 24000000 		.4byte	.LASF28
 580 0298 24000000 		.4byte	.LASF28
 581 029c 05       		.byte	0x5
 582 029d 8B       		.byte	0x8b
 583 029e 11       		.uleb128 0x11
 584 029f 00000000 		.4byte	.LASF29
 585 02a3 00000000 		.4byte	.LASF29
 586 02a7 05       		.byte	0x5
 587 02a8 54       		.byte	0x54
 588 02a9 11       		.uleb128 0x11
 589 02aa 17000000 		.4byte	.LASF30
 590 02ae 17000000 		.4byte	.LASF30
 591 02b2 06       		.byte	0x6
 592 02b3 4D       		.byte	0x4d
 593 02b4 11       		.uleb128 0x11
 594 02b5 2D010000 		.4byte	.LASF31
 595 02b9 2D010000 		.4byte	.LASF31
 596 02bd 07       		.byte	0x7
 597 02be 18       		.byte	0x18
 598 02bf 11       		.uleb128 0x11
 599 02c0 C1020000 		.4byte	.LASF32
 600 02c4 C1020000 		.4byte	.LASF32
 601 02c8 08       		.byte	0x8
 602 02c9 18       		.byte	0x18
 603 02ca 11       		.uleb128 0x11
 604 02cb AE020000 		.4byte	.LASF33
 605 02cf AE020000 		.4byte	.LASF33
 606 02d3 06       		.byte	0x6
 607 02d4 5E       		.byte	0x5e
 608 02d5 11       		.uleb128 0x11
 609 02d6 6C020000 		.4byte	.LASF34
 610 02da 6C020000 		.4byte	.LASF34
 611 02de 06       		.byte	0x6
 612 02df 60       		.byte	0x60
 613 02e0 11       		.uleb128 0x11
 614 02e1 AD010000 		.4byte	.LASF35
ARM GAS  C:\Users\mariu\AppData\Local\Temp\ccpd9ZNX.s 			page 14


 615 02e5 AD010000 		.4byte	.LASF35
 616 02e9 05       		.byte	0x5
 617 02ea 6F       		.byte	0x6f
 618 02eb 11       		.uleb128 0x11
 619 02ec DF010000 		.4byte	.LASF36
 620 02f0 DF010000 		.4byte	.LASF36
 621 02f4 05       		.byte	0x5
 622 02f5 88       		.byte	0x88
 623 02f6 11       		.uleb128 0x11
 624 02f7 2A020000 		.4byte	.LASF37
 625 02fb 2A020000 		.4byte	.LASF37
 626 02ff 05       		.byte	0x5
 627 0300 73       		.byte	0x73
 628 0301 00       		.byte	0
 629              		.section	.debug_abbrev,"",%progbits
 630              	.Ldebug_abbrev0:
 631 0000 01       		.uleb128 0x1
 632 0001 11       		.uleb128 0x11
 633 0002 01       		.byte	0x1
 634 0003 25       		.uleb128 0x25
 635 0004 0E       		.uleb128 0xe
 636 0005 13       		.uleb128 0x13
 637 0006 0B       		.uleb128 0xb
 638 0007 03       		.uleb128 0x3
 639 0008 0E       		.uleb128 0xe
 640 0009 1B       		.uleb128 0x1b
 641 000a 0E       		.uleb128 0xe
 642 000b 55       		.uleb128 0x55
 643 000c 17       		.uleb128 0x17
 644 000d 11       		.uleb128 0x11
 645 000e 01       		.uleb128 0x1
 646 000f 10       		.uleb128 0x10
 647 0010 17       		.uleb128 0x17
 648 0011 00       		.byte	0
 649 0012 00       		.byte	0
 650 0013 02       		.uleb128 0x2
 651 0014 24       		.uleb128 0x24
 652 0015 00       		.byte	0
 653 0016 0B       		.uleb128 0xb
 654 0017 0B       		.uleb128 0xb
 655 0018 3E       		.uleb128 0x3e
 656 0019 0B       		.uleb128 0xb
 657 001a 03       		.uleb128 0x3
 658 001b 0E       		.uleb128 0xe
 659 001c 00       		.byte	0
 660 001d 00       		.byte	0
 661 001e 03       		.uleb128 0x3
 662 001f 16       		.uleb128 0x16
 663 0020 00       		.byte	0
 664 0021 03       		.uleb128 0x3
 665 0022 0E       		.uleb128 0xe
 666 0023 3A       		.uleb128 0x3a
 667 0024 0B       		.uleb128 0xb
 668 0025 3B       		.uleb128 0x3b
 669 0026 0B       		.uleb128 0xb
 670 0027 49       		.uleb128 0x49
 671 0028 13       		.uleb128 0x13
ARM GAS  C:\Users\mariu\AppData\Local\Temp\ccpd9ZNX.s 			page 15


 672 0029 00       		.byte	0
 673 002a 00       		.byte	0
 674 002b 04       		.uleb128 0x4
 675 002c 24       		.uleb128 0x24
 676 002d 00       		.byte	0
 677 002e 0B       		.uleb128 0xb
 678 002f 0B       		.uleb128 0xb
 679 0030 3E       		.uleb128 0x3e
 680 0031 0B       		.uleb128 0xb
 681 0032 03       		.uleb128 0x3
 682 0033 08       		.uleb128 0x8
 683 0034 00       		.byte	0
 684 0035 00       		.byte	0
 685 0036 05       		.uleb128 0x5
 686 0037 2E       		.uleb128 0x2e
 687 0038 01       		.byte	0x1
 688 0039 3F       		.uleb128 0x3f
 689 003a 19       		.uleb128 0x19
 690 003b 03       		.uleb128 0x3
 691 003c 0E       		.uleb128 0xe
 692 003d 3A       		.uleb128 0x3a
 693 003e 0B       		.uleb128 0xb
 694 003f 3B       		.uleb128 0x3b
 695 0040 0B       		.uleb128 0xb
 696 0041 27       		.uleb128 0x27
 697 0042 19       		.uleb128 0x19
 698 0043 11       		.uleb128 0x11
 699 0044 01       		.uleb128 0x1
 700 0045 12       		.uleb128 0x12
 701 0046 06       		.uleb128 0x6
 702 0047 40       		.uleb128 0x40
 703 0048 18       		.uleb128 0x18
 704 0049 9742     		.uleb128 0x2117
 705 004b 19       		.uleb128 0x19
 706 004c 01       		.uleb128 0x1
 707 004d 13       		.uleb128 0x13
 708 004e 00       		.byte	0
 709 004f 00       		.byte	0
 710 0050 06       		.uleb128 0x6
 711 0051 898201   		.uleb128 0x4109
 712 0054 01       		.byte	0x1
 713 0055 11       		.uleb128 0x11
 714 0056 01       		.uleb128 0x1
 715 0057 31       		.uleb128 0x31
 716 0058 13       		.uleb128 0x13
 717 0059 00       		.byte	0
 718 005a 00       		.byte	0
 719 005b 07       		.uleb128 0x7
 720 005c 8A8201   		.uleb128 0x410a
 721 005f 00       		.byte	0
 722 0060 02       		.uleb128 0x2
 723 0061 18       		.uleb128 0x18
 724 0062 9142     		.uleb128 0x2111
 725 0064 18       		.uleb128 0x18
 726 0065 00       		.byte	0
 727 0066 00       		.byte	0
 728 0067 08       		.uleb128 0x8
ARM GAS  C:\Users\mariu\AppData\Local\Temp\ccpd9ZNX.s 			page 16


 729 0068 2E       		.uleb128 0x2e
 730 0069 01       		.byte	0x1
 731 006a 3F       		.uleb128 0x3f
 732 006b 19       		.uleb128 0x19
 733 006c 03       		.uleb128 0x3
 734 006d 0E       		.uleb128 0xe
 735 006e 3A       		.uleb128 0x3a
 736 006f 0B       		.uleb128 0xb
 737 0070 3B       		.uleb128 0x3b
 738 0071 0B       		.uleb128 0xb
 739 0072 27       		.uleb128 0x27
 740 0073 19       		.uleb128 0x19
 741 0074 49       		.uleb128 0x49
 742 0075 13       		.uleb128 0x13
 743 0076 8701     		.uleb128 0x87
 744 0078 19       		.uleb128 0x19
 745 0079 11       		.uleb128 0x11
 746 007a 01       		.uleb128 0x1
 747 007b 12       		.uleb128 0x12
 748 007c 06       		.uleb128 0x6
 749 007d 40       		.uleb128 0x40
 750 007e 18       		.uleb128 0x18
 751 007f 9742     		.uleb128 0x2117
 752 0081 19       		.uleb128 0x19
 753 0082 01       		.uleb128 0x1
 754 0083 13       		.uleb128 0x13
 755 0084 00       		.byte	0
 756 0085 00       		.byte	0
 757 0086 09       		.uleb128 0x9
 758 0087 898201   		.uleb128 0x4109
 759 008a 00       		.byte	0
 760 008b 11       		.uleb128 0x11
 761 008c 01       		.uleb128 0x1
 762 008d 31       		.uleb128 0x31
 763 008e 13       		.uleb128 0x13
 764 008f 00       		.byte	0
 765 0090 00       		.byte	0
 766 0091 0A       		.uleb128 0xa
 767 0092 898201   		.uleb128 0x4109
 768 0095 01       		.byte	0x1
 769 0096 11       		.uleb128 0x11
 770 0097 01       		.uleb128 0x1
 771 0098 31       		.uleb128 0x31
 772 0099 13       		.uleb128 0x13
 773 009a 01       		.uleb128 0x1
 774 009b 13       		.uleb128 0x13
 775 009c 00       		.byte	0
 776 009d 00       		.byte	0
 777 009e 0B       		.uleb128 0xb
 778 009f 05       		.uleb128 0x5
 779 00a0 00       		.byte	0
 780 00a1 03       		.uleb128 0x3
 781 00a2 0E       		.uleb128 0xe
 782 00a3 3A       		.uleb128 0x3a
 783 00a4 0B       		.uleb128 0xb
 784 00a5 3B       		.uleb128 0x3b
 785 00a6 0B       		.uleb128 0xb
ARM GAS  C:\Users\mariu\AppData\Local\Temp\ccpd9ZNX.s 			page 17


 786 00a7 49       		.uleb128 0x49
 787 00a8 13       		.uleb128 0x13
 788 00a9 02       		.uleb128 0x2
 789 00aa 17       		.uleb128 0x17
 790 00ab 00       		.byte	0
 791 00ac 00       		.byte	0
 792 00ad 0C       		.uleb128 0xc
 793 00ae 34       		.uleb128 0x34
 794 00af 00       		.byte	0
 795 00b0 03       		.uleb128 0x3
 796 00b1 0E       		.uleb128 0xe
 797 00b2 3A       		.uleb128 0x3a
 798 00b3 0B       		.uleb128 0xb
 799 00b4 3B       		.uleb128 0x3b
 800 00b5 0B       		.uleb128 0xb
 801 00b6 49       		.uleb128 0x49
 802 00b7 13       		.uleb128 0x13
 803 00b8 02       		.uleb128 0x2
 804 00b9 17       		.uleb128 0x17
 805 00ba 00       		.byte	0
 806 00bb 00       		.byte	0
 807 00bc 0D       		.uleb128 0xd
 808 00bd 0B       		.uleb128 0xb
 809 00be 01       		.byte	0x1
 810 00bf 11       		.uleb128 0x11
 811 00c0 01       		.uleb128 0x1
 812 00c1 12       		.uleb128 0x12
 813 00c2 06       		.uleb128 0x6
 814 00c3 01       		.uleb128 0x1
 815 00c4 13       		.uleb128 0x13
 816 00c5 00       		.byte	0
 817 00c6 00       		.byte	0
 818 00c7 0E       		.uleb128 0xe
 819 00c8 34       		.uleb128 0x34
 820 00c9 00       		.byte	0
 821 00ca 03       		.uleb128 0x3
 822 00cb 0E       		.uleb128 0xe
 823 00cc 3A       		.uleb128 0x3a
 824 00cd 0B       		.uleb128 0xb
 825 00ce 3B       		.uleb128 0x3b
 826 00cf 05       		.uleb128 0x5
 827 00d0 49       		.uleb128 0x49
 828 00d1 13       		.uleb128 0x13
 829 00d2 3F       		.uleb128 0x3f
 830 00d3 19       		.uleb128 0x19
 831 00d4 3C       		.uleb128 0x3c
 832 00d5 19       		.uleb128 0x19
 833 00d6 00       		.byte	0
 834 00d7 00       		.byte	0
 835 00d8 0F       		.uleb128 0xf
 836 00d9 35       		.uleb128 0x35
 837 00da 00       		.byte	0
 838 00db 49       		.uleb128 0x49
 839 00dc 13       		.uleb128 0x13
 840 00dd 00       		.byte	0
 841 00de 00       		.byte	0
 842 00df 10       		.uleb128 0x10
ARM GAS  C:\Users\mariu\AppData\Local\Temp\ccpd9ZNX.s 			page 18


 843 00e0 34       		.uleb128 0x34
 844 00e1 00       		.byte	0
 845 00e2 03       		.uleb128 0x3
 846 00e3 0E       		.uleb128 0xe
 847 00e4 3A       		.uleb128 0x3a
 848 00e5 0B       		.uleb128 0xb
 849 00e6 3B       		.uleb128 0x3b
 850 00e7 0B       		.uleb128 0xb
 851 00e8 49       		.uleb128 0x49
 852 00e9 13       		.uleb128 0x13
 853 00ea 3F       		.uleb128 0x3f
 854 00eb 19       		.uleb128 0x19
 855 00ec 02       		.uleb128 0x2
 856 00ed 18       		.uleb128 0x18
 857 00ee 00       		.byte	0
 858 00ef 00       		.byte	0
 859 00f0 11       		.uleb128 0x11
 860 00f1 2E       		.uleb128 0x2e
 861 00f2 00       		.byte	0
 862 00f3 3F       		.uleb128 0x3f
 863 00f4 19       		.uleb128 0x19
 864 00f5 3C       		.uleb128 0x3c
 865 00f6 19       		.uleb128 0x19
 866 00f7 6E       		.uleb128 0x6e
 867 00f8 0E       		.uleb128 0xe
 868 00f9 03       		.uleb128 0x3
 869 00fa 0E       		.uleb128 0xe
 870 00fb 3A       		.uleb128 0x3a
 871 00fc 0B       		.uleb128 0xb
 872 00fd 3B       		.uleb128 0x3b
 873 00fe 0B       		.uleb128 0xb
 874 00ff 00       		.byte	0
 875 0100 00       		.byte	0
 876 0101 00       		.byte	0
 877              		.section	.debug_loc,"",%progbits
 878              	.Ldebug_loc0:
 879              	.LLST0:
 880 0000 00000000 		.4byte	.LVL7
 881 0004 0E000000 		.4byte	.LVL8
 882 0008 0100     		.2byte	0x1
 883 000a 50       		.byte	0x50
 884 000b 0E000000 		.4byte	.LVL8
 885 000f 20000000 		.4byte	.LVL12
 886 0013 0400     		.2byte	0x4
 887 0015 F3       		.byte	0xf3
 888 0016 01       		.uleb128 0x1
 889 0017 50       		.byte	0x50
 890 0018 9F       		.byte	0x9f
 891 0019 20000000 		.4byte	.LVL12
 892 001d 22000000 		.4byte	.LVL13
 893 0021 0100     		.2byte	0x1
 894 0023 50       		.byte	0x50
 895 0024 22000000 		.4byte	.LVL13
 896 0028 40000000 		.4byte	.LFE64
 897 002c 0400     		.2byte	0x4
 898 002e F3       		.byte	0xf3
 899 002f 01       		.uleb128 0x1
ARM GAS  C:\Users\mariu\AppData\Local\Temp\ccpd9ZNX.s 			page 19


 900 0030 50       		.byte	0x50
 901 0031 9F       		.byte	0x9f
 902 0032 00000000 		.4byte	0
 903 0036 00000000 		.4byte	0
 904              	.LLST1:
 905 003a 08000000 		.4byte	.LVL18
 906 003e 1C000000 		.4byte	.LVL23
 907 0042 0100     		.2byte	0x1
 908 0044 54       		.byte	0x54
 909 0045 1E000000 		.4byte	.LVL24
 910 0049 24000000 		.4byte	.LFE65
 911 004d 0100     		.2byte	0x1
 912 004f 54       		.byte	0x54
 913 0050 00000000 		.4byte	0
 914 0054 00000000 		.4byte	0
 915              	.LLST2:
 916 0058 10000000 		.4byte	.LVL20
 917 005c 1E000000 		.4byte	.LVL24
 918 0060 0100     		.2byte	0x1
 919 0062 55       		.byte	0x55
 920 0063 00000000 		.4byte	0
 921 0067 00000000 		.4byte	0
 922              		.section	.debug_aranges,"",%progbits
 923 0000 34000000 		.4byte	0x34
 924 0004 0200     		.2byte	0x2
 925 0006 00000000 		.4byte	.Ldebug_info0
 926 000a 04       		.byte	0x4
 927 000b 00       		.byte	0
 928 000c 0000     		.2byte	0
 929 000e 0000     		.2byte	0
 930 0010 00000000 		.4byte	.LFB66
 931 0014 1C000000 		.4byte	.LFE66-.LFB66
 932 0018 00000000 		.4byte	.LFB63
 933 001c 3C000000 		.4byte	.LFE63-.LFB63
 934 0020 00000000 		.4byte	.LFB64
 935 0024 40000000 		.4byte	.LFE64-.LFB64
 936 0028 00000000 		.4byte	.LFB65
 937 002c 24000000 		.4byte	.LFE65-.LFB65
 938 0030 00000000 		.4byte	0
 939 0034 00000000 		.4byte	0
 940              		.section	.debug_ranges,"",%progbits
 941              	.Ldebug_ranges0:
 942 0000 00000000 		.4byte	.LFB66
 943 0004 1C000000 		.4byte	.LFE66
 944 0008 00000000 		.4byte	.LFB63
 945 000c 3C000000 		.4byte	.LFE63
 946 0010 00000000 		.4byte	.LFB64
 947 0014 40000000 		.4byte	.LFE64
 948 0018 00000000 		.4byte	.LFB65
 949 001c 24000000 		.4byte	.LFE65
 950 0020 00000000 		.4byte	0
 951 0024 00000000 		.4byte	0
 952              		.section	.debug_line,"",%progbits
 953              	.Ldebug_line0:
 954 0000 D6010000 		.section	.debug_str,"MS",%progbits,1
 954      02006D01 
 954      00000201 
ARM GAS  C:\Users\mariu\AppData\Local\Temp\ccpd9ZNX.s 			page 20


 954      FB0E0D00 
 954      01010101 
 955              	.LASF29:
 956 0000 55415254 		.ascii	"UART_1_Start\000"
 956      5F315F53 
 956      74617274 
 956      00
 957              	.LASF4:
 958 000d 5F5F7569 		.ascii	"__uint8_t\000"
 958      6E74385F 
 958      7400
 959              	.LASF30:
 960 0017 5350494D 		.ascii	"SPIM_1_Start\000"
 960      5F315F53 
 960      74617274 
 960      00
 961              	.LASF28:
 962 0024 55415254 		.ascii	"UART_1_PutString\000"
 962      5F315F50 
 962      75745374 
 962      72696E67 
 962      00
 963              	.LASF26:
 964 0035 6F666644 		.ascii	"offData\000"
 964      61746100 
 965              	.LASF5:
 966 003d 5F5F696E 		.ascii	"__int32_t\000"
 966      7433325F 
 966      7400
 967              	.LASF6:
 968 0047 6C6F6E67 		.ascii	"long int\000"
 968      20696E74 
 968      00
 969              	.LASF3:
 970 0050 73686F72 		.ascii	"short unsigned int\000"
 970      7420756E 
 970      7369676E 
 970      65642069 
 970      6E7400
 971              	.LASF21:
 972 0063 62797465 		.ascii	"bytesToRead\000"
 972      73546F52 
 972      65616400 
 973              	.LASF20:
 974 006f 4953525F 		.ascii	"ISR_2_handler\000"
 974      325F6861 
 974      6E646C65 
 974      7200
 975              	.LASF13:
 976 007d 666C6F61 		.ascii	"float\000"
 976      7400
 977              	.LASF27:
 978 0083 62797465 		.ascii	"byteRecieved1\000"
 978      52656369 
 978      65766564 
 978      3100
 979              	.LASF1:
ARM GAS  C:\Users\mariu\AppData\Local\Temp\ccpd9ZNX.s 			page 21


 980 0091 756E7369 		.ascii	"unsigned char\000"
 980      676E6564 
 980      20636861 
 980      7200
 981              	.LASF38:
 982 009f 474E5520 		.ascii	"GNU C11 5.4.1 20160609 (release) [ARM/embedded-5-br"
 982      43313120 
 982      352E342E 
 982      31203230 
 982      31363036 
 983 00d2 616E6368 		.ascii	"anch revision 237715] -mcpu=cortex-m3 -mthumb -g -O"
 983      20726576 
 983      6973696F 
 983      6E203233 
 983      37373135 
 984 0105 67202D66 		.ascii	"g -ffunction-sections -ffat-lto-objects\000"
 984      66756E63 
 984      74696F6E 
 984      2D736563 
 984      74696F6E 
 985              	.LASF31:
 986 012d 6973725F 		.ascii	"isr_2_StartEx\000"
 986      325F5374 
 986      61727445 
 986      7800
 987              	.LASF25:
 988 013b 656D7074 		.ascii	"emptyData\000"
 988      79446174 
 988      6100
 989              	.LASF40:
 990 0145 433A5C55 		.ascii	"C:\\Users\\mariu\\Documents\\PSoC Creator\\Exercise"
 990      73657273 
 990      5C6D6172 
 990      69755C44 
 990      6F63756D 
 991 0173 735C4A6F 		.ascii	"s\\Journal 2\\Journal2\\Exercise_2.3.cydsn\000"
 991      75726E61 
 991      6C20325C 
 991      4A6F7572 
 991      6E616C32 
 992              	.LASF7:
 993 019b 6C6F6E67 		.ascii	"long unsigned int\000"
 993      20756E73 
 993      69676E65 
 993      6420696E 
 993      7400
 994              	.LASF35:
 995 01ad 55415254 		.ascii	"UART_1_ReadRxData\000"
 995      5F315F52 
 995      65616452 
 995      78446174 
 995      6100
 996              	.LASF19:
 997 01bf 68616E64 		.ascii	"handleByteReceived\000"
 997      6C654279 
 997      74655265 
 997      63656976 
ARM GAS  C:\Users\mariu\AppData\Local\Temp\ccpd9ZNX.s 			page 22


 997      656400
 998              	.LASF23:
 999 01d2 49544D5F 		.ascii	"ITM_RxBuffer\000"
 999      52784275 
 999      66666572 
 999      00
 1000              	.LASF36:
 1001 01df 55415254 		.ascii	"UART_1_WriteTxData\000"
 1001      5F315F57 
 1001      72697465 
 1001      54784461 
 1001      746100
 1002              	.LASF14:
 1003 01f2 646F7562 		.ascii	"double\000"
 1003      6C6500
 1004              	.LASF41:
 1005 01f9 6D61696E 		.ascii	"main\000"
 1005      00
 1006              	.LASF10:
 1007 01fe 756E7369 		.ascii	"unsigned int\000"
 1007      676E6564 
 1007      20696E74 
 1007      00
 1008              	.LASF9:
 1009 020b 6C6F6E67 		.ascii	"long long unsigned int\000"
 1009      206C6F6E 
 1009      6720756E 
 1009      7369676E 
 1009      65642069 
 1010              	.LASF11:
 1011 0222 75696E74 		.ascii	"uint8_t\000"
 1011      385F7400 
 1012              	.LASF37:
 1013 022a 55415254 		.ascii	"UART_1_GetRxBufferSize\000"
 1013      5F315F47 
 1013      65745278 
 1013      42756666 
 1013      65725369 
 1014              	.LASF12:
 1015 0241 696E7433 		.ascii	"int32_t\000"
 1015      325F7400 
 1016              	.LASF17:
 1017 0249 73697A65 		.ascii	"sizetype\000"
 1017      74797065 
 1017      00
 1018              	.LASF8:
 1019 0252 6C6F6E67 		.ascii	"long long int\000"
 1019      206C6F6E 
 1019      6720696E 
 1019      7400
 1020              	.LASF39:
 1021 0260 6D61696E 		.ascii	"main.c\000"
 1021      2E6300
 1022              	.LASF15:
 1023 0267 63686172 		.ascii	"char\000"
 1023      00
 1024              	.LASF34:
ARM GAS  C:\Users\mariu\AppData\Local\Temp\ccpd9ZNX.s 			page 23


 1025 026c 5350494D 		.ascii	"SPIM_1_ReadRxData\000"
 1025      5F315F52 
 1025      65616452 
 1025      78446174 
 1025      6100
 1026              	.LASF2:
 1027 027e 73686F72 		.ascii	"short int\000"
 1027      7420696E 
 1027      7400
 1028              	.LASF18:
 1029 0288 4953525F 		.ascii	"ISR_1_handler\000"
 1029      315F6861 
 1029      6E646C65 
 1029      7200
 1030              	.LASF16:
 1031 0296 6C6F6E67 		.ascii	"long double\000"
 1031      20646F75 
 1031      626C6500 
 1032              	.LASF0:
 1033 02a2 7369676E 		.ascii	"signed char\000"
 1033      65642063 
 1033      68617200 
 1034              	.LASF33:
 1035 02ae 5350494D 		.ascii	"SPIM_1_WriteTxData\000"
 1035      5F315F57 
 1035      72697465 
 1035      54784461 
 1035      746100
 1036              	.LASF32:
 1037 02c1 6973725F 		.ascii	"isr_1_StartEx\000"
 1037      315F5374 
 1037      61727445 
 1037      7800
 1038              	.LASF22:
 1039 02cf 62797465 		.ascii	"byteReceived\000"
 1039      52656365 
 1039      69766564 
 1039      00
 1040              	.LASF24:
 1041 02dc 6F6E4461 		.ascii	"onData\000"
 1041      746100
 1042              		.ident	"GCC: (GNU Tools for ARM Embedded Processors) 5.4.1 20160609 (release) [ARM/embedded-5-bran
